0: -0.89999997615814 1.2000000476837 1.0659998655319
50: -0.90007221698761 1.1999652385712 1.0655522346497
100: -0.90039932727814 1.1996629238129 1.0652794837952
150: -0.90061390399933 1.1994904279709 1.0651391744614
200: -0.90078115463257 1.1993491649628 1.0650278329849
250: -0.90111637115479 1.1993824243546 1.0648624897003
300: -0.90147495269775 1.1995062828064 1.0649031400681
350: -0.90181982517242 1.1997992992401 1.0649782419205
400: -0.90215563774109 1.2002155780792 1.0651848316193
450: -0.90261244773865 1.2006077766418 1.0653657913208
500: -0.90276670455933 1.20101749897 1.0656394958496
550: -0.90295267105103 1.2013339996338 1.0658578872681
600: -0.90312337875366 1.2019898891449 1.0661491155624
650: -0.9032506942749 1.2028143405914 1.0663721561432
700: -0.90346801280975 1.2040266990662 1.0664842128754
750: -0.90346682071686 1.2054270505905 1.0664551258087
800: -0.9035701751709 1.2070051431656 1.0665698051453
850: -0.90374755859375 1.2084863185883 1.0666644573212
900: -0.9042055606842 1.2099636793137 1.0668576955795
950: -0.90467882156372 1.2114573717117 1.0670040845871
1000: -0.90519571304321 1.2128919363022 1.0672298669815
1050: -0.90566921234131 1.2142291069031 1.0673888921738
1100: -0.90623331069946 1.2155607938766 1.0675531625748
1149: -0.9066971540451 1.2169880867004 1.0676259994507
1199: -0.90708959102631 1.2184624671936 1.067790389061
1249: -0.90722799301147 1.2198320627213 1.0675613880157
1299: -0.90719747543335 1.2211681604385 1.0672838687897
1349: -0.90711462497711 1.2225427627563 1.067103266716
1399: -0.90685081481934 1.2239106893539 1.0669207572937
1449: -0.906578540802 1.2251515388489 1.0666854381561
1499: -0.90659928321838 1.2266564369202 1.066657781601
1549: -0.90665435791016 1.2282545566559 1.0666576623917
1599: -0.90680348873138 1.2300233840942 1.0666042566299
1649: -0.9069242477417 1.2318515777588 1.0663340091705
1699: -0.90688288211823 1.233450293541 1.0662325620651
1749: -0.90717887878418 1.2348721027374 1.0661572217941
1799: -0.90754699707031 1.2362830638885 1.0662362575531
1849: -0.90817105770111 1.2375791072845 1.0663149356842
1899: -0.90866529941559 1.238968372345 1.0665060281754
1949: -0.90892767906189 1.2401676177979 1.0666538476944
1999: -0.90916860103607 1.2412313222885 1.0668885707855
2049: -0.90947222709656 1.2421509027481 1.0670590400696
2099: -0.90948128700256 1.2428510189056 1.0672957897186
2149: -0.90966558456421 1.2436678409576 1.0674597024918
2199: -0.909663438797 1.2447199821472 1.0676889419556
2249: -0.91035497188568 1.2454265356064 1.0678565502167
2299: -0.91513764858246 1.2444254159927 1.0672286748886
2349: -0.92478203773499 1.2411036491394 1.0661673545837
2399: -0.93805599212646 1.2364709377289 1.0652861595154
2449: -0.95380258560181 1.2309025526047 1.0644279718399
2499: -0.97207975387573 1.2245597839355 1.0637590885162
2549: -0.99261617660522 1.2173433303833 1.0632636547089
2599: -1.0154956579208 1.2087796926498 1.0629842281342
2649: -1.040554523468 1.1991672515869 1.0627669095993
2699: -1.0674157142639 1.1885823011398 1.0627510547638
2749: -1.0962620973587 1.1774044036865 1.0625959634781
2799: -1.1270507574081 1.165638923645 1.0624167919159
2849: -1.1600397825241 1.1528521776199 1.0622123479843
2899: -1.1949372291565 1.1391440629959 1.0621958971024
2949: -1.2319483757019 1.1243489980698 1.062172293663
2999: -1.271008849144 1.1087460517883 1.0622704029083
3049: -1.312117934227 1.0924360752106 1.0623420476913
3099: -1.355394244194 1.075347661972 1.0621597766876
3149: -1.4007135629654 1.0573706626892 1.0617972612381
3199: -1.4480193853378 1.0387649536133 1.0616902112961
3249: -1.4972268342972 1.0195589065552 1.0616511106491
3299: -1.5481684207916 0.99972438812256 1.0616171360016
3349: -1.6005079746246 0.97907710075378 1.0615478754044
3399: -1.654388666153 0.9577831029892 1.0616557598114
3449: -1.7097494602203 0.93603205680847 1.0614901781082
3499: -1.7663681507111 0.91354489326477 1.0614905357361
3549: -1.8240559101105 0.89092874526978 1.0614303350449
3599: -1.8824433088303 0.86795842647552 1.0611779689789
3649: -1.9419896602631 0.84444642066956 1.0608712434769
3699: -2.0030851364136 0.82047057151794 1.0608552694321
3749: -2.0650174617767 0.79579973220825 1.0609802007675
3799: -2.1278512477875 0.77049231529236 1.0612900257111
3849: -2.1917436122894 0.74460589885712 1.0615961551666
3899: -2.2563154697418 0.71815586090088 1.0617836713791
3949: -2.3217837810516 0.69156193733215 1.0616734027863
3999: -2.3870410919189 0.66522514820099 1.061760187149
4049: -2.452748298645 0.63834095001221 1.0617768764496
4099: -2.5188453197479 0.61114585399628 1.0617263317108
4149: -2.5856649875641 0.58387279510498 1.0616848468781
4199: -2.6530675888062 0.55655193328857 1.0618822574615
4249: -2.7205214500427 0.52923047542572 1.0621342658997
4299: -2.7881932258606 0.50192999839783 1.0625021457672
4349: -2.8561925888062 0.47525703907013 1.0628541707993
4399: -2.9240403175354 0.44865489006042 1.0633256435394
4449: -2.9922561645508 0.42165005207062 1.0637333393097
4499: -3.0605263710022 0.39461958408356 1.0642073154449
4549: -3.1289248466492 0.36744570732117 1.0643737316132
4599: -3.1977143287659 0.34008145332336 1.0643349885941
4649: -3.2667331695557 0.31232333183289 1.0642511844635
4699: -3.3357682228088 0.2841545343399 1.0633418560028
4750: -3.4046010971069 0.2582927942276 1.0624587535858
4800: -3.4729199409485 0.23817658424377 1.0611954927444
4850: -3.5408754348755 0.22414755821228 1.0596313476562
4900: -3.6082100868225 0.21295487880707 1.0584250688553
4950: -3.6750798225403 0.20224475860596 1.0575423240662
5000: -3.7410583496094 0.19296622276306 1.0569112300873
5050: -3.80579662323 0.18738782405853 1.0563013553619
5100: -3.8695068359375 0.18567526340485 1.0558503866196
5150: -3.9316906929016 0.18701672554016 1.0554248094559
5200: -3.9930341243744 0.1905038356781 1.0550979375839
5250: -4.05326795578 0.19587004184723 1.0548754930496
5300: -4.1124992370605 0.20305156707764 1.0547759532928
5350: -4.1707563400269 0.2124388217926 1.0544948577881
5400: -4.2276291847229 0.22391033172607 1.0544121265411
5450: -4.2834558486938 0.23759651184082 1.0542771816254
5500: -4.3382291793823 0.25332009792328 1.0543019771576
5550: -4.3919696807861 0.27085363864899 1.0544673204422
5600: -4.444016456604 0.29022002220154 1.0545746088028
5650: -4.4943742752075 0.31145632266998 1.0542393922806
5700: -4.5432081222534 0.33446502685547 1.0537066459656
5750: -4.5905809402466 0.35969614982605 1.0532071590424
5800: -4.6363158226013 0.38676476478577 1.0530791282654
5850: -4.6807751655579 0.4156858921051 1.0531151294708
5900: -4.7241287231445 0.44631826877594 1.0532702207565
5950: -4.7660903930664 0.47852885723114 1.0534386634827
6000: -4.8067378997803 0.51264619827271 1.0538011789322
6050: -4.8459911346436 0.54840087890625 1.0539648532867
6100: -4.8836712837219 0.58547329902649 1.0538713932037
6150: -4.9197473526001 0.62387347221375 1.0537399053574
6200: -4.9546689987183 0.66363716125488 1.0539560317993
6250: -4.9884357452393 0.70514392852783 1.054082274437
6300: -5.0207834243774 0.74785685539246 1.0543302297592
6350: -5.0510025024414 0.7910965681076 1.0546915531158
6400: -5.0797281265259 0.83538806438446 1.0552312135696
6450: -5.1070370674133 0.88050615787506 1.0557849407196
6500: -5.1329479217529 0.92674362659454 1.0564260482788
6550: -5.1574001312256 0.97428691387177 1.0569796562195
6600: -5.1802654266357 1.0228462219238 1.0575320720673
6650: -5.2015962600708 1.0727279186249 1.0579602718353
6700: -5.2214517593384 1.1235711574554 1.0584709644318
6750: -5.2396683692932 1.1749761104584 1.0589270591736
6800: -5.2561807632446 1.2273947000504 1.0592505931854
6850: -5.2712335586548 1.2806603908539 1.0594063997269
6900: -5.2848787307739 1.3346717357635 1.0597058534622
6950: -5.2969460487366 1.3895200490952 1.0599813461304
7000: -5.3074712753296 1.4455062150955 1.0603394508362
7050: -5.3166089057922 1.5023875236511 1.0606558322906
7100: -5.3244066238403 1.5597276687622 1.0610768795013
7150: -5.3307538032532 1.6175403594971 1.0614415407181
7200: -5.3358917236328 1.6762704849243 1.0617827177048
7250: -5.3396615982056 1.7357296943665 1.062017083168
7300: -5.3422222137451 1.7955776453018 1.0623619556427
7350: -5.3432521820068 1.8554165363312 1.0624537467957
7400: -5.3429651260376 1.9160203933716 1.062549829483
7450: -5.3413419723511 1.9771579504013 1.0626631975174
7500: -5.3385305404663 2.0383064746857 1.0629252195358
7550: -5.3346109390259 2.0993912220001 1.062680721283
7600: -5.3296222686768 2.1601860523224 1.0623841285706
7650: -5.3232574462891 2.2211222648621 1.062246799469
7700: -5.3155879974365 2.2823824882507 1.0623333454132
7750: -5.306357383728 2.343629360199 1.062445640564
7800: -5.2958874702454 2.404141664505 1.0625307559967
7850: -5.284086227417 2.4643483161926 1.0625332593918
7900: -5.2711744308472 2.5244870185852 1.0627151727676
7950: -5.2569761276245 2.584689617157 1.0628921985626
8000: -5.241847038269 2.6444582939148 1.0632033348083
8050: -5.2256307601929 2.7037844657898 1.0633095502853
8100: -5.2083096504211 2.7625675201416 1.0634191036224
8150: -5.1899690628052 2.8205013275146 1.0635545253754
8200: -5.1701736450195 2.8781244754791 1.0637862682343
8250: -5.1493616104126 2.9351170063019 1.0639855861664
8300: -5.1274671554565 2.9908671379089 1.0640957355499
8350: -5.1044564247131 3.0458128452301 1.064003944397
8400: -5.0805177688599 3.0993630886078 1.0638635158539
8450: -5.0554695129395 3.1521887779236 1.0635162591934
8500: -5.0298147201538 3.204256772995 1.0633509159088
8550: -5.0033702850342 3.2557864189148 1.0633050203323
8600: -4.9760551452637 3.3059887886047 1.0633648633957
8650: -4.9479179382324 3.3551216125488 1.0634950399399
8700: -4.9129705429077 3.4029040336609 1.0623114109039
8750: -4.8658399581909 3.4485673904419 1.0582375526428
8800: -4.8089070320129 3.4923944473267 1.053763628006
8850: -4.7490496635437 3.5343897342682 1.0497491359711
8900: -4.689076423645 3.5749101638794 1.0472853183746
8950: -4.6269292831421 3.6140637397766 1.0458285808563
9000: -4.5596675872803 3.6522259712219 1.0448008775711
9050: -4.4869222640991 3.6889834403992 1.0437740087509
9100: -4.4103422164917 3.7239515781403 1.0431905984879
9150: -4.3309073448181 3.7575769424438 1.0428645610809
9200: -4.2488660812378 3.7893648147583 1.0428547859192
9250: -4.1638054847717 3.8199732303619 1.0430693626404
9300: -4.0755205154419 3.8491575717926 1.0435475111008
9350: -3.9831209182739 3.8773407936096 1.0439364910126
9400: -3.8878648281097 3.9044146537781 1.0441945791245
9450: -3.7896242141724 3.9303019046783 1.0442101955414
9500: -3.6887443065643 3.9550333023071 1.0444897413254
9550: -3.5849733352661 3.9786801338196 1.0448987483978
9600: -3.478503704071 4.0010905265808 1.0453329086304
9650: -3.37016248703 4.0226016044617 1.0456342697144
9700: -3.2588777542114 4.0432872772217 1.0460158586502
9750: -3.1454117298126 4.0628433227539 1.0465310811996
9800: -3.0299036502838 4.0810480117798 1.0470637083054
9850: -2.9129190444946 4.0979504585266 1.0476138591766
9900: -2.7942700386047 4.1138339042664 1.0484249591827
9950: -2.6738939285278 4.1286206245422 1.0492577552795
10000: -2.5522379875183 4.1423344612122 1.0502142906189
10050: -2.429270029068 4.1552743911743 1.051141500473
10100: -2.3050062656403 4.1671600341797 1.0519633293152
10150: -2.1797626018524 4.1778926849365 1.0526690483093
10200: -2.0535581111908 4.1874027252197 1.0533236265182
10250: -1.9260455369949 4.1957287788391 1.0538346767426
10300: -1.7986285686493 4.2028975486755 1.0543873310089
10350: -1.6712020635605 4.2085075378418 1.0547106266022
10400: -1.5429421663284 4.213041305542 1.0549464225769
10450: -1.4138399362564 4.2167415618896 1.054978966713
10500: -1.2845692634583 4.2194170951843 1.055225610733
10550: -1.1552319526672 4.2212643623352 1.0555031299591
10600: -1.0259088277817 4.2194299697876 1.0552332401276
10650: -0.89694976806641 4.2099199295044 1.0531761646271
10700: -0.7668229341507 4.1918454170227 1.0503253936768
10750: -0.63661968708038 4.1684904098511 1.0476999282837
10800: -0.50824737548828 4.1435232162476 1.0459096431732
10850: -0.38084602355957 4.1154255867004 1.0447858572006
10900: -0.2528315782547 4.082944393158 1.0441370010376
10950: -0.12505102157593 4.0454263687134 1.0435273647308
11000: 0.0010855197906494 4.0036334991455 1.0431441068649
11050: 0.12644934654236 3.9583594799042 1.0425117015839
11100: 0.25111937522888 3.9091053009033 1.0418803691864
11150: 0.37420725822449 3.8571879863739 1.0416920185089
11200: 0.4970166683197 3.8021697998047 1.0419820547104
11250: 0.61901712417603 3.7437980175018 1.0422295331955
11300: 0.73933339118958 3.6830041408539 1.0423171520233
11350: 0.85827136039734 3.62007188797 1.0422101020813
11400: 0.97609519958496 3.5538258552551 1.0419518947601
11450: 1.0926060676575 3.4843564033508 1.0417827367783
11500: 1.2081503868103 3.412344455719 1.0421408414841
11550: 1.3226385116577 3.338164806366 1.042778134346
11600: 1.4360964298248 3.2610158920288 1.0435827970505
11650: 1.5472037792206 3.1819598674774 1.0439021587372
11700: 1.6557784080505 3.1012592315674 1.0439848899841
11750: 1.7619853019714 3.0180583000183 1.0440943241119
11800: 1.8650705814362 2.9334781169891 1.044371843338
11850: 1.9648396968842 2.846604347229 1.0444122552872
11900: 2.0619938373566 2.7576670646667 1.0447331666946
11950: 2.1565635204315 2.6666369438171 1.0450069904327
12000: 2.2488844394684 2.5738983154297 1.045300245285
12050: 2.3389413356781 2.4793314933777 1.0456153154373
12100: 2.4263932704926 2.3838829994202 1.045992732048
12150: 2.5107719898224 2.2880158424377 1.0463926792145
12200: 2.5919210910797 2.1910564899445 1.0467689037323
12250: 2.6686379909515 2.0931272506714 1.046696305275
12300: 2.7415106296539 1.994798541069 1.0467404127121
12350: 2.8109300136566 1.8957188129425 1.0469502210617
12400: 2.8771774768829 1.7957159280777 1.0473647117615
12450: 2.9403784275055 1.6957740783691 1.0479674339294
12500: 3.0007464885712 1.5947421789169 1.0486741065979
12550: 3.0578339099884 1.4928770065308 1.049283862114
12600: 3.1115229129791 1.3911682367325 1.049955368042
12650: 3.1617386341095 1.2894874811172 1.050525188446
12700: 3.2090847492218 1.1872154474258 1.051003575325
12750: 3.252904176712 1.0839223861694 1.0511914491653
12800: 3.2938106060028 0.980912566185 1.0514956712723
12850: 3.331707239151 0.87787175178528 1.051647901535
12900: 3.3667728900909 0.77477395534515 1.0516911745071
12950: 3.3987309932709 0.67203617095947 1.0517952442169
13000: 3.4276921749115 0.56918323040009 1.0520849227905
13050: 3.4535377025604 0.46722435951233 1.052371263504
13100: 3.4761946201324 0.36571025848389 1.0525659322739
13150: 3.4959900379181 0.26513922214508 1.0526725053787
13200: 3.5125548839569 0.16584455966949 1.0528516769409
13250: 3.5261852741241 0.067339181900024 1.0527455806732
13300: 3.5368115901947 -0.030573844909668 1.0527206659317
13350: 3.5442154407501 -0.12758612632751 1.0525472164154
13400: 3.5484092235565 -0.22326326370239 1.0524212121964
13450: 3.5494005680084 -0.31712484359741 1.052353978157
13500: 3.5475418567657 -0.40984272956848 1.0524991750717
13550: 3.5426013469696 -0.50139451026917 1.0524380207062
13600: 3.5351898670197 -0.59132480621338 1.0524672269821
13650: 3.5249760150909 -0.67880988121033 1.0522260665894
13700: 3.5120708942413 -0.76484823226929 1.0521032810211
13750: 3.4963271617889 -0.84920477867126 1.0521047115326
13800: 3.4779989719391 -0.93157744407654 1.0522674322128
13850: 3.4570548534393 -1.0124771595001 1.0524519681931
13900: 3.4337117671967 -1.0915570259094 1.0527760982513
13950: 3.4078938961029 -1.1688714027405 1.0530707836151
14000: 3.37961602211 -1.2445113658905 1.0534592866898
14050: 3.348649263382 -1.3188242912292 1.0536102056503
14100: 3.3151905536652 -1.3909423351288 1.053536772728
14150: 3.2792727947235 -1.4609477519989 1.0529444217682
14200: 3.2413470745087 -1.528995513916 1.05228972435
14250: 3.2012956142426 -1.5952534675598 1.0518660545349
14300: 3.159042596817 -1.6598854064941 1.0515260696411
14350: 3.1146070957184 -1.7231724262238 1.051244020462
14400: 3.0681068897247 -1.7846412658691 1.0510070323944
14450: 3.0193002223969 -1.8446335792542 1.0508062839508
14500: 2.9681994915009 -1.9034295082092 1.0509462356567
14550: 2.9147250652313 -1.9608662128448 1.0511064529419
14600: 2.8595564365387 -2.0166568756104 1.0513058900833
14650: 2.8023664951324 -2.0704126358032 1.0514013767242
14700: 2.7442238330841 -2.1214566230774 1.0515425205231
14750: 2.6847445964813 -2.1701703071594 1.0515077114105
14800: 2.6239492893219 -2.2170596122742 1.0516588687897
14850: 2.5617492198944 -2.2620406150818 1.0515857934952
14900: 2.497955083847 -2.305006980896 1.0515658855438
14950: 2.4326260089874 -2.3462491035461 1.0513541698456
15000: 2.3658664226532 -2.385669708252 1.0511906147003
15050: 2.2976057529449 -2.4236927032471 1.0511569976807
15100: 2.2277109622955 -2.459906578064 1.0511647462845
15150: 2.156688451767 -2.493691444397 1.0512248277664
15200: 2.0845048427582 -2.525975227356 1.0515998601913
15250: 2.0108177661896 -2.5563635826111 1.051834821701
15300: 1.9364402294159 -2.5846829414368 1.0521817207336
15350: 1.8615958690643 -2.6111302375793 1.0524405241013
15400: 1.7854220867157 -2.6357097625732 1.052610874176
15450: 1.7086844444275 -2.6581625938416 1.0525710582733
15500: 1.6310331821442 -2.6789107322693 1.0523171424866
15550: 1.5524966716766 -2.6976795196533 1.0519769191742
15600: 1.4733111858368 -2.7144927978516 1.0516487360001
15650: 1.3934953212738 -2.729350566864 1.051146030426
