0: -4,0981141533852e-05 2,7320746909387e-05 2,7320766450715e-05
50: -0,0088952375016173 0,011594854763325 0,12423352374078
100: 0,11590774992616 0,0023381871129306 0,11534084422505
150: 0,17104881425081 0,0014948583325303 -0,023518600810968
200: 0,071252920287756 -0,011802957087019 -0,14615026676603
250: -0,026271432183221 -0,025549341449218 0,019321873117765
300: -0,026937013774014 -0,046942539468909 0,10312485079128
350: 0,026418964936304 -0,050369360101338 0,34111352097219
400: 0,04072032051136 -0,032154186069946 0,42047546329012
450: 0,029768108842191 0,00035329918459743 0,50549365601448
500: 0,028181954154961 -0,0089938283474395 0,90999453413556
550: -0,019817818889692 -0,028875968742711 1,3197467605113
600: -0,017475534246894 0,10191125157378 1,576982570268
650: 0,027562648096311 0,21712960596102 1,6058951879115
700: 0,020468949694511 0,15949600283699 1,7372848689324
750: -0,00536873671158 0,0030918120265846 1,8796008249129
800: -0,0981196694912 0,032582853811537 2,1171597134444
850: -0,14622018282353 0,16544424383042 2,290430940517
900: -0,14745041728693 0,1538775185742 2,3774014467661
950: -0,14372944495294 0,053753128530644 2,4664502515135
1000: -0,050323526463758 -0,03926875190028 2,4800310154611
1050: 0,04843614976196 -0,041994897843508 2,3574126847166
1100: 0,042397422102236 0,013159455834804 2,0924224758179
1149: -0,01775760638538 0,045628928672871 1,6399643849349
1199: -0,047793975242793 0,05861337508417 1,4937954552106
1249: -0,040510012049904 0,026809629745477 1,6469271224635
1299: 0,045375287863815 0,095255198877066 2,035451441064
1349: 0,14670577992505 0,15545982794497 2,467079055804
1399: 0,082254540771649 0,15652093518513 2,7996285867741
1449: -0,15104118913986 0,14751079509197 2,8361286908118
1499: -0,17392757890341 0,06865806205296 2,7873357403719
1549: -0,03396811155774 0,018344687491464 2,7642913224425
1599: 0,061068061028529 -0,029814629500752 2,7770778634556
1649: 0,028550727674236 -0,052302253610652 2,5892613216586
1699: -0,057960518389265 -0,033673059391788 2,4164852833008
1749: -0,049574753635782 0,072583086288403 2,1077253012099
1799: -0,027377355869702 0,12332650930356 1,5607104983441
1849: -0,045258964539567 -0,0049642114208687 1,1028294507035
1899: -0,058812331024173 -0,12027851070601 1,1308456060185
1949: -0,0049824366534208 0,13753238230247 0,98991489777899
1999: 0,1305785426961 0,45634083998271 0,73270704910924
2049: 0,15603820622945 0,39062115999525 0,69064082114563
2099: 0,045154620726792 0,14024719573457 0,59188615750503
2149: -0,038139729634605 -0,017666355991884 0,26683964269909
2199: -0,0009527284297658 0,15427908567263 -0,048257467611002
2249: 0,039136620423363 0,34606300688207 -0,32205769339425
2299: 0,036052449837665 0,28019586417764 -0,31037302731293
2349: 0,01155852686143 0,095523270461776 -0,22545902165385
2399: 0,015531736780797 0,007278839717248 -0,0788060089422
2449: 0,016676932387478 0,0067158343609779 -0,046591411716675
2499: -0,0062852347897596 0,072076951928628 0,10004747704422
2549: 0,014804299956344 -0,056079675056893 0,20901970347676
2599: 0,068050922268769 -0,14121241352208 0,24511900080821
2649: 0,072358417087413 -0,035924016934863 0,2046177532784
2699: 0,066166130233283 -0,055301523744347 0,22340493564246
2749: 0,21920862483092 -0,085066090759928 0,26647260007248
2799: 0,43949492544682 0,0092670142363935 0,31344725276967
2849: 0,28298679686638 0,186619991372 0,41566775716637
2899: -0,025876361768632 0,21085280885612 0,58082722746513
2949: -0,055757662320017 0,11772984962961 0,78924116519967
2999: 0,12568317803126 0,010023060815629 0,89313986841979
3049: 0,21174993819535 -0,039980712409868 0,65637621667891
3099: 0,10595108835432 -0,025901413021537 0,2682800388816
3149: 0,013809075026712 -0,14960614238286 0,019716311539754
3199: 0,036961018409729 -0,38445574033055 -0,38709606201201
3249: 0,0034594570471967 -0,34988868654964 -0,42057153950575
3299: -0,08871161084793 0,0076774311143652 -0,42601287907715
3349: -0,12094756241977 0,21365382674606 -0,19881361326819
3399: -0,044577533107939 0,11409069282331 0,25742505402145
3449: 0,0078899807316422 0,06192402246975 0,60484094528728
3499: 0,024691208888295 -0,14099414095333 0,94861861356174
3549: -0,023505077169814 -0,28643700289259 1,3181430534385
3599: 0,033356489461907 -0,026964162775449 1,787805963954
3649: 0,19736067728526 0,26721191468928 2,3532087032825
3699: 0,177077309967 0,24493154413201 2,7462845959128
3749: -0,017248872351554 0,16201909072464 3,3063389769561
3799: -0,16244034797779 0,087679545251957 3,5301653432745
3849: -0,094251054347369 0,065339330498168 3,6044679830473
3899: 0,0093569147670645 0,066703654114771 3,3699139508638
3949: 0,040761921966295 0,29736906750474 3,4109723523989
3999: -0,024956445677695 0,38542263898493 3,3871717044623
4049: -0,10790130079545 0,42580383793595 3,2771614760389
4099: -0,11331793429196 0,34077083757492 3,301614833928
4149: -0,041404396640259 0,11090317560578 3,3099182095246
4199: 0,034953699850845 -0,10407753544847 3,412854496402
4249: 0,072173354979482 -0,14551914127847 3,5516620830267
4299: 0,013887979886634 -0,10915849582977 3,4700887068824
4349: -0,064575143053813 -0,070971695252809 3,4684545841235
4399: 0,038361070452396 0,10388875809116 3,3416751740706
4449: -0,021216441862017 0,16709039946167 2,9338065858019
4499: -0,10763446318046 0,16302099409852 2,9619138814536
4549: -0,10266888897344 0,11919744650687 3,1806677650961
4599: -0,030010970758963 0,038098134849777 3,1077497327341
4649: 0,10056313631624 -0,034639827979089 2,7899256627278
4699: 0,21884402346333 -0,043972441046478 2,1215295404093
4750: 0,17588422799742 0,0024657174669311 1,4572905486961
4800: -0,0054250786852443 0,046325147730857 0,83224761139121
4850: -0,070370018285933 0,035490673448538 0,22649400875652
4900: -0,028501679045269 -0,00092620402128289 -0,51206296397471
4950: 0,038966409307801 -0,00035117769986846 -1,2184963564202
5000: 0,052266898710559 0,012388895937345 -1,7050446685026
5050: 0,015302832062109 0,011533493117554 -2,0933575714039
5100: 0,055657630731167 -0,0090005026228675 -2,2431086151828
5150: 0,27793499152108 0,022589316555297 -2,4593052333115
5200: 0,35625111448321 0,22023462062987 -2,4298058597296
5250: 0,17853378110643 0,3424441538803 -2,4165627632592
5300: 0,058559440602111 0,22321059541623 -2,3802045990901
5350: -0,048716324255116 -0,11159904114811 -2,4486650792451
5400: -0,09271169379307 -0,25710987814385 -2,4436954762936
5450: 0,0066973352371731 -0,083989068645395 -2,6978056207314
5500: -0,047202153358435 0,047507127307972 -2,4764347074196
5550: -0,10269365507929 0,044965746652932 -2,3985724718722
5600: -0,19288551599673 -0,0053794760001059 -2,5184004568972
5650: -0,18373770490311 -0,017331323206903 -2,4746385811113
5700: -0,038786776666651 -0,00958732025974 -2,5565195292117
5750: 0,03304099341919 -0,21930179288007 -2,5160867303159
5800: -0,012865678492977 -0,35082447582679 -2,2434614371421
5850: -0,063450716491593 -0,19630085070557 -1,9751385228152
5900: -0,043911022704801 0,051562862287625 -1,788524521199
5950: 0,020699188434521 0,16755757372873 -1,6290358688195
6000: 0,12773970530167 -0,15379945164642 -1,1167324074808
6050: 0,13123808283783 -0,44501099689269 -0,40514278250093
6100: 0,056906388080622 -0,15339521650535 0,29115554303116
6150: -0,0096425504100086 0,25838085361843 0,99115521744358
6200: -0,0011345878443198 0,39106733676669 1,4732721241369
6250: 0,066353340115543 0,24069183760686 1,8996036742275
6300: 0,087182769051758 0,074283830072163 2,1271653002482
6350: 0,049869805801735 0,049111921608128 2,1988526178991
6400: -0,12847676542244 0,14776423246278 2,3709639934733
6450: -0,22618502273785 0,30316464309805 2,4102629809669
6500: -0,18516476087239 0,20361474266682 2,4318423233193
6550: -0,14315342788619 0,082458005703721 2,7471127563497
6600: -0,087689457030381 0,10311323813567 2,9808300903599
6650: 0,010243634571159 0,082909285106725 3,388568691591
6700: 0,10526961023195 0,02403205061017 3,6638953245815
6750: 0,1384890356731 -0,01876152579898 3,742656370335
6800: 0,1065626504192 -0,010490586930811 3,9227944988445
6850: -0,0073188845360525 0,31916774964297 3,9683155752285
6900: -0,032376017140573 0,59204213127803 3,9710886320315
6950: 0,034868462558459 0,43380188273233 3,7457581299919
7000: 0,28501899158787 0,011067800447927 3,2703541253139
7050: 0,42417371724099 -0,18947036805087 3,0745714485106
7100: 0,32709807951703 -0,030276114166871 2,8386082629239
7150: 0,14295036316052 0,17100771305387 2,5426032322212
7200: 0,081661088046225 0,17381958987738 2,305748280061
7250: 0,087134510830425 0,068652419142767 2,0322587545138
7300: 0,047905165920004 0,028898343615339 1,7074484682036
7350: 0,022383020162968 0,069114350706028 1,6906395860996
7400: 0,012670384441504 0,07871310102721 1,756706618559
7450: 0,023296071046674 0,064957146729551 1,8338110232737
7500: -0,004454360561066 0,044909927865755 1,7703857799192
7550: 0,028295489374646 0,021715691004243 1,4827387663265
7600: 0,096153508825162 -0,012416566874622 1,0189483243934
7650: 0,11296207076403 -0,006808292043771 0,5142263196726
7700: 0,084275503033606 -0,10315619362225 0,19085350803822
7750: 0,13144683049434 -0,090646468703641 -0,25543437404351
7800: 0,15858644041904 0,079231021465368 -0,78677872192132
7850: 0,19432982086171 0,16190637926313 -1,0675199340155
7900: 0,19550740150351 0,33008348583413 -1,1598963215492
7950: 0,11761689804425 0,42139345672283 -1,0620478852733
8000: 0,06241300131532 0,24510936917427 -0,72840221566313
8050: 0,093058706089525 0,031707398983745 -0,33456219561938
8100: 0,14787678384174 0,0065406823639441 -0,054977850150926
8150: 0,12530152787118 0,16756058861692 0,0082862275862854
8200: 0,065042657496308 0,32007435053358 0,1277039135096
8250: 0,097220919316068 0,16042993782449 0,37610089819131
8300: 0,42726130959138 -0,27283708239889 0,59002701202946
8350: 0,56894979530274 -0,43494046993089 0,5955618131347
8400: 0,34353919862289 -0,2027032859386 0,32458472998502
8450: 0,065404877635837 0,054355775998032 -0,14171315176561
8500: 0,046402234152964 0,1117535875183 -0,65891320506874
8550: 0,18731783126589 0,030372707315763 -1,1611965120908
8600: 0,19646500202927 0,097656764092373 -1,6019839441163
8650: 0,050891982964656 0,14509457565244 -1,9002521153118
8700: 0,039843971889282 0,26365557392667 -1,9856862558844
8750: 0,20440837863187 0,25745949845199 -2,0575306678863
8800: 0,29311674113788 0,17071154698012 -2,1214480050261
8850: 0,23043089244151 0,2177630659859 -2,1277437318935
8900: 0,11587297199029 0,3603862337367 -2,2300838713224
8950: 0,07673594135537 0,43862324923442 -2,2690859590305
9000: 0,10177971040129 0,36720756500513 -2,7086984917971
9050: 0,10387678524979 0,23926630242188 -2,9918646878509
9100: 0,083990369316184 0,21318981410954 -3,1722055876013
9150: 0,074430985964222 0,29045982423117 -3,0673015659127
9200: 0,10754012119255 0,45087610167732 -2,6906736225774
9250: -0,01733089632008 0,44006561976848 -2,4754419821124
9300: -0,14210902259299 0,3460524414332 -2,1960842568512
9350: -0,29057812524203 0,35477333902326 -1,981018461917
9400: -0,24508845171993 0,43329017883354 -1,7137461160618
9450: -0,043818528336421 0,35764012416439 -1,4737379643826
9500: 0,15775659911531 0,41344373017874 -0,94987931707214
9550: 0,12763363726634 0,32034510350115 -0,15965296378576
9600: -0,0065863688422968 0,19127054978399 0,62111819321392
9650: -0,046529176286938 0,21563024603607 1,0543951919168
9700: -0,050925106714088 0,47063840026711 1,2304849392391
9750: -0,0025098333436177 0,63256841838806 1,3529490571187
9800: 0,023458719928865 0,41919829795661 1,2101826288181
9850: -0,029234703751536 0,17334116981057 1,225778938901
9900: -0,027416240923719 0,21558874463273 1,3131916998988
9950: 0,01498766118709 0,37794817087711 1,4162119767586
10000: 0,087037327377097 0,42293302405043 1,8223104788153
10050: 0,12478239347362 0,32838247524611 2,3843093293379
10100: 0,045362364532256 0,25957501614527 2,9273198270811
10150: -0,039873026873681 0,29812294963438 3,5459908915814
10200: 0,022546691238997 0,32665361029287 4,1620521834886
10250: 0,36851365192091 -0,026758525056148 4,6069066729998
10300: 1,1751759883311 -1,3341714797081 5,0370271638107
10350: 1,7237105082872 -2,4042991586044 5,2864323751274
10400: 2,2314780836868 -4,7649320640713 5,2010400694634
10450: 1,778052880706 -4,6124156474522 5,0068437040948
10500: -0,0088097634204462 -1,734261656451 4,9473689781233
10550: -2,0095411184475 1,6973394680669 5,0092769589866
10600: -2,2996435850469 3,2561898070792 5,1318502531712
10650: -0,98792581862664 1,400806378364 5,1721633103131
10700: -0,57261648630913 0,38655885162553 5,3255744817135
10750: -1,046787214955 1,0149884155004 5,3033708173822
10800: -1,2327620602754 1,424034464349 5,0683986495554
10850: -1,0755208602979 1,186397775694 4,6969460686203
10900: -0,81295947734021 0,61474402589271 4,3242230724995
10950: -0,67095968441309 0,44694690195514 4,2785722225213
11000: -1,0775108999456 1,191219889248 4,6510429285296
11050: -1,3299581067639 1,6338905324938 5,3565002976148
11100: -1,1787109313917 1,486542541364 6,7608644574844
11150: -1,0663577346395 1,3327406617987 8,1169003332211
11200: -0,94330664737818 1,1638721319764 9,1722123713123
11250: -0,87775364001472 0,89865140419316 10,053947958252
11300: -0,87883627835902 0,75833637347436 11,200267998166
11350: -0,72057924782509 0,73723471747701 12,240948063507
11400: -0,25768444112735 0,82539559763237 13,216397260954
11450: -0,042124251221021 1,0574666426092 14,506044551732
11500: -0,15591679694891 1,1124388865355 15,679833051166
11550: 0,10163350166437 0,87052639273834 16,898048516057
11600: 0,84915014179202 0,52222591193371 18,0032141049
11650: 1,0966821737288 0,2202090207607 19,218888739419
11700: 0,78380123969087 0,25742841575518 20,090514792614
11750: 0,54496121044231 0,47785689636361 21,169034105958
11800: 0,61314784270019 0,38671906758633 22,088766889024
11850: 0,89106866691483 0,14737932729066 22,735946095903
11900: 1,0648779314672 0,19246567280618 22,825506951395
11950: 1,1465424479482 0,40189436053993 22,550999941105
12000: 1,1619798494112 0,45585360203497 22,012649553366
12050: 0,90602736816654 0,49261997672862 21,343133920354
12100: 0,9220751110649 0,51000168758839 20,665895050938
12150: 1,1336401138843 0,65146797870831 19,957160471712
12200: 1,1656866144181 0,76220967770314 19,61123700346
12250: 1,1174031534016 0,66024151677975 19,071655474123
12300: 0,96400148023308 0,55630396685873 18,659472340733
12350: 1,1066837051078 0,5599204986634 18,020762568425
12400: 1,4387509606894 0,68730416701437 17,440551658811
12450: 1,4764875424104 0,85660892180909 16,906401837412
12500: 1,2894599941842 0,85807079573488 16,517685526463
12550: 1,2573265154602 0,78848055960256 16,224863363913
12600: 1,5043976163497 0,58828632764731 16,129616375937
12650: 1,7694671194759 0,20604786415651 15,957411939036
12700: 1,605884835906 0,4385813609649 16,141903886254
12750: 1,3095665769968 0,76203497427077 16,261859083553
12800: 1,214597812508 0,88425117762781 16,077990391096
12850: 1,0263268496877 1,0045518864486 15,874162178337
12900: 0,7983708336033 0,84456404329033 15,937080173424
12950: 0,93821708922946 0,54118923847317 16,059226153899
13000: 1,1979766538844 0,40650607225101 15,919666606135
13050: 1,3592762668894 0,40152291564295 15,780361482918
13100: 1,2238707548016 0,58374302454964 15,516203916768
13150: 0,87770497491688 0,66578741694239 15,349045282115
13200: 0,70576083225563 0,55555344646282 15,211463074117
13250: 0,76197590380662 0,39946326676265 15,110366029117
13300: 0,7959433416836 0,24400706735568 14,946899111711
13350: 0,76993755650133 0,19151086038498 14,886655135684
13400: 0,47558372403046 0,22907317890056 14,623841409253
13450: 0,011632356603984 0,24262464773984 14,405633940744
13500: -0,24039069563357 0,19915957835791 14,589477019991
13550: -0,33254347451325 0,12451776366392 14,765627598686
13600: -0,43375962093684 0,034283894415041 14,992292548935
13650: -0,54681149801629 -0,043794469261874 15,345537979977
13700: -0,49117992739166 0,043617891529552 15,573801194491
13750: -0,076424647479819 0,36741201711299 16,161675576354
13800: 0,081596354661561 0,52970272791906 16,717014352106
13850: -0,056592552894452 0,39264156196825 17,258679089139
13900: -0,16302307517178 0,18987228199484 17,714720574737
13950: -0,14731343997756 0,23084601319658 18,206473704411
14000: -0,020503914393368 0,45974862413087 18,431740173427
14050: -0,037171880490033 0,52437267240636 18,751720875663
14100: -0,10333553944882 0,37807284850989 19,10992673159
14150: 0,071771927953292 0,057931977003075 19,584618048717
14200: 0,28647630316074 0,0059606607319452 20,448404752292
14250: 0,39877024268573 0,34370330992596 21,277299434492
14300: 0,32755863703833 0,52411451260008 21,901479686888
14350: 0,10416339306078 0,56774293289291 22,326366972134
14400: -0,0037752261474025 0,51537427170084 22,685641752666
14450: 0,12226538872319 0,40472008450476 22,591011189263
14500: 0,071035968400116 0,32357066033669 22,457378538151
14550: -0,10994634214228 0,30793302227322 22,052945961922
14600: -0,10621527126688 0,31671384410108 21,77978962154
14650: -0,12916094493799 0,22616562606783 21,479654033937
14700: -0,25803979772717 0,22787600148553 20,882062000432
14750: -0,016354959671242 0,29822921777291 20,050322544443
14800: 0,567376183751 0,36279512939917 19,245034703562
14850: 0,86807990435501 0,4276225092046 18,718963288404
14900: 0,64068967339377 0,46039631816326 17,973583036733
14950: 0,45260878193154 0,5429969974474 17,267083636913
15000: 0,5356049718573 0,67321759554231 16,861430164369
15050: 0,7310883476368 0,57113225418597 16,728326852919
15100: 1,3195138937493 0,67482194294532 16,640514525854
15150: 2,0422651950913 0,96680431239202 16,558574453929
15200: 2,2517957620334 0,97504333480005 16,502107572513
15250: 2,0463560515173 0,73307721334574 16,738490174404
15300: 2,3089102307599 0,7898259467865 17,224015879101
15350: 2,9521597309885 0,99470371416082 17,755911738074
15400: 3,1476909714531 1,0139373134202 18,212253751996
15450: 2,95738397193 0,98810329682335 18,544733700414
15500: 2,7440163327782 0,90137568917665 18,993593242099
15550: 2,2872143483048 0,69698078416013 19,059415775131
15600: 1,8527835812407 0,58642792922369 19,229142560911
15650: 2,0232674508017 0,57248281737264 19,483148758407
15700: 2,4394020620701 0,51385967725239 19,610089531679
15750: 2,302455061664 0,394604200818 19,599005842204
15800: 1,657302820143 0,34938013094117 19,895910750329
15850: 1,2933123275978 0,33837450839331 20,028696457984
15900: 1,4497291023981 -0,21363443007603 20,057897224233
15950: 1,5920612800778 -1,336956916229 20,20125094208
16000: 1,7793093153482 -1,8387148856543 20,437573779815
16050: 1,8051255094201 -1,521167224866 20,696287685197
16100: 1,3947849262804 -1,1447478157438 21,110427667784
16150: 1,0607755490969 -0,95839133360356 21,378193281364
16200: 0,92641761727315 -0,88870510129689 21,685116369455
16250: 0,76882535624453 -1,001662609708 22,119180013851
16300: 0,63835348189336 -1,8109892268226 22,642316155213
16350: 0,6778304278313 -2,410675353638 22,99362864272
16400: 0,73158940604544 -2,3397666775525 23,229777310631
16450: 0,73118055519059 -2,1469743429451 23,523676935522
16500: 1,3178798777121 -3,2601579335436 23,47592366794
16550: 2,1361685567913 -4,7845364145365 23,586154383408
16600: 2,1014978762341 -4,7312938092958 23,561048315566
16650: 2,768860078667 -7,3093824355762 23,231829782477
16700: 3,9167049583126 -11,284899164624 23,320246581283
16750: 4,004722191052 -11,525536974367 23,202255063371
16800: 3,3240029133669 -9,2598471134581 22,904986447672
16850: 0,88142838850989 -0,64108513067454 22,373732626481
16900: -2,013474026749 8,5547094826034 22,673682091429
16950: -2,1970631083366 7,4839014528328 22,979498688875
17000: -0,37055574508062 0,80257545536768 22,93800358212
17050: -0,15439153032989 -0,6494677471377 23,052387052602
17100: -3,8863742226427 8,0326251903733 23,524419718595
17150: -8,4408860876324 17,846473216279 24,654013479004
17200: -9,049730004021 18,69617948488 25,065894376524
17250: -5,1354279916358 9,1546237804259 24,578920671722
17300: 0,73454511704791 -4,6378721893757 24,950317330483
17350: 3,8579089823898 -11,14372854599 25,655297013213
17400: 1,9032970990212 -6,7044944793775 25,70605556403
17450: 0,55163201074473 -2,9168862862371 25,708242932112
17500: 1,2019408316457 -4,3875346572373 25,721088810394
17550: 1,4875791292922 -6,0396899693453 25,556541015552
17600: 1,5875854784591 -6,0510754678049 25,322926347822
17650: 1,4037437865939 -4,8371967461505 25,425112807995
17700: 0,90978909485193 -3,0518589350862 25,502763521121
17750: 0,44485094101444 -1,8276768730688 25,44813566814
17800: -0,17117515941024 -1,3250568057042 25,179029629936
17850: -0,44476492331958 -1,3654492637952 24,582014747416
17900: 0,16888006910678 -1,8667579348391 24,078131201777
17950: 0,59358506033936 -1,6263081687414 23,84056697716
18000: 0,61930760611448 -0,70522199436314 23,570709618147
18050: 0,4988949462243 -0,32192375765349 23,763551471626
18100: 0,28335501343175 -0,51850671384808 23,963858721868
18150: 0,27082105601583 -0,82947700918742 24,194830106388
18200: 0,44922276901136 -0,81611283694179 24,497801930044
18250: 0,50915111559331 -0,46489437125768 24,796858347759
18300: 0,41350426806635 -0,2125955476311 25,022567071524
18350: 0,46984284331136 -0,17485038815309 25,332751574943
18400: 0,41642086556365 -0,19767796091655 25,37845237068
18450: 0,20877872586511 0,091253381704207 25,275335297233
18500: -0,018621611975174 0,59055485758626 25,118500493511
18550: -0,23488524299742 1,1742278726969 25,06886721636
18600: -0,29937623598622 1,401407755176 24,873073013612
18650: -0,37513189178325 1,3012474065877 24,440500058002
18700: -0,68172347557565 1,8383567276097 24,240930468191
18750: -2,907082830344 6,7831479496516 24,477951692769
18799: -6,3932073272937 13,905358442534 24,865349777208
18849: -7,5027433834319 16,11717177127 25,024310477309
18899: -3,3993783197262 8,2126510476482 23,82420696655
18949: 2,2453713287888 -3,0604925076405 23,495598027845
18999: 4,664489863458 -7,834185143096 23,616584583708
19049: 3,6563752863053 -5,7103472121906 23,26526014337
19099: 1,6993194758743 -1,380008559063 22,862057001191
19149: 0,52785217354081 1,4170313860156 22,428353649273
19199: 0,90908003583871 1,1708628305919 22,057346311295
19249: 1,8412347985713 -0,6118033092899 21,945648812703
19299: 1,7081735354727 -0,67871221592532 21,755832733026
19349: 1,1181085838768 0,51329207786019 21,298087115231
19399: 0,79246645523094 1,1761151393419 21,038428936196
19449: 0,64422189505087 0,82532265334646 21,079215410825
19499: 0,82800184840925 -0,093591707638731 21,326174560645
19549: 0,88345231229918 -0,35266022256836 21,545881255677
19599: 0,59357428144708 0,20565444792836 21,820577803716
19649: 0,54818404587435 0,40210252122705 21,913369338685
19699: 0,98828034813324 -0,27068413206731 21,782173357561
19749: 1,5401878076006 -1,1053169202219 21,191269786801
19799: 1,4802642101346 -1,3712489481742 20,482600094371
19849: 1,4469102619833 -1,6984017759262 19,69486413211
19899: 2,0376394494759 -2,8556602570737 18,973756665202
19949: 2,5174220322986 -3,6668809710224 18,408961492545
19999: 2,2594238026759 -3,3829013421272 17,89207668182
20049: 1,8220564811555 -2,5102046567801 17,316510300842
20099: 1,6609933634506 -0,83361412947289 16,658933838499
20149: 1,6362736281839 1,3705053113283 16,036674576807
20199: 1,6895933932179 2,1092324251389 15,79764698416
20249: 1,6983875819394 1,6714280782334 15,555276013915
20299: 0,29957593897817 4,5368750358923 15,372206453591
20349: -1,5339123578572 8,7081710266489 15,339114187062
20399: -1,7749520815445 9,4561143068057 15,156787409811
20449: -0,60985275667333 4,6762971260989 15,134889823332
20499: 1,5390139755587 -5,6541616491913 15,54916811725
20549: 2,4782594351451 -11,163249226638 16,32399502198
20599: 1,2354536884169 -6,6682697173407 17,074610613649
20649: 0,28697138515386 -0,78454871851816 18,032198012643
20699: 0,51233318333374 0,29418294433949 19,121736128665
20749: 0,89832238117424 -2,3558897659751 20,072329413949
20799: 0,88183078270154 -4,549044725446 20,998400612565
20849: 0,27068250456129 -4,0171002013753 21,646141602503
20899: -0,26545183363711 -2,3447053312092 22,210390360027
20949: -0,047619215114523 -2,0829767510826 22,89929860764
20999: 1,3789890466077 -2,0056077832593 23,57872996778
21049: 2,8354840917089 -1,2018780792827 24,246840289371
21099: 2,8893796203455 -0,68975487090508 24,717807445852
21149: 2,1812900671089 -1,1164317724356 24,89775902482
21199: 1,8885090991379 -2,2446545858128 24,878917947995
21249: 1,9532426438835 -3,1334308171266 24,951529689061
21299: 1,9365396297116 -3,0534892158637 25,081979472019
21349: 1,4905103476632 -1,8305461928504 25,168835572599
21399: 0,8874979720828 -0,60586904883992 25,085316019429
21449: 0,56268106902685 -0,26172986078713 24,776557317998
21499: 0,27530841025924 -0,34886394473073 24,510398506421
21549: -0,18298140819488 -0,23226263711912 24,409803480325
21599: -0,45934777740396 -0,062865974925403 24,313815416824
21649: -0,64019341746188 -0,0067164371718629 24,363501627942
21699: -0,66574648916822 0,12886579272044 24,60140565447
21749: -0,46792500089761 0,31895926879072 24,938690640969
21799: -0,7661528846492 0,8116771626844 25,033801025161
21849: -1,1983548756097 1,3376703508322 25,080423896436
21899: -1,10560272095 1,507440465625 25,519970475188
21949: -0,61728293527325 1,8148559676664 25,977140649546
21999: 0,087048533156204 2,3736431351753 26,277329171116
22049: 0,31878056329439 2,4801812796228 26,341681505928
22099: -0,48685545715169 3,59626279142 26,287579577513
22149: -1,9200231650815 6,1595589355054 26,098764120549
22199: -3,6894731023627 9,5269297081204 25,990995688278
22249: -4,4615798842558 11,061883242939 25,879559444422
22299: -3,3557099321545 9,3728321027085 25,481248425236
22349: 0,43434440252367 3,0961527118537 25,170440667054
22399: 4,0479367979306 -3,1870623162632 25,271418183744
22449: 3,8512952248391 -3,373897018367 25,344803443734
22499: 2,1311914833205 -1,6885796437347 25,229760859996
22549: 0,63802403198761 -1,1641935777542 25,138680287414
22599: -0,072265629234343 -0,58503953319232 25,056455055091
22649: 0,52840611255466 -0,42415183929131 25,027510420935
22699: 1,2915708428028 -0,86741492140628 25,115356898946
22749: 0,74796216989875 -1,4708408969575 25,502895002263
22799: -0,44721802844868 -2,0052993575296 25,845953206158
22849: -0,78077034324668 -2,0474815386265 26,267592736454
22899: -0,24802759417758 -1,5855629954128 26,404355321752
22949: 0,019290690369357 -1,0120994589249 26,582659117583
22999: -0,34743731564827 -0,70342368025987 26,94020244516
23049: -0,62938997918563 -0,89090805074763 27,233489060573
23099: -0,44304686393906 -1,2821228769117 27,579523519399
23149: 1,9255502822239 -0,0043633703017274 27,473160398549
23199: 4,7020887741785 2,1745076892631 27,161659376167
23249: 4,8229523866364 2,6282384364875 27,108392438377
23299: 3,3043217232735 1,657081906212 27,039595357962
23349: 2,4293866568693 0,9011237192293 26,869494619325
23399: 0,1275050642913 5,3179758962618 26,820809030921
23449: -2,8315723143051 11,377911826968 27,034086810396
23499: -3,1608661929186 11,750003457477 26,679017718846
23549: -1,4693392158354 7,4067920321979 26,20386536395
23599: 0,19161333990296 2,8692706896554 25,559990261082
23649: 0,45798398072578 2,1505879399029 25,034439647848
23699: 1,122024203262 0,57784691710948 24,564812915991
23749: 3,8675860797833 -6,1822612036461 24,328882814133
23799: 6,1562731876278 -11,894516599936 24,212038768002
23849: 6,3842994799555 -12,362627029797 24,061298200567
23899: 5,6898045644881 -10,305508948026 23,606639828276
23949: 4,4209526384121 -7,3321337957015 23,652222803249
23999: 3,3994718079404 -4,3784616046986 24,002672979374
24049: 3,4440827616176 -3,4803786003104 24,659651800164
24099: 3,7275885461392 -3,7109023939968 25,554017260653
24149: 3,6800077408336 -3,6061537591118 26,092294223858
24199: 3,7375665987429 -3,3110970574867 26,56572707863
24249: 3,6244390292936 -3,4042177221965 26,817532247667
24299: 3,2612808593318 -3,9407694223058 26,740427949674
24349: 2,6269727170569 -3,5073452543707 26,263721726742
24399: 2,1568749155905 -2,3013852832853 25,818676845707
24449: 2,2615964431622 -1,9735221158595 25,350955736629
24499: 2,1089771468187 -1,9249825227491 24,477927787107
24549: 1,7234172370397 -1,6432138474325 23,71330347745
24599: 1,8964801433427 -1,5639911235798 22,85428766101
24649: 1,9341996495907 -1,198484649204 22,12653442004
24699: 1,5032368043559 -0,36907116611192 21,521142310503
24749: 0,57174403636437 0,97825864635184 20,947544731553
24799: -0,29591866616232 1,8964297706975 20,323151035745
24849: -0,38823288830242 1,7099662466864 19,513561883234
24899: -0,14485697311473 1,7102229123888 18,609383148455
24949: -0,24444315892593 2,1772056139853 18,151767304253
24999: -0,38553629760158 2,2717117398795 17,872847991759
25049: -0,23113632291673 1,7120411300902 17,770468578743
25099: -0,44386315158616 1,4685247157769 17,636064116255
25149: -1,246861491713 1,9309051505332 17,44414092322
25199: -1,7997010585586 2,4959353243868 17,620153190584
25249: -1,5547980091221 2,5338526926773 18,133250661413
25299: -0,61835698252024 1,0535814389102 18,697132296269
25349: 1,0810865039761 -2,5077519785378 19,214064918318
25399: 2,0307629430856 -4,7124685272828 19,912299789243
25449: 1,7091011605394 -3,8279743976918 20,480260754581
25499: 0,81965951939002 -0,074683656272766 20,913053983791
25549: -0,70271403427727 5,4880288235749 21,186872852522
25599: -1,7634594344923 8,4094228212208 21,501466243051
25649: -1,5374257431333 7,2924700334176 21,990774165002
25699: -0,80897726361068 5,1236027997484 22,236215305279
25749: -0,45885018745075 4,5804426781737 22,655334495771
25799: 1,118900352212 1,1928254105898 23,010511162801
25849: 3,2205878729173 -4,0126392340736 23,350864611785
25899: 3,8609249377952 -5,2724800062004 23,717702119275
25949: 2,8390912853643 -1,8781205948537 24,052874869773
25999: 1,2988925921497 1,8810072035517 24,304113133108
26049: 1,1599808451402 1,9389148279955 24,583911832458
26099: 2,1149689302681 -0,033300457231318 24,765024543585
26149: 1,0903636084163 1,9605983307328 25,092861670914
26199: -1,3435682191805 7,2940922033454 25,448851130455
26249: -2,2362026536017 9,7160431320861 25,728000961834
26299: -1,422010807364 7,6830279341217 25,816986373888
26349: -0,32204283239672 4,3940993228033 26,090144421817
26399: 0,19569054929085 2,2789073441702 26,49473238485
26449: 0,065274557092865 2,074271461542 27,065422010761
26499: 0,071841830670578 2,1105071091928 27,837947141741
26549: 0,54539172580343 1,4755570358576 28,40301893706
26599: 0,40188496902982 1,2008069135218 28,990058328297
26649: 0,018291324971047 1,0398093229442 29,580541842423
26699: -0,20216391443758 0,54685930934048 29,869154900896
26749: -0,73721166558857 0,12689244167947 29,891131034551
26799: -0,90944406357713 0,045174847825091 30,001370287755
26849: -0,73821570339656 0,044002389825163 30,196949339543
26899: -0,56307151038745 -0,24315083911019 30,641960069632
26949: -0,52033672429797 -0,42391883912716 31,157079276456
26999: -0,52450714175565 -0,3121713414162 31,407347652929
27049: -0,51858606143633 -0,30221791484607 31,657534067132
27099: -0,88214758608515 -0,22257749557711 31,933022917115
27149: -1,1639121526161 -0,073874625701664 32,257132468705
27199: -0,73410446312474 -0,39443171186103 31,992322619489
27249: -0,29931220296275 -0,92746807902315 31,840398721781
27299: -0,3066616999531 -1,045985948388 31,801101228391
27349: -0,32545774021874 -1,2183601795236 31,525769472759
27399: -0,26299261869036 -1,7082830319428 31,033220626047
27449: -0,10915728854047 -1,9686991485318 30,432187884748
27499: 0,34278160791398 -1,9371658726811 29,794029650215
27549: 0,85041025833304 -1,8271874473261 28,986854969576
27599: 0,86932107779325 -1,7448203818559 28,235648566543
27649: 0,6937526126428 -1,8295220913617 27,806381422492
27699: 0,75257975130365 -1,8993074147722 27,375662863241
27749: 1,0334614091626 -2,0860763763053 26,956135568946
27799: 1,2943636431214 -2,3002245780132 26,548914567988
27849: 1,3263008606285 -2,3123362109589 26,214993449656
27899: 1,2265012314057 -1,6999095401855 25,895543794627
27949: 1,1507906121685 -1,1385653206062 25,96986649808
27999: 1,0690094488631 -1,1938495120785 25,605820830413
28049: 1,0605241127581 -1,4643385568676 25,530844136347
28099: 1,0431437359197 -1,6868030474985 25,461002036989
28149: 0,9432794333432 -1,6372053086753 25,348606151554
28199: 0,92529031589498 -1,2913006234438 25,208727292447
28249: 0,98962183997492 -1,0600520826534 25,112880955371
28299: 1,005239494399 -1,0654650075707 25,086390066676
28349: 0,90592043301735 -1,2083650514469 25,254262456096
28399: 0,68868338497904 -0,79279094257737 25,5233684943
28449: 0,49096877849677 -0,25982741297944 26,067029354118
28499: 0,51440950748058 -0,26434713058014 26,786697358659
28549: 0,80642335983048 -0,5049680516135 27,472837672111
28599: 0,94851423973349 -0,47452685897811 27,982093161532
28649: 1,0933455195976 -0,059462279552596 28,428825099291
28699: 1,2560489499203 0,22339318291461 29,010456688253
28749: 1,2397395253994 0,051849600165687 29,442572021188
28799: 1,1320510276853 -0,034683517177393 29,71449209733
28849: 1,0234832498372 0,40071185735944 29,796713914559
28899: 1,1266524034766 0,58355626156452 29,70009405856
28949: 1,1852474224274 0,34965173768238 29,537470669517
28999: 1,2250823663274 0,22987252447686 29,383053752761
29049: 1,2779113182365 0,55815260024628 29,185780814058
29099: 1,309021335802 0,9709167266026 29,200578418895
29149: 1,4197611138061 1,0008321013936 29,272278329707
29199: 1,4978961300335 0,83525566939037 29,428273020161
29249: 1,4260839479868 0,79256768076887 29,518492988908
29299: 1,391923503905 0,8066959804279 29,502114195278
29349: 1,4537284983222 0,88531695394259 29,392680904396
29399: 1,4050734323262 0,74971800876312 29,480981589986
29449: 1,1305481726244 0,59134865363386 29,680289925062
29499: 0,82039456513859 0,5383636745909 29,65355656465
29549: 0,79816902285767 0,50708487664768 29,361128845525
29599: 1,184466966593 0,57944950360435 29,434181133793
29649: 1,5675928744282 0,61663902986142 29,408663547054
29699: 1,5368251133731 0,35501735820353 29,430274265588
29749: 1,298037537843 0,09861679920705 29,244592157906
29799: 0,97486254823046 0,10318262725475 28,961030024324
29849: 0,80592352872145 0,18747867421672 28,930386380613
29899: 0,94074191134484 0,40686748530764 29,227243477415
29949: 1,1340111852553 0,32641482047619 29,501195534835
29999: 1,1397686078388 -0,026659884184526 29,627772600533
30049: 1,0561845947576 -0,26495939300621 29,62388963799
30099: 0,91227731142222 -0,24190144810061 29,557841708716
30149: 0,67731688298308 -0,064236781885633 29,204492117289
30199: 0,40752539794335 0,02577171279848 28,831242769716
30249: 0,30512648153501 0,03014077103362 28,633320963042
30299: 0,20287161274904 0,1486862813203 28,435728712995
30349: 0,10059125081561 0,195290583018 28,619718641309
30399: 0,030183569772692 0,13515116758244 28,814542957195
30449: 0,11475163368743 0,3558789225343 29,366780827063
30499: 0,22607707373245 0,62476049831053 30,129357787517
30549: 0,22731589929316 0,62140458091138 30,582933574825
30599: 0,087673208650676 0,52694503904166 30,867745633025
30649: -0,070827647630431 0,48884250859163 30,712737904906
30699: 0,051999310708578 0,61193975299074 30,426430035277
30749: 0,18747275116205 0,68036181333158 30,301198516845
30799: 0,20407760804501 0,44729863001697 30,129012862964
30849: 0,42928891527953 -0,0060456245499604 29,770544044754
30899: 0,66862941596735 -0,32532436476694 29,733476608128
30949: 0,59501587824877 -0,15978134999782 29,836428049488
30999: 0,3503060217801 0,23996367540831 29,930151905279
31049: 0,39439598677002 0,21111811901669 30,136894901266
31099: 0,60353451152596 0,031690556964552 30,382429956644
31149: 0,62628331033033 0,041909216989032 30,541501647319
31199: 0,37760679482074 0,41460107371709 30,645948900107
31249: -0,26758405327734 0,97394997092432 30,497983097023
31299: -0,74603739057413 1,0629339955964 30,663512731558
31349: -0,61907996871605 0,70383455882712 30,511988399916
31399: -0,20151807469483 0,6629707109617 30,498570493291
31449: 0,044178967557485 1,0187349877036 30,461130811356
31499: -0,055337285520944 1,3592273883481 30,259097230801
31549: -0,37908937275746 1,4570361241495 29,821756803151
31599: -0,52318219177837 1,5288864058452 29,294056387876
31649: -0,41616844204905 1,5800396135301 28,892256849571
31699: -0,305461827815 1,6338479505332 28,596840922684
31749: 0,21251730728055 1,0718664956486 28,430906599441
31799: 0,86868485634423 0,20123068648137 28,432308495768
31849: 1,037226764386 0,096523266185162 28,673328796105
31899: 0,77953930837049 0,59206091429825 28,989979781121
31949: 1,0259347541407 0,80572342552311 29,388067111612
31999: 1,7465102133452 0,66583037242897 29,73930275949
32049: 2,2469945659337 0,82086675532582 29,914135111675
32099: 2,8555443573012 0,84137445166964 30,193612792134
32149: 5,1074895297227 0,19633107962873 30,541266005793
32199: 7,427936590321 -0,42819066888576 30,870177180369
32249: 7,9224619230238 -0,62445943637852 30,797558609114
32299: 7,5062780063274 -0,94172481825508 30,653226466668
32349: 7,0728709138652 -1,4468798462971 30,403709411003
32399: 7,1624676278501 -1,9690528242648 30,047665309949
32449: 7,413424145882 -2,3971970425281 30,037628346964
32499: 6,9114193291512 -2,5053816894524 29,838722993049
32549: 6,3354042901215 -1,8560417949182 29,874533674868
32599: 6,2654691294361 -1,6034562767693 29,810743123114
32649: 6,2898879094925 -2,0383995214645 29,724805682977
32699: 5,8413920753801 -2,5165123364786 29,519483366337
32749: 5,3727429143479 -2,3937825882733 29,178148077661
32799: 5,1117387611601 -1,976027301181 28,890518566428
32849: 4,5035774368017 -1,8768070640989 28,540570409207
32899: 3,7691088392168 -2,2285904077717 28,261912351449
32949: 3,5259963665599 -2,48527574697 28,091504254299
32999: 2,2383276962072 -2,1097502388554 27,737463106219
33049: -1,2183819507516 -1,3478845785708 27,208997709757
33099: -4,4826215626545 -0,63108776144205 26,070301014731
33149: -4,7975551819814 -0,38200522320282 25,375631502553
33199: -3,9197503689088 -0,61070391563779 24,428198887307
33249: -3,9790701349635 -0,70196276682942 23,768863651253
33299: -4,8937481511573 -0,67415493228419 23,057361137866
33349: -5,6045830135534 -0,57176185888923 22,479183917077
33399: -5,1628516280403 -0,38264483306599 22,168292489078
33449: -4,6818761099903 -0,5598494753682 22,245912466353
33499: -4,8493263083428 -0,93785540936857 22,79521847752
33549: -5,0019887202554 -1,1297185180837 23,464884374694
33599: -4,7463799896251 -1,1060965222826 24,100571788295
33649: -4,6953956156787 -1,0963857008301 24,591208182039
33699: -5,0191171271465 -1,2979723308807 24,796281196774
33749: -5,2523979693801 -1,5551540327326 24,91795930929
33799: -5,3593322647994 -1,4966915621404 24,763202590623
33849: -5,1388785178272 -0,85895701277969 24,575700237528
33899: -4,7943731676018 0,085578781834502 24,165924745821
33949: -4,5950511721479 0,42427291506652 23,771179085382
33999: -5,0060744540395 0,63224723941451 23,670882880062
34049: -6,4584416102828 1,8158758002869 23,812025324166
34099: -7,7755684596389 3,199408950405 24,054898313315
34149: -7,8782449858844 3,6055292236896 24,214485683272
34199: -7,41874827834 3,2453778310665 24,088651400646
34249: -6,3205396640534 2,9515573936811 24,104833826337
34299: -0,0134677681727 3,8964991243136 23,745371215603
34349: 7,2161845043513 5,3302339513879 23,742574253138
34399: 8,0368018510507 5,6114366814987 24,658306252898
34449: 5,1723447372129 5,1156618510646 26,085820912072
34499: 3,4879502918922 4,8566738843424 27,415511894407
34549: 4,0937379120706 5,4462348960436 28,381565312877
34599: 4,8325539250622 6,0005090160584 28,874587150188
34649: 2,4992804095329 5,006012982337 29,68367769889
34699: -1,1523157720659 2,7388460930199 30,174624866241
34749: -2,554346675282 1,531836193793 30,243609776858
34799: -1,7879586827149 1,4076932367598 30,273123024262
34849: 0,082934418068436 0,92460857763844 30,158194846193
34899: 1,6101367353861 0,17234241472702 30,558570290055
34949: 1,4447589658381 -0,33435875736774 30,72813656639
34999: 0,85244416060182 -0,27720111971128 30,71131039537
35049: 1,1035164183236 0,19296360960493 30,578377838648
35099: 1,552342342672 0,53526986570115 30,364849049721
35149: 1,7658594989336 0,60455311684679 30,141047656281
35199: 1,7108501158537 0,32861166010927 30,110728446556
35249: 1,512886474271 0,096272630259134 30,119020296208
35299: 1,4866828804071 0,2684887865381 29,968155077821
35349: 1,5306707927658 0,57384794807214 29,750384741419
35399: 1,6048901896081 0,59659210448231 29,696453567732
35449: 1,7818758656505 0,64070119933799 29,514603196175
35499: 1,9739571135322 0,34600374965493 29,177495794595
35549: 1,917721818218 -0,0058030994735721 28,468839762544
35599: 1,6825130483695 0,036273483830551 27,733648445567
35649: 1,4535114263727 0,16669745014099 26,992357769662
35699: 1,3702401078894 0,24811716036916 26,538307284207
35749: 1,3660001612404 0,22436293637462 26,061582278255
35799: 1,4992692115001 1,1449466382816 25,756394058213
35849: 2,0862379529678 3,7592528762445 25,477621594787
35899: 2,6530597708182 6,1746451158347 25,358113774879
35949: 2,7276629389144 6,4575460017279 25,255816324132
35999: 2,5814661548249 5,6555981233511 25,120332691756
36049: 1,8255488422555 5,4309886331557 24,763663628392
36099: 0,97615718924329 5,6205097340374 24,837260624247
36149: 0,96004541332147 5,7494047951857 24,88171491046
36199: 1,5014694929082 5,6108211106998 24,962328218139
36249: 1,5000140222848 4,9871522687177 25,218460312014
36299: 0,66748984159302 4,5251125963679 25,836833196069
36349: 0,11777783437657 4,642032201467 26,267416859083
36399: 0,34041886938926 4,8978031490901 26,424994445877
36449: 0,39112219172346 4,9286632244207 26,830815258055
36499: -0,49283987680338 4,5715907530094 27,411150818622
36549: -1,3413701789282 1,6552499214106 28,216846763305
36599: -1,1150714975737 -1,8341151801352 28,721242573133
36649: -0,56602940918489 -2,1498699162664 29,260202555254
36699: -0,2364003710544 -0,83004919761297 29,889689864636
36749: -0,1017213002777 -0,4542224674838 30,838935895106
36799: -0,50812845484766 -0,8640796546572 31,684561125678
36849: -0,79022599310062 -1,1915244729963 32,64205460957
36899: -0,74137840114739 -1,1484933207299 33,482584519021
36949: -0,85445469081704 -0,93920159696529 34,443865342809
36999: -1,0328948236266 -1,0050827202132 35,0209377805
37049: -0,90951055119984 -1,2125744756881 35,184134905433
37099: -0,69434118285019 -1,1734793266526 35,230952437099
37149: -0,14289793612255 -0,88801450513878 35,264089099857
37199: 0,41333223267663 -0,7331465824545 35,220717398628
37249: 0,32197685170212 -0,86666397412355 35,096541144422
37299: 0,17186335432998 -1,0433055260256 34,996898929716
37349: 0,49210429744628 -1,3711295265854 35,017119704754
37399: 2,8928440203586 -3,0276158189574 35,19000203793
37449: 5,2829613583686 -4,7669538000656 35,457994755299
37499: 5,1894274672139 -4,8997296893229 35,461498642344
37549: 4,3167939611167 -4,2123001776651 35,398172543454
37599: 4,2323066555177 -3,8917935508623 35,571106103049
37649: 4,9710065552934 -4,1029211014097 35,551237082754
37699: 5,9554447085751 -5,2922333401669 35,283090686128
37749: 7,1092557584607 -7,8364877706199 34,879211355222
37799: 7,4721168151936 -9,3404749352892 34,569462276362
37849: 7,8192697174959 -9,7769086553274 34,335265335006
37899: 8,1001689310755 -9,7652640365662 34,120319281825
37949: 6,8977115663739 -8,1383522498568 33,491258859267
37999: 5,3501601745177 -6,1247855886672 32,792414393959
38049: 4,9650134911835 -5,9340030372231 32,56984243457
38099: 5,1515613253422 -6,6397660572737 32,349661041391
38149: 5,3040098669564 -6,8019531679839 31,86056144021
38199: 5,3750903649883 -6,616880654686 31,326625062223
38249: 5,2933569062853 -6,4731132835068 31,246732339501
38299: 5,2333425953694 -6,2329830421962 31,139071482709
38349: 4,9862570870496 -5,9378462992917 31,107194989853
38399: 3,7085199386369 -4,9508071245967 30,965458319291
38449: 2,2366837550514 -3,7869356329506 31,140519482813
38499: 1,8111732150433 -3,52457803509 31,492427904325
38549: 2,3902836104276 -2,8675117025007 31,653333500792
38599: 2,6465247738863 -1,486709027225 31,91746716128
38649: 2,4636769812671 -1,2783251850115 32,246716430221
38699: 1,7466283542735 -1,0919777742163 31,994173600754
38749: 0,60513144177042 -0,11861641351996 31,614831724441
38799: 0,015321319930109 0,64761287053037 31,62928098963
38849: 0,084115287072801 0,39824658595589 31,457518807477
38899: -0,41464909848469 0,29682305257753 31,454100297798
38949: -1,8771891278056 1,2608006271485 31,339260912188
38999: -2,5953670838898 2,0196086038407 31,205307242185
39049: -2,2950428123107 2,0933782754149 31,32722611887
39099: -1,9339383948549 1,948692030349 31,227338017353
39149: -3,0971917543812 2,5599997240372 30,933619392475
39199: -4,8196768840426 3,5743933794713 30,76631732385
39249: -5,1245718328369 3,7212736093647 30,585535876898
39299: -4,3139094868528 3,2321584268148 30,306037705872
39349: -4,2013603490489 3,2599647672561 30,536498533752
39399: -5,1410138057164 3,8192257791386 30,517619890886
39449: -5,7386570656398 4,0817261706415 30,427331620248
39499: -5,427678979616 3,9567191946783 30,38320176802
39549: -6,3075977362367 3,9052908584358 30,1998146039
39599: -8,0332322234358 4,2375419955165 30,311628215708
39649: -8,3748398659057 4,3431115337624 30,24289602209
39699: -7,5743792612207 4,0932811431699 30,100561709976
39749: -5,182857679006 3,2589859157707 29,966184568245
39799: -2,8593159023835 2,5506237952975 30,012670835736
39849: -2,9290958897087 2,6355206988032 30,510096437516
39899: -3,0598242163189 2,5464770166976 31,375583858194
39949: -1,7947233447576 1,6565573690281 32,187273293874
39999: -0,63374625249392 0,66375052646585 33,098639095207
40049: -0,22976158726371 0,12485407043926 34,072316712339
40099: -0,31777887336393 0,09855125206938 35,001680062135
40149: -0,46498914013242 0,48407551679864 36,128323180823
40199: -0,021045048470059 0,5971041018658 37,179489294088
40249: 0,66263624513578 0,35589725198727 38,461444084313
40299: 1,4201020896561 0,45649579989951 39,60566469483
40349: 2,135283620407 0,98890861881518 40,655977034449
40399: 2,1862462231254 1,2800640017638 41,753188868003
40449: 2,0329404927704 1,4160389808736 42,769029242881
40499: 2,0136240774673 1,5236405003975 43,331481660653
40549: 2,1984227428682 1,8084340957427 43,834531923214
40599: 2,5634342419727 2,5180864816388 44,317286278656
40649: 2,7538976955165 3,0566159483997 44,634415376914
40699: 2,7929499424263 3,139486420156 45,010311422791
40749: 2,9794053555877 3,1553284036056 44,949143663679
40799: 3,2710493105054 3,2258178768309 44,452868948775
40849: 3,3878818306926 3,3681795097014 43,608449246592
40899: 3,3596902248933 3,5518657080413 42,380541743269
40949: 3,612380330314 3,9259056500114 40,844408293271
40999: 3,9616881572995 4,0795230077473 39,505441914044
41049: 4,1510871685498 4,0327750586337 38,172831025839
41099: 4,3732749297976 3,8636638436524 36,896015952965
41149: 4,4823936050909 3,2119145998885 35,544423969057
41199: 4,6500222421355 2,752962386487 34,347344524553
41249: 5,002829687297 2,9493866741855 33,152437080205
41299: 5,1595496584634 1,7283002886877 31,955050277188
41349: 5,2058587679229 -0,4482424767829 30,797565439303
41399: 5,1795019216895 -1,0984082905981 29,57488644579
41449: 5,1060705579226 -0,224881683906 28,471061281571
41499: 4,8949558139799 0,016065565423222 27,644210533481
41549: 4,2958103393259 -1,0753074168864 26,828356389954
41599: 3,6781388303219 -2,1746088614402 26,283278265883
41649: 3,5212696622108 -2,134308610903 25,96674510163
41699: 3,2217948954097 -1,601263679324 25,512324078412
41749: 2,4055746964319 -1,4259231183762 25,404217551776
41799: 1,3478860726747 -1,4470060980751 25,169846440597
41849: 0,88415945032169 -1,4278140135593 24,988754220038
41899: 0,51755246171584 -1,368315595369 24,889955533693
41949: -0,45055577647742 -1,2841563522937 24,849754747786
41999: -0,95932365442527 -1,1721285500225 24,879662438614
42049: -0,70801906354996 -1,0962809001151 24,841561935876
42099: -0,89765963938134 -1,4960121717614 25,364590501759
42149: -1,3344008246539 -2,5447916675199 25,904586965088
42199: -1,6060800299059 -3,131313031597 26,390759830209
42249: -1,7773951548333 -2,7656697399944 27,135289723328
42299: -1,7167108450484 -2,0248238801589 28,136549351875
42349: -1,7965551161156 -1,8931837232945 28,980441421945
42399: -1,9369515754959 -2,1700669990855 29,935885849087
42449: -1,8706368419575 -2,4680922716787 31,064881967944
42499: -2,0182084150609 -2,9299927789241 31,858198194758
42549: -2,2952562557222 -3,2292180303771 32,392178968975
42599: -2,2538633883612 -3,4643861392557 32,821548565864
42649: -2,1728093200373 -3,3951583300362 33,289095505119
42699: -2,0451411316187 -3,1701827843899 33,703971440589
42749: -1,6205888458069 -3,146559294485 33,949998269587
42799: -1,0441075396446 -2,9367559468629 34,169851813686
42849: -0,8414586550955 -2,5736282993089 34,165261926564
42899: -0,91555836354477 -2,3510644507699 34,21228094881
42949: -0,98426131541522 -2,0540658409864 34,254013404639
42999: -0,66951878130248 -1,7650128756417 34,299239502228
43049: -0,28283362453816 -1,5050095586107 34,301643728816
43099: -0,2334159785935 -1,242892511475 34,181142116384
43149: -0,22390627419558 -1,1135295823686 33,894202454258
43199: -0,47569338058315 -1,1218000876798 33,662580494219
43249: -0,66394209192772 -0,98735549783094 33,523504182339
43299: -0,24208274159831 -0,47988781042463 33,443905157752
43349: 0,5509825558042 0,0084254919084603 33,674847513968
43399: 1,0090316367705 0,21274046236734 33,906390926831
43449: 1,068779143422 0,35024036125062 33,829042449576
43499: 0,8793888299907 0,73470471935891 33,511786992818
43549: 1,0388000557727 0,95927765737008 33,141464381303
43599: 1,3212640230024 0,87419441776605 32,784426487725
43649: 1,3908108234005 0,72285129958032 32,369892061713
43699: 1,2438808611922 0,78969190432404 32,073116927181
43749: 1,1302373990172 0,98805836698522 31,889914178169
43799: 1,0927894995104 0,98895248143626 31,254467528736
43849: 1,1391030912816 0,84419003707242 30,531799363603
43899: 1,1350239742432 0,92854212627014 29,864879202476
43949: 1,1358618463553 1,4039207311821 29,300719237411
43999: 1,190128446363 1,671379626579 29,097657713386
44049: 1,2916275120286 1,6169806916561 29,185862776328
44099: 1,4282226509707 1,3953139457759 29,096107260445
44149: 1,6784116264946 1,2985376357563 29,221960326092
44199: 2,2255573768934 1,3298994098257 29,608190448183
44249: 2,4528780253025 1,5448792937868 30,012138080981
44299: 2,1821323148109 1,8410651110591 30,532994646708
44349: 1,9089516418803 2,2340714211372 31,078351100988
44399: 1,7752606139959 2,536976650449 31,350745875277
44449: 1,7785190411168 2,5600767771088 31,517805472186
44499: 1,646524674911 2,1474782828398 31,792126359822
44549: 1,3499545527762 1,8146943910039 31,910616481543
44599: 1,3000024978898 1,7123748488642 32,013994809726
44649: 1,4512749663063 1,7341932478376 32,125583025291
44699: 1,545374695945 1,5384373581824 31,948520616342
44749: 1,5658225747727 1,0476788748068 31,577057363236
44799: 1,5767082954841 0,66578688333386 31,008795869575
44849: 1,5811957297688 0,73327806359602 30,54219491152
44899: 1,6167203974157 0,8553399473665 30,358660898333
44949: 1,4296094995373 0,57501446967719 30,094779954844
44999: 0,9467534383098 -0,069902710616743 30,19644049045
45049: 0,84488420840768 -0,41229836615187 30,60815063324
45099: 0,98736446245423 -0,063305061373521 30,659568297312
45149: 0,94432647999862 0,46536810890965 30,373899050371
45199: 0,58721921731121 0,68517384168441 30,281763213562
45249: 0,29035262227771 0,54602143722839 30,458367999836
45299: 0,40439034111432 0,33718397440446 30,865874161192
45349: 0,5336344089209 0,32138438615247 31,519147604358
45399: 0,3613682868733 0,47811863134703 31,811896342374
45449: 0,11872526965986 0,4960493720222 32,426480178986
45499: -0,14004461125657 0,13610851464415 32,957209783159
45549: -0,20253985498641 -0,31992008430787 33,423797080835
45599: -0,054339234133636 -0,5081523071489 34,032752841571
45649: -0,016065768861474 -0,71691335723149 34,649290112286
45699: -0,079480530143378 -1,0825363183492 35,211114152655
45749: -0,058893072664704 -1,1833028462263 35,589554443998
45799: -0,12786693091518 -1,2596227396818 35,797933270291
45849: -0,160026489756 -1,5685668167152 35,968220131583
45899: -0,10503665675855 -1,4263730570878 35,761337116718
45949: -0,16120544443977 -1,2562159693899 35,877364955244
45999: -0,38140792849599 -1,5593688997807 36,249825415968
46049: -0,45366783477886 -1,9992766247855 36,411338899272
46099: -0,26414764103161 -1,8834918983057 36,66999816314
46149: 0,20672678762805 -1,3465170466329 36,609810536174
46199: 0,29418539893872 -1,1323065194489 36,556050117217
46249: -0,029028524086072 -0,99862082764982 36,206634714752
46299: -0,51056459122553 -0,052620684500277 35,474964360292
46349: -0,74978044096101 0,86210722409095 34,5952325801
46399: -0,53353371699149 0,85058725628208 33,628975963502
46449: 0,40330650215083 0,078967025315797 32,786533601084
46499: 0,93542599645816 -0,33547034397473 31,892089593419
46549: 0,99593699019283 -0,61592767633153 31,208042732948
46599: 1,066570110834 -1,069470166467 30,525273117851
46649: 1,3832096766279 -1,2221007753112 30,069149669983
46699: 1,77401207676 -0,76458957174206 29,708136606308
46749: 1,5981938294572 -0,059019437834455 29,308177803985
46799: 0,97763603192031 0,019194872620359 28,839664392962
46849: 0,9431225524357 -0,19694954525395 28,573942713492
46899: 1,263940593176 0,010567556626053 28,480073716181
46949: 1,651290225961 0,58653758577638 28,604951772324
46999: 1,6714394974559 1,1434845509124 28,610574725558
47049: 1,6132341194529 0,90216372225214 28,68645641969
47099: 1,6538564560982 0,94997408594687 28,692255250295
47149: 1,5997991373555 1,6981185365191 28,797983163552
47199: 1,4813026123318 2,1742028920714 28,979563742637
47249: 1,4173182539608 2,0788148180005 28,930379550424
47299: 1,7999968911271 1,0575413478032 28,817264787579
47349: 2,5648532137727 -0,33445923585373 28,63687266141
47399: 2,9579833210296 -0,6521636975083 28,50129682148
47449: 2,7608704648854 0,080696523929159 28,147165173393
47499: 1,969574693406 1,0326942935415 27,664692563254
47549: 1,0112277560321 1,7645919652341 27,41922410222
47599: 0,74578344627523 1,6988380542595 27,295966508458
47649: 1,3292867205128 1,2044930812395 26,889679535869
47699: 1,7099066959746 1,0368386175421 26,434964814518
47749: 1,7878971042907 1,2055361791918 26,251026112622
47799: 1,6806011290104 1,317604962598 25,687634543839
47849: 1,0118849482963 1,2741520461503 25,238862087065
47899: -0,10588161919396 1,0628123328518 24,78841281885
47949: -1,6275040921764 0,53580165996105 24,348422277802
47999: -3,7924693668388 -0,61842853942396 23,588227345821
48049: -6,0405164222349 -2,0647580752452 22,697020847823
48099: -6,5196204684523 -2,4598781154281 22,140601194635
48149: -8,4293951481276 -3,8871857344934 21,598688863245
48199: -14,778405175076 -7,5403922399107 20,306644176068
48249: -8,1549607085974 -5,733716277549 20,535373550994
48299: 10,561148414507 0,61434835516853 20,624012330947
48349: 31,768787603428 5,8154996820102 18,584639080639
48399: 48,225476125508 7,7358807916929 15,919746860858
48449: 60,701018135116 8,1904358573728 13,676620529872
48499: 72,125117408799 8,296931313138 11,876579669402
48549: 88,565573986316 9,7437386953969 9,4808814265099
48599: 83,620387253633 16,790565244183 11,593929366074
48649: 28,490745886759 17,090031473248 29,386502998292
48699: -33,195549234246 -2,4882498674667 34,057239069746
48749: -53,463210105626 -7,2946428873473 25,623232690155
48799: -15,951162315945 2,4568888404492 19,670092743538
48849: -4,1027870589472 -9,3065476781345 14,453120830948
48899: -49,924403719278 -26,441246881007 3,5899913971015
48949: -78,170599805447 -22,137937420859 2,8922036901239
48999: -61,565180499096 -7,4976369632537 22,05240466943
49049: -23,527662350903 18,153287021344 34,727844117931
49099: 19,236848721842 31,387560594903 34,232238761565
49149: 29,493071024817 22,125742118096 51,919266334313
49199: 15,745676074765 4,7065762084632 79,435059066113
49249: 11,982667021364 2,4549977318227 102,54020249986
49299: 12,128996994143 25,868205962474 120,90209374374
49349: 2,6744380494769 41,791543795288 139,92579616725
49399: 2,1290529937801 32,990517200646 149,13711222534
49449: 12,514531290712 17,732808623207 148,00657931392
