0 -1.7749999761581 2.0250000953674 0.30000001192093
50 -1.775070309639 2.0250477790833 0.30098700523376
100 -1.7750626802444 2.0253126621246 0.30405312776566
150 -1.7751969099045 2.0254666805267 0.30861857533455
200 -1.7752474546432 2.0256316661835 0.314388692379
250 -1.7751876115799 2.0257239341736 0.3208654820919
300 -1.7749195098877 2.0258495807648 0.32790505886078
350 -1.7745431661606 2.0257980823517 0.3351634144783
400 -1.7741003036499 2.0257992744446 0.34259888529778
450 -1.7737466096878 2.0257453918457 0.34996646642685
500 -1.7731288671494 2.0255889892578 0.35730212926865
550 -1.7725372314453 2.0252344608307 0.36441761255264
600 -1.7717481851578 2.0247793197632 0.37118273973465
650 -1.7709183692932 2.0241587162018 0.37759917974472
700 -1.7701580524445 2.0236551761627 0.38389015197754
750 -1.769464969635 2.0230665206909 0.38989621400833
800 -1.7686997652054 2.022659778595 0.39552986621857
850 -1.7678221464157 2.022230386734 0.40080061554909
900 -1.7668137550354 2.0216810703278 0.40595525503159
950 -1.7658106088638 2.0210149288177 0.41078367829323
1000 -1.764772772789 2.02041888237 0.41545543074608
1050 -1.7637821435928 2.0198998451233 0.41986441612244
1100 -1.7628508806229 2.0192074775696 0.42413750290871
1149 -1.7620230913162 2.0184731483459 0.42814570665359
1199 -1.761274933815 2.0178117752075 0.43202009797096
1249 -1.7604334354401 2.017365694046 0.43563276529312
1299 -1.7598286867142 2.0169672966003 0.43891844153404
1349 -1.7593269348145 2.0164849758148 0.44190543889999
1399 -1.7589799165726 2.0158343315125 0.44424089789391
1449 -1.7586652040482 2.0151324272156 0.44606751203537
1499 -1.7583484649658 2.0142872333527 0.44800394773483
1549 -1.7581354379654 2.0135045051575 0.44997182488441
1599 -1.7577273845673 2.0127787590027 0.45205554366112
1649 -1.757283449173 2.0119516849518 0.45408281683922
1699 -1.756832242012 2.011209487915 0.45615896582603
1749 -1.7563627958298 2.010623216629 0.45804619789124
1799 -1.7557668685913 2.0099928379059 0.45992755889893
1849 -1.7553721666336 2.0095565319061 0.46170625090599
1899 -1.7549787759781 2.0091481208801 0.46349921822548
1949 -1.7546051740646 2.0086920261383 0.46497255563736
1999 -1.7544499635696 2.0084717273712 0.46629303693771
2049 -1.7544152736664 2.0082960128784 0.46754971146584
2099 -1.7548358440399 2.0079121589661 0.468884319067
2149 -1.755512714386 2.0075654983521 0.47014078497887
2199 -1.7561954259872 2.007180929184 0.47125071287155
2249 -1.7569509744644 2.0065457820892 0.47222489118576
2299 -1.7578725814819 2.0060846805573 0.47328391671181
2349 -1.7589102983475 2.0055937767029 0.47428441047668
2399 -1.7599823474884 2.0053515434265 0.4753406047821
2449 -1.7610372304916 2.0051944255829 0.47631388902664
2499 -1.761979341507 2.0047454833984 0.47704321146011
2549 -1.76271879673 2.0043935775757 0.47737216949463
2599 -1.7635707855225 2.0040006637573 0.47779184579849
2649 -1.7646235227585 2.0036046504974 0.47826415300369
2699 -1.7656564712524 2.0033066272736 0.47868123650551
2749 -1.7663993835449 2.0029752254486 0.47863727807999
2799 -1.7668989896774 2.0026128292084 0.47867792844772
2849 -1.7672601938248 2.0019981861115 0.47865611314774
2899 -1.767559170723 2.0009713172913 0.47880119085312
2949 -1.7679665088654 1.9999377727509 0.47901830077171
2999 -1.768403172493 1.9988520145416 0.47942066192627
3049 -1.7688136100769 1.9976040124893 0.47985592484474
3099 -1.7691692113876 1.9964153766632 0.48042434453964
3149 -1.7694467306137 1.9952036142349 0.4807693362236
3199 -1.7698421478271 1.994101524353 0.48096770048141
3249 -1.7702412605286 1.9929355382919 0.48113504052162
3299 -1.7704948186874 1.9917558431625 0.48129105567932
3349 -1.770454287529 1.9904941320419 0.48142343759537
3399 -1.7703884840012 1.9890689849854 0.48174920678139
3449 -1.7703870534897 1.9877687692642 0.48190212249756
3499 -1.770601272583 1.9863783121109 0.48191657662392
3549 -1.7709769010544 1.9851762056351 0.48193067312241
3599 -1.7711541652679 1.984366774559 0.48196291923523
3649 -1.771390080452 1.9837979078293 0.48199653625488
3699 -1.7716382741928 1.9833031892776 0.48224487900734
3749 -1.7720099687576 1.9829822778702 0.48232680559158
3799 -1.772409081459 1.9826917648315 0.48251241445541
3849 -1.7728756666183 1.9825119972229 0.48275485634804
3899 -1.7734138965607 1.9823852777481 0.48314633965492
3949 -1.7738728523254 1.9822819232941 0.48344039916992
3999 -1.7741357088089 1.9822080135345 0.4838200211525
4049 -1.7745921611786 1.9821289777756 0.48378601670265
4099 -1.7753238677979 1.9819655418396 0.48376670479774
4149 -1.7760680913925 1.9818145036697 0.48383522033691
4199 -1.7768692970276 1.981675863266 0.48407301306725
4249 -1.7774965763092 1.9816230535507 0.48432588577271
4299 -1.7780305147171 1.9814786911011 0.48451152443886
4349 -1.7785459756851 1.9811900854111 0.48462986946106
4399 -1.7789211273193 1.9808239936829 0.48473706841469
4449 -1.7791301012039 1.9803618192673 0.48483151197433
4499 -1.7791743278503 1.9800546169281 0.48506188392639
4549 -1.7793803215027 1.9798203706741 0.48529487848282
4599 -1.7795835733414 1.9794371128082 0.48564687371254
4649 -1.7796903848648 1.979255437851 0.48577958345413
4699 -1.7797620296478 1.9790751934052 0.48595929145813
4750 -1.7796875238419 1.978839635849 0.48614543676376
4800 -1.7797476053238 1.9786739349365 0.48645383119583
4850 -1.7798403501511 1.9783643484116 0.48673564195633
4900 -1.779916882515 1.9780849218369 0.48710817098618
4950 -1.7801970243454 1.9776142835617 0.48742455244064
5000 -1.7803592681885 1.9770617485046 0.48781356215477
5050 -1.7804669141769 1.9764696359634 0.48813420534134
5100 -1.7804309129715 1.9759240150452 0.48851546645164
5150 -1.7805112600327 1.975728392601 0.48878392577171
5200 -1.7803798913956 1.9754836559296 0.48906388878822
5250 -1.7803235054016 1.9752235412598 0.48927396535873
5300 -1.7803740501404 1.9748179912567 0.48956114053726
5350 -1.7804621458054 1.9743276834488 0.48958641290665
5400 -1.7805873155594 1.9738779067993 0.48963698744774
5450 -1.7806288003922 1.9736089706421 0.48967695236206
5500 -1.7803382873535 1.9735921621323 0.4896542429924
5550 -1.7802288532257 1.9735697507858 0.48961114883423
5600 -1.7803134918213 1.9734600782394 0.48931866884232
5650 -1.7804943323135 1.9734183549881 0.48890775442123
5700 -1.7809783220291 1.9733601808548 0.48873347043991
5750 -1.7815790176392 1.9732389450073 0.48843970894814
5800 -1.7820937633514 1.9732748270035 0.4882704615593
5850 -1.782420873642 1.9733119010925 0.48816910386086
5900 -1.7826709747314 1.9733544588089 0.48823714256287
5950 -1.7828862667084 1.9733337163925 0.48831534385681
6000 -1.7832989692688 1.9732550382614 0.48839172720909
6050 -1.7837227582932 1.9732251167297 0.48841506242752
6100 -1.7840211391449 1.973012804985 0.48838120698929
6150 -1.7840815782547 1.9728353023529 0.48829120397568
6200 -1.7842675447464 1.9727482795715 0.48817163705826
6250 -1.7845942974091 1.9725980758667 0.48801079392433
6300 -1.7853164672852 1.9725993871689 0.48803752660751
6350 -1.7860929965973 1.9725843667984 0.48808860778809
6400 -1.786944270134 1.9723316431046 0.48820328712463
6450 -1.7877422571182 1.9720251560211 0.48828372359276
6500 -1.7885684967041 1.9719407558441 0.4882887005806
6550 -1.7895730733871 1.972221493721 0.48803439736366
6600 -1.7906507253647 1.9725546836853 0.48789849877357
6650 -1.7919112443924 1.9730060100555 0.48782426118851
6700 -1.7929832935333 1.973543047905 0.48791560530663
6750 -1.7942737340927 1.9740651845932 0.48801103234291
6800 -1.7956539392471 1.9744572639465 0.48823076486588
6850 -1.7968431711197 1.9747480154037 0.48802441358566
6900 -1.7981485128403 1.9751071929932 0.48782521486282
6950 -1.7994469404221 1.9754694700241 0.48771017789841
7000 -1.8011275529861 1.9760326147079 0.487578779459
7050 -1.8027007579803 1.9764568805695 0.48742574453354
7100 -1.8041203022003 1.9766880273819 0.48746055364609
7150 -1.8055191040039 1.9766575098038 0.48752149939537
7200 -1.8070511817932 1.9765837192535 0.48772376775742
7250 -1.8087579011917 1.9764059782028 0.48791199922562
7300 -1.8105008602142 1.9760980606079 0.48819890618324
7350 -1.8121583461761 1.9756560325623 0.48843985795975
7400 -1.8136838674545 1.9751303195953 0.4887592792511
7450 -1.8152709007263 1.9745585918427 0.48901933431625
7500 -1.8169199228287 1.9740575551987 0.48934587836266
7550 -1.8183846473694 1.9734290838242 0.48960304260254
7600 -1.819783449173 1.9727194309235 0.48991960287094
7650 -1.8212980031967 1.9719532728195 0.49015149474144
7700 -1.822856426239 1.9711682796478 0.49024042487144
7750 -1.8244814872742 1.9704486131668 0.49016985297203
7800 -1.8262133598328 1.9697048664093 0.49021703004837
7850 -1.8280630111694 1.9689608812332 0.49021238088608
7900 -1.8298146724701 1.9681948423386 0.49020609259605
7950 -1.8315638303757 1.9675648212433 0.49015098810196
8000 -1.8335204124451 1.9668623209 0.49022206664085
8050 -1.8355506658554 1.966055393219 0.49024218320847
8100 -1.8376212120056 1.9651654958725 0.49036806821823
8150 -1.8395562171936 1.9645580053329 0.49045237898827
8200 -1.8413255214691 1.9638378620148 0.490627348423
8250 -1.8432501554489 1.9631270170212 0.49055546522141
8300 -1.8450964689255 1.9623138904572 0.49025550484657
8350 -1.8466509580612 1.9612722396851 0.48989495635033
8400 -1.8479914665222 1.9600746631622 0.48974570631981
8450 -1.8491357564926 1.9587417840958 0.48964610695839
8500 -1.8503247499466 1.9573184251785 0.48969483375549
8550 -1.8514796495438 1.9559938907623 0.48973846435547
8600 -1.8528084754944 1.9545590877533 0.48989501595497
8650 -1.854150891304 1.9531999826431 0.49002107977867
8700 -1.8554680347443 1.9517788887024 0.49007859826088
8750 -1.8567500114441 1.9502742290497 0.48987966775894
8800 -1.8579869270325 1.9489158391953 0.4897583425045
8850 -1.8593578338623 1.9473812580109 0.48967304825783
8900 -1.8609139919281 1.9458240270615 0.48973712325096
8950 -1.8627309799194 1.9441704750061 0.48979291319847
9000 -1.8646202087402 1.9425131082535 0.48995584249496
9050 -1.8667137622833 1.9409596920013 0.49008339643478
9100 -1.8689932823181 1.9393222332001 0.49029770493507
9150 -1.8714730739594 1.9377198219299 0.49045819044113
9200 -1.8740315437317 1.9362494945526 0.49048694968224
9250 -1.8766312599182 1.9346640110016 0.49020084738731
9300 -1.8793125152588 1.932825088501 0.48961186408997
9350 -1.8822524547577 1.9310140609741 0.48885637521744
9400 -1.8851571083069 1.9290345907211 0.48837041854858
9450 -1.888520359993 1.9271513223648 0.48782843351364
9500 -1.8919340372086 1.9253706932068 0.48720455169678
9550 -1.8956434726715 1.9235856533051 0.48644858598709
9600 -1.8996114730835 1.9215598106384 0.485958725214
9650 -1.9036178588867 1.9195541143417 0.48564916849136
9700 -1.9075627326965 1.917628288269 0.48538762331009
9750 -1.9116079807281 1.9156802892685 0.48515659570694
9800 -1.9157704114914 1.9137434959412 0.48496681451797
9850 -1.9201838970184 1.9117765426636 0.48479682207108
9900 -1.9246397018433 1.9098616838455 0.48485326766968
9950 -1.9290257692337 1.9081659317017 0.48496595025063
10000 -1.9334360361099 1.9064681529999 0.48523455858231
10050 -1.9377378225327 1.905082821846 0.48550271987915
10100 -1.9419364929199 1.9035086631775 0.48587149381638
10150 -1.9461572170258 1.9019527435303 0.48620310425758
10200 -1.9504613876343 1.9002602100372 0.48660096526146
10250 -1.9547241926193 1.8987820148468 0.48674589395523
10300 -1.9588613510132 1.8971884250641 0.4869185090065
10350 -1.9625939130783 1.895200252533 0.48708406090736
10400 -1.9656525850296 1.892646074295 0.48735460639
10450 -1.9670790433884 1.8893578052521 0.48752793669701
10500 -1.9665412902832 1.8852736949921 0.48751792311668
10550 -1.9646502733231 1.8810459375381 0.48740854859352
10600 -1.9630128145218 1.8774935007095 0.48745918273926
10650 -1.9626013040543 1.8751075267792 0.48747557401657
10700 -1.9630383253098 1.8734294176102 0.48758667707443
10750 -1.9635915756226 1.8718975782394 0.48750534653664
10800 -1.9644693136215 1.8709336519241 0.48730054497719
10850 -1.9658354520798 1.8704259395599 0.48690313100815
10900 -1.9675756692886 1.8704075813293 0.48667794466019
10950 -1.9697635173798 1.870533823967 0.48635560274124
11000 -1.972040772438 1.8708218336105 0.48617681860924
11050 -1.9747259616852 1.8716095685959 0.48608246445656
11100 -1.9781175851822 1.8728023767471 0.48597425222397
11150 -1.9820351600647 1.8745332956314 0.48584461212158
11200 -1.9863638877869 1.8768090009689 0.48591250181198
11250 -1.9910855293274 1.8794932365417 0.48601359128952
11300 -1.996232509613 1.8821655511856 0.48625427484512
11350 -2.0018150806427 1.8852165937424 0.4864801466465
11400 -2.0076797008514 1.8887481689453 0.48681062459946
11450 -2.0136578083038 1.892550945282 0.48670864105225
11500 -2.0199251174927 1.8964712619781 0.48660317063332
11550 -2.0265460014343 1.9003809690475 0.48657259345055
11600 -2.0334451198578 1.9045318365097 0.4864476621151
11650 -2.0403926372528 1.9083532094955 0.48607411980629
11700 -2.0472786426544 1.9116016626358 0.48586392402649
11750 -2.0543003082275 1.9142487049103 0.48575752973557
11800 -2.0614192485809 1.9165205955505 0.48570647835732
11850 -2.0684480667114 1.9185248613358 0.48556870222092
11900 -2.075587272644 1.9201335906982 0.48562422394753
11950 -2.082729101181 1.9213448762894 0.48572134971619
12000 -2.0899548530579 1.9219119548798 0.48595961928368
12050 -2.097195148468 1.9218757152557 0.48618498444557
12100 -2.1045966148376 1.9211994409561 0.48651114106178
12150 -2.1120271682739 1.9203180074692 0.48656994104385
12200 -2.1196901798248 1.9190888404846 0.4866631925106
12250 -2.1274993419647 1.9173959493637 0.48677191138268
12300 -2.1353750228882 1.9150881767273 0.48700633645058
12350 -2.1434659957886 1.9122468233109 0.48721870779991
12400 -2.1515157222748 1.9090547561646 0.48753267526627
12450 -2.1598181724548 1.9053366184235 0.48779392242432
12500 -2.1683146953583 1.9011702537537 0.48813104629517
12550 -2.177031993866 1.8967978954315 0.48841494321823
12600 -2.1859304904938 1.8919849395752 0.48876267671585
12650 -2.1949903964996 1.886772274971 0.4888322353363
12700 -2.2040197849274 1.8811440467834 0.48889130353928
12750 -2.2130434513092 1.8749697208405 0.48893269896507
12800 -2.2220976352692 1.8683868646622 0.48869460821152
12850 -2.2311017513275 1.8615344762802 0.48815196752548
12900 -2.2403244972229 1.8544896841049 0.48779734969139
12950 -2.2498006820679 1.8470981121063 0.48756051063538
13000 -2.2592811584473 1.8393806219101 0.48753228783607
13050 -2.2689638137817 1.8313318490982 0.48753982782364
13100 -2.2787148952484 1.8228054046631 0.48749709129333
13150 -2.288507938385 1.8140169382095 0.48740464448929
13200 -2.2986705303192 1.8053153753281 0.48748621344566
13250 -2.3088824748993 1.7964680194855 0.48758393526077
13300 -2.319002866745 1.7876151800156 0.48780924081802
13350 -2.3292436599731 1.7784304618835 0.4880063533783
13400 -2.3392019271851 1.7691580057144 0.48829993605614
13450 -2.3489754199982 1.7596832513809 0.48854717612267
13500 -2.3587474822998 1.7503145933151 0.48887148499489
13550 -2.3684267997742 1.7410912513733 0.48912554979324
13600 -2.3779973983765 1.7323644161224 0.48937433958054
13650 -2.3874921798706 1.7240661382675 0.48955717682838
13700 -2.3968634605408 1.7161304950714 0.48981618881226
13750 -2.4059717655182 1.7086614370346 0.48983258008957
13800 -2.4148330688477 1.7014179229736 0.48988312482834
13850 -2.4238028526306 1.6944789886475 0.48992794752121
13900 -2.4328124523163 1.6876754760742 0.49008336663246
13950 -2.4417698383331 1.6812636852264 0.49020320177078
14000 -2.4507501125336 1.6751880645752 0.49041193723679
14050 -2.4597768783569 1.66938829422 0.4905686378479
14100 -2.4690177440643 1.6637712717056 0.49079856276512
14150 -2.4780778884888 1.6586151123047 0.49076920747757
14200 -2.4867799282074 1.6537790298462 0.49036359786987
14250 -2.4952938556671 1.649267911911 0.48990282416344
14300 -2.5038638114929 1.6446087360382 0.48967733979225
14350 -2.5123562812805 1.6398875713348 0.4893237054348
14400 -2.520902633667 1.6350972652435 0.48909416794777
14450 -2.5293807983398 1.6302356719971 0.48893865942955
14500 -2.5381064414978 1.6255660057068 0.48895877599716
14550 -2.546736240387 1.6210206747055 0.48899158835411
14600 -2.5552525520325 1.6165683269501 0.48914742469788
14650 -2.5636391639709 1.6120574474335 0.48927634954453
14700 -2.57182097435 1.6078026294708 0.48947152495384
14750 -2.5795228481293 1.6037518978119 0.4896228313446
14800 -2.5871479511261 1.5999064445496 0.48986333608627
14850 -2.5947952270508 1.5962064266205 0.49005144834518
14900 -2.6023955345154 1.5922139883041 0.49030837416649
14950 -2.6100492477417 1.5879967212677 0.4901060461998
15000 -2.6176180839539 1.5836908817291 0.48969435691833
15050 -2.6250865459442 1.5791701078415 0.48930215835571
15100 -2.6327047348022 1.5744661092758 0.4891402721405
15150 -2.6404399871826 1.5695334672928 0.48903465270996
15200 -2.6486411094666 1.5638843774796 0.48906928300858
15250 -2.6570248603821 1.5573943853378 0.48909863829613
15300 -2.6656155586243 1.5502645969391 0.48924160003662
15350 -2.6745018959045 1.5424243211746 0.48934483528137
15400 -2.6835517883301 1.5335592031479 0.48952549695969
15450 -2.6928987503052 1.5235269069672 0.48963823914528
15500 -2.7027516365051 1.5124362707138 0.48981389403343
15550 -2.7126200199127 1.5004404783249 0.48979908227921
15600 -2.7226026058197 1.487410068512 0.48983216285706
15650 -2.732439994812 1.4737482070923 0.48958468437195
15700 -2.7422723770142 1.4595708847046 0.48940792679787
15750 -2.7521324157715 1.4450031518936 0.48905807733536
15800 -2.7617282867432 1.4296649694443 0.48880797624588
15850 -2.7714502811432 1.4137654304504 0.48841124773026
15900 -2.7810962200165 1.3974665403366 0.48814073204994
15950 -2.790358543396 1.3810456991196 0.48797407746315
16000 -2.7989454269409 1.3646823167801 0.48793569207191
16050 -2.8066327571869 1.3479444980621 0.48789897561073
16100 -2.8134932518005 1.3304829597473 0.48798775672913
16150 -2.819643497467 1.3124974966049 0.48802500963211
16200 -2.8252100944519 1.2941291332245 0.48816639184952
16250 -2.8303470611572 1.2755975723267 0.48829346895218
16300 -2.8351254463196 1.2573971748352 0.48831707239151
16350 -2.8394365310669 1.2392348051071 0.48826336860657
16400 -2.842743396759 1.2210569381714 0.48834699392319
16450 -2.8447394371033 1.2033134698868 0.48841109871864
16500 -2.8459124565125 1.1856875419617 0.48854357004166
16550 -2.8458604812622 1.1681214570999 0.48849958181381
16600 -2.8443055152893 1.1502981185913 0.48849749565125
16650 -2.840785741806 1.1318670511246 0.48842844367027
16700 -2.8348879814148 1.1130477190018 0.48840308189392
16750 -2.8248262405396 1.0933873653412 0.48801097273827
16800 -2.810142993927 1.0724529027939 0.48736056685448
16850 -2.7910625934601 1.0502380132675 0.48646292090416
16900 -2.7708287239075 1.0274503231049 0.4858566224575
16950 -2.7533178329468 1.0058531761169 0.48522824048996
17000 -2.7397286891937 0.98549354076385 0.48465904593468
17050 -2.7278213500977 0.96606993675232 0.48416775465012
17100 -2.7157678604126 0.94710755348206 0.48398494720459
17150 -2.7056427001953 0.92958652973175 0.48362192511559
17200 -2.7016868591309 0.91524410247803 0.4823542535305
17250 -2.7058506011963 0.90492761135101 0.47960406541824
17300 -2.7157671451569 0.89791083335876 0.47674232721329
17350 -2.7259199619293 0.89194238185883 0.47458735108376
17400 -2.7317671775818 0.8846834897995 0.47285866737366
17450 -2.7337710857391 0.87629735469818 0.47145420312881
17500 -2.73393201828 0.86809468269348 0.47060456871986
17550 -2.7324471473694 0.85976099967957 0.47014537453651
17600 -2.728729724884 0.85102534294128 0.47006011009216
17650 -2.7225947380066 0.84176504611969 0.46971169114113
17700 -2.7141952514648 0.83209598064423 0.4695171713829
17750 -2.7044496536255 0.82219386100769 0.46932750940323
17800 -2.6939022541046 0.81258749961853 0.46939191222191
17850 -2.6828908920288 0.8030036687851 0.46948671340942
17900 -2.6716074943542 0.79357147216797 0.46983629465103
17950 -2.6599216461182 0.78440392017365 0.47034820914268
18000 -2.6476030349731 0.77526116371155 0.47094789147377
18050 -2.6349291801453 0.76613068580627 0.47156292200089
18100 -2.622326374054 0.75687599182129 0.47237047553062
18150 -2.6096448898315 0.74753308296204 0.47319293022156
18200 -2.5970072746277 0.73837113380432 0.47413840889931
18250 -2.584237575531 0.72908580303192 0.47503957152367
18300 -2.5712931156158 0.71977257728577 0.47544607520103
18350 -2.5584645271301 0.71080350875854 0.47570592164993
18400 -2.5458669662476 0.70184206962585 0.47619771957397
18450 -2.533406496048 0.69286346435547 0.47673907876015
18500 -2.5213441848755 0.68389773368835 0.47742825746536
18550 -2.5096740722656 0.67512536048889 0.47790795564651
18600 -2.4988429546356 0.66666460037231 0.47843155264854
18650 -2.4887716770172 0.65846562385559 0.47896465659142
18700 -2.4795634746552 0.65047717094421 0.47960957884789
18750 -2.4711210727692 0.64297342300415 0.48021969199181
18799 -2.4647409915924 0.63632714748383 0.48082962632179
18849 -2.4631638526917 0.63203346729279 0.48076868057251
18899 -2.4683020114899 0.63084292411804 0.47957187891006
18949 -2.4782454967499 0.63183033466339 0.47781604528427
18999 -2.4885153770447 0.63269186019897 0.47655668854713
19049 -2.4959561824799 0.63190197944641 0.47556075453758
19099 -2.5004043579102 0.62925553321838 0.47488537430763
19149 -2.5034942626953 0.62549948692322 0.47449833154678
19199 -2.5066313743591 0.62168478965759 0.4744034409523
19249 -2.5103538036346 0.61773288249969 0.47449931502342
19299 -2.5142531394958 0.61357665061951 0.47473540902138
19349 -2.517680644989 0.60877048969269 0.47503152489662
19399 -2.5209741592407 0.60353684425354 0.47555285692215
19449 -2.5248048305511 0.59799790382385 0.47611790895462
19499 -2.5291624069214 0.5921995639801 0.47682246565819
19549 -2.5337362289429 0.58631193637848 0.47751241922379
19599 -2.5383338928223 0.58016312122345 0.47820872068405
19649 -2.5429124832153 0.57388722896576 0.47884091734886
19699 -2.5476012229919 0.56746554374695 0.47957068681717
19749 -2.5518290996552 0.56074559688568 0.48024263978004
19799 -2.555899143219 0.55364191532135 0.48073679208755
19849 -2.5594325065613 0.54593586921692 0.48109301924706
19899 -2.5622885227203 0.53758943080902 0.48157340288162
19949 -2.5639517307281 0.52872610092163 0.48198285698891
19999 -2.5641403198242 0.51905155181885 0.48244279623032
20049 -2.5627732276917 0.50873708724976 0.4828220307827
20099 -2.5601677894592 0.49755334854126 0.48325735330582
20149 -2.5569109916687 0.48582136631012 0.48365384340286
20199 -2.5540995597839 0.47377467155457 0.48413783311844
20249 -2.5523324012756 0.4612033367157 0.48447465896606
20299 -2.5515351295471 0.44817459583282 0.48485153913498
20349 -2.5520792007446 0.43501150608063 0.4851610660553
20399 -2.555655002594 0.42230796813965 0.48516854643822
20449 -2.5632195472717 0.41058707237244 0.48479861021042
20499 -2.5735998153687 0.3995087146759 0.48447331786156
20549 -2.5832805633545 0.38831830024719 0.48420652747154
20599 -2.5886971950531 0.37672424316406 0.48382824659348
20649 -2.590030670166 0.364790558815 0.48330202698708
20699 -2.5901069641113 0.35273492336273 0.48285818099976
20749 -2.590362071991 0.34098839759827 0.4821240901947
20799 -2.5900130271912 0.32926523685455 0.48159474134445
20849 -2.5879573822021 0.31753027439117 0.48124250769615
20899 -2.5840327739716 0.30588781833649 0.48093304038048
20949 -2.5788340568542 0.29416501522064 0.48048710823059
20999 -2.5728731155396 0.28292119503021 0.48026031255722
21049 -2.5660758018494 0.27163827419281 0.48019608855247
21099 -2.5587821006775 0.25943851470947 0.4803569316864
21149 -2.5514807701111 0.24635088443756 0.48056238889694
21199 -2.5441064834595 0.23268795013428 0.4809336066246
21249 -2.536003112793 0.21831953525543 0.48112097382545
21299 -2.5267839431763 0.20329117774963 0.48135882616043
21349 -2.5163722038269 0.18794751167297 0.48155015707016
21399 -2.5050611495972 0.17195415496826 0.48187208175659
21449 -2.493495464325 0.15579736232758 0.48220816254616
21499 -2.4819314479828 0.1395890712738 0.48267412185669
21549 -2.4703824520111 0.12358665466309 0.4827823638916
21599 -2.4589736461639 0.10806810855865 0.48291382193565
21649 -2.4477331638336 0.0927894115448 0.48310393095016
21699 -2.4369041919708 0.077908277511597 0.48345285654068
21749 -2.4265863895416 0.063729882240295 0.48379653692245
21799 -2.4165859222412 0.050111413002014 0.48424237966537
21849 -2.406888961792 0.03705883026123 0.48445910215378
21899 -2.3977391719818 0.024654984474182 0.48471122980118
21949 -2.3893356323242 0.013016104698181 0.48495799303055
21999 -2.3819365501404 0.0020242929458618 0.48510208725929
22049 -2.3758444786072 -0.0087161064147949 0.48513674736023
22099 -2.3709118366241 -0.019298076629639 0.4853178858757
22149 -2.3673985004425 -0.029618740081787 0.48548230528831
22199 -2.3662192821503 -0.039368629455566 0.48546892404556
22249 -2.3684480190277 -0.047861576080322 0.48514693975449
22299 -2.3751397132874 -0.054595470428467 0.48462337255478
22349 -2.385847568512 -0.059386730194092 0.48388710618019
22399 -2.3988444805145 -0.063356399536133 0.48331969976425
22449 -2.4113829135895 -0.068332195281982 0.48290705680847
22499 -2.4222321510315 -0.074807167053223 0.48250785470009
22549 -2.431823015213 -0.082325458526611 0.48215666413307
22599 -2.4407322406769 -0.090354204177856 0.48209911584854
22649 -2.4490585327148 -0.098443269729614 0.48215645551682
22699 -2.4572522640228 -0.1065821647644 0.48230203986168
22749 -2.4648804664612 -0.11515283584595 0.48228406906128
22799 -2.471869468689 -0.12407994270325 0.48238396644592
22849 -2.4778084754944 -0.13279294967651 0.48234438896179
22899 -2.4827926158905 -0.14094877243042 0.4824190735817
22949 -2.4866197109222 -0.14898347854614 0.4823759496212
22999 -2.4895787239075 -0.15701365470886 0.48235672712326
23049 -2.4921300411224 -0.16494011878967 0.48239088058472
23099 -2.4942011833191 -0.17249822616577 0.48262605071068
23149 -2.4957950115204 -0.17944073677063 0.48289036750793
23199 -2.4972274303436 -0.18652081489563 0.48329630494118
23249 -2.4991054534912 -0.19476366043091 0.4836508333683
23299 -2.5020542144775 -0.20483255386353 0.4840170443058
23349 -2.5057063102722 -0.21648693084717 0.48429617285728
23399 -2.5094568729401 -0.22918581962585 0.48467397689819
23449 -2.514660358429 -0.24214911460876 0.48476648330688
23499 -2.5236473083496 -0.25397992134094 0.48456016182899
23549 -2.5375971794128 -0.26457452774048 0.4839294552803
23599 -2.5551586151123 -0.27405452728271 0.48333948850632
23649 -2.5744616985321 -0.28295540809631 0.48289424180984
23699 -2.5946464538574 -0.29187297821045 0.48274540901184
23749 -2.6152775287628 -0.30078315734863 0.4827393591404
23799 -2.6340279579163 -0.31072092056274 0.48283696174622
23849 -2.6483087539673 -0.32285451889038 0.48248061537743
23899 -2.657036781311 -0.33752870559692 0.48168486356735
23949 -2.6604075431824 -0.35426545143127 0.48052859306335
23999 -2.6600472927094 -0.37267303466797 0.4793356359005
24049 -2.6572046279907 -0.39203381538391 0.47832942008972
24099 -2.6530628204346 -0.41242361068726 0.4775710105896
24149 -2.6474523544312 -0.43406629562378 0.47697272896767
24199 -2.6405301094055 -0.45674872398376 0.47664612531662
24249 -2.6322798728943 -0.48047256469727 0.47645768523216
24299 -2.622620344162 -0.50520825386047 0.47652941942215
24349 -2.6114687919617 -0.53115153312683 0.47665324807167
24399 -2.598813533783 -0.55786061286926 0.4769524037838
24449 -2.5850279331207 -0.58484029769897 0.47729849815369
24499 -2.5708284378052 -0.61219930648804 0.47761470079422
24549 -2.5560417175293 -0.63981556892395 0.47789534926414
24599 -2.5408577919006 -0.66739726066589 0.47828236222267
24649 -2.5252995491028 -0.69511866569519 0.4786704480648
24699 -2.5095338821411 -0.7229905128479 0.47902351617813
24749 -2.493800163269 -0.75113821029663 0.47933021187782
24799 -2.4785387516022 -0.77917385101318 0.4797069132328
24849 -2.4642868041992 -0.80683422088623 0.48005771636963
24899 -2.4509344100952 -0.83338284492493 0.48020562529564
24949 -2.4385750293732 -0.85940527915955 0.48006057739258
24999 -2.4272153377533 -0.88471436500549 0.47987812757492
25049 -2.4168663024902 -0.90933561325073 0.47955250740051
25099 -2.4075269699097 -0.93340826034546 0.47942090034485
25149 -2.3990721702576 -0.95681071281433 0.47939640283585
25199 -2.3916585445404 -0.97948145866394 0.47959285974503
25249 -2.3854751586914 -1.0011451244354 0.47983342409134
25299 -2.380627155304 -1.0216722488403 0.48021095991135
25349 -2.3766052722931 -1.0413191318512 0.48060408234596
25399 -2.3724374771118 -1.0609202384949 0.48092705011368
25449 -2.3667857646942 -1.0807769298553 0.48112925887108
25499 -2.3592760562897 -1.1006295681 0.48144468665123
25549 -2.3511171340942 -1.1204855442047 0.48177987337112
25599 -2.3447661399841 -1.1396594047546 0.48215880990028
25649 -2.3417403697968 -1.1578588485718 0.48210287094116
25699 -2.3421316146851 -1.1750829219818 0.48174434900284
25749 -2.3450105190277 -1.1913001537323 0.48134714365005
25799 -2.3501453399658 -1.2066085338593 0.48117399215698
25849 -2.3564450740814 -1.2216668128967 0.48113387823105
25899 -2.3618137836456 -1.2375953197479 0.48127579689026
25949 -2.36501288414 -1.2548625469208 0.48135653138161
25999 -2.3665907382965 -1.2733371257782 0.48155504465103
26049 -2.3683202266693 -1.2923965454102 0.48178514838219
26099 -2.3710691928864 -1.3115787506104 0.48215752840042
26149 -2.3740146160126 -1.3312072753906 0.48252266645432
26199 -2.377179145813 -1.3510928153992 0.48281556367874
26249 -2.3823437690735 -1.3705227375031 0.48292869329453
26299 -2.3912630081177 -1.3887333869934 0.48289722204208
26349 -2.4037725925446 -1.4057528972626 0.48247337341309
26399 -2.4184834957123 -1.4221851825714 0.48213893175125
26449 -2.4341163635254 -1.4381053447723 0.48189860582352
26499 -2.4505090713501 -1.4537796974182 0.48189464211464
26549 -2.4675009250641 -1.4690239429474 0.48178014159203
26599 -2.4847259521484 -1.4841732978821 0.48171204328537
26649 -2.5022563934326 -1.4991347789764 0.48171481490135
26699 -2.5198044776917 -1.5136954784393 0.48194098472595
26749 -2.5370783805847 -1.528080701828 0.48187074065208
26799 -2.5544013977051 -1.5420899391174 0.48186278343201
26849 -2.5714631080627 -1.5555076599121 0.4819994866848
26899 -2.5880417823792 -1.5684342384338 0.4823277592659
26949 -2.6042418479919 -1.5808982849121 0.48247981071472
26999 -2.6200404167175 -1.5930762290955 0.48251739144325
27049 -2.6352310180664 -1.6049218177795 0.48254489898682
27099 -2.6500203609467 -1.6164085865021 0.4826475083828
27149 -2.6642377376556 -1.6272099018097 0.48242816329002
27199 -2.6777722835541 -1.6374530792236 0.48235496878624
27249 -2.6912548542023 -1.6470363140106 0.48239666223526
27299 -2.7042088508606 -1.6564249992371 0.48263964056969
27349 -2.7164425849915 -1.6655883789062 0.48291093111038
27399 -2.7279536724091 -1.6743202209473 0.48324832320213
27449 -2.7385468482971 -1.682844877243 0.48356080055237
27499 -2.7481877803802 -1.691193819046 0.48398059606552
27549 -2.7568457126617 -1.6995601654053 0.4843538403511
27599 -2.7646207809448 -1.708034992218 0.48480924963951
27649 -2.7716684341431 -1.7166709899902 0.48521056771278
27699 -2.7777531147003 -1.7255711555481 0.48552742600441
27749 -2.782928943634 -1.7345409393311 0.48573917150497
27799 -2.7871589660645 -1.7438514232635 0.48604607582092
27849 -2.7903995513916 -1.7534613609314 0.48630675673485
27899 -2.7924466133118 -1.7636420726776 0.48663401603699
27949 -2.7935242652893 -1.774144411087 0.48669475317001
27999 -2.7941734790802 -1.7850291728973 0.48674574494362
28049 -2.7943577766418 -1.7960796356201 0.48681601881981
28099 -2.794007062912 -1.8074328899384 0.48698782920837
28149 -2.7932829856873 -1.8189272880554 0.48714184761047
28199 -2.7918894290924 -1.8306293487549 0.48740354180336
28249 -2.7899932861328 -1.8426399230957 0.48762422800064
28299 -2.7877535820007 -1.8547871112823 0.4879338145256
28349 -2.7851686477661 -1.8674201965332 0.48806619644165
28399 -2.7823510169983 -1.8800411224365 0.48808187246323
28449 -2.7792479991913 -1.8927841186523 0.48782619833946
28499 -2.7761256694794 -1.9055995941162 0.48768410086632
28549 -2.7729387283325 -1.9184036254883 0.48761057853699
28599 -2.7696094512939 -1.9312629699707 0.48767083883286
28649 -2.7659978866577 -1.9441783428192 0.48766994476318
28699 -2.7622976303101 -1.9571578502655 0.48780408501625
28749 -2.7585527896881 -1.9706795215607 0.48792710900307
28799 -2.754870891571 -1.9846751689911 0.48815694451332
28849 -2.7513508796692 -1.9989745616913 0.48815017938614
28899 -2.7481644153595 -2.0134801864624 0.48778495192528
28949 -2.7451691627502 -2.0280361175537 0.48734921216965
28999 -2.7424473762512 -2.0427865982056 0.48717576265335
29049 -2.7399115562439 -2.0577573776245 0.48708349466324
29099 -2.737473487854 -2.0730285644531 0.48716920614243
29149 -2.7354044914246 -2.0884623527527 0.48726463317871
29199 -2.7337207794189 -2.1041612625122 0.48749026656151
29249 -2.7323915958405 -2.1200127601624 0.48769292235374
29299 -2.7313294410706 -2.1359448432922 0.4879469871521
29349 -2.730694770813 -2.1520433425903 0.48815768957138
29399 -2.7303974628448 -2.1681771278381 0.48816817998886
29449 -2.7304120063782 -2.1845231056213 0.48807445168495
29499 -2.7308578491211 -2.2009077072144 0.48814177513123
29549 -2.7313504219055 -2.2173871994019 0.48820871114731
29599 -2.7320928573608 -2.2339959144592 0.48839718103409
29649 -2.733015537262 -2.2507357597351 0.48846912384033
29699 -2.7340686321259 -2.2676253318787 0.48864230513573
29749 -2.7354726791382 -2.2849235534668 0.48878455162048
29799 -2.7369422912598 -2.302604675293 0.48901969194412
29849 -2.7386569976807 -2.3204660415649 0.48920917510986
29899 -2.7402787208557 -2.3382315635681 0.48918557167053
29949 -2.7419168949127 -2.3561010360718 0.48905271291733
29999 -2.743914604187 -2.374240398407 0.4890795648098
30049 -2.7458078861237 -2.3922863006592 0.48902717232704
30099 -2.7475531101227 -2.4105615615845 0.48909917473793
30149 -2.7491455078125 -2.4287705421448 0.48917251825333
30199 -2.7507276535034 -2.4467587471008 0.48936581611633
30249 -2.7522916793823 -2.4647946357727 0.48952236771584
30299 -2.7540051937103 -2.4826760292053 0.48976597189903
30349 -2.7557072639465 -2.5002436637878 0.48995727300644
30399 -2.7574570178986 -2.5174789428711 0.49022179841995
30449 -2.7591395378113 -2.5342769622803 0.49033188819885
30499 -2.7610645294189 -2.5508937835693 0.4904862344265
30549 -2.7632613182068 -2.5674562454224 0.49059748649597
30599 -2.7657001018524 -2.5838813781738 0.49059835076332
30649 -2.7684950828552 -2.5999345779419 0.49030286073685
30699 -2.7717533111572 -2.6154294013977 0.48969739675522
30749 -2.7751750946045 -2.6305055618286 0.48885530233383
30799 -2.778977394104 -2.6453757286072 0.48826617002487
30849 -2.7830386161804 -2.6599435806274 0.4876611828804
30899 -2.7868328094482 -2.6742253303528 0.48727169632912
30949 -2.790372133255 -2.6883745193481 0.48702019453049
30999 -2.7940235137939 -2.7022972106934 0.48699003458023
31049 -2.7978930473328 -2.7160539627075 0.48688107728958
31099 -2.8017826080322 -2.7298307418823 0.4869000017643
31149 -2.8057713508606 -2.7435250282288 0.48695525527
31199 -2.8095293045044 -2.7572355270386 0.48715829849243
31249 -2.8131332397461 -2.7709188461304 0.48696345090866
31299 -2.8170704841614 -2.7842931747437 0.48678842186928
31349 -2.8213186264038 -2.7971858978271 0.48649787902832
31399 -2.8256962299347 -2.8094530105591 0.48635163903236
31449 -2.8304114341736 -2.8214712142944 0.48629087209702
31499 -2.8355770111084 -2.8330945968628 0.48640617728233
31549 -2.8413014411926 -2.8444843292236 0.48653244972229
31599 -2.8474955558777 -2.8554830551147 0.48678317666054
31649 -2.8540797233582 -2.8658132553101 0.48690265417099
31699 -2.861234664917 -2.8757629394531 0.48711976408958
31749 -2.8690619468689 -2.8851737976074 0.48730865120888
31799 -2.8771500587463 -2.8943824768066 0.48760113120079
31849 -2.8851211071014 -2.9037289619446 0.48784580826759
31899 -2.8926630020142 -2.9132380485535 0.48817428946495
31949 -2.9003796577454 -2.9227962493896 0.48844662308693
31999 -2.9081687927246 -2.932309627533 0.48879209160805
32049 -2.9158570766449 -2.9419918060303 0.48892784118652
32099 -2.9236640930176 -2.9521656036377 0.48909491300583
32149 -2.9317750930786 -2.9632005691528 0.48921447992325
32199 -2.9399089813232 -2.976037979126 0.48925876617432
32249 -2.9477698802948 -2.991153717041 0.48916283249855
32299 -2.9554152488708 -3.00932264328 0.48879680037498
32349 -2.9625039100647 -3.0301342010498 0.48806589841843
32399 -2.9690012931824 -3.0535840988159 0.48740014433861
32449 -2.9746961593628 -3.079683303833 0.48635658621788
32499 -2.9792356491089 -3.1084923744202 0.48534274101257
32549 -2.9827547073364 -3.1396951675415 0.48423290252686
32599 -2.9852895736694 -3.1729550361633 0.48311930894852
32649 -2.9871792793274 -3.2083024978638 0.48214268684387
32699 -2.9883551597595 -3.2458438873291 0.48148617148399
32749 -2.9886574745178 -3.2849130630493 0.48080691695213
32799 -2.98766040802 -3.3255739212036 0.48032364249229
32849 -2.9855170249939 -3.3679256439209 0.47996371984482
32899 -2.9824299812317 -3.4115538597107 0.47966021299362
32949 -2.978600025177 -3.4560375213623 0.47941821813583
32999 -2.9736986160278 -3.5013637542725 0.47942399978638
33049 -2.968074798584 -3.5470266342163 0.4795216023922
33099 -2.9619355201721 -3.5915994644165 0.47981080412865
33149 -2.9557428359985 -3.6337251663208 0.48006758093834
33199 -2.949497461319 -3.6729431152344 0.48037028312683
33249 -2.9432089328766 -3.7096486091614 0.48063200712204
33299 -2.9367780685425 -3.7440705299377 0.48099717497826
33349 -2.930016040802 -3.7760767936707 0.48130264878273
33399 -2.9232265949249 -3.8050971031189 0.48162454366684
33449 -2.916228055954 -3.8314747810364 0.48186269402504
33499 -2.9090685844421 -3.8551812171936 0.48214012384415
33549 -2.9017505645752 -3.8763427734375 0.48234158754349
33599 -2.8939180374146 -3.894757270813 0.48254388570786
33649 -2.8857293128967 -3.9108514785767 0.48269033432007
33699 -2.8774094581604 -3.924702167511 0.48291978240013
33749 -2.8686954975128 -3.9363498687744 0.48309373855591
33799 -2.859393119812 -3.9456930160522 0.48322409391403
33849 -2.8497869968414 -3.9527349472046 0.48306146264076
33899 -2.8401744365692 -3.9574108123779 0.48294416069984
33949 -2.8306694030762 -3.9596905708313 0.48264297842979
33999 -2.8212370872498 -3.9601593017578 0.48226967453957
34049 -2.8123359680176 -3.9586186408997 0.48151808977127
34099 -2.8041019439697 -3.9545269012451 0.48086056113243
34149 -2.7972354888916 -3.9473614692688 0.48025521636009
34199 -2.7922585010529 -3.9369230270386 0.47975087165833
34249 -2.7888996601105 -3.9235692024231 0.47926330566406
34299 -2.786750793457 -3.9074668884277 0.47896903753281
34349 -2.7861068248749 -3.8901171684265 0.47881156206131
34399 -2.7875254154205 -3.8750429153442 0.47873562574387
34449 -2.7911353111267 -3.8635673522949 0.478410333395
34499 -2.7968909740448 -3.8549871444702 0.47814735770226
34549 -2.8047051429749 -3.8481669425964 0.47784551978111
34599 -2.8142223358154 -3.843044757843 0.47750514745712
34649 -2.8259193897247 -3.8399901390076 0.47695231437683
34699 -2.8395693302155 -3.8385744094849 0.47660279273987
34749 -2.8541116714478 -3.837571144104 0.47628578543663
34799 -2.8691835403442 -3.8358693122864 0.47623190283775
34849 -2.8845643997192 -3.8331036567688 0.47606801986694
34899 -2.9002547264099 -3.8300614356995 0.47609344124794
34949 -2.9158670902252 -3.8275389671326 0.47628551721573
34999 -2.9311461448669 -3.8256769180298 0.47671183943748
35049 -2.9458770751953 -3.8242726325989 0.47719150781631
35099 -2.9600620269775 -3.8233408927917 0.47782868146896
35149 -2.9742074012756 -3.8230543136597 0.47845059633255
35199 -2.9882774353027 -3.8234148025513 0.47915887832642
35249 -3.0020248889923 -3.8245816230774 0.47981682419777
35299 -3.0157027244568 -3.8262691497803 0.48054605722427
35349 -3.0293226242065 -3.8286066055298 0.48120054602623
35399 -3.0427541732788 -3.83172082901 0.48190873861313
35449 -3.056031703949 -3.8355298042297 0.48230594396591
35499 -3.069324016571 -3.8398146629333 0.48255652189255
35549 -3.0825009346008 -3.8447332382202 0.48260599374771
35599 -3.0956673622131 -3.8504123687744 0.48274749517441
35649 -3.1086349487305 -3.8566493988037 0.4829343855381
35699 -3.1214263439178 -3.8633370399475 0.48298519849777
35749 -3.1339430809021 -3.8704018592834 0.48297256231308
35799 -3.1462588310242 -3.8778772354126 0.48313108086586
35849 -3.1586580276489 -3.8860039710999 0.48331061005592
35899 -3.1718153953552 -3.8946056365967 0.48362883925438
35949 -3.1869165897369 -3.904107093811 0.48383760452271
35999 -3.2045238018036 -3.9145793914795 0.48402085900307
36049 -3.2242021560669 -3.9258742332458 0.48410910367966
36099 -3.2459292411804 -3.9377961158752 0.48424220085144
36149 -3.2694764137268 -3.9501457214355 0.48432102799416
36199 -3.2951908111572 -3.9625840187073 0.48425263166428
36249 -3.3224532604218 -3.9756002426147 0.48410087823868
36299 -3.3512408733368 -3.9888548851013 0.4841166138649
36349 -3.3814387321472 -4.0025472640991 0.48413968086243
36399 -3.4129891395569 -4.0162115097046 0.48429805040359
36449 -3.4459948539734 -4.029682636261 0.48442563414574
36499 -3.4806709289551 -4.0432467460632 0.48442798852921
36549 -3.5168161392212 -4.0563364028931 0.48433762788773
36599 -3.5533101558685 -4.0690851211548 0.48423480987549
36649 -3.5888729095459 -4.081223487854 0.4841166138649
36699 -3.6226625442505 -4.092924118042 0.48418983817101
36749 -3.6550722122192 -4.1043171882629 0.48429450392723
36799 -3.6864938735962 -4.1154208183289 0.48454684019089
36849 -3.7168550491333 -4.1262664794922 0.48480215668678
36899 -3.7460312843323 -4.1367616653442 0.48516488075256
36949 -3.7741346359253 -4.1466116905212 0.48548728227615
36999 -3.8012084960938 -4.1558260917664 0.48588785529137
37049 -3.8272318840027 -4.1643214225769 0.48602423071861
37099 -3.8522651195526 -4.1721043586731 0.48618477582932
37149 -3.8763475418091 -4.1793780326843 0.48617106676102
37199 -3.8995399475098 -4.18634557724 0.48583546280861
37249 -3.9219422340393 -4.1931600570679 0.48524957895279
37299 -3.9436774253845 -4.2000317573547 0.48490309715271
37349 -3.9644141197205 -4.2067055702209 0.48470529913902
37399 -3.9839153289795 -4.2132897377014 0.48449602723122
37449 -4.0021815299988 -4.2203898429871 0.48427319526672
37499 -4.0180673599243 -4.2293095588684 0.4841243326664
37549 -4.0316848754883 -4.2403154373169 0.48369830846786
37599 -4.0430774688721 -4.2531204223633 0.48332247138023
37649 -4.052604675293 -4.2673592567444 0.48302072286606
37699 -4.0601787567139 -4.2834062576294 0.48279556632042
37749 -4.0657496452332 -4.3014435768127 0.48232188820839
37799 -4.0683012008667 -4.3216819763184 0.48179215192795
37849 -4.067156791687 -4.3445882797241 0.48105683922768
37899 -4.0620155334473 -4.3698720932007 0.48008021712303
37949 -4.0529813766479 -4.3980555534363 0.47886747121811
37999 -4.0402574539185 -4.42902135849 0.47773909568787
38049 -4.0247802734375 -4.4617638587952 0.47658485174179
38099 -4.0071039199829 -4.4959592819214 0.47573608160019
38149 -3.9869937896729 -4.5314741134644 0.4750868678093
38199 -3.9647908210754 -4.5683760643005 0.47475448250771
38249 -3.9402711391449 -4.6067819595337 0.4745015501976
38299 -3.9131484031677 -4.6463079452515 0.47421035170555
38349 -3.8841686248779 -4.6874504089355 0.47370940446854
38399 -3.8532667160034 -4.7297759056091 0.4731981754303
38449 -3.8210654258728 -4.7729711532593 0.47284731268883
38499 -3.7876253128052 -4.816460609436 0.47285681962967
38549 -3.7532448768616 -4.8595900535583 0.47276186943054
38599 -3.7179312705994 -4.9027395248413 0.47255119681358
38649 -3.6824269294739 -4.9460525512695 0.47207126021385
38699 -3.647388458252 -4.9890432357788 0.47142615914345
38749 -3.6125721931458 -5.0318717956543 0.470901876688
38799 -3.5783877372742 -5.0744576454163 0.47064509987831
38849 -3.5451631546021 -5.1164612770081 0.47040477395058
38899 -3.5129814147949 -5.1577591896057 0.47049278020859
38949 -3.4814639091492 -5.1981415748596 0.47079458832741
38999 -3.4508302211761 -5.2373704910278 0.47135463356972
39049 -3.4214127063751 -5.2748589515686 0.47195762395859
39099 -3.3934178352356 -5.3106374740601 0.47269541025162
39149 -3.3669850826263 -5.3448233604431 0.47341260313988
39199 -3.3420348167419 -5.3774695396423 0.47422090172768
39249 -3.3187851905823 -5.4076066017151 0.47488990426064
39299 -3.2974720001221 -5.4348955154419 0.47551766037941
39349 -3.2781765460968 -5.4595069885254 0.47600197792053
39399 -3.2606554031372 -5.4819097518921 0.47653990983963
39449 -3.2450494766235 -5.5017461776733 0.47694954276085
39499 -3.2315037250519 -5.5188202857971 0.47734037041664
39549 -3.2197451591492 -5.533251285553 0.47738632559776
39599 -3.209751367569 -5.5447130203247 0.47737717628479
39649 -3.2016923427582 -5.5528688430786 0.47725248336792
39699 -3.1956105232239 -5.5571465492249 0.47707802057266
39749 -3.1914594173431 -5.5576119422913 0.476756721735
39799 -3.1887414455414 -5.5557618141174 0.47651800513268
39849 -3.1870608329773 -5.5523996353149 0.476382791996
39899 -3.1862955093384 -5.5479021072388 0.47651916742325
39949 -3.1866235733032 -5.5423951148987 0.47656291723251
39999 -3.1876978874207 -5.5360136032104 0.47661751508713
40049 -3.18909740448 -5.5290956497192 0.47671961784363
40099 -3.1904816627502 -5.5220375061035 0.47707691788673
40149 -3.1919059753418 -5.515025138855 0.4774232506752
40199 -3.1933550834656 -5.5079488754272 0.47791570425034
40249 -3.1948022842407 -5.5009217262268 0.47843900322914
40299 -3.1965062618256 -5.4941201210022 0.47898301482201
40349 -3.198422908783 -5.4879150390625 0.47947114706039
40399 -3.2003664970398 -5.4822769165039 0.48008567094803
40449 -3.2028903961182 -5.4775900840759 0.48065057396889
40499 -3.2057979106903 -5.4738893508911 0.48128408193588
40549 -3.2094101905823 -5.4711036682129 0.48184198141098
40599 -3.2135424613953 -5.4695138931274 0.48226976394653
40649 -3.2185492515564 -5.4689989089966 0.48256167769432
40699 -3.2246317863464 -5.4696412086487 0.48293629288673
40749 -3.2319407463074 -5.471565246582 0.48323899507523
40799 -3.2404234409332 -5.4746065139771 0.48360770940781
40849 -3.2501101493835 -5.4790101051331 0.4838924407959
40899 -3.2608652114868 -5.4848098754883 0.48421621322632
40949 -3.272697687149 -5.4919662475586 0.48425713181496
40999 -3.2862527370453 -5.5005164146423 0.48419791460037
41049 -3.3013019561768 -5.5105042457581 0.48409900069237
41099 -3.3176741600037 -5.5219917297363 0.4841001033783
41149 -3.3352499008179 -5.5350389480591 0.4840732216835
41199 -3.3540382385254 -5.5495743751526 0.48415368795395
41249 -3.3737015724182 -5.5656599998474 0.48419490456581
41299 -3.3943552970886 -5.5836153030396 0.48429483175278
41349 -3.4158749580383 -5.6034369468689 0.48432844877243
41399 -3.4373188018799 -5.6251001358032 0.48422962427139
41449 -3.4581000804901 -5.6485657691956 0.48384100198746
41499 -3.4781613349915 -5.6734113693237 0.48363429307938
41549 -3.4977731704712 -5.7002005577087 0.48344606161118
41599 -3.5165958404541 -5.7285432815552 0.48340901732445
41649 -3.5341467857361 -5.7580833435059 0.48339480161667
41699 -3.550201177597 -5.7886300086975 0.48351636528969
41749 -3.5651421546936 -5.8198509216309 0.48365616798401
41799 -3.5789124965668 -5.8517556190491 0.48392143845558
41849 -3.5918207168579 -5.8838906288147 0.48418053984642
41899 -3.6038570404053 -5.9158563613892 0.48455548286438
41949 -3.6151943206787 -5.9475507736206 0.48490762710571
41999 -3.6259613037109 -5.9784903526306 0.48513644933701
42049 -3.6358418464661 -6.008321762085 0.48525124788284
42099 -3.6451301574707 -6.0372438430786 0.48534932732582
42149 -3.6537730693817 -6.0651588439941 0.48528409004211
42199 -3.6613578796387 -6.0920352935791 0.48531159758568
42249 -3.6676182746887 -6.117772102356 0.48534974455833
42299 -3.6722867488861 -6.1422777175903 0.48532629013062
42349 -3.6759147644043 -6.1656551361084 0.48528414964676
42399 -3.6786592006683 -6.1876001358032 0.48514690995216
42449 -3.6803605556488 -6.2081270217896 0.4849542081356
42499 -3.6810150146484 -6.2273225784302 0.48474568128586
42549 -3.6803998947144 -6.2450532913208 0.48420509696007
42599 -3.6784424781799 -6.2613878250122 0.48367205262184
42649 -3.6749608516693 -6.2763900756836 0.48321586847305
42699 -3.67014503479 -6.289927482605 0.48293834924698
42749 -3.6640152931213 -6.3021087646484 0.48251929879189
42799 -3.6567940711975 -6.3132028579712 0.48226991295815
42849 -3.6483864784241 -6.323525428772 0.48214203119278
42899 -3.6391372680664 -6.3331003189087 0.482157766819
42949 -3.6290135383606 -6.3421382904053 0.48220753669739
42999 -3.6180391311646 -6.3505115509033 0.48243674635887
43049 -3.6064176559448 -6.3584613800049 0.48269391059875
43099 -3.5942463874817 -6.3662929534912 0.48308700323105
43149 -3.5817775726318 -6.3739738464355 0.48326659202576
43199 -3.5691013336182 -6.3815479278564 0.48316988348961
43249 -3.5563821792603 -6.388952255249 0.48302522301674
43299 -3.5433969497681 -6.3958616256714 0.48274445533752
43349 -3.5305690765381 -6.4026584625244 0.48246878385544
43399 -3.5180287361145 -6.4096269607544 0.4824760556221
43449 -3.5055937767029 -6.4168424606323 0.48257818818092
43499 -3.4934864044189 -6.4245615005493 0.48256549239159
43549 -3.481942653656 -6.4325923919678 0.48231044411659
43599 -3.4709534645081 -6.4409084320068 0.48223677277565
43649 -3.4606251716614 -6.4495687484741 0.48212942481041
43699 -3.4507102966309 -6.4586048126221 0.48223453760147
43749 -3.441472530365 -6.4680004119873 0.48241233825684
43799 -3.4328956604004 -6.4776496887207 0.48274073004723
43849 -3.4249939918518 -6.4875354766846 0.48306456208229
43899 -3.4177174568176 -6.4977054595947 0.48350459337234
43949 -3.4109477996826 -6.5081214904785 0.48384246230125
43999 -3.4048209190369 -6.5189342498779 0.48426842689514
44049 -3.3994131088257 -6.5299091339111 0.48456797003746
44099 -3.3948659896851 -6.5412473678589 0.48479098081589
44149 -3.3909244537354 -6.5527687072754 0.48495736718178
44199 -3.3875949382782 -6.5647506713867 0.48505449295044
44249 -3.3849420547485 -6.5774898529053 0.48507246375084
44299 -3.3829615116119 -6.591157913208 0.48522806167603
44349 -3.3816981315613 -6.6055669784546 0.48495474457741
44399 -3.3812856674194 -6.6203680038452 0.4847232401371
44449 -3.3820595741272 -6.6356840133667 0.48458424210548
44499 -3.3837270736694 -6.6515007019043 0.48444026708603
44549 -3.3865051269531 -6.6677465438843 0.4842763543129
44599 -3.3901791572571 -6.6844091415405 0.48432022333145
44649 -3.3944897651672 -6.701512336731 0.48440718650818
44699 -3.3995037078857 -6.7185897827148 0.48465341329575
44749 -3.4050347805023 -6.7359237670898 0.48470258712769
44799 -3.4109282493591 -6.7534561157227 0.48482090234756
44849 -3.4170174598694 -6.7713947296143 0.48482775688171
44899 -3.4232528209686 -6.7895841598511 0.48498916625977
44949 -3.4297280311584 -6.8079853057861 0.48506537079811
44999 -3.4365358352661 -6.8268003463745 0.48515230417252
45049 -3.4434795379639 -6.8456697463989 0.48502126336098
45099 -3.4503107070923 -6.8643245697021 0.48496374487877
45149 -3.4567549228668 -6.8828840255737 0.48477783799171
45199 -3.4633247852325 -6.9014854431152 0.48472586274147
45249 -3.4700527191162 -6.9198894500732 0.48473483324051
45299 -3.4770271778107 -6.9381198883057 0.48491349816322
45349 -3.4840748310089 -6.9561004638672 0.48511034250259
45399 -3.4907908439636 -6.9738254547119 0.4852429330349
45449 -3.4976768493652 -6.9911279678345 0.48530727624893
45499 -3.5044898986816 -7.0083608627319 0.48553013801575
45549 -3.5114827156067 -7.0252571105957 0.48573833703995
45599 -3.5183482170105 -7.0417022705078 0.4860597550869
45649 -3.524838924408 -7.0575046539307 0.48635339736938
45699 -3.5308814048767 -7.0731678009033 0.48674362897873
45749 -3.5363471508026 -7.0883874893188 0.48707762360573
45799 -3.5410814285278 -7.1032371520996 0.48747435212135
45849 -3.5452311038971 -7.1178092956543 0.48779863119125
45899 -3.5485639572144 -7.1318130493164 0.48763027787209
45949 -3.5510811805725 -7.1454954147339 0.4872587621212
45999 -3.5528182983398 -7.1587867736816 0.48705253005028
46049 -3.554075717926 -7.1717691421509 0.48692187666893
46099 -3.5546088218689 -7.1843547821045 0.48697543144226
46149 -3.5540442466736 -7.1963148117065 0.48690953850746
46199 -3.5527300834656 -7.2081851959229 0.48667374253273
46249 -3.5511403083801 -7.2197360992432 0.48643246293068
46299 -3.5491070747375 -7.2313079833984 0.48625779151917
46349 -3.5467960834503 -7.2425985336304 0.48574662208557
46399 -3.544575214386 -7.2534017562866 0.48541140556335
46449 -3.5428066253662 -7.2637128829956 0.48474353551865
46499 -3.5410771369934 -7.273738861084 0.48400369286537
46549 -3.5391879081726 -7.2834930419922 0.48343077301979
46599 -3.5370693206787 -7.2935066223145 0.48319917917252
46649 -3.5348837375641 -7.3037118911743 0.48291659355164
46699 -3.5320677757263 -7.3143587112427 0.48280674219131
46749 -3.5288605690002 -7.3255481719971 0.48281115293503
46799 -3.5255351066589 -7.3370800018311 0.48301967978477
46849 -3.5225236415863 -7.3489055633545 0.48303851485252
46899 -3.5194842815399 -7.361120223999 0.4831554889679
46949 -3.5166356563568 -7.3734769821167 0.48333358764648
46999 -3.513964176178 -7.3862714767456 0.48339062929153
47049 -3.511607170105 -7.3996286392212 0.48297721147537
47099 -3.5097424983978 -7.4134941101074 0.48267060518265
47149 -3.5080518722534 -7.4277935028076 0.482531696558
47199 -3.5070605278015 -7.4424428939819 0.48263344168663
47249 -3.5070624351501 -7.4575977325439 0.48277711868286
47299 -3.5079317092896 -7.4728698730469 0.48307800292969
47349 -3.5093667507172 -7.4885320663452 0.48338049650192
47399 -3.510758638382 -7.5047702789307 0.48360085487366
47449 -3.5118889808655 -7.5216932296753 0.4836585521698
47499 -3.5129923820496 -7.5392780303955 0.48369497060776
47549 -3.5141832828522 -7.5573062896729 0.48351541161537
47599 -3.5160613059998 -7.5754833221436 0.48327192664146
47649 -3.5183944702148 -7.5934610366821 0.48280143737793
47699 -3.5213494300842 -7.6116237640381 0.48259419202805
47749 -3.5247302055359 -7.6301250457764 0.48252621293068
47799 -3.5283908843994 -7.6490440368652 0.48267936706543
47849 -3.532458782196 -7.6682281494141 0.48288407921791
47899 -3.5367121696472 -7.6875295639038 0.48324728012085
47949 -3.5416333675385 -7.706750869751 0.48359903693199
47999 -3.5467290878296 -7.7251043319702 0.48404988646507
48049 -3.5516474246979 -7.742094039917 0.48441219329834
48099 -3.555792093277 -7.7565326690674 0.48474106192589
48149 -3.5589172840118 -7.7679967880249 0.48488003015518
48199 -3.5607767105103 -7.7762546539307 0.48496136069298
48249 -3.5598011016846 -7.7789745330811 0.48426714539528
48299 -3.5559458732605 -7.7764339447021 0.48334711790085
48349 -3.5510628223419 -7.7748374938965 0.48243564367294
48399 -3.5478687286377 -7.7829103469849 0.47956913709641
48449 -3.5476422309875 -7.8069801330566 0.47105765342712
48499 -3.5512135028839 -7.8523540496826 0.45341926813126
48549 -3.5590250492096 -7.9233856201172 0.42335015535355
48599 -3.5720319747925 -8.0268211364746 0.37325781583786
48649 -3.594494342804 -8.1668977737427 0.30152466893196
48699 -3.6306464672089 -8.334508895874 0.23287844657898
48749 -3.6701858043671 -8.4893655776978 0.18541347980499
48799 -3.7043318748474 -8.6093616485596 0.14296746253967
48849 -3.7374663352966 -8.7059650421143 0.11459151655436
48899 -3.767333984375 -8.7959728240967 0.10078395903111
48949 -3.7848715782166 -8.8692636489868 0.088560581207275
48999 -3.7884278297424 -8.9134998321533 0.062107305973768
49049 -3.7831411361694 -8.9239177703857 0.024481946602464
49099 -3.7829966545105 -8.9107036590576 -0.0074910693801939
49149 -3.8000664710999 -8.8976755142212 -0.03095213137567
49199 -3.8337483406067 -8.9004096984863 -0.048101004213095
49249 -3.8740363121033 -8.9165048599243 -0.054318528622389
49299 -3.914363861084 -8.940447807312 -0.05003234744072
49349 -3.9620835781097 -8.9700269699097 -0.040935885161161
49399 -4.027446269989 -9.0014781951904 -0.031313635408878
49449 -4.1090016365051 -9.0326690673828 -0.022519709542394
