0  -4.0981141533852e-05 2.7320746909387e-05 2.7320766450715e-05
50  0.20076567332886 -0.11206434111521 -0.14100450629901
100  -0.041486402265992 0.086002993944877 -0.23242093208922
150  -0.022997787214068 -0.015663881597927 -0.27826534856133
200  0.11063771870286 -0.16400527505073 -0.29340905189001
250  0.07061679889034 -0.099301832496248 -0.14849726383915
300  -0.14831846496133 0.28143484982091 -0.076325396293442
350  -0.07513495568609 -0.070166213178424 -0.26645106896834
400  0.11444163381256 -0.20535462663618 -0.38154077033926
450  0.17873627220294 0.037700940006231 -0.3822295789088
500  -0.10360868031455 -0.15565430157333 -0.40788387615307
550  0.0037577483836725 -0.091086715750309 -0.47549920043948
600  0.16984236538759 0.087103141319031 -0.44674327694051
650  -0.14679579968388 0.13368283699344 -0.48601054140701
700  -0.049591088726873 -0.017263446534499 -0.6553165768622
750  0.17623981138088 0.020912453420732 -0.65076735070986
800  0.13120543933607 0.065940373804915 -0.62425421053831
850  0.063763704574223 0.040609716803531 -0.64411298555012
900  0.065712056055609 0.027005789243284 -0.84235975981827
950  0.066883453508586 0.029106691065451 -0.86181421964773
1000  0.049045850867089 0.031701789424085 -0.86511661611143
1050  -0.16711422508249 0.21327142953403 -0.82643826869785
1100  -0.050141592635827 0.079679692856686 -0.80807060935922
1149  0.043191991882205 -0.22261181994573 -0.762824554811
1199  -0.010541106318285 -0.14456670341522 -0.79192596315201
1249  -0.021953465297197 -0.057593749237028 -0.72862649132783
1299  -0.19292084088134 0.12667813115405 -0.84795373810936
1349  -0.0055782735250769 -0.040465385701621 -0.94159525810427
1399  0.086098496531338 -0.17174850843434 -1.0560002863717
1449  -0.22534987202926 0.24599993512859 -1.1776438210556
1499  0.050530893408198 0.044271008358615 -1.3246260768996
1549  0.17920906269977 0.008967609825877 -1.3316712035851
1599  -0.028789514155868 0.17912163094231 -1.3436956448972
1649  0.079820665559917 0.066284071058385 -1.5251893525135
1699  0.02308355978251 0.12621483888904 -1.5415290859989
1749  -0.084273615393435 0.37770532563561 -1.5704199324144
1799  -0.32916538567972 0.16743584428307 -1.4599664887469
1849  0.031756150792968 0.25373608485898 -1.3196697074397
1899  0.10720454145883 0.45009132361386 -1.3368418702302
1949  -0.11648955664544 -0.22235233945834 -1.3880177029168
1999  0.085867223924803 0.16846879033312 -1.29922545715
2049  -0.001432926392644 0.41862813724347 -1.3180729372778
2099  0.025380385981226 -0.061424925072449 -1.2975044629226
2149  -0.035883642779545 0.017177213728701 -1.3408750969351
2199  -0.42534848309781 -0.13608644993148 -1.4070458628925
2249  0.1716414265428 -0.2015654591322 -1.3345643223071
2299  0.21443162787801 -0.20104421698095 -1.2585767602434
2349  -0.24741429121488 -0.063859380583457 -1.2583162525596
2399  0.20505388486929 -0.044246068829995 -1.262910088385
2449  0.010563786348291 -0.14587942041697 -1.370753866181
2499  -0.36782671098123 -0.17184613211471 -1.4300828103025
2549  0.17540695518896 -0.03951756355215 -1.3345135227752
2599  0.025449773432777 0.0058271673026341 -1.3196162398651
2649  0.083745096155872 -0.0173107642708 -1.3367459274167
2699  0.13637749336336 0.17326294280023 -1.3068472012118
2749  -0.19889593572399 0.059648315496092 -1.2857344461571
2799  -0.073036233321258 -0.2971168040727 -1.2722505855184
2849  0.26583451099361 0.10432488968205 -1.19920139218
2899  -0.21573664757673 0.26024645575719 -1.2328784936564
2949  -0.15508742255265 -0.18753238191515 -1.1673901062858
2999  0.086593438452219 -0.037507810404353 -1.2351843228315
3049  0.03584325194896 0.27693567614857 -1.241288164072
3099  -0.085438502822359 -0.13525977025828 -1.1849355816031
3149  -0.25756123091802 -0.087217787111467 -1.1272653062329
3199  0.13175177442839 0.11071652601247 -1.0833512452945
3249  0.28313967570991 -0.018880658905639 -1.064733643721
3299  -0.25401895074015 -0.10369946046553 -0.85873540515764
3349  -0.029962078877502 -0.064513211113927 -0.80804200794207
3399  0.23440563565164 -0.091215829003985 -0.69378521612392
3449  -11.816565358486 -2.8726879186745 -0.89998179697743
3499  -3.7137949791103 -0.91332222364353 -0.72056942942815
3549  2.3347428599745 0.66521997763275 -0.65863925045
3599  -5.7031285560115 -1.1802240317362 -0.8155288024069
3649  -4.5551778084339 -0.90652586525425 -0.78322078033312
3699  -1.0596167648156 -0.12368169248061 -0.79396963045687
3749  -3.3866434320187 -1.0376918575798 -0.83573015409427
3799  -3.9971223249398 -0.67920511012347 -0.84505085435125
3849  -2.5492912680791 -0.5175508075294 -0.83718108904522
3899  -3.2321635494566 -0.83392949211347 -0.84995151508074
3949  -4.0783614487016 -0.93299594321751 -0.75221636389547
3999  -2.9241215910022 -0.87290068388772 -0.70758289193843
4049  -3.0415938010939 -1.0461245798838 -0.68658400894376
4099  -3.4750636459191 -0.93290170795131 -0.76413584440993
4149  -3.0629439052223 -0.57021727564146 -0.747173870019
4199  -3.0879759082001 -0.72607632280733 -0.89569403900425
4249  -3.4753850916969 -1.2091186134114 -1.0019035873197
4299  -3.0755142280594 -0.79624274942916 -1.0356622241793
4349  -2.9862942416959 -0.68470101116695 -1.063702391878
4399  -3.3299182840749 -0.76222942121871 -0.99265487085323
4449  -3.1794210421292 -0.89365181244242 -0.8877444458623
4499  -2.9649774347397 -0.94720881982837 -0.82699887781832
4549  -2.9763838506536 -0.47385285804524 -0.88668256488977
4599  -3.0709098267852 -0.62356484167981 -0.87662724577105
4649  -2.8007929205841 -1.1484016467846 -0.84700882412637
4699  -2.6234566637383 -0.72779907794291 -0.80173635595597
4750  -2.7163673001311 -0.35846921841618 -0.7333395886594
4800  -2.9319007495801 -0.85693751794119 -0.69720868836283
4850  -2.7112978056631 -0.79300166458544 -0.74130561694405
4900  -2.5053479653934 -0.53513326191775 -0.76500397212561
4950  -2.70651453881 -0.52244447798715 -0.71323770160182
5000  -2.3278285741004 -0.68498398376983 -0.69999839375196
5050  -2.2850639059333 -0.52957231399459 -0.72987113322151
5100  -2.2171013892575 -0.55079499240629 -0.87167685272667
5150  -2.0399708918604 -0.67745145905407 -0.9041953833651
5200  -1.8827170987217 -0.13351599094667 -0.84073449496092
5250  -1.8513460398638 -0.44340857048038 -0.86992400207006
5300  -2.0416750240583 -0.55422022555335 -0.84205608320447
5350  3.8599541971594 -1.3449764120883 -0.83183747987589
5400  5.6235295314242 -2.3695524921927 -0.69417197558567
5450  -0.17421959617086 -1.5395053222921 -0.90368098474323
5500  1.0443756245695 -0.74905398630975 -0.80890410588137
5550  3.3507776818001 -1.5843604552321 -0.62290850318926
5600  1.3880763998549 -1.3471353921962 -0.75365550609793
5650  1.4009983707127 -0.77308104434512 -0.90843330230168
5700  2.689041847696 -1.37263825134 -0.83248976294163
5750  4.7634311300012 -1.4573176560094 -0.77161009907434
5800  3.4000683822758 -0.77786863342733 -0.80692473840424
5850  1.9875568739434 -0.90676300088449 -0.97941070716575
5900  3.7267535555131 -0.99557595066217 -0.90960318564045
5950  3.9129453660613 -1.0397084709323 -0.89342828382966
6000  3.1666270305967 -0.48521439748188 -0.92015999005465
6050  5.7728289289442 12.006548777797 -0.98971052571242
6100  5.7528023874109 8.0410536438091 -0.86807531532166
6150  3.4878772942454 0.56316681287071 -0.53255374492816
6200  4.2686735708666 6.7660579625746 -0.6501293683527
6250  4.822574591798 6.5854886783738 -0.67983967738605
6300  4.3385647622092 3.0677094562722 -0.71422482401945
6350  0.63553400114832 -10.231467989875 -0.9469454306585
6400  3.7119901016221 0.17964972996315 -0.52501823200463
6450  6.0458764131861 7.7580908593265 -0.4932500083187
6500  3.3485077111182 -1.3695903861446 -0.29285428578293
6550  3.484220795162 -0.58413335918853 -0.29900295013983
6600  4.5217798909398 3.43352136817 -0.22863292518379
6650  3.8232632747118 1.1940307255349 -0.28644161860637
6700  3.5174099649995 0.39979477106124 -0.34283745004653
6750  4.0167685103137 1.699810715886 -0.51613738525803
6800  3.8892706497376 1.2077465991619 -0.64774285756801
6850  3.4115123642301 0.7436572830918 -0.59746482123134
6900  3.7188113261689 1.5878480138553 -0.50670942968674
6950  3.65379603612 1.0199583386169 -0.46605203496115
7000  2.1260449357809 0.47805753317047 -0.24724644465211
7050  1.4785599712149 0.17302171172453 -0.30852113891336
7100  2.9632677530131 0.11284128847352 -0.089171848204112
7150  2.6847945372493 0.33427756883006 -0.0081100283825136
7200  2.0877568162845 0.5105233966471 -0.066750958510859
7250  2.5365015254148 0.59227062245011 -0.14814586928265
7300  2.2961644574384 0.40373181482879 -0.12455108751655
7350  2.3116053807177 0.16573099171364 -0.090060406456342
7400  2.0417990346805 0.17248846338138 -0.20096240145325
7450  1.4600884716566 -0.38037910457183 -0.20056843827636
7500  1.7468518295254 0.083512849713772 -0.37636668859956
7550  2.0225479330614 0.16982707750324 -0.47626716983429
7600  1.8535171862462 -0.033017547994452 -0.51788543343788
7650  1.5200508091018 0.15701144148511 -0.77068311433792
7700  1.4782598697783 -0.037496871429511 -0.74129916028085
7750  1.4984708264192 -0.30925778548751 -0.7247402204118
7800  1.5690201705213 0.18317536155492 -0.8216028149306
7850  1.4433368991086 -0.028235288327425 -0.78386623320969
7900  1.1325045949348 -0.16505338892321 -0.77908899613294
7950  1.2750620621355 -0.046343617256063 -0.90527572719272
8000  1.2080031581426 0.059680265306761 -0.9220419206144
8050  1.0258575943474 0.18362714121592 -0.94847261826823
8100  1.2501754141209 -0.092957440530952 -0.8576290212338
8150  1.1297596059404 -0.02529829697916 -0.75905738531862
8200  1.3425969449362 -0.044036844260864 -0.64599048715908
8250  0.98299794386218 -0.1985383913292 -0.47669106844965
8300  0.93062394658482 0.12471623935624 -0.34745903351539
8350  0.85849309352466 0.025974140528974 -0.28994481195949
8400  0.74601855419306 -0.28270715931681 -0.18213345088159
8450  0.90815710652712 -0.019012807057822 -0.23511079932259
8500  0.73546367076957 -0.061441660369937 -0.2012968939596
8550  0.49155809575609 -0.24320203884854 -0.33146657246063
8600  0.5178794036615 0.1744056788051 -0.42077204291049
8650  0.51291988591128 -0.019540184039628 -0.59098179777024
8700  0.45034211962244 -0.4618349267572 -0.68482699614062
8750  0.4432228480319 0.063367600293109 -0.63685084027596
8800  0.41766513393135 -0.078498343604645 -0.69722539030978
8850  0.37143582562734 -0.42535227171837 -0.66965154310447
8900  0.1397188699301 -0.12571291336654 -0.66328297867282
8950  0.44094124468399 0.038646367587429 -0.7850229364178
9000  0.019142874136744 -0.28361728202371 -0.85384264183438
9050  -0.050392078484456 -0.29326639164981 -0.90232401825422
9100  0.27069058873051 -0.19774100676424 -0.75987151185117
9150  0.021797169691554 0.00093333697076081 -0.81168447312124
9200  0.037409876564032 -0.14610357601975 -0.9136097319189
9250  0.16867400283312 -0.30025466234651 -1.0577859539529
9300  -0.10530730300441 -0.037455263304469 -1.116595590254
9350  -0.25521591471177 0.068531530130543 -1.0004274126853
9400  0.010140107846445 -0.2365185119827 -0.9901439225596
9450  0.081581233529874 -0.33706412592887 -0.98347595038237
9500  -0.46909867285695 -0.21489190525483 -1.0043087744029
9550  -0.45411526553035 0.010778478737316 -0.90960990910792
9600  0.071735629233113 -0.0028063510570573 -0.85499923832079
9650  -0.34845650793848 -0.17312972743099 -1.0359161151173
9700  -0.46490707114067 0.034222816248801 -1.1523565397575
9750  -0.065810947056229 -0.065804923949959 -1.295706629067
9800  -0.41462329851232 -0.24618563089665 -1.2841953057163
9850  -0.58026581793187 -0.32918366177184 -1.2326361286626
9900  -0.38100131879696 0.032942099083517 -1.2530317138545
9950  -0.5293536945803 0.1836775672219 -1.2834674636829
10000  -0.50700750341099 -0.24098724328846 -1.3394132230093
10050  -0.40028710497043 -0.35570523295814 -1.6001721297172
10100  -0.66764714938734 -0.019577136430255 -1.6425480107102
10150  -0.63384331588533 -0.12832482039383 -1.6291657491354
10200  -0.7118187831626 -0.10247311467429 -1.6153767711399
10250  -0.86971461408332 0.026884086478053 -1.6980408431173
10300  -0.65924484276946 -0.21220487948688 -1.6745928036966
10350  -0.7978226042007 -0.26375194362699 -1.5800337438363
10400  -0.95202442335835 -0.081088846259824 -1.575184522969
10450  -0.90342463920594 -0.098544621983408 -1.6217421872813
10500  -0.89057769370738 -0.12691662748605 -1.6190901528926
10550  -0.92393804516102 -0.13606675977676 -1.5883608116516
10600  -0.74327537946766 -0.34563321189246 -1.5723833983573
10650  -0.86183849883579 -0.25124215867743 -1.5171091320037
10700  -0.9595124451228 0.046598328617231 -1.553614465405
10750  -1.1373864726441 -0.20804709521113 -1.5419176597296
10800  -0.99753194608573 -0.1606636049993 -1.3987019330477
10850  -0.84742317114907 -0.29479328577485 -1.4446328207819
10900  -1.0936223557024 -0.13658562737006 -1.4673578206459
10950  -1.2282194508688 -0.010786476195143 -1.489792964357
11000  -0.73111225329889 -0.083252081895801 -1.30121250859
11050  -0.82850178623999 -0.4539584379837 -1.1891517293117
11100  -1.2568782842959 -0.35388085207823 -1.2215860565242
11150  -1.0776860302648 -0.35127638888992 -1.2258574860764
11200  -0.68081095163036 -0.26519844962716 -1.2648498621093
11250  -1.3029535664981 -0.47448107536633 -1.4304178097369
11300  -1.2371567533978 -0.14488267970561 -1.5076544426451
11350  -0.84017570010945 0.095988637129943 -1.5424425170786
11400  -0.90245603300427 -0.42854607884643 -1.3975314093787
11450  -1.2421180320561 -0.54394447275133 -1.0748464858391
11500  -1.1027470615467 -0.086256077800031 -0.96130633027528
11550  -1.0865339000043 -0.20330374227596 -0.97138982392433
11600  -1.2429375480348 -0.40341613202309 -0.95795879053003
11650  -0.98604484856224 -0.13870821537635 -0.99771721496697
11700  -0.86264270024971 -0.0072389766588487 -1.0134592001783
11750  -1.1838868274004 -0.21508874010093 -1.089043034029
11800  -1.2762539301457 -0.30304951705794 -1.1132857232709
11850  -0.91173484499173 0.15030454256571 -1.0816590659277
11900  -0.85509907647655 -0.18478549861047 -1.0807738093782
11950  -0.94121298095416 -0.068523125796212 -1.1192601110822
12000  -1.1629686260153 0.020509343860149 -1.106759797684
12050  -1.0227268063866 -0.34287968516159 -1.1195491134615
12100  -0.86201000061698 -0.018064509663255 -1.2520674832427
12150  -1.0341022730059 -0.021378021859624 -1.385069729238
12200  -0.88503883717733 -0.16879305089592 -1.3410643145195
12250  -0.74307591659955 -0.048603599453384 -1.2743642089014
12300  -1.0189882383114 -0.22955892274443 -1.1526471429623
12350  -1.1213253895325 -0.33742420496418 -1.2941130605563
12400  -0.80437862530856 -0.084152426226413 -1.43391411954
12450  -0.92228033690512 -0.17315460692865 -1.4320893918146
12500  -0.69803663535628 -0.32907445878639 -1.5417028289359
12550  -0.86273939011515 0.071362870325138 -1.6000052169694
12600  -1.1833810732367 -0.14792997127186 -1.6341344983132
12650  -0.85030919287766 -0.23635082550249 -1.6758691952978
12700  -0.65464337634213 -0.062580807857448 -1.7520157727031
12750  -0.96202968999706 -0.26304053673626 -1.6464816660636
12800  -0.86488348254515 -0.18550384241209 -1.6234386355164
12850  -0.47598750560428 -0.2281102289493 -1.7742566829096
12900  -0.8189410688667 0.065485992802338 -1.8904559164947
12950  -0.69597658626958 -0.12985210138506 -1.8859462840952
13000  -0.80856339683566 -0.37848356699459 -1.9737263812043
13050  -0.6010941596407 0.13785963107304 -1.9164744549208
13100  -0.78408367868522 -0.081339608917878 -1.9092803447341
13150  -0.83051423744591 -0.20725767475346 -1.8336402685444
13200  -0.62785548113905 -0.050247410542163 -1.9226404081941
13250  -0.61043652440396 -0.036007263200426 -2.0877111393945
13300  -0.67510779703425 -0.075830401011708 -2.1119805090628
13350  -0.63341151986374 -0.074875915425732 -2.0577323719102
13400  -0.26580959147531 0.27019121118873 -1.8661449253611
13450  -0.38020397425264 -0.41629674821982 -1.8626081680315
13500  -0.83499718941896 -0.24823410067827 -1.9185578760611
13550  -0.23692224019567 -0.081955266428211 -1.7059534038273
13600  -0.17451022605613 -0.15326477590046 -1.6076072175156
13650  -0.45646282289242 -0.053695225335151 -1.5605476410211
13700  -0.2216272188284 0.15951601315682 -1.59101220571
13750  -0.29348306339297 -0.38583498497564 -1.5429041951779
13800  -0.45006608393044 -0.28080118969283 -1.5470824566809
13850  -0.3856160187158 0.1030281142351 -1.7079744994914
13900  -0.33770920527947 0.053553292136568 -1.6451824360174
13950  -0.33629012675769 -0.042450782955126 -1.5615849760013
14000  -0.29468002736459 0.16446778024316 -1.5906918271493
14050  -0.18712367780265 -0.14200302125872 -1.7842371901126
14100  0.007719571180409 -0.17391421200977 -1.8685926944049
14150  -0.25010447861337 0.56417624012484 -1.8853351956079
14200  -0.52052242006603 -0.11477918122774 -1.9170119054311
14250  0.026645470084139 -0.26369810252643 -1.9492254254344
14300  -0.13519020104633 0.18064310894078 -2.1018124918228
14350  -0.46356680659862 0.15415858352659 -2.1822074468918
14400  0.059878674298022 0.0449793336601 -2.0679930235909
14450  -0.08379267402633 0.060286284513041 -2.0345054598639
14500  -0.39701483070819 0.079699929960145 -2.0927923732501
14550  -0.07824976874156 -0.137688889684 -2.0879839200744
14600  -0.079532850459637 -0.022914562626352 -2.0558583387567
14650  0.19301629010695 0.080768461028962 -1.9914686513471
14700  0.16896739414253 -0.19471236481608 -1.9794682224188
14750  0.17711608996683 -0.091130184835095 -1.7826285738414
14800  -0.10457074314164 0.096712497109725 -1.577179898702
14850  -0.16890310765501 -0.1269420005716 -1.6240739498309
14900  0.24886888138426 -0.050808536595895 -1.7555142169403
14950  0.02837659787104 0.024667263205561 -1.7561899787813
15000  -0.03071298280454 0.1054951532169 -1.8152790125082
15050  0.23974849776903 0.071374136135204 -1.7874168566147
15100  -0.029648610547196 -0.062034319352675 -1.8359661614002
15150  -0.053005659708511 0.10076083160609 -1.8724385177945
15200  0.13737974358278 0.1954329364333 -1.9372392972147
15250  0.1121958889578 -0.27755370154675 -1.8300145053122
15300  -0.084318645283168 0.146871385332 -1.7746325567574
15350  0.094131606078173 0.32265005222219 -1.7461347663843
15400  0.28298364857606 0.050471162603494 -1.7368610770387
15450  0.23456478439538 0.028489806255501 -1.7103586623986
15500  0.078716662864141 0.24192031116211 -1.6994592813088
15550  0.25306635279435 -0.10778522093009 -1.8837104643591
15600  0.41393726470713 0.18797833190298 -1.9862055637048
15650  0.13818403837819 0.013652743569245 -1.9579409602588
15700  0.43793025183793 0.055379350548289 -1.7927176170191
15750  0.34123598412957 0.48330178443172 -1.8073463881174
15800  -0.15671580901989 0.19999196764237 -1.7965248071512
15850  0.26119870685745 -0.0079282212866083 -1.7945779897943
15900  0.41751625715179 0.28271820501336 -1.8366338123916
15950  0.38667693919298 0.18535291123969 -1.7856777196973
16000  0.362711219458 0.143352183723 -1.8158629936822
16050  0.35971177923659 0.20303447007206 -1.8221119764425
16100  0.37864813186491 0.20431641120191 -1.7945297515833
16150  0.37842745805778 0.16790445929316 -1.8202428524875
16200  0.38757238766534 0.13858752646732 -1.9049124387599
16250  0.39751116668135 0.11518364315243 -1.9892279224125
16300  0.50102948706164 0.022852022039238 -1.9586956961621
16350  0.30235459867075 0.36545828952567 -2.0106798390482
16400  0.42801004239872 -0.014324082295807 -2.045596619859
16450  0.58392893376111 0.031178706323411 -1.9625989358293
16500  0.32469582728074 0.15894241066867 -1.8910106559214
16550  0.41613212998866 0.22351345827702 -1.9152057472825
16600  0.38310699141288 0.064832262323467 -1.8454488118457
16650  0.47288067666643 0.15369719891207 -1.8031204220119
16700  0.63457756122111 0.26359146086193 -1.8461933024653
16750  0.55848103629582 -0.18526355849152 -1.8940584143951
16800  0.33146075612767 0.011649555473881 -1.7736867890008
16850  0.48343849493683 0.22728905878416 -1.656974544176
16900  0.62297787229801 0.025933926456214 -1.6810845783376
16950  0.58305413593882 -0.0087455119509859 -1.7435024755112
17000  0.54616220315832 0.054849670712175 -1.792619006163
17050  0.50737201139708 0.13696043400076 -1.8083939683814
17100  0.59410527529419 0.21074459304646 -1.6729890966239
17150  0.42245525765408 -0.12347002331741 -1.6842090697178
17200  0.40015428980759 0.18914789507663 -1.6614933546422
17250  0.46418435174912 0.18315121576899 -1.7314746191045
17300  0.24673346009285 -0.10704447224037 -1.5757805636958
17350  0.58953577201775 0.22711793052894 -1.5442925378484
17400  0.60968989935031 -0.06871916022952 -1.511746793175
17450  0.39140724539961 -0.03778060108949 -1.4556642166217
17500  0.42687276254106 0.26796126114643 -1.5285874783473
17550  0.4851758709461 0.21626433305097 -1.5936612518909
17600  0.46488428605649 0.13084488005309 -1.5604972683759
17650  0.4550262420109 0.1344390536604 -1.674041692808
17700  0.4640067668307 0.1368188276374 -1.7425294937196
17750  0.47068418387889 0.10326785120692 -1.6464874290357
17800  0.79751684651364 -0.015095768607519 -1.6440331499678
17850  0.46267199845649 -0.11398677256231 -1.5749077935859
17900  0.41770424743652 0.15110316777049 -1.6289333092602
17950  0.59715943707025 -0.14729086833678 -1.7241910761283
18000  0.37852310738658 -0.17849340028101 -1.7202297798531
18050  0.46781699853136 0.12774142618918 -1.8120444910493
18100  0.64610670709668 0.20645308647336 -1.8068018939745
18150  0.35483304981764 -0.10239336020954 -1.8271498812856
18200  0.48332280860776 -0.14611005936338 -1.8523556272005
18250  0.64933626599618 0.051370393026301 -1.8086979117994
18300  0.5709019487449 -0.071876855400394 -1.9225812843691
18350  0.50116758494892 -0.098739595869765 -1.9917252103278
18400  0.49789224243763 0.17638389902389 -1.9775798885567
18450  0.2620053628706 -0.04288072468708 -2.0392402750626
18500  0.37335614932075 0.0080186954464479 -2.0785181316584
18550  0.52297024247069 0.16865005715039 -2.1944526954132
18600  0.22921063645761 -0.29117790122852 -2.2251336917215
18650  0.52565898912614 0.017394840964636 -2.3203892174338
18700  0.3202773618984 0.037589165694692 -2.4014074272646
18750  0.3059569898494 0.15025831872689 -2.4133376333105
18799  0.3917685250541 0.27309177374974 -2.3448152545662
18849  0.095248515430242 0.10526864306649 -2.1087508968024
18899  0.39982326575668 -0.059221301940941 -1.9785689853259
18949  0.35535115701879 -0.1798064641283 -2.0466587142749
18999  -0.22921591918204 -0.053655548205974 -2.0981779774107
19049  0.18234353255942 0.08810240333069 -2.1541466819039
19099  0.51311588032395 0.031913872133899 -2.2072383826526
19149  0.12745590560557 0.049210212299153 -2.1569167504991
19199  0.27709599883108 0.053087518591898 -2.1337907971865
19249  0.58805009915157 0.048077358057229 -2.0618507625363
19299  0.08660660524267 0.031440477992426 -2.0522477300067
19349  0.24998428329223 0.02801334720004 -1.9811038392816
19399  0.36664970396859 -0.12078048958937 -1.8050371438477
19449  -0.010025176906951 -0.0091950671314303 -1.6909218650114
19499  -0.14688628635017 0.30934132190271 -1.6997093302655
19549  0.37908414339388 -0.19806984302018 -1.760361836982
19599  0.17606238654501 -0.03995356507596 -1.8152284264196
19649  -0.17620183179383 0.28893346371466 -1.8254871571096
19699  0.29358156752741 -0.10968765539757 -1.8200375199255
19749  0.32148326381288 -0.15766948752296 -1.779935451596
19799  0.072538209811122 0.073027355409358 -1.749652633972
19849  0.067972195000436 0.049619900252381 -1.7480746468303
19899  0.33756734545206 0.17408099135548 -1.899317660056
19949  0.17979241688378 0.03421214074317 -1.9318895515473
19999  0.054371494104262 -0.22671855122548 -2.1350827701567
20049  0.05623679608823 -0.029295134917434 -2.1615717378619
20099  0.082336916588299 0.01386919770018 -2.1440074795244
20149  0.14480223821988 -0.17628751598336 -2.2265138168206
20199  -0.060273978166343 0.025839874617941 -2.2589587094821
20249  0.24557030022154 -0.26186246250656 -2.5394158817563
20299  0.27029000880786 0.10974865352253 -2.5801519837399
20349  -0.17287494269865 -0.13520858386015 -2.5465982525554
20399  0.19445737998054 0.012742568335252 -2.4092770858489
20449  0.26577653442695 0.074492851203042 -2.2706880652777
20499  -0.1778824051752 -0.38537437409349 -2.1857781417239
20549  0.18484751726174 -0.048257784441066 -2.1136404584745
20599  0.078437545582883 0.25280189640742 -2.0907437433859
20649  -0.069740313531076 -0.49194613587831 -2.0673588832151
20699  0.11862671216457 0.0059397236841738 -2.065333091796
20749  0.1275376544322 0.18100745684432 -2.128158879329
20799  -0.15765786819725 -0.402537092013 -1.9121652458848
20849  -0.0011578727696184 0.15047873906997 -1.8608387221497
20899  0.33935805563379 -0.041421875654634 -1.8911331724396
20949  0.007797729822154 0.033604283922518 -2.0665151414092
20999  -0.067016008537273 0.088695442509504 -2.1890892893674
21049  -0.095012907254409 -0.20424728221699 -2.1603627943788
21099  0.22578708417742 0.11090737777294 -2.2160858255053
21149  -0.02524599167064 -0.050584127529063 -2.198155511717
21199  -0.32831374646758 -0.33678889064966 -2.2400433543494
21249  0.21696344026511 0.15474393874259 -2.0867534188068
21299  0.012777730636017 -0.020719934133609 -2.1172583243005
21349  -0.21687123271132 -0.39764347491609 -2.2397680123485
21399  0.24140433839508 0.22948010876471 -2.130195983249
21449  0.015472621293427 0.060639186513634 -2.215718489394
21499  -0.2362357261428 -0.1923417955862 -2.250465796136
21549  0.27728249501194 -0.10929705395441 -2.164146719179
21599  -0.022478169233778 0.0056106272940769 -2.212658137759
21649  -0.095187884161145 0.082618228334632 -2.3577390396929
21699  0.33155429770279 0.012479239196343 -2.5098654951991
21749  -0.13189700932975 -0.28602169537454 -2.538491031454
21799  -0.31305662464608 -0.3317644594219 -2.6132022019166
21849  0.056846110327176 -0.026089636760003 -2.7014924287793
21899  0.25237119428331 0.12432437059283 -2.8064184351393
21949  -0.24418825413167 -0.13834602858735 -2.8513326919042
21999  -0.055277084473724 -0.15239610123604 -2.7439542207454
22049  -0.068027243390299 0.078944873891741 -2.7320871939493
22099  -0.28775509600027 -0.16299562101297 -2.7121103847309
22149  0.11921293449443 -0.23281847044326 -2.677825182975
22199  0.045377022091534 0.14952275271 -2.5621529411731
22249  -0.19024223278793 -0.24683324488776 -2.4830864578976
22299  0.057948038619796 -0.32716579443935 -2.4688181927214
22349  -0.22459775080776 -0.081580833323477 -2.5355625878474
22399  -0.29683935431809 -0.26418301927707 -2.1838964246075
22449  0.069286346075108 -0.35714085334431 -1.9426080393458
22499  -0.059144082116702 0.020852914381593 -2.0126458663121
22549  -0.42362604812735 -0.090043250942138 -1.9087230439865
22599  0.12964274007874 -0.50129298295321 -1.667335194095
22649  0.073923430871739 -0.11892805424106 -1.7039950605263
22699  -0.3037848562912 0.16004159087737 -1.6502203408605
22749  -0.055743665101293 -0.1907940640481 -1.6716590240047
22799  -0.076482290541154 -0.13221926886057 -1.7573409723782
22849  -0.25271798646625 0.059549891402935 -1.8389110401496
22899  -0.031044300340139 -0.18619607941643 -1.7440193287323
22949  -0.11009572584994 -0.12126891481609 -1.7163102117649
22999  -0.33573912259074 0.14056725413021 -1.7103683740738
23049  -0.10107640769009 -0.095554259777092 -1.7689717173176
23099  -0.17734379406633 -0.05331803080628 -1.8295212375881
23149  -0.3451254833772 0.10180899216932 -1.7698502503996
23199  0.12368978999004 -0.20433836919287 -1.7306907481755
23249  -0.07304158274676 -0.025478224772527 -1.6680385968578
23299  -0.53805540894375 0.18374722981535 -1.6885317256888
23349  0.059389275235734 -0.17583582970385 -1.6852306098855
23399  0.035720735430723 0.074008321318581 -1.6975089421357
23449  -0.72387737542056 -0.06767787654621 -1.681530248181
23499  0.016313511628759 -0.249976385886 -1.7396278372611
23549  0.17381022504769 0.2275906543247 -1.768627006208
23599  -0.67966289288042 -0.16350547062213 -1.7028825934652
23649  -0.2057016055821 -0.26599064484917 -1.6844450314093
23699  0.11111850665751 0.13401690261297 -1.6342025867615
23749  -0.40601037660808 -0.40082434203734 -1.6406446290876
23799  -0.11573983666233 -0.3404339438302 -1.6976923967479
23849  0.020589063306841 0.22896309546105 -1.7240339817774
23899  -0.47903318300473 -0.46630139022671 -1.777534533381
23949  -0.32969619276385 -0.22127336967267 -1.6484949710431
23999  -0.075549642884223 0.27186900980575 -1.5941475827042
24049  -0.36488570089373 -0.47727542314966 -1.5964953535097
24099  -0.27582166162277 -0.22706168818999 -1.4821809319704
24149  0.15143022977808 0.18914354616712 -1.348619784402
24199  0.052774273710163 -0.25960060267423 -1.2462780441475
24249  -0.35226052309978 -0.1351956171729 -1.35516267874
24299  -0.25346920055325 1.1048998517957 -1.3963572571716
24349  -0.6626032681287 1.4222359901632 -1.4269705919185
24399  -0.52902205687958 0.34540378690546 -1.5823376520207
24449  0.056739835518537 0.19486804510439 -1.6421839829718
24499  -0.26327292325059 1.0107891298213 -1.6410791998735
24549  -0.42244570606141 0.56346606053372 -1.3931674521075
24599  0.16422494834187 3.4366758483495 -1.3221828968892
24649  -0.52320241554161 1.7458845039842 -1.3526363625208
24699  -3.7475796560661 2.5886224855278 -1.1555672622759
24749  -0.52603304870491 10.029308904595 -1.4291900832336
24799  -0.02831830447431 3.7809143943104 -1.3979105915993
24849  -2.1788918169366 1.2170832543139 -1.0265833019467
24899  -1.0314374320125 5.9561998713652 -0.98196562480216
24949  -0.82442725823496 4.5696313424912 -0.8836667162061
24999  -1.7541407085869 2.7331556916676 -0.77169979866805
25049  -1.1293406165235 5.0638958473451 -0.86314567964906
25099  -0.87036236147656 4.6158025675069 -0.851038155489
25149  -1.6513973745536 3.6874688687281 -0.6649531733683
25199  -1.204224462706 4.3547083411994 -0.68995753542436
25249  -0.92870530375828 4.3890983436704 -0.68343710600538
25299  -1.5480761424834 3.9875762818011 -0.72441327846614
25349  -1.2050890152445 4.3167273667722 -0.63169383400918
25399  -1.0303698947896 7.6520794932187 -0.59520136057342
25449  -25.829997884257 27.41015531855 50.180385548992
25499  -9.4239219177002 -10.974186175317 -34.054855333725
