#
# A fatal error has been detected by the Java Runtime Environment:
#
#  SIGSEGV (0xb) at pc=0x00007fb4ab7699d7, pid=7421, tid=140412397364992
#
# JRE version: Java(TM) SE Runtime Environment (8.0_45-b14) (build 1.8.0_45-b14)
# Java VM: Java HotSpot(TM) 64-Bit Server VM (25.45-b02 mixed mode linux-amd64 compressed oops)
# Problematic frame:
# C  [libc.so.6+0x1519d7]
#
# Failed to write core dump. Core dumps have been disabled. To enable core dumping, try "ulimit -c unlimited" before starting Java again
#
# If you would like to submit a bug report, please visit:
#   http://bugreport.java.com/bugreport/crash.jsp
#

---------------  T H R E A D  ---------------

Current thread (0x00007fb4440a2000):  JavaThread "Vrep Object Updater" [_thread_in_vm, id=7453, stack(0x00007fb44f012000,0x00007fb44f113000)]

siginfo: si_signo: 11 (SIGSEGV), si_code: 2 (SEGV_ACCERR), si_addr: 0x00007fb43c28b000

Registers:
RAX=0x00000000d7a58ae0, RBX=0x0000000100000b68, RCX=0x0000000000080000, RDX=0x0000000000135ce0
RSP=0x00007fb44f111498, RBP=0x00007fb44f111520, RSI=0x00007fb43c28afa0, RDI=0x00000000d7ce2d00
R8 =0x00000000d7a58ae0, R9 =0x0000000000400000, R10=0x0000000000000006, R11=0x00007fb4955e2d00
R12=0x0000000000440000, R13=0x0000000000000000, R14=0x00007fb44f1114b0, R15=0x00007fb43c000a38
RIP=0x00007fb4ab7699d7, EFLAGS=0x0000000000010202, CSGSFS=0x0000000000000033, ERR=0x0000000000000004
  TRAPNO=0x000000000000000e

Top of Stack: (sp=0x00007fb44f111498)
0x00007fb44f111498:   00007fb4aad11b7b 00007fb44f1114d0
0x00007fb44f1114a8:   00007fb43c000d80 00007fb4440a2000
0x00007fb44f1114b8:   0000000000000000 00007fb4440a4380
0x00007fb44f1114c8:   0000000000000005 00007fb4440a2000
0x00007fb44f1114d8:   0000000000000000 00007fb4440a2000
0x00007fb44f1114e8:   0000301300000006 00007fb4440a2000
0x00007fb44f1114f8:   0000000100061828 0000000000000000
0x00007fb44f111508:   00000000d8e37370 00000000d7a07cb0
0x00007fb44f111518:   00007fb4440a2000 00007fb44f111550
0x00007fb44f111528:   00007fb47e47eafa 00007fb43c000d80
0x00007fb44f111538:   0000000000110000 00007fb43c000a38
0x00007fb44f111548:   00007fb4440a21f8 00007fb44f111670
0x00007fb44f111558:   00007fb47e47e179 00007fb44f1115f0
0x00007fb44f111568:   00007fb44f1115cc 00007fb44f1115f8
0x00007fb44f111578:   00007fb44f1115d0 00007fb44f111600
0x00007fb44f111588:   0000000000010000 0000000000000290
0x00007fb44f111598:   00007fb44f1116c0 000000094f1118b8
0x00007fb44f1115a8:   0000000000000000 00007fb44f1116a0
0x00007fb44f1115b8:   00007fb4440a21f8 0011000000000000
0x00007fb44f1115c8:   0066000000000000 0000000000000000
0x00007fb44f1115d8:   0000000000000000 0000000000010000
0x00007fb44f1115e8:   00007fb43c000d80 00007fb43c440d80
0x00007fb44f1115f8:   00007fb43c440d80 00007fb43ddc0d80
0x00007fb44f111608:   00007fb43c000a30 00007fb4a40f30a8
0x00007fb44f111618:   00007fb43c000a38 0000000000000000
0x00007fb44f111628:   00007fb4a4488350 00007fb4a4488328
0x00007fb44f111638:   0000000000000000 0000000000000032
0x00007fb44f111648:   0000000000000000 00007fb44f1116e0
0x00007fb44f111658:   000000000000006e 00007fb4a4488300
0x00007fb44f111668:   00007fb4a4488350 00007fb44f1116e0
0x00007fb44f111678:   00007fb4955ccb16 00007fb44f1116c8
0x00007fb44f111688:   00007fb44f1116f0 00007fb44f1116f8 

Instructions: (pc=0x00007fb4ab7699d7)
0x00007fb4ab7699b7:   03 00 00 f3 0f 6f 06 f3 0f 6f 4e 10 f3 0f 6f 56
0x00007fb4ab7699c7:   20 f3 0f 6f 5e 30 f3 0f 6f 66 40 f3 0f 6f 6e 50
0x00007fb4ab7699d7:   f3 0f 6f 76 60 f3 0f 6f 7e 70 0f ae e8 66 0f e7
0x00007fb4ab7699e7:   07 66 0f e7 4f 10 66 0f e7 57 20 66 0f e7 5f 30 

Register to memory mapping:

RAX=0x00000000d7a58ae0 is an oop

[error occurred during error reporting (printing register info), id 0xb]

Stack: [0x00007fb44f012000,0x00007fb44f113000],  sp=0x00007fb44f111498,  free space=1021k
Native frames: (J=compiled Java code, j=interpreted, Vv=VM code, C=native code)
C  [libc.so.6+0x1519d7]
C  [libremoteApiJava.so+0x1aafa]  JNIEnv_::SetIntArrayRegion(_jintArray*, int, int, int const*)+0x3c
C  [libremoteApiJava.so+0x1a179]  Java_coppelia_remoteApi_simxGetObjectGroupData+0x15a
J 1696  coppelia.remoteApi.simxGetObjectGroupData(IIILcoppelia/IntWA;Lcoppelia/IntWA;Lcoppelia/FloatWA;Lcoppelia/StringWA;I)I (0 bytes) @ 0x00007fb4955ccb16 [0x00007fb4955cca00+0x116]
J 1678 C1 velinov.java.finken.drone.virtual.VirtualFinkenDroneUpdater.updateParameters(I)Z (327 bytes) @ 0x00007fb4955c4694 [0x00007fb4955c3ee0+0x7b4]
J 1708 C1 velinov.java.finken.drone.virtual.VirtualFinkenDroneUpdater.updateVirtualDrones()V (58 bytes) @ 0x00007fb4955d3e2c [0x00007fb4955d3da0+0x8c]
J 1707 C1 velinov.java.finken.drone.virtual.VirtualFinkenDroneUpdater.onObjectUpdate()V (5 bytes) @ 0x00007fb4955d443c [0x00007fb4955d43c0+0x7c]
j  velinov.java.vrep.objects.AbsObjectUpdater.run()V+4
j  java.lang.Thread.run()V+11
v  ~StubRoutines::call_stub
V  [libjvm.so+0x681a26]  JavaCalls::call_helper(JavaValue*, methodHandle*, JavaCallArguments*, Thread*)+0x1056
V  [libjvm.so+0x681f31]  JavaCalls::call_virtual(JavaValue*, KlassHandle, Symbol*, Symbol*, JavaCallArguments*, Thread*)+0x321
V  [libjvm.so+0x6823d7]  JavaCalls::call_virtual(JavaValue*, Handle, KlassHandle, Symbol*, Symbol*, Thread*)+0x47
V  [libjvm.so+0x718280]  thread_entry(JavaThread*, Thread*)+0xa0
V  [libjvm.so+0xa5c86f]  JavaThread::thread_main_inner()+0xdf
V  [libjvm.so+0xa5c99c]  JavaThread::run()+0x11c
V  [libjvm.so+0x910de8]  java_start(Thread*)+0x108
C  [libpthread.so.0+0x8182]  start_thread+0xc2

Java frames: (J=compiled Java code, j=interpreted, Vv=VM code)
J 1696  coppelia.remoteApi.simxGetObjectGroupData(IIILcoppelia/IntWA;Lcoppelia/IntWA;Lcoppelia/FloatWA;Lcoppelia/StringWA;I)I (0 bytes) @ 0x00007fb4955cca9c [0x00007fb4955cca00+0x9c]
J 1678 C1 velinov.java.finken.drone.virtual.VirtualFinkenDroneUpdater.updateParameters(I)Z (327 bytes) @ 0x00007fb4955c4694 [0x00007fb4955c3ee0+0x7b4]
J 1708 C1 velinov.java.finken.drone.virtual.VirtualFinkenDroneUpdater.updateVirtualDrones()V (58 bytes) @ 0x00007fb4955d3e2c [0x00007fb4955d3da0+0x8c]
J 1707 C1 velinov.java.finken.drone.virtual.VirtualFinkenDroneUpdater.onObjectUpdate()V (5 bytes) @ 0x00007fb4955d443c [0x00007fb4955d43c0+0x7c]
j  velinov.java.vrep.objects.AbsObjectUpdater.run()V+4
j  java.lang.Thread.run()V+11
v  ~StubRoutines::call_stub

---------------  P R O C E S S  ---------------

Java Threads: ( => current thread )
  0x00007fb430005000 JavaThread "Thread-5" [_thread_in_native, id=7460, stack(0x00007fb44dae4000,0x00007fb44dbe5000)]
  0x00007fb430003000 JavaThread "Thread-4" [_thread_in_native, id=7459, stack(0x00007fb44dbe5000,0x00007fb44dce6000)]
  0x00007fb430001800 JavaThread "Thread-3" [_thread_in_native, id=7458, stack(0x00007fb44dce6000,0x00007fb44dde7000)]
  0x00007fb444093800 JavaThread "Thread-0" [_thread_in_native, id=7456, stack(0x00007fb44dde7000,0x00007fb44dee8000)]
  0x00007fb44408a000 JavaThread "Thread-1" [_thread_in_native, id=7454, stack(0x00007fb44dfe9000,0x00007fb44e0ea000)]
=>0x00007fb4440a2000 JavaThread "Vrep Object Updater" [_thread_in_vm, id=7453, stack(0x00007fb44f012000,0x00007fb44f113000)]
  0x00007fb44402f800 JavaThread "TimerQueue" daemon [_thread_blocked, id=7451, stack(0x00007fb44f445000,0x00007fb44f546000)]
  0x00007fb4a400a000 JavaThread "DestroyJavaVM" [_thread_blocked, id=7423, stack(0x00007fb4ac0fe000,0x00007fb4ac1ff000)]
  0x00007fb4a4460800 JavaThread "AWT-EventQueue-0" [_thread_blocked, id=7445, stack(0x00007fb44f113000,0x00007fb44f214000)]
  0x00007fb4a445f000 JavaThread "AWT-Shutdown" [_thread_blocked, id=7444, stack(0x00007fb44f344000,0x00007fb44f445000)]
  0x00007fb4a424b800 JavaThread "AWT-XAWT" daemon [_thread_in_native, id=7442, stack(0x00007fb47c004000,0x00007fb47c105000)]
  0x00007fb4a4229000 JavaThread "Java2D Disposer" daemon [_thread_blocked, id=7441, stack(0x00007fb47c515000,0x00007fb47c616000)]
  0x00007fb4a40c3800 JavaThread "Service Thread" daemon [_thread_blocked, id=7439, stack(0x00007fb47e79a000,0x00007fb47e89b000)]
  0x00007fb4a40be800 JavaThread "C1 CompilerThread2" daemon [_thread_blocked, id=7438, stack(0x00007fb47e89b000,0x00007fb47e99c000)]
  0x00007fb4a40bc800 JavaThread "C2 CompilerThread1" daemon [_thread_blocked, id=7437, stack(0x00007fb47e99c000,0x00007fb47ea9d000)]
  0x00007fb4a40b9800 JavaThread "C2 CompilerThread0" daemon [_thread_blocked, id=7436, stack(0x00007fb47ea9d000,0x00007fb47eb9e000)]
  0x00007fb4a40b8000 JavaThread "Signal Dispatcher" daemon [_thread_blocked, id=7435, stack(0x00007fb47eb9e000,0x00007fb47ec9f000)]
  0x00007fb4a407f000 JavaThread "Finalizer" daemon [_thread_blocked, id=7433, stack(0x00007fb47f4f5000,0x00007fb47f5f6000)]
  0x00007fb4a407d000 JavaThread "Reference Handler" daemon [_thread_blocked, id=7432, stack(0x00007fb47f5f6000,0x00007fb47f6f7000)]

Other Threads:
  0x00007fb4a4078000 VMThread [stack: 0x00007fb47f6f7000,0x00007fb47f7f8000] [id=7431]
  0x00007fb4a40c6000 WatcherThread [stack: 0x00007fb47e699000,0x00007fb47e79a000] [id=7440]

VM state:not at safepoint (normal execution)

VM Mutex/Monitor currently owned by a thread: None

Heap:
 PSYoungGen      total 36864K, used 22111K [0x00000000d6e00000, 0x00000000db600000, 0x0000000100000000)
  eden space 31744K, 53% used [0x00000000d6e00000,0x00000000d7e98ae0,0x00000000d8d00000)
  from space 5120K, 99% used [0x00000000d8d00000,0x00000000d91ff260,0x00000000d9200000)
  to   space 5120K, 0% used [0x00000000db100000,0x00000000db100000,0x00000000db600000)
 ParOldGen       total 84992K, used 822K [0x0000000084a00000, 0x0000000089d00000, 0x00000000d6e00000)
  object space 84992K, 0% used [0x0000000084a00000,0x0000000084acd998,0x0000000089d00000)
 Metaspace       used 18882K, capacity 19154K, committed 19328K, reserved 1067008K
  class space    used 2238K, capacity 2358K, committed 2432K, reserved 1048576K

Card table byte_map: [0x00007fb4a8b14000,0x00007fb4a8ef0000] byte_map_base: 0x00007fb4a86ef000

Marking Bits: (ParMarkBitMap*) 0x00007fb4ab5ed760
 Begin Bits: [0x00007fb48c250000, 0x00007fb48e128000)
 End Bits:   [0x00007fb48e128000, 0x00007fb490000000)

Polling page: 0x00007fb4ac234000

CodeCache: size=245760Kb used=6146Kb max_used=6146Kb free=239614Kb
 bounds [0x00007fb495000000, 0x00007fb495610000, 0x00007fb4a4000000]
 total_blobs=2388 nmethods=1735 adapters=567
 compilation: enabled

Compilation events (10 events):
Event: 46,241 Thread 0x00007fb4a40be800 1736       3       java.util.regex.Pattern::escape (1151 bytes)
Event: 46,249 Thread 0x00007fb4a40be800 nmethod 1736 0x00007fb4955f18d0 code [0x00007fb4955f2260, 0x00007fb4955f83b8]
Event: 46,249 Thread 0x00007fb4a40be800 1737       3       java.util.regex.Pattern$BmpCharProperty::<init> (6 bytes)
Event: 46,249 Thread 0x00007fb4a40be800 nmethod 1737 0x00007fb4955e2f10 code [0x00007fb4955e30a0, 0x00007fb4955e3390]
Event: 48,449 Thread 0x00007fb4a40be800 1738       3       fr.dgac.ivy.IvyClient::traceDebug (77 bytes)
Event: 48,450 Thread 0x00007fb4a40be800 nmethod 1738 0x00007fb4955fbb10 code [0x00007fb4955fbda0, 0x00007fb4955fced8]
Event: 48,450 Thread 0x00007fb4a40be800 1739       3       fr.dgac.ivy.IvyClient::traceDebug (102 bytes)
Event: 48,452 Thread 0x00007fb4a40be800 nmethod 1739 0x00007fb4955fd650 code [0x00007fb4955fd920, 0x00007fb4955fecc8]
Event: 51,040 Thread 0x00007fb4a40be800 1740       3       java.lang.String::split (326 bytes)
Event: 51,042 Thread 0x00007fb4a40be800 nmethod 1740 0x00007fb4955ff5d0 code [0x00007fb4955ffa40, 0x00007fb495602838]

GC Heap History (2 events):
Event: 0,750 GC heap before
{Heap before GC invocations=1 (full 0):
 PSYoungGen      total 36864K, used 31744K [0x00000000d6e00000, 0x00000000d9700000, 0x0000000100000000)
  eden space 31744K, 100% used [0x00000000d6e00000,0x00000000d8d00000,0x00000000d8d00000)
  from space 5120K, 0% used [0x00000000d9200000,0x00000000d9200000,0x00000000d9700000)
  to   space 5120K, 0% used [0x00000000d8d00000,0x00000000d8d00000,0x00000000d9200000)
 ParOldGen       total 84992K, used 0K [0x0000000084a00000, 0x0000000089d00000, 0x00000000d6e00000)
  object space 84992K, 0% used [0x0000000084a00000,0x0000000084a00000,0x0000000089d00000)
 Metaspace       used 15933K, capacity 16134K, committed 16384K, reserved 1062912K
  class space    used 1957K, capacity 2030K, committed 2048K, reserved 1048576K
Event: 0,774 GC heap after
Heap after GC invocations=1 (full 0):
 PSYoungGen      total 36864K, used 5116K [0x00000000d6e00000, 0x00000000db600000, 0x0000000100000000)
  eden space 31744K, 0% used [0x00000000d6e00000,0x00000000d6e00000,0x00000000d8d00000)
  from space 5120K, 99% used [0x00000000d8d00000,0x00000000d91ff260,0x00000000d9200000)
  to   space 5120K, 0% used [0x00000000db100000,0x00000000db100000,0x00000000db600000)
 ParOldGen       total 84992K, used 822K [0x0000000084a00000, 0x0000000089d00000, 0x00000000d6e00000)
  object space 84992K, 0% used [0x0000000084a00000,0x0000000084acd998,0x0000000089d00000)
 Metaspace       used 15933K, capacity 16134K, committed 16384K, reserved 1062912K
  class space    used 1957K, capacity 2030K, committed 2048K, reserved 1048576K
}

Deoptimization events (10 events):
Event: 0,573 Thread 0x00007fb4a400a000 Uncommon trap: reason=class_check action=maybe_recompile pc=0x00007fb49519f030 method=java.lang.String.equals(Ljava/lang/Object;)Z @ 8
Event: 0,579 Thread 0x00007fb4a4460800 Uncommon trap: reason=class_check action=maybe_recompile pc=0x00007fb49519f030 method=java.lang.String.equals(Ljava/lang/Object;)Z @ 8
Event: 0,579 Thread 0x00007fb4a4460800 Uncommon trap: reason=class_check action=maybe_recompile pc=0x00007fb49519f030 method=java.lang.String.equals(Ljava/lang/Object;)Z @ 8
Event: 0,651 Thread 0x00007fb4a4460800 Uncommon trap: reason=unstable_if action=reinterpret pc=0x00007fb49533dbf8 method=java.nio.Buffer.nextGetIndex()I @ 8
Event: 0,659 Thread 0x00007fb4a4460800 Uncommon trap: reason=unstable_if action=reinterpret pc=0x00007fb49533d4f0 method=java.nio.Buffer.nextGetIndex()I @ 8
Event: 0,664 Thread 0x00007fb4a4460800 Uncommon trap: reason=unstable_if action=reinterpret pc=0x00007fb49532dc50 method=java.nio.Buffer.nextGetIndex()I @ 8
Event: 0,737 Thread 0x00007fb4a4460800 Uncommon trap: reason=unstable_if action=reinterpret pc=0x00007fb49536705c method=java.lang.CharacterData.of(I)Ljava/lang/CharacterData; @ 4
Event: 0,812 Thread 0x00007fb4a4460800 Uncommon trap: reason=unstable_if action=reinterpret pc=0x00007fb4953cca40 method=java.util.HashMap.putVal(ILjava/lang/Object;Ljava/lang/Object;ZZ)Ljava/lang/Object; @ 94
Event: 0,812 Thread 0x00007fb4a4460800 Uncommon trap: reason=unstable_if action=reinterpret pc=0x00007fb4952877dc method=java.util.HashMap.getNode(ILjava/lang/Object;)Ljava/util/HashMap$Node; @ 62
Event: 9,807 Thread 0x00007fb4a4460800 Uncommon trap: reason=unstable_if action=reinterpret pc=0x00007fb49549145c method=com.sun.org.apache.xerces.internal.impl.XMLEntityScanner.skipChar(I)Z @ 14

Internal exceptions (10 events):
Event: 46,749 Thread 0x00007fb44408a000 Exception <a 'java/net/SocketTimeoutException': Accept timed out> (0x00000000d7670e08) thrown at [/RE-WORK/workspace/8-2-build-linux-amd64/jdk8u45/3457/hotspot/src/share/vm/prims/jni.cpp, line 735]
Event: 46,749 Thread 0x00007fb444093800 Exception <a 'java/net/SocketTimeoutException': Receive timed out> (0x00000000d7715110) thrown at [/RE-WORK/workspace/8-2-build-linux-amd64/jdk8u45/3457/hotspot/src/share/vm/prims/jni.cpp, line 735]
Event: 47,750 Thread 0x00007fb44408a000 Exception <a 'java/net/SocketTimeoutException': Accept timed out> (0x00000000d7671140) thrown at [/RE-WORK/workspace/8-2-build-linux-amd64/jdk8u45/3457/hotspot/src/share/vm/prims/jni.cpp, line 735]
Event: 47,750 Thread 0x00007fb444093800 Exception <a 'java/net/SocketTimeoutException': Receive timed out> (0x00000000d7715450) thrown at [/RE-WORK/workspace/8-2-build-linux-amd64/jdk8u45/3457/hotspot/src/share/vm/prims/jni.cpp, line 735]
Event: 48,751 Thread 0x00007fb44408a000 Exception <a 'java/net/SocketTimeoutException': Accept timed out> (0x00000000d7671478) thrown at [/RE-WORK/workspace/8-2-build-linux-amd64/jdk8u45/3457/hotspot/src/share/vm/prims/jni.cpp, line 735]
Event: 48,751 Thread 0x00007fb444093800 Exception <a 'java/net/SocketTimeoutException': Receive timed out> (0x00000000d7715790) thrown at [/RE-WORK/workspace/8-2-build-linux-amd64/jdk8u45/3457/hotspot/src/share/vm/prims/jni.cpp, line 735]
Event: 49,752 Thread 0x00007fb44408a000 Exception <a 'java/net/SocketTimeoutException': Accept timed out> (0x00000000d76717b0) thrown at [/RE-WORK/workspace/8-2-build-linux-amd64/jdk8u45/3457/hotspot/src/share/vm/prims/jni.cpp, line 735]
Event: 49,752 Thread 0x00007fb444093800 Exception <a 'java/net/SocketTimeoutException': Receive timed out> (0x00000000d7715ad0) thrown at [/RE-WORK/workspace/8-2-build-linux-amd64/jdk8u45/3457/hotspot/src/share/vm/prims/jni.cpp, line 735]
Event: 50,752 Thread 0x00007fb444093800 Exception <a 'java/net/SocketTimeoutException': Receive timed out> (0x00000000d7715e10) thrown at [/RE-WORK/workspace/8-2-build-linux-amd64/jdk8u45/3457/hotspot/src/share/vm/prims/jni.cpp, line 735]
Event: 50,753 Thread 0x00007fb44408a000 Exception <a 'java/net/SocketTimeoutException': Accept timed out> (0x00000000d7671ae8) thrown at [/RE-WORK/workspace/8-2-build-linux-amd64/jdk8u45/3457/hotspot/src/share/vm/prims/jni.cpp, line 735]

Events (10 events):
Event: 10,000 loading class java/util/regex/Pattern$First
Event: 10,000 loading class java/util/regex/Pattern$First done
Event: 10,001 loading class java/util/regex/ASCII
Event: 10,001 loading class java/util/regex/ASCII done
Event: 10,001 Executing VM operation: RevokeBias
Event: 10,001 Executing VM operation: RevokeBias done
Event: 10,715 loading class java/net/SocketTimeoutException
Event: 10,715 loading class java/net/SocketTimeoutException done
Event: 37,565 Thread 0x00007fb4440a2000 DEOPT PACKING pc=0x00007fb4955b0779 sp=0x00007fb44f110fa0
Event: 37,565 Thread 0x00007fb4440a2000 DEOPT UNPACKING pc=0x00007fb495047633 sp=0x00007fb44f110cd8 mode 0


Dynamic libraries:
00400000-00401000 r-xp 00000000 08:06 9717990                            /usr/lib/jvm/java-8-oracle/bin/java
00600000-00601000 rw-p 00000000 08:06 9717990                            /usr/lib/jvm/java-8-oracle/bin/java
01541000-01562000 rw-p 00000000 00:00 0                                  [heap]
84a00000-89d00000 rw-p 00000000 00:00 0 
89d00000-d6e00000 ---p 00000000 00:00 0 
d6e00000-db600000 rw-p 00000000 00:00 0 
db600000-100000000 ---p 00000000 00:00 0 
100000000-100260000 rw-p 00000000 00:00 0 
100260000-140000000 ---p 00000000 00:00 0 
7fb420000000-7fb420021000 rw-p 00000000 00:00 0 
7fb420021000-7fb424000000 ---p 00000000 00:00 0 
7fb424000000-7fb424021000 rw-p 00000000 00:00 0 
7fb424021000-7fb428000000 ---p 00000000 00:00 0 
7fb428000000-7fb428021000 rw-p 00000000 00:00 0 
7fb428021000-7fb42c000000 ---p 00000000 00:00 0 
7fb42c000000-7fb42c021000 rw-p 00000000 00:00 0 
7fb42c021000-7fb430000000 ---p 00000000 00:00 0 
7fb430000000-7fb430021000 rw-p 00000000 00:00 0 
7fb430021000-7fb434000000 ---p 00000000 00:00 0 
7fb434000000-7fb434021000 rw-p 00000000 00:00 0 
7fb434021000-7fb438000000 ---p 00000000 00:00 0 
7fb438000000-7fb438021000 rw-p 00000000 00:00 0 
7fb438021000-7fb43c000000 ---p 00000000 00:00 0 
7fb43c000000-7fb43c2aa000 rw-p 00000000 00:00 0 
7fb43c2aa000-7fb440000000 ---p 00000000 00:00 0 
7fb440000000-7fb440021000 rw-p 00000000 00:00 0 
7fb440021000-7fb444000000 ---p 00000000 00:00 0 
7fb444000000-7fb4440d6000 rw-p 00000000 00:00 0 
7fb4440d6000-7fb448000000 ---p 00000000 00:00 0 
7fb448000000-7fb448021000 rw-p 00000000 00:00 0 
7fb448021000-7fb44c000000 ---p 00000000 00:00 0 
7fb44d8e4000-7fb44d964000 rw-p 00000000 00:00 0 
7fb44d964000-7fb44dae4000 ---p 00000000 00:00 0 
7fb44dae4000-7fb44dae7000 ---p 00000000 00:00 0 
7fb44dae7000-7fb44dbe5000 rw-p 00000000 00:00 0                          [stack:7460]
7fb44dbe5000-7fb44dbe8000 ---p 00000000 00:00 0 
7fb44dbe8000-7fb44dce6000 rw-p 00000000 00:00 0                          [stack:7459]
7fb44dce6000-7fb44dce9000 ---p 00000000 00:00 0 
7fb44dce9000-7fb44dde7000 rw-p 00000000 00:00 0                          [stack:7458]
7fb44dde7000-7fb44ddea000 ---p 00000000 00:00 0 
7fb44ddea000-7fb44dee8000 rw-p 00000000 00:00 0                          [stack:7456]
7fb44dee8000-7fb44deeb000 ---p 00000000 00:00 0 
7fb44deeb000-7fb44dfe9000 rw-p 00000000 00:00 0 
7fb44dfe9000-7fb44dfec000 ---p 00000000 00:00 0 
7fb44dfec000-7fb44e0ea000 rw-p 00000000 00:00 0                          [stack:7454]
7fb44e0ea000-7fb44e0eb000 ---p 00000000 00:00 0 
7fb44e0eb000-7fb44e8eb000 rw-p 00000000 00:00 0                          [stack:7452]
7fb44e8eb000-7fb44e9e5000 rw-s 00000000 00:04 10780713                   /SYSV00000000 (deleted)
7fb44e9e5000-7fb44ea0f000 r-xp 00000000 08:06 9965471                    /usr/lib/jvm/java-8-oracle/jre/lib/amd64/libdcpr.so
7fb44ea0f000-7fb44ec0f000 ---p 0002a000 08:06 9965471                    /usr/lib/jvm/java-8-oracle/jre/lib/amd64/libdcpr.so
7fb44ec0f000-7fb44ec12000 rw-p 0002a000 08:06 9965471                    /usr/lib/jvm/java-8-oracle/jre/lib/amd64/libdcpr.so
7fb44ec12000-7fb44ee12000 rw-p 00000000 00:00 0 
7fb44ee12000-7fb44f012000 rw-p 00000000 00:00 0 
7fb44f012000-7fb44f015000 ---p 00000000 00:00 0 
7fb44f015000-7fb44f113000 rw-p 00000000 00:00 0                          [stack:7453]
7fb44f113000-7fb44f116000 ---p 00000000 00:00 0 
7fb44f116000-7fb44f214000 rw-p 00000000 00:00 0                          [stack:7445]
7fb44f214000-7fb44f215000 r--s 00000000 08:06 4737771                    /var/cache/fontconfig/087e1975ba9a574b140bb1df193bf770-le64.cache-4
7fb44f215000-7fb44f223000 r--s 00000000 08:06 4737768                    /var/cache/fontconfig/6aa41aa22e18b8fa06a12da28ea9c28b-le64.cache-4
7fb44f223000-7fb44f224000 r--s 00000000 08:06 4718687                    /var/cache/fontconfig/c05880de57d1f5e948fdfacc138775d9-le64.cache-4
7fb44f224000-7fb44f22f000 r--s 00000000 08:06 4718681                    /var/cache/fontconfig/945677eb7aeaf62f1d50efc3fb3ec7d8-le64.cache-4
7fb44f22f000-7fb44f235000 r--s 00000000 08:06 4718667                    /var/cache/fontconfig/2cd17615ca594fa2959ae173292e504c-le64.cache-4
7fb44f235000-7fb44f236000 r--s 00000000 08:06 4718697                    /var/cache/fontconfig/e7071f4a29fa870f4323321c154eba04-le64.cache-4
7fb44f236000-7fb44f237000 r--s 00000000 08:06 4718664                    /var/cache/fontconfig/0d8c3b2ac0904cb8a57a757ad11a4a08-le64.cache-4
7fb44f237000-7fb44f23e000 r--s 00000000 08:06 4718684                    /var/cache/fontconfig/a755afe4a08bf5b97852ceb7400b47bc-le64.cache-4
7fb44f23e000-7fb44f242000 r--s 00000000 08:06 4728115                    /var/cache/fontconfig/6d41288fd70b0be22e8c3a91e032eec0-le64.cache-4
7fb44f242000-7fb44f256000 r--s 00000000 08:06 4718662                    /var/cache/fontconfig/04aabc0a78ac019cf9454389977116d2-le64.cache-4
7fb44f256000-7fb44f257000 r--s 00000000 08:06 4718666                    /var/cache/fontconfig/1ac9eb803944fde146138c791f5cc56a-le64.cache-4
7fb44f257000-7fb44f258000 r--s 00000000 08:06 4737762                    /var/cache/fontconfig/b95bc8ffbebda2bbdae4265e45b8178d-le64.cache-4
7fb44f258000-7fb44f25c000 r--s 00000000 08:06 4718670                    /var/cache/fontconfig/385c0604a188198f04d133e54aba7fe7-le64.cache-4
7fb44f25c000-7fb44f25d000 r--s 00000000 08:06 4737761                    /var/cache/fontconfig/9c956a7723ca69a44b382d9179c9802f-le64.cache-4
7fb44f25d000-7fb44f25e000 r--s 00000000 08:06 4718694                    /var/cache/fontconfig/dc05db6664285cc2f12bf69c139ae4c3-le64.cache-4
7fb44f25e000-7fb44f25f000 r--s 00000000 08:06 4737758                    /var/cache/fontconfig/5d1cca7074f29429a8d18692746c2426-le64.cache-4
7fb44f25f000-7fb44f261000 r--s 00000000 08:06 4718678                    /var/cache/fontconfig/767a8244fc0220cfb567a839d0392e0b-le64.cache-4
7fb44f261000-7fb44f262000 r--s 00000000 08:06 4724512                    /var/cache/fontconfig/4794a0821666d79190d59a36cb4f44b5-le64.cache-4
7fb44f262000-7fb44f263000 r--s 00000000 08:06 4737755                    /var/cache/fontconfig/9eae20f1ff8cc0a7d125749e875856bd-le64.cache-4
7fb44f263000-7fb44f265000 r--s 00000000 08:06 4737753                    /var/cache/fontconfig/bf2c1853a9e9b00bb02fe2e9bcf1e201-le64.cache-4
7fb44f265000-7fb44f26a000 r--s 00000000 08:06 4718680                    /var/cache/fontconfig/8801497958630a81b71ace7c5f9b32a8-le64.cache-4
7fb44f26a000-7fb44f26e000 r--s 00000000 08:06 4728040                    /var/cache/fontconfig/c57959a16110560c8d0fcea73374aeeb-le64.cache-4
7fb44f26e000-7fb44f275000 r--s 00000000 08:06 4718668                    /var/cache/fontconfig/3047814df9a2f067bd2d96a2b9c36e5a-le64.cache-4
7fb44f275000-7fb44f279000 r--s 00000000 08:06 4737750                    /var/cache/fontconfig/bf3b770c553c462765856025a94f1ce6-le64.cache-4
7fb44f279000-7fb44f27a000 r--s 00000000 08:06 4718674                    /var/cache/fontconfig/56cf4f4769d0f4abc89a4895d7bd3ae1-le64.cache-4
7fb44f27a000-7fb44f27b000 r--s 00000000 08:06 4718686                    /var/cache/fontconfig/b9d506c9ac06c20b433354fa67a72993-le64.cache-4
7fb44f27b000-7fb44f281000 r--s 00000000 08:06 4718685                    /var/cache/fontconfig/b47c4e1ecd0709278f4910c18777a504-le64.cache-4
7fb44f281000-7fb44f284000 r--s 00000000 08:06 4737744                    /var/cache/fontconfig/14d493b97896515cad3840ba4896e372-le64.cache-4
7fb44f284000-7fb44f285000 r--s 00000000 08:06 4737743                    /var/cache/fontconfig/89034621ae2a8922916bb6bfa5799546-le64.cache-4
7fb44f285000-7fb44f288000 r--s 00000000 08:06 4737737                    /var/cache/fontconfig/e49e89034d371f0f9de17aab02136486-le64.cache-4
7fb44f288000-7fb44f28a000 r--s 00000000 08:06 4737728                    /var/cache/fontconfig/4b14b093aebc79c320de5e86ae1d3314-le64.cache-4
7fb44f28a000-7fb44f28b000 r--s 00000000 08:06 4737726                    /var/cache/fontconfig/8aec10f4cc8391dcef22ca549f1e4354-le64.cache-4
7fb44f28b000-7fb44f29e000 r--s 00000000 08:06 4718691                    /var/cache/fontconfig/d52a8644073d54c13679302ca1180695-le64.cache-4
7fb44f29e000-7fb44f29f000 r--s 00000000 08:06 4737721                    /var/cache/fontconfig/8a687c406b77f27d99abfeeba937fcce-le64.cache-4
7fb44f29f000-7fb44f2a8000 r--s 00000000 08:06 4724829                    /var/cache/fontconfig/3f7329c5293ffd510edef78f73874cfd-le64.cache-4
7fb44f2a8000-7fb44f2a9000 r--s 00000000 08:06 4737715                    /var/cache/fontconfig/ac2cf712d852da827a87a9baf682f5b9-le64.cache-4
7fb44f2a9000-7fb44f2ab000 r--s 00000000 08:06 4737714                    /var/cache/fontconfig/65f976e5259cbe6dc7697b8648396239-le64.cache-4
7fb44f2ab000-7fb44f2b6000 r--s 00000000 08:06 4737708                    /var/cache/fontconfig/d589a48862398ed80a3d6066f4f56f4c-le64.cache-4
7fb44f2b6000-7fb44f2b8000 r--s 00000000 08:06 4737703                    /var/cache/fontconfig/423767150eb258c59035de29db6fca84-le64.cache-4
7fb44f341000-7fb44f344000 rw-p 00000000 00:00 0 
7fb44f344000-7fb44f347000 ---p 00000000 00:00 0 
7fb44f347000-7fb44f445000 rw-p 00000000 00:00 0                          [stack:7444]
7fb44f445000-7fb44f448000 ---p 00000000 00:00 0 
7fb44f448000-7fb44f546000 rw-p 00000000 00:00 0                          [stack:7451]
7fb44f546000-7fb44f559000 r--s 00344000 08:06 9839889                    /usr/lib/jvm/java-8-oracle/jre/lib/resources.jar
7fb44f559000-7fb44f5c2000 r-xp 00000000 08:06 9965487                    /usr/lib/jvm/java-8-oracle/jre/lib/amd64/libt2k.so
7fb44f5c2000-7fb44f7c1000 ---p 00069000 08:06 9965487                    /usr/lib/jvm/java-8-oracle/jre/lib/amd64/libt2k.so
7fb44f7c1000-7fb44f7c8000 rw-p 00068000 08:06 9965487                    /usr/lib/jvm/java-8-oracle/jre/lib/amd64/libt2k.so
7fb44f7c8000-7fb44f7d8000 rw-p 00000000 00:00 0 
7fb44f7d8000-7fb44f7e9000 r-xp 00000000 08:06 9963675                    /usr/lib/jvm/java-8-oracle/jre/lib/amd64/libnio.so
7fb44f7e9000-7fb44f9e8000 ---p 00011000 08:06 9963675                    /usr/lib/jvm/java-8-oracle/jre/lib/amd64/libnio.so
7fb44f9e8000-7fb44f9e9000 rw-p 00010000 08:06 9963675                    /usr/lib/jvm/java-8-oracle/jre/lib/amd64/libnio.so
7fb44f9e9000-7fb44f9ff000 r-xp 00000000 08:06 9965488                    /usr/lib/jvm/java-8-oracle/jre/lib/amd64/libnet.so
7fb44f9ff000-7fb44fbff000 ---p 00016000 08:06 9965488                    /usr/lib/jvm/java-8-oracle/jre/lib/amd64/libnet.so
7fb44fbff000-7fb44fc00000 rw-p 00016000 08:06 9965488                    /usr/lib/jvm/java-8-oracle/jre/lib/amd64/libnet.so
7fb44fc00000-7fb44fe00000 rw-p 00000000 00:00 0 
7fb44fe00000-7fb450000000 rw-p 00000000 00:00 0 
7fb450000000-7fb450021000 rw-p 00000000 00:00 0 
7fb450021000-7fb454000000 ---p 00000000 00:00 0 
7fb454000000-7fb454024000 rw-p 00000000 00:00 0 
7fb454024000-7fb458000000 ---p 00000000 00:00 0 
7fb458000000-7fb458021000 rw-p 00000000 00:00 0 
7fb458021000-7fb45c000000 ---p 00000000 00:00 0 
7fb45c000000-7fb45c021000 rw-p 00000000 00:00 0 
7fb45c021000-7fb460000000 ---p 00000000 00:00 0 
7fb460000000-7fb460784000 rw-p 00000000 00:00 0 
7fb460784000-7fb464000000 ---p 00000000 00:00 0 
7fb464000000-7fb464785000 rw-p 00000000 00:00 0 
7fb464785000-7fb468000000 ---p 00000000 00:00 0 
7fb468000000-7fb468021000 rw-p 00000000 00:00 0 
7fb468021000-7fb46c000000 ---p 00000000 00:00 0 
7fb46c000000-7fb46c38c000 rw-p 00000000 00:00 0 
7fb46c38c000-7fb470000000 ---p 00000000 00:00 0 
7fb470000000-7fb470021000 rw-p 00000000 00:00 0 
7fb470021000-7fb474000000 ---p 00000000 00:00 0 
7fb474000000-7fb474021000 rw-p 00000000 00:00 0 
7fb474021000-7fb478000000 ---p 00000000 00:00 0 
7fb478000000-7fb478021000 rw-p 00000000 00:00 0 
7fb478021000-7fb47c000000 ---p 00000000 00:00 0 
7fb47c000000-7fb47c001000 r--s 00000000 08:06 4737705                    /var/cache/fontconfig/94f7fe9bd33aadfac165873bd010d595-le64.cache-4
7fb47c001000-7fb47c002000 r--s 00000000 08:06 4737700                    /var/cache/fontconfig/845c20fd2c4814bcec78e05d37a63ccc-le64.cache-4
7fb47c002000-7fb47c003000 r--s 00000000 08:06 4737697                    /var/cache/fontconfig/e7de81b01590fb7e12b38e274e17d0db-le64.cache-4
7fb47c003000-7fb47c004000 r--s 00000000 08:06 4737695                    /var/cache/fontconfig/406a1d2d2bf3ed7664fbadefac0b2f66-le64.cache-4
7fb47c004000-7fb47c007000 ---p 00000000 00:00 0 
7fb47c007000-7fb47c105000 rw-p 00000000 00:00 0                          [stack:7442]
7fb47c105000-7fb47c10a000 r-xp 00000000 08:06 9701798                    /usr/lib/x86_64-linux-gnu/libXfixes.so.3.1.0
7fb47c10a000-7fb47c309000 ---p 00005000 08:06 9701798                    /usr/lib/x86_64-linux-gnu/libXfixes.so.3.1.0
7fb47c309000-7fb47c30a000 r--p 00004000 08:06 9701798                    /usr/lib/x86_64-linux-gnu/libXfixes.so.3.1.0
7fb47c30a000-7fb47c30b000 rw-p 00005000 08:06 9701798                    /usr/lib/x86_64-linux-gnu/libXfixes.so.3.1.0
7fb47c30b000-7fb47c314000 r-xp 00000000 08:06 9707421                    /usr/lib/x86_64-linux-gnu/libXcursor.so.1.0.2
7fb47c314000-7fb47c513000 ---p 00009000 08:06 9707421                    /usr/lib/x86_64-linux-gnu/libXcursor.so.1.0.2
7fb47c513000-7fb47c514000 r--p 00008000 08:06 9707421                    /usr/lib/x86_64-linux-gnu/libXcursor.so.1.0.2
7fb47c514000-7fb47c515000 rw-p 00009000 08:06 9707421                    /usr/lib/x86_64-linux-gnu/libXcursor.so.1.0.2
7fb47c515000-7fb47c518000 ---p 00000000 00:00 0 
7fb47c518000-7fb47c616000 rw-p 00000000 00:00 0                          [stack:7441]
7fb47c616000-7fb47c67b000 r-xp 00000000 08:06 9965504                    /usr/lib/jvm/java-8-oracle/jre/lib/amd64/libfontmanager.so
7fb47c67b000-7fb47c87a000 ---p 00065000 08:06 9965504                    /usr/lib/jvm/java-8-oracle/jre/lib/amd64/libfontmanager.so
7fb47c87a000-7fb47c87f000 rw-p 00064000 08:06 9965504                    /usr/lib/jvm/java-8-oracle/jre/lib/amd64/libfontmanager.so
7fb47c87f000-7fb47c88f000 rw-p 00000000 00:00 0 
7fb47c88f000-7fb47c894000 r-xp 00000000 08:06 9707425                    /usr/lib/x86_64-linux-gnu/libXdmcp.so.6.0.0
7fb47c894000-7fb47ca93000 ---p 00005000 08:06 9707425                    /usr/lib/x86_64-linux-gnu/libXdmcp.so.6.0.0
7fb47ca93000-7fb47ca94000 r--p 00004000 08:06 9707425                    /usr/lib/x86_64-linux-gnu/libXdmcp.so.6.0.0
7fb47ca94000-7fb47ca95000 rw-p 00005000 08:06 9707425                    /usr/lib/x86_64-linux-gnu/libXdmcp.so.6.0.0
7fb47ca95000-7fb47ca97000 r-xp 00000000 08:06 9707414                    /usr/lib/x86_64-linux-gnu/libXau.so.6.0.0
7fb47ca97000-7fb47cc97000 ---p 00002000 08:06 9707414                    /usr/lib/x86_64-linux-gnu/libXau.so.6.0.0
7fb47cc97000-7fb47cc98000 r--p 00002000 08:06 9707414                    /usr/lib/x86_64-linux-gnu/libXau.so.6.0.0
7fb47cc98000-7fb47cc99000 rw-p 00003000 08:06 9707414                    /usr/lib/x86_64-linux-gnu/libXau.so.6.0.0
7fb47cc99000-7fb47ccb6000 r-xp 00000000 08:06 9708484                    /usr/lib/x86_64-linux-gnu/libxcb.so.1.1.0
7fb47ccb6000-7fb47ceb6000 ---p 0001d000 08:06 9708484                    /usr/lib/x86_64-linux-gnu/libxcb.so.1.1.0
7fb47ceb6000-7fb47ceb7000 r--p 0001d000 08:06 9708484                    /usr/lib/x86_64-linux-gnu/libxcb.so.1.1.0
7fb47ceb7000-7fb47ceb8000 rw-p 0001e000 08:06 9708484                    /usr/lib/x86_64-linux-gnu/libxcb.so.1.1.0
7fb47ceb8000-7fb47cec7000 r-xp 00000000 08:06 9713637                    /usr/lib/x86_64-linux-gnu/libXi.so.6.1.0
7fb47cec7000-7fb47d0c6000 ---p 0000f000 08:06 9713637                    /usr/lib/x86_64-linux-gnu/libXi.so.6.1.0
7fb47d0c6000-7fb47d0c7000 r--p 0000e000 08:06 9713637                    /usr/lib/x86_64-linux-gnu/libXi.so.6.1.0
7fb47d0c7000-7fb47d0c8000 rw-p 0000f000 08:06 9713637                    /usr/lib/x86_64-linux-gnu/libXi.so.6.1.0
7fb47d0c8000-7fb47d0cd000 r-xp 00000000 08:06 9707455                    /usr/lib/x86_64-linux-gnu/libXtst.so.6.1.0
7fb47d0cd000-7fb47d2cc000 ---p 00005000 08:06 9707455                    /usr/lib/x86_64-linux-gnu/libXtst.so.6.1.0
7fb47d2cc000-7fb47d2cd000 r--p 00004000 08:06 9707455                    /usr/lib/x86_64-linux-gnu/libXtst.so.6.1.0
7fb47d2cd000-7fb47d2ce000 rw-p 00005000 08:06 9707455                    /usr/lib/x86_64-linux-gnu/libXtst.so.6.1.0
7fb47d2ce000-7fb47d2d7000 r-xp 00000000 08:06 9701708                    /usr/lib/x86_64-linux-gnu/libXrender.so.1.3.0
7fb47d2d7000-7fb47d4d6000 ---p 00009000 08:06 9701708                    /usr/lib/x86_64-linux-gnu/libXrender.so.1.3.0
7fb47d4d6000-7fb47d4d7000 r--p 00008000 08:06 9701708                    /usr/lib/x86_64-linux-gnu/libXrender.so.1.3.0
7fb47d4d7000-7fb47d4d8000 rw-p 00009000 08:06 9701708                    /usr/lib/x86_64-linux-gnu/libXrender.so.1.3.0
7fb47d4d8000-7fb47d608000 r-xp 00000000 08:06 9707410                    /usr/lib/x86_64-linux-gnu/libX11.so.6.3.0
7fb47d608000-7fb47d808000 ---p 00130000 08:06 9707410                    /usr/lib/x86_64-linux-gnu/libX11.so.6.3.0
7fb47d808000-7fb47d809000 r--p 00130000 08:06 9707410                    /usr/lib/x86_64-linux-gnu/libX11.so.6.3.0
7fb47d809000-7fb47d80d000 rw-p 00131000 08:06 9707410                    /usr/lib/x86_64-linux-gnu/libX11.so.6.3.0
7fb47d80d000-7fb47d81e000 r-xp 00000000 08:06 9701280                    /usr/lib/x86_64-linux-gnu/libXext.so.6.4.0
7fb47d81e000-7fb47da1d000 ---p 00011000 08:06 9701280                    /usr/lib/x86_64-linux-gnu/libXext.so.6.4.0
7fb47da1d000-7fb47da1e000 r--p 00010000 08:06 9701280                    /usr/lib/x86_64-linux-gnu/libXext.so.6.4.0
7fb47da1e000-7fb47da1f000 rw-p 00011000 08:06 9701280                    /usr/lib/x86_64-linux-gnu/libXext.so.6.4.0
7fb47da1f000-7fb47da73000 r-xp 00000000 08:06 9965493                    /usr/lib/jvm/java-8-oracle/jre/lib/amd64/libawt_xawt.so
7fb47da73000-7fb47dc73000 ---p 00054000 08:06 9965493                    /usr/lib/jvm/java-8-oracle/jre/lib/amd64/libawt_xawt.so
7fb47dc73000-7fb47dc77000 rw-p 00054000 08:06 9965493                    /usr/lib/jvm/java-8-oracle/jre/lib/amd64/libawt_xawt.so
7fb47dc77000-7fb47dc78000 rw-p 00000000 00:00 0 
7fb47dc78000-7fb47dd1a000 r-xp 00000000 08:06 9965501                    /usr/lib/jvm/java-8-oracle/jre/lib/amd64/libawt.so
7fb47dd1a000-7fb47df1a000 ---p 000a2000 08:06 9965501                    /usr/lib/jvm/java-8-oracle/jre/lib/amd64/libawt.so
7fb47df1a000-7fb47df26000 rw-p 000a2000 08:06 9965501                    /usr/lib/jvm/java-8-oracle/jre/lib/amd64/libawt.so
7fb47df26000-7fb47df4a000 rw-p 00000000 00:00 0 
7fb47df4a000-7fb47df60000 r-xp 00000000 08:06 3280771                    /lib/x86_64-linux-gnu/libgcc_s.so.1
7fb47df60000-7fb47e15f000 ---p 00016000 08:06 3280771                    /lib/x86_64-linux-gnu/libgcc_s.so.1
7fb47e15f000-7fb47e160000 rw-p 00015000 08:06 3280771                    /lib/x86_64-linux-gnu/libgcc_s.so.1
7fb47e160000-7fb47e246000 r-xp 00000000 08:06 9708320                    /usr/lib/x86_64-linux-gnu/libstdc++.so.6.0.19
7fb47e246000-7fb47e445000 ---p 000e6000 08:06 9708320                    /usr/lib/x86_64-linux-gnu/libstdc++.so.6.0.19
7fb47e445000-7fb47e44d000 r--p 000e5000 08:06 9708320                    /usr/lib/x86_64-linux-gnu/libstdc++.so.6.0.19
7fb47e44d000-7fb47e44f000 rw-p 000ed000 08:06 9708320                    /usr/lib/x86_64-linux-gnu/libstdc++.so.6.0.19
7fb47e44f000-7fb47e464000 rw-p 00000000 00:00 0 
7fb47e464000-7fb47e483000 r-xp 00000000 08:06 9990275                    /usr/lib/jvm/java-8-oracle/jre/lib/amd64/libremoteApiJava.so
7fb47e483000-7fb47e682000 ---p 0001f000 08:06 9990275                    /usr/lib/jvm/java-8-oracle/jre/lib/amd64/libremoteApiJava.so
7fb47e682000-7fb47e683000 r--p 0001e000 08:06 9990275                    /usr/lib/jvm/java-8-oracle/jre/lib/amd64/libremoteApiJava.so
7fb47e683000-7fb47e684000 rw-p 0001f000 08:06 9990275                    /usr/lib/jvm/java-8-oracle/jre/lib/amd64/libremoteApiJava.so
7fb47e684000-7fb47e699000 rw-p 00000000 00:00 0 
7fb47e699000-7fb47e69a000 ---p 00000000 00:00 0 
7fb47e69a000-7fb47e79a000 rw-p 00000000 00:00 0                          [stack:7440]
7fb47e79a000-7fb47e79d000 ---p 00000000 00:00 0 
7fb47e79d000-7fb47e89b000 rw-p 00000000 00:00 0                          [stack:7439]
7fb47e89b000-7fb47e89e000 ---p 00000000 00:00 0 
7fb47e89e000-7fb47e99c000 rw-p 00000000 00:00 0                          [stack:7438]
7fb47e99c000-7fb47e99f000 ---p 00000000 00:00 0 
7fb47e99f000-7fb47ea9d000 rw-p 00000000 00:00 0                          [stack:7437]
7fb47ea9d000-7fb47eaa0000 ---p 00000000 00:00 0 
7fb47eaa0000-7fb47eb9e000 rw-p 00000000 00:00 0                          [stack:7436]
7fb47eb9e000-7fb47eba1000 ---p 00000000 00:00 0 
7fb47eba1000-7fb47ec9f000 rw-p 00000000 00:00 0                          [stack:7435]
7fb47ec9f000-7fb47f4f5000 r--p 00000000 08:06 9706407                    /usr/lib/locale/locale-archive
7fb47f4f5000-7fb47f4f8000 ---p 00000000 00:00 0 
7fb47f4f8000-7fb47f5f6000 rw-p 00000000 00:00 0                          [stack:7433]
7fb47f5f6000-7fb47f5f9000 ---p 00000000 00:00 0 
7fb47f5f9000-7fb47f6f7000 rw-p 00000000 00:00 0                          [stack:7432]
7fb47f6f7000-7fb47f6f8000 ---p 00000000 00:00 0 
7fb47f6f8000-7fb480000000 rw-p 00000000 00:00 0                          [stack:7431]
7fb480000000-7fb480021000 rw-p 00000000 00:00 0 
7fb480021000-7fb484000000 ---p 00000000 00:00 0 
7fb484000000-7fb484021000 rw-p 00000000 00:00 0 
7fb484021000-7fb488000000 ---p 00000000 00:00 0 
7fb488000000-7fb488021000 rw-p 00000000 00:00 0 
7fb488021000-7fb48c000000 ---p 00000000 00:00 0 
7fb48c000000-7fb48c002000 r--s 00000000 08:06 4737690                    /var/cache/fontconfig/67709b7835c0f764c1135060c9575660-le64.cache-4
7fb48c002000-7fb48c00c000 r--s 00000000 08:06 4737687                    /var/cache/fontconfig/198d8fcf01c96d0cf813f74fd759bdb7-le64.cache-4
7fb48c00c000-7fb48c00d000 r--s 00000000 08:06 4718663                    /var/cache/fontconfig/0c9eb80ebd1c36541ebe2852d3bb0c49-le64.cache-4
7fb48c00d000-7fb48c018000 r--s 00000000 08:06 4728719                    /var/cache/fontconfig/83bf95040141907cd45bb53cf7c1c148-le64.cache-4
7fb48c018000-7fb48c01a000 r--s 00000000 08:06 4728351                    /var/cache/fontconfig/6e6b34ae150a7ad95e82fb4a522f0bda-le64.cache-4
7fb48c01a000-7fb48c021000 r--s 00000000 08:06 4728293                    /var/cache/fontconfig/53d14c92082a93e67d5078324eb314ca-le64.cache-4
7fb48c021000-7fb48c025000 r--s 00000000 08:06 4728284                    /var/cache/fontconfig/6c08beecf0dac481ec92e759e0c2e6d7-le64.cache-4
7fb48c025000-7fb48c029000 r--s 00000000 08:06 4728280                    /var/cache/fontconfig/4d6aee6d44eccb37054d3216e945f618-le64.cache-4
7fb48c029000-7fb48c02d000 r--s 00000000 08:06 4728266                    /var/cache/fontconfig/d6c6df98c3df5faf9bd0f8ef4d91efe5-le64.cache-4
7fb48c02d000-7fb48c04e000 r--s 00000000 08:06 4728117                    /var/cache/fontconfig/e13b20fdb08344e0e664864cc2ede53d-le64.cache-4
7fb48c04e000-7fb490000000 rw-p 00000000 00:00 0 
7fb490000000-7fb490021000 rw-p 00000000 00:00 0 
7fb490021000-7fb494000000 ---p 00000000 00:00 0 
7fb494000000-7fb494001000 r--s 00000000 08:06 4728325                    /var/cache/fontconfig/3334a778d104e76d188e9df399bc24d2-le64.cache-4
7fb494001000-7fb494005000 r--s 00000000 08:06 4728233                    /var/cache/fontconfig/9fb319ef52839f11ee26ab8b4cffa12b-le64.cache-4
7fb494005000-7fb494018000 r--s 00000000 08:06 4728219                    /var/cache/fontconfig/4ac51e5cfbc76fc3f983e470323a16d3-le64.cache-4
7fb494018000-7fb49401b000 r--s 00000000 08:06 4728197                    /var/cache/fontconfig/c19b55eb3b4c5b40ea175e31682068a5-le64.cache-4
7fb49401b000-7fb49401c000 r--s 00000000 08:06 4728162                    /var/cache/fontconfig/c277e94e32b20404286a1ddafa5a80f0-le64.cache-4
7fb49401c000-7fb49401f000 r--s 00000000 08:06 4728146                    /var/cache/fontconfig/de83a0a961185c8bd1f159015d56c039-le64.cache-4
7fb49401f000-7fb494024000 r--s 00000000 08:06 4720248                    /var/cache/fontconfig/7ef2298fde41cc6eeb7af42e48b7d293-le64.cache-4
7fb494024000-7fb494026000 r--s 00000000 08:06 4720247                    /var/cache/fontconfig/16326683038b281783a0ef8c680e3a10-le64.cache-4
7fb494026000-7fb494033000 r--s 00000000 08:06 4719916                    /var/cache/fontconfig/8f02d4cb045bd6ce15663e43f347c9f8-le64.cache-4
7fb494033000-7fb494051000 r--s 00000000 08:06 4721482                    /var/cache/fontconfig/467c019e582ee353435ea5c21d137ef6-le64.cache-4
7fb494051000-7fb494053000 r--s 0000c000 08:06 4327298                    /home/ees/Apps/eclipse/plugins/org.hamcrest.core_1.3.0.v201303031735.jar
7fb494053000-7fb494059000 r--s 00036000 08:06 4327425                    /home/ees/Apps/eclipse/plugins/org.junit_4.11.0.v201303080030/junit.jar
7fb494059000-7fb494064000 r--s 00116000 08:06 9839819                    /usr/lib/jvm/java-8-oracle/jre/lib/ext/localedata.jar
7fb494064000-7fb494080000 r--s 00393000 08:06 9839818                    /usr/lib/jvm/java-8-oracle/jre/lib/ext/cldrdata.jar
7fb494080000-7fb494091000 r--s 0016c000 08:06 5380962                    /home/ees/Java Workspace/third party/JFreeChart/jfreechart-1.0.18.jar
7fb494091000-7fb494627000 rw-p 00000000 00:00 0 
7fb494627000-7fb494800000 r--s 03d09000 08:06 9839893                    /usr/lib/jvm/java-8-oracle/jre/lib/rt.jar
7fb494800000-7fb495000000 rw-p 00000000 00:00 0 
7fb495000000-7fb495610000 rwxp 00000000 00:00 0 
7fb495610000-7fb4a4000000 ---p 00000000 00:00 0 
7fb4a4000000-7fb4a45a0000 rw-p 00000000 00:00 0 
7fb4a45a0000-7fb4a8000000 ---p 00000000 00:00 0 
7fb4a8000000-7fb4a8006000 r--s 0004a000 08:06 5380961                    /home/ees/Java Workspace/third party/JFreeChart/jcommon-1.0.22.jar
7fb4a8006000-7fb4a8009000 r--s 0002c000 08:06 5380909                    /home/ees/Java Workspace/JavaIvyBus/libs/ivy-java.jar
7fb4a8009000-7fb4a800c000 r--s 0002c000 08:06 9839921                    /usr/lib/jvm/java-8-oracle/jre/lib/ext/ivy-java.jar
7fb4a800c000-7fb4a847e000 rw-p 00000000 00:00 0 
7fb4a847e000-7fb4a847f000 ---p 00000000 00:00 0 
7fb4a847f000-7fb4a857f000 rw-p 00000000 00:00 0                          [stack:7430]
7fb4a857f000-7fb4a8580000 ---p 00000000 00:00 0 
7fb4a8580000-7fb4a8680000 rw-p 00000000 00:00 0                          [stack:7429]
7fb4a8680000-7fb4a8681000 ---p 00000000 00:00 0 
7fb4a8681000-7fb4a8781000 rw-p 00000000 00:00 0                          [stack:7428]
7fb4a8781000-7fb4a8782000 ---p 00000000 00:00 0 
7fb4a8782000-7fb4a88ac000 rw-p 00000000 00:00 0                          [stack:7427]
7fb4a88ac000-7fb4a8b14000 ---p 00000000 00:00 0 
7fb4a8b14000-7fb4a8b3e000 rw-p 00000000 00:00 0 
7fb4a8b3e000-7fb4a8da6000 ---p 00000000 00:00 0 
7fb4a8da6000-7fb4a8dca000 rw-p 00000000 00:00 0 
7fb4a8dca000-7fb4a8eef000 ---p 00000000 00:00 0 
7fb4a8eef000-7fb4a8f09000 rw-p 00000000 00:00 0 
7fb4a8f09000-7fb4a92b0000 ---p 00000000 00:00 0 
7fb4a92b0000-7fb4a92ca000 r-xp 00000000 08:06 9965494                    /usr/lib/jvm/java-8-oracle/jre/lib/amd64/libzip.so
7fb4a92ca000-7fb4a94ca000 ---p 0001a000 08:06 9965494                    /usr/lib/jvm/java-8-oracle/jre/lib/amd64/libzip.so
7fb4a94ca000-7fb4a94cb000 rw-p 0001a000 08:06 9965494                    /usr/lib/jvm/java-8-oracle/jre/lib/amd64/libzip.so
7fb4a94cb000-7fb4a94d6000 r-xp 00000000 08:06 3280805                    /lib/x86_64-linux-gnu/libnss_files-2.19.so
7fb4a94d6000-7fb4a96d5000 ---p 0000b000 08:06 3280805                    /lib/x86_64-linux-gnu/libnss_files-2.19.so
7fb4a96d5000-7fb4a96d6000 r--p 0000a000 08:06 3280805                    /lib/x86_64-linux-gnu/libnss_files-2.19.so
7fb4a96d6000-7fb4a96d7000 rw-p 0000b000 08:06 3280805                    /lib/x86_64-linux-gnu/libnss_files-2.19.so
7fb4a96d7000-7fb4a96e2000 r-xp 00000000 08:06 3282648                    /lib/x86_64-linux-gnu/libnss_nis-2.19.so
7fb4a96e2000-7fb4a98e1000 ---p 0000b000 08:06 3282648                    /lib/x86_64-linux-gnu/libnss_nis-2.19.so
7fb4a98e1000-7fb4a98e2000 r--p 0000a000 08:06 3282648                    /lib/x86_64-linux-gnu/libnss_nis-2.19.so
7fb4a98e2000-7fb4a98e3000 rw-p 0000b000 08:06 3282648                    /lib/x86_64-linux-gnu/libnss_nis-2.19.so
7fb4a98e3000-7fb4a98fa000 r-xp 00000000 08:06 3282626                    /lib/x86_64-linux-gnu/libnsl-2.19.so
7fb4a98fa000-7fb4a9af9000 ---p 00017000 08:06 3282626                    /lib/x86_64-linux-gnu/libnsl-2.19.so
7fb4a9af9000-7fb4a9afa000 r--p 00016000 08:06 3282626                    /lib/x86_64-linux-gnu/libnsl-2.19.so
7fb4a9afa000-7fb4a9afb000 rw-p 00017000 08:06 3282626                    /lib/x86_64-linux-gnu/libnsl-2.19.so
7fb4a9afb000-7fb4a9afd000 rw-p 00000000 00:00 0 
7fb4a9afd000-7fb4a9b06000 r-xp 00000000 08:06 3282622                    /lib/x86_64-linux-gnu/libnss_compat-2.19.so
7fb4a9b06000-7fb4a9d05000 ---p 00009000 08:06 3282622                    /lib/x86_64-linux-gnu/libnss_compat-2.19.so
7fb4a9d05000-7fb4a9d06000 r--p 00008000 08:06 3282622                    /lib/x86_64-linux-gnu/libnss_compat-2.19.so
7fb4a9d06000-7fb4a9d07000 rw-p 00009000 08:06 3282622                    /lib/x86_64-linux-gnu/libnss_compat-2.19.so
7fb4a9d07000-7fb4a9d31000 r-xp 00000000 08:06 9965481                    /usr/lib/jvm/java-8-oracle/jre/lib/amd64/libjava.so
7fb4a9d31000-7fb4a9f31000 ---p 0002a000 08:06 9965481                    /usr/lib/jvm/java-8-oracle/jre/lib/amd64/libjava.so
7fb4a9f31000-7fb4a9f33000 rw-p 0002a000 08:06 9965481                    /usr/lib/jvm/java-8-oracle/jre/lib/amd64/libjava.so
7fb4a9f33000-7fb4a9f40000 r-xp 00000000 08:06 9965507                    /usr/lib/jvm/java-8-oracle/jre/lib/amd64/libverify.so
7fb4a9f40000-7fb4aa140000 ---p 0000d000 08:06 9965507                    /usr/lib/jvm/java-8-oracle/jre/lib/amd64/libverify.so
7fb4aa140000-7fb4aa142000 rw-p 0000d000 08:06 9965507                    /usr/lib/jvm/java-8-oracle/jre/lib/amd64/libverify.so
7fb4aa142000-7fb4aa149000 r-xp 00000000 08:06 3282642                    /lib/x86_64-linux-gnu/librt-2.19.so
7fb4aa149000-7fb4aa348000 ---p 00007000 08:06 3282642                    /lib/x86_64-linux-gnu/librt-2.19.so
7fb4aa348000-7fb4aa349000 r--p 00006000 08:06 3282642                    /lib/x86_64-linux-gnu/librt-2.19.so
7fb4aa349000-7fb4aa34a000 rw-p 00007000 08:06 3282642                    /lib/x86_64-linux-gnu/librt-2.19.so
7fb4aa34a000-7fb4aa44f000 r-xp 00000000 08:06 3280801                    /lib/x86_64-linux-gnu/libm-2.19.so
7fb4aa44f000-7fb4aa64e000 ---p 00105000 08:06 3280801                    /lib/x86_64-linux-gnu/libm-2.19.so
7fb4aa64e000-7fb4aa64f000 r--p 00104000 08:06 3280801                    /lib/x86_64-linux-gnu/libm-2.19.so
7fb4aa64f000-7fb4aa650000 rw-p 00105000 08:06 3280801                    /lib/x86_64-linux-gnu/libm-2.19.so
7fb4aa650000-7fb4ab2fe000 r-xp 00000000 08:06 9965516                    /usr/lib/jvm/java-8-oracle/jre/lib/amd64/server/libjvm.so
7fb4ab2fe000-7fb4ab4fd000 ---p 00cae000 08:06 9965516                    /usr/lib/jvm/java-8-oracle/jre/lib/amd64/server/libjvm.so
7fb4ab4fd000-7fb4ab5d4000 rw-p 00cad000 08:06 9965516                    /usr/lib/jvm/java-8-oracle/jre/lib/amd64/server/libjvm.so
7fb4ab5d4000-7fb4ab618000 rw-p 00000000 00:00 0 
7fb4ab618000-7fb4ab7d3000 r-xp 00000000 08:06 3282636                    /lib/x86_64-linux-gnu/libc-2.19.so
7fb4ab7d3000-7fb4ab9d2000 ---p 001bb000 08:06 3282636                    /lib/x86_64-linux-gnu/libc-2.19.so
7fb4ab9d2000-7fb4ab9d6000 r--p 001ba000 08:06 3282636                    /lib/x86_64-linux-gnu/libc-2.19.so
7fb4ab9d6000-7fb4ab9d8000 rw-p 001be000 08:06 3282636                    /lib/x86_64-linux-gnu/libc-2.19.so
7fb4ab9d8000-7fb4ab9dd000 rw-p 00000000 00:00 0 
7fb4ab9dd000-7fb4ab9e0000 r-xp 00000000 08:06 3282612                    /lib/x86_64-linux-gnu/libdl-2.19.so
7fb4ab9e0000-7fb4abbdf000 ---p 00003000 08:06 3282612                    /lib/x86_64-linux-gnu/libdl-2.19.so
7fb4abbdf000-7fb4abbe0000 r--p 00002000 08:06 3282612                    /lib/x86_64-linux-gnu/libdl-2.19.so
7fb4abbe0000-7fb4abbe1000 rw-p 00003000 08:06 3282612                    /lib/x86_64-linux-gnu/libdl-2.19.so
7fb4abbe1000-7fb4abbf6000 r-xp 00000000 08:06 9700047                    /usr/lib/jvm/java-8-oracle/lib/amd64/jli/libjli.so
7fb4abbf6000-7fb4abdf6000 ---p 00015000 08:06 9700047                    /usr/lib/jvm/java-8-oracle/lib/amd64/jli/libjli.so
7fb4abdf6000-7fb4abdf7000 rw-p 00015000 08:06 9700047                    /usr/lib/jvm/java-8-oracle/lib/amd64/jli/libjli.so
7fb4abdf7000-7fb4abe10000 r-xp 00000000 08:06 3282638                    /lib/x86_64-linux-gnu/libpthread-2.19.so
7fb4abe10000-7fb4ac00f000 ---p 00019000 08:06 3282638                    /lib/x86_64-linux-gnu/libpthread-2.19.so
7fb4ac00f000-7fb4ac010000 r--p 00018000 08:06 3282638                    /lib/x86_64-linux-gnu/libpthread-2.19.so
7fb4ac010000-7fb4ac011000 rw-p 00019000 08:06 3282638                    /lib/x86_64-linux-gnu/libpthread-2.19.so
7fb4ac011000-7fb4ac015000 rw-p 00000000 00:00 0 
7fb4ac015000-7fb4ac038000 r-xp 00000000 08:06 3282630                    /lib/x86_64-linux-gnu/ld-2.19.so
7fb4ac038000-7fb4ac039000 r--s 00000000 08:06 4737779                    /var/cache/fontconfig/e0aa53bcfa504e64f87823c16bc01eb6-le64.cache-4
7fb4ac039000-7fb4ac0fe000 rw-p 00000000 00:00 0 
7fb4ac0fe000-7fb4ac101000 ---p 00000000 00:00 0 
7fb4ac101000-7fb4ac203000 rw-p 00000000 00:00 0                          [stack:7423]
7fb4ac203000-7fb4ac204000 r--s 0000d000 08:06 5380908                    /home/ees/Java Workspace/JavaIvyBus/libs/ivy-1.2.13.jar
7fb4ac204000-7fb4ac22b000 rw-p 00000000 00:00 0 
7fb4ac22b000-7fb4ac233000 rw-s 00000000 08:06 11163383                   /tmp/hsperfdata_ees/7421
7fb4ac233000-7fb4ac234000 rw-p 00000000 00:00 0 
7fb4ac234000-7fb4ac235000 r--p 00000000 00:00 0 
7fb4ac235000-7fb4ac237000 rw-p 00000000 00:00 0 
7fb4ac237000-7fb4ac238000 r--p 00022000 08:06 3282630                    /lib/x86_64-linux-gnu/ld-2.19.so
7fb4ac238000-7fb4ac239000 rw-p 00023000 08:06 3282630                    /lib/x86_64-linux-gnu/ld-2.19.so
7fb4ac239000-7fb4ac23a000 rw-p 00000000 00:00 0 
7ffc0a6ac000-7ffc0a6cd000 rw-p 00000000 00:00 0                          [stack]
7ffc0a723000-7ffc0a725000 r-xp 00000000 00:00 0                          [vdso]
ffffffffff600000-ffffffffff601000 r-xp 00000000 00:00 0                  [vsyscall]

VM Arguments:
jvm_args: -Dfile.encoding=ISO-8859-1 
java_command: velinov.java.finken.app.FinkenSimBridge
java_class_path (initial): /home/ees/Java Workspace/JavaFinkenApp/classes:/home/ees/Java Workspace/JavaFinken/classes:/home/ees/Java Workspace/JavaIvyBus/classes:/home/ees/Java Workspace/JavaIvyBus/libs/ivy-java.jar:/home/ees/Java Workspace/JavaIvyBus/libs/ivy-1.2.13.jar:/home/ees/Java Workspace/JavaEventDispatch/classes:/home/ees/Java Workspace/JavaJFreeChart/classes:/home/ees/Java Workspace/third party/JFreeChart/jcommon-1.0.22.jar:/home/ees/Java Workspace/third party/JFreeChart/jfreechart-1.0.18.jar:/home/ees/Java Workspace/JavaVREP/classes:/home/ees/Apps/eclipse/plugins/org.junit_4.11.0.v201303080030/junit.jar:/home/ees/Apps/eclipse/plugins/org.hamcrest.core_1.3.0.v201303031735.jar:/home/ees/Java Workspace/JavaXmlSAX/classes
Launcher Type: SUN_STANDARD

Environment Variables:
PATH=/usr/local/sbin:/usr/local/bin:/usr/sbin:/usr/bin:/sbin:/bin:/usr/games:/usr/local/games
SHELL=/bin/bash
DISPLAY=:0

Signal Handlers:
SIGSEGV: [libjvm.so+0xaad1e0], sa_mask[0]=11111111011111111101111111111110, sa_flags=SA_RESTART|SA_SIGINFO
SIGBUS: [libjvm.so+0xaad1e0], sa_mask[0]=11111111011111111101111111111110, sa_flags=SA_RESTART|SA_SIGINFO
SIGFPE: [libjvm.so+0x90b450], sa_mask[0]=11111111011111111101111111111110, sa_flags=SA_RESTART|SA_SIGINFO
SIGPIPE: [libjvm.so+0x90b450], sa_mask[0]=11111111011111111101111111111110, sa_flags=SA_RESTART|SA_SIGINFO
SIGXFSZ: [libjvm.so+0x90b450], sa_mask[0]=11111111011111111101111111111110, sa_flags=SA_RESTART|SA_SIGINFO
SIGILL: [libjvm.so+0x90b450], sa_mask[0]=11111111011111111101111111111110, sa_flags=SA_RESTART|SA_SIGINFO
SIGUSR1: SIG_DFL, sa_mask[0]=00000000000000000000000000000000, sa_flags=none
SIGUSR2: [libjvm.so+0x90ca90], sa_mask[0]=00100000000000000000000000000000, sa_flags=SA_RESTART|SA_SIGINFO
SIGHUP: [libjvm.so+0x90dde0], sa_mask[0]=11111111011111111101111111111110, sa_flags=SA_RESTART|SA_SIGINFO
SIGINT: [libjvm.so+0x90dde0], sa_mask[0]=11111111011111111101111111111110, sa_flags=SA_RESTART|SA_SIGINFO
SIGTERM: [libjvm.so+0x90dde0], sa_mask[0]=11111111011111111101111111111110, sa_flags=SA_RESTART|SA_SIGINFO
SIGQUIT: [libjvm.so+0x90dde0], sa_mask[0]=11111111011111111101111111111110, sa_flags=SA_RESTART|SA_SIGINFO


---------------  S Y S T E M  ---------------

OS:DISTRIB_ID=Ubuntu
DISTRIB_RELEASE=14.04
DISTRIB_CODENAME=trusty
DISTRIB_DESCRIPTION="Ubuntu 14.04.2 LTS"

uname:Linux 3.13.0-53-generic #89-Ubuntu SMP Wed May 20 10:34:39 UTC 2015 x86_64
libc:glibc 2.19 NPTL 2.19 
rlimit: STACK 8192k, CORE 0k, NPROC 62939, NOFILE 4096, AS infinity
load average:0,77 0,77 0,80

/proc/meminfo:
MemTotal:        8077900 kB
MemFree:         4452744 kB
Buffers:          107520 kB
Cached:          1355172 kB
SwapCached:            0 kB
Active:          2336476 kB
Inactive:        1051588 kB
Active(anon):    1931808 kB
Inactive(anon):   358444 kB
Active(file):     404668 kB
Inactive(file):   693144 kB
Unevictable:          32 kB
Mlocked:              32 kB
SwapTotal:       8288252 kB
SwapFree:        8288252 kB
Dirty:                52 kB
Writeback:             0 kB
AnonPages:       1925492 kB
Mapped:           296488 kB
Shmem:            364884 kB
Slab:             104544 kB
SReclaimable:      69484 kB
SUnreclaim:        35060 kB
KernelStack:        5024 kB
PageTables:        38856 kB
NFS_Unstable:          0 kB
Bounce:                0 kB
WritebackTmp:          0 kB
CommitLimit:    12327200 kB
Committed_AS:    5710968 kB
VmallocTotal:   34359738367 kB
VmallocUsed:      413576 kB
VmallocChunk:   34359310944 kB
HardwareCorrupted:     0 kB
AnonHugePages:   1234944 kB
HugePages_Total:       0
HugePages_Free:        0
HugePages_Rsvd:        0
HugePages_Surp:        0
Hugepagesize:       2048 kB
DirectMap4k:       93668 kB
DirectMap2M:     8196096 kB


CPU:total 4 (2 cores per cpu, 2 threads per core) family 6 model 58 stepping 9, cmov, cx8, fxsr, mmx, sse, sse2, sse3, ssse3, sse4.1, sse4.2, popcnt, avx, aes, clmul, erms, ht, tsc, tscinvbit, tscinv

/proc/cpuinfo:
processor	: 0
vendor_id	: GenuineIntel
cpu family	: 6
model		: 58
model name	: Intel(R) Core(TM) i7-3540M CPU @ 3.00GHz
stepping	: 9
microcode	: 0x15
cpu MHz		: 1200.000
cache size	: 4096 KB
physical id	: 0
siblings	: 4
core id		: 0
cpu cores	: 2
apicid		: 0
initial apicid	: 0
fpu		: yes
fpu_exception	: yes
cpuid level	: 13
wp		: yes
flags		: fpu vme de pse tsc msr pae mce cx8 apic sep mtrr pge mca cmov pat pse36 clflush dts acpi mmx fxsr sse sse2 ss ht tm pbe syscall nx rdtscp lm constant_tsc arch_perfmon pebs bts rep_good nopl xtopology nonstop_tsc aperfmperf eagerfpu pni pclmulqdq dtes64 monitor ds_cpl vmx smx est tm2 ssse3 cx16 xtpr pdcm pcid sse4_1 sse4_2 x2apic popcnt tsc_deadline_timer aes xsave avx f16c rdrand lahf_lm ida arat epb xsaveopt pln pts dtherm tpr_shadow vnmi flexpriority ept vpid fsgsbase smep erms
bogomips	: 5980.49
clflush size	: 64
cache_alignment	: 64
address sizes	: 36 bits physical, 48 bits virtual
power management:

processor	: 1
vendor_id	: GenuineIntel
cpu family	: 6
model		: 58
model name	: Intel(R) Core(TM) i7-3540M CPU @ 3.00GHz
stepping	: 9
microcode	: 0x15
cpu MHz		: 1200.000
cache size	: 4096 KB
physical id	: 0
siblings	: 4
core id		: 1
cpu cores	: 2
apicid		: 2
initial apicid	: 2
fpu		: yes
fpu_exception	: yes
cpuid level	: 13
wp		: yes
flags		: fpu vme de pse tsc msr pae mce cx8 apic sep mtrr pge mca cmov pat pse36 clflush dts acpi mmx fxsr sse sse2 ss ht tm pbe syscall nx rdtscp lm constant_tsc arch_perfmon pebs bts rep_good nopl xtopology nonstop_tsc aperfmperf eagerfpu pni pclmulqdq dtes64 monitor ds_cpl vmx smx est tm2 ssse3 cx16 xtpr pdcm pcid sse4_1 sse4_2 x2apic popcnt tsc_deadline_timer aes xsave avx f16c rdrand lahf_lm ida arat epb xsaveopt pln pts dtherm tpr_shadow vnmi flexpriority ept vpid fsgsbase smep erms
bogomips	: 5980.49
clflush size	: 64
cache_alignment	: 64
address sizes	: 36 bits physical, 48 bits virtual
power management:

processor	: 2
vendor_id	: GenuineIntel
cpu family	: 6
model		: 58
model name	: Intel(R) Core(TM) i7-3540M CPU @ 3.00GHz
stepping	: 9
microcode	: 0x15
cpu MHz		: 2000.000
cache size	: 4096 KB
physical id	: 0
siblings	: 4
core id		: 0
cpu cores	: 2
apicid		: 1
initial apicid	: 1
fpu		: yes
fpu_exception	: yes
cpuid level	: 13
wp		: yes
flags		: fpu vme de pse tsc msr pae mce cx8 apic sep mtrr pge mca cmov pat pse36 clflush dts acpi mmx fxsr sse sse2 ss ht tm pbe syscall nx rdtscp lm constant_tsc arch_perfmon pebs bts rep_good nopl xtopology nonstop_tsc aperfmperf eagerfpu pni pclmulqdq dtes64 monitor ds_cpl vmx smx est tm2 ssse3 cx16 xtpr pdcm pcid sse4_1 sse4_2 x2apic popcnt tsc_deadline_timer aes xsave avx f16c rdrand lahf_lm ida arat epb xsaveopt pln pts dtherm tpr_shadow vnmi flexpriority ept vpid fsgsbase smep erms
bogomips	: 5980.49
clflush size	: 64
cache_alignment	: 64
address sizes	: 36 bits physical, 48 bits virtual
power management:

processor	: 3
vendor_id	: GenuineIntel
cpu family	: 6
model		: 58
model name	: Intel(R) Core(TM) i7-3540M CPU @ 3.00GHz
stepping	: 9
microcode	: 0x15
cpu MHz		: 3001.000
cache size	: 4096 KB
physical id	: 0
siblings	: 4
core id		: 1
cpu cores	: 2
apicid		: 3
initial apicid	: 3
fpu		: yes
fpu_exception	: yes
cpuid level	: 13
wp		: yes
flags		: fpu vme de pse tsc msr pae mce cx8 apic sep mtrr pge mca cmov pat pse36 clflush dts acpi mmx fxsr sse sse2 ss ht tm pbe syscall nx rdtscp lm constant_tsc arch_perfmon pebs bts rep_good nopl xtopology nonstop_tsc aperfmperf eagerfpu pni pclmulqdq dtes64 monitor ds_cpl vmx smx est tm2 ssse3 cx16 xtpr pdcm pcid sse4_1 sse4_2 x2apic popcnt tsc_deadline_timer aes xsave avx f16c rdrand lahf_lm ida arat epb xsaveopt pln pts dtherm tpr_shadow vnmi flexpriority ept vpid fsgsbase smep erms
bogomips	: 5980.49
clflush size	: 64
cache_alignment	: 64
address sizes	: 36 bits physical, 48 bits virtual
power management:



Memory: 4k page, physical 8077900k(4452744k free), swap 8288252k(8288252k free)

vm_info: Java HotSpot(TM) 64-Bit Server VM (25.45-b02) for linux-amd64 JRE (1.8.0_45-b14), built on Apr 10 2015 10:07:45 by "java_re" with gcc 4.3.0 20080428 (Red Hat 4.3.0-8)

time: Tue Oct 13 12:44:26 2015
elapsed time: 51 seconds (0d 0h 0m 51s)

