#
# A fatal error has been detected by the Java Runtime Environment:
#
#  SIGSEGV (0xb) at pc=0x00007fcfcbf889d7, pid=6902, tid=140528903964416
#
# JRE version: Java(TM) SE Runtime Environment (8.0_45-b14) (build 1.8.0_45-b14)
# Java VM: Java HotSpot(TM) 64-Bit Server VM (25.45-b02 mixed mode linux-amd64 compressed oops)
# Problematic frame:
# C  [libc.so.6+0x1519d7]
#
# Failed to write core dump. Core dumps have been disabled. To enable core dumping, try "ulimit -c unlimited" before starting Java again
#
# If you would like to submit a bug report, please visit:
#   http://bugreport.java.com/bugreport/crash.jsp
#

---------------  T H R E A D  ---------------

Current thread (0x00007fcf6408d800):  JavaThread "Vrep Object Updater" [_thread_in_vm, id=6934, stack(0x00007fcf6f56c000,0x00007fcf6f66d000)]

siginfo: si_signo: 11 (SIGSEGV), si_code: 2 (SEGV_ACCERR), si_addr: 0x00007fcf5c021000

Registers:
RAX=0x0000000084adc8b8, RBX=0x0000000100000b68, RCX=0x0000000000000000, RDX=0x0000000043fdfce8
RSP=0x00007fcf6f66b468, RBP=0x00007fcf6f66b4f0, RSI=0x00007fcf5c020f97, RDI=0x0000000084afcad0
R8 =0x0000000084adc8b8, R9 =0x0000000000400000, R10=0x0000000000000006, R11=0x00007fcfb56047a0
R12=0x0000000044000000, R13=0x0000000000000000, R14=0x00007fcf6f66b480, R15=0x00007fcf5c000a38
RIP=0x00007fcfcbf889d7, EFLAGS=0x0000000000010206, CSGSFS=0x0000000000000033, ERR=0x0000000000000004
  TRAPNO=0x000000000000000e

Top of Stack: (sp=0x00007fcf6f66b468)
0x00007fcf6f66b468:   00007fcfcb530b7b 00007fcf6f66b4a0
0x00007fcf6f66b478:   00007fcf5c000d7f 00007fcf6408d800
0x00007fcf6f66b488:   0000000000000000 00007fcf6408f730
0x00007fcf6f66b498:   0000000000000005 00007fcf6408d800
0x00007fcf6f66b4a8:   0000000000000000 00007fcf6408d800
0x00007fcf6f66b4b8:   0000301300000005 00007fcf6408d800
0x00007fcf6f66b4c8:   00007fcfc84cbe88 0000000000000000
0x00007fcf6f66b4d8:   00007fcfc84cbe88 00007fcf6f66b740
0x00007fcf6f66b4e8:   00007fcf6408d800 00007fcf6f66b520
0x00007fcf6f66b4f8:   00007fcfa2c86afa 00007fcf5c000d7f
0x00007fcf6f66b508:   0000000011000000 00007fcf5c000a38
0x00007fcf6f66b518:   00007fcf6408d9f8 00007fcf6f66b640
0x00007fcf6f66b528:   00007fcfa2c86179 00007fcf6f66b5c0
0x00007fcf6f66b538:   00007fcf6f66b59c 00007fcf6f66b5c8
0x00007fcf6f66b548:   00007fcf6f66b5a0 00007fcf6f66b5d0
0x00007fcf6f66b558:   0000000100010000 00007fcf6408d800
0x00007fcf6f66b568:   00007fcf6f66b720 000000136408d800
0x00007fcf6f66b578:   0000000000000000 00007fcf6f66b740
0x00007fcf6f66b588:   00007fcf6408d9f8 110000006f66b670
0x00007fcf6f66b598:   6600000000000000 0000000000000000
0x00007fcf6f66b5a8:   0000000000000000 0000000000010000
0x00007fcf6f66b5b8:   00007fcf5c000d7f 00007fcfa0000d7f
0x00007fcf6f66b5c8:   00007fcfa0000d7f 00007fcf38000d7f
0x00007fcf6f66b5d8:   00007fcf5c000a30 00007fcfc40ea5b8
0x00007fcf6f66b5e8:   00007fcf5c000a38 00007fcf6408d800
0x00007fcf6f66b5f8:   0000000000000001 00007fcf6f66b650
0x00007fcf6f66b608:   00007fcfcb4a579a 0000000100019768
0x00007fcf6f66b618:   0000000400000001 0000000000000003
0x00007fcf6f66b628:   00007fcf6f33cdf0 00007fcf6408d800
0x00007fcf6f66b638:   000000000000000d 00007fcf6f66b6e0
0x00007fcf6f66b648:   00007fcfb5015994 00007fcf6f66b718
0x00007fcf6f66b658:   00007fcf6f66b710 00007fcf6f66b708 

Instructions: (pc=0x00007fcfcbf889d7)
0x00007fcfcbf889b7:   03 00 00 f3 0f 6f 06 f3 0f 6f 4e 10 f3 0f 6f 56
0x00007fcfcbf889c7:   20 f3 0f 6f 5e 30 f3 0f 6f 66 40 f3 0f 6f 6e 50
0x00007fcfcbf889d7:   f3 0f 6f 76 60 f3 0f 6f 7e 70 0f ae e8 66 0f e7
0x00007fcfcbf889e7:   07 66 0f e7 4f 10 66 0f e7 57 20 66 0f e7 5f 30 

Register to memory mapping:

RAX=0x0000000084adc8b8 is pointing into object: 0x0000000084adc8a8
[I 
 - klass: {type array int}
 - length: 285212672
RBX=0x0000000100000b68 is pointing into metadata
RCX=0x0000000000000000 is an unknown value
RDX=0x0000000043fdfce8 is an unknown value
RSP=0x00007fcf6f66b468 is pointing into the stack for thread: 0x00007fcf6408d800
RBP=0x00007fcf6f66b4f0 is pointing into the stack for thread: 0x00007fcf6408d800
RSI=0x00007fcf5c020f97 is an unknown value
RDI=0x0000000084afcad0 is pointing into object: 0x0000000084adc8a8
[I 
 - klass: {type array int}
 - length: 285212672
R8 =0x0000000084adc8b8 is pointing into object: 0x0000000084adc8a8
[I 
 - klass: {type array int}
 - length: 285212672
R9 =0x0000000000400000: <offset 0> in /usr/lib/jvm/java-8-oracle/bin/java at 0x0000000000400000
R10=0x0000000000000006 is an unknown value
R11=0x00007fcfb56047a0 is at entry_point+32 in (nmethod*)0x00007fcfb5604610
R12=0x0000000044000000 is an unknown value
R13=0x0000000000000000 is an unknown value
R14=0x00007fcf6f66b480 is pointing into the stack for thread: 0x00007fcf6408d800
R15=0x00007fcf5c000a38 is an unknown value


Stack: [0x00007fcf6f56c000,0x00007fcf6f66d000],  sp=0x00007fcf6f66b468,  free space=1021k
Native frames: (J=compiled Java code, j=interpreted, Vv=VM code, C=native code)
C  [libc.so.6+0x1519d7]
C  [libremoteApiJava.so+0x1aafa]  JNIEnv_::SetIntArrayRegion(_jintArray*, int, int, int const*)+0x3c
C  [libremoteApiJava.so+0x1a179]  Java_coppelia_remoteApi_simxGetObjectGroupData+0x15a
j  coppelia.remoteApi.simxGetObjectGroupData(IIILcoppelia/IntWA;Lcoppelia/IntWA;Lcoppelia/FloatWA;Lcoppelia/StringWA;I)I+0
j  velinov.java.finken.drone.virtual.VirtualFinkenDroneUpdater.updateParameters(I)Z+66
j  velinov.java.finken.drone.virtual.VirtualFinkenDroneUpdater.updateVirtualDrones()V+28
j  velinov.java.finken.drone.virtual.VirtualFinkenDroneUpdater.onObjectUpdate()V+1
j  velinov.java.vrep.objects.AbsObjectUpdater.run()V+4
j  java.lang.Thread.run()V+11
v  ~StubRoutines::call_stub
V  [libjvm.so+0x681a26]  JavaCalls::call_helper(JavaValue*, methodHandle*, JavaCallArguments*, Thread*)+0x1056
V  [libjvm.so+0x681f31]  JavaCalls::call_virtual(JavaValue*, KlassHandle, Symbol*, Symbol*, JavaCallArguments*, Thread*)+0x321
V  [libjvm.so+0x6823d7]  JavaCalls::call_virtual(JavaValue*, Handle, KlassHandle, Symbol*, Symbol*, Thread*)+0x47
V  [libjvm.so+0x718280]  thread_entry(JavaThread*, Thread*)+0xa0
V  [libjvm.so+0xa5c86f]  JavaThread::thread_main_inner()+0xdf
V  [libjvm.so+0xa5c99c]  JavaThread::run()+0x11c
V  [libjvm.so+0x910de8]  java_start(Thread*)+0x108
C  [libpthread.so.0+0x8182]  start_thread+0xc2

Java frames: (J=compiled Java code, j=interpreted, Vv=VM code)
j  coppelia.remoteApi.simxGetObjectGroupData(IIILcoppelia/IntWA;Lcoppelia/IntWA;Lcoppelia/FloatWA;Lcoppelia/StringWA;I)I+0
j  velinov.java.finken.drone.virtual.VirtualFinkenDroneUpdater.updateParameters(I)Z+66
j  velinov.java.finken.drone.virtual.VirtualFinkenDroneUpdater.updateVirtualDrones()V+28
j  velinov.java.finken.drone.virtual.VirtualFinkenDroneUpdater.onObjectUpdate()V+1
j  velinov.java.vrep.objects.AbsObjectUpdater.run()V+4
j  java.lang.Thread.run()V+11
v  ~StubRoutines::call_stub

---------------  P R O C E S S  ---------------

Java Threads: ( => current thread )
  0x00007fcf640c7800 JavaThread "Thread-6" [_thread_blocked, id=6942, stack(0x00007fcf6e03e000,0x00007fcf6e13f000)]
  0x00007fcf50009800 JavaThread "Thread-5" [_thread_in_native, id=6941, stack(0x00007fcf6e13f000,0x00007fcf6e240000)]
  0x00007fcf50008000 JavaThread "Thread-4" [_thread_in_native, id=6940, stack(0x00007fcf6e240000,0x00007fcf6e341000)]
  0x00007fcf50007000 JavaThread "Thread-3" [_thread_in_native, id=6939, stack(0x00007fcf6e442000,0x00007fcf6e543000)]
  0x00007fcf64081000 JavaThread "Thread-0" [_thread_in_native, id=6937, stack(0x00007fcf6e341000,0x00007fcf6e442000)]
  0x00007fcf6408e800 JavaThread "Thread-1" [_thread_in_native, id=6935, stack(0x00007fcf6f46b000,0x00007fcf6f56c000)]
=>0x00007fcf6408d800 JavaThread "Vrep Object Updater" [_thread_in_vm, id=6934, stack(0x00007fcf6f56c000,0x00007fcf6f66d000)]
  0x00007fcf64025800 JavaThread "TimerQueue" daemon [_thread_blocked, id=6931, stack(0x00007fcf6fa6f000,0x00007fcf6fb70000)]
  0x00007fcfc400a000 JavaThread "DestroyJavaVM" [_thread_blocked, id=6904, stack(0x00007fcfcc91d000,0x00007fcfcca1e000)]
  0x00007fcfc4438000 JavaThread "AWT-EventQueue-0" [_thread_blocked, id=6926, stack(0x00007fcf6f86d000,0x00007fcf6f96e000)]
  0x00007fcfc4436800 JavaThread "AWT-Shutdown" [_thread_blocked, id=6925, stack(0x00007fcf6f96e000,0x00007fcf6fa6f000)]
  0x00007fcfc4233000 JavaThread "AWT-XAWT" daemon [_thread_in_native, id=6923, stack(0x00007fcfa080c000,0x00007fcfa090d000)]
  0x00007fcfc4210800 JavaThread "Java2D Disposer" daemon [_thread_blocked, id=6922, stack(0x00007fcfa0d1d000,0x00007fcfa0e1e000)]
  0x00007fcfc40c3800 JavaThread "Service Thread" daemon [_thread_blocked, id=6919, stack(0x00007fcfa2fa2000,0x00007fcfa30a3000)]
  0x00007fcfc40be800 JavaThread "C1 CompilerThread2" daemon [_thread_blocked, id=6918, stack(0x00007fcfa30a3000,0x00007fcfa31a4000)]
  0x00007fcfc40bc800 JavaThread "C2 CompilerThread1" daemon [_thread_blocked, id=6917, stack(0x00007fcfa31a4000,0x00007fcfa32a5000)]
  0x00007fcfc40b9800 JavaThread "C2 CompilerThread0" daemon [_thread_blocked, id=6916, stack(0x00007fcfa32a5000,0x00007fcfa33a6000)]
  0x00007fcfc40b8000 JavaThread "Signal Dispatcher" daemon [_thread_blocked, id=6915, stack(0x00007fcfa33a6000,0x00007fcfa34a7000)]
  0x00007fcfc407f000 JavaThread "Finalizer" daemon [_thread_blocked, id=6914, stack(0x00007fcfa3cfd000,0x00007fcfa3dfe000)]
  0x00007fcfc407d000 JavaThread "Reference Handler" daemon [_thread_blocked, id=6913, stack(0x00007fcfa3dfe000,0x00007fcfa3eff000)]

Other Threads:
  0x00007fcfc4078000 VMThread [stack: 0x00007fcfa3eff000,0x00007fcfa4000000] [id=6912]
  0x00007fcfc40c6000 WatcherThread [stack: 0x00007fcfa2ea1000,0x00007fcfa2fa2000] [id=6920]

VM state:not at safepoint (normal execution)

VM Mutex/Monitor currently owned by a thread: None

Heap:
 PSYoungGen      total 36864K, used 16219K [0x00000000d6e00000, 0x00000000d9700000, 0x0000000100000000)
  eden space 31744K, 35% used [0x00000000d6e00000,0x00000000d78de2a8,0x00000000d8d00000)
  from space 5120K, 99% used [0x00000000d8d00000,0x00000000d91f8c90,0x00000000d9200000)
  to   space 5120K, 0% used [0x00000000d9200000,0x00000000d9200000,0x00000000d9700000)
 ParOldGen       total 1199616K, used 1114994K [0x0000000084a00000, 0x00000000cdd80000, 0x00000000d6e00000)
  object space 1199616K, 92% used [0x0000000084a00000,0x00000000c8adc8b8,0x00000000cdd80000)
 Metaspace       used 18920K, capacity 19218K, committed 19584K, reserved 1067008K
  class space    used 2239K, capacity 2358K, committed 2432K, reserved 1048576K

Card table byte_map: [0x00007fcfc9333000,0x00007fcfc970f000] byte_map_base: 0x00007fcfc8f0e000

Marking Bits: (ParMarkBitMap*) 0x00007fcfcbe0c760
 Begin Bits: [0x00007fcfb1250000, 0x00007fcfb3128000)
 End Bits:   [0x00007fcfb3128000, 0x00007fcfb5000000)

Polling page: 0x00007fcfcca53000

CodeCache: size=245760Kb used=6156Kb max_used=6157Kb free=239603Kb
 bounds [0x00007fcfb5000000, 0x00007fcfb5610000, 0x00007fcfc4000000]
 total_blobs=2385 nmethods=1731 adapters=567
 compilation: enabled

Compilation events (10 events):
Event: 29,189 Thread 0x00007fcfc40b9800 nmethod 1728 0x00007fcfb5606a90 code [0x00007fcfb5606c00, 0x00007fcfb5606db8]
Event: 29,189 Thread 0x00007fcfc40be800 nmethod 1730 0x00007fcfb5605150 code [0x00007fcfb56053a0, 0x00007fcfb56062a8]
Event: 29,249 Thread 0x00007fcfc40be800 1731       3       coppelia.IntWA::<init> (12 bytes)
Event: 29,249 Thread 0x00007fcfc40be800 nmethod 1731 0x00007fcfb5604cd0 code [0x00007fcfb5604e40, 0x00007fcfb5605090]
Event: 29,249 Thread 0x00007fcfc40be800 1732       1       velinov.java.vrep.objects.VrepObjectType::getType (5 bytes)
Event: 29,249 Thread 0x00007fcfc40be800 nmethod 1732 0x00007fcfb5604a10 code [0x00007fcfb5604b60, 0x00007fcfb5604c70]
Event: 29,268 Thread 0x00007fcfc40be800 1733       3       coppelia.IntWA::getNewArray (12 bytes)
Event: 29,269 Thread 0x00007fcfc40be800 nmethod 1733 0x00007fcfb5604610 code [0x00007fcfb5604780, 0x00007fcfb5604970]
Event: 29,670 Thread 0x00007fcfc40be800 1734       3       java.util.ArrayList$SubList$1::hasNext (20 bytes)
Event: 29,670 Thread 0x00007fcfc40be800 nmethod 1734 0x00007fcfb5604210 code [0x00007fcfb5604380, 0x00007fcfb5604550]

GC Heap History (2 events):
Event: 0,963 GC heap before
{Heap before GC invocations=1 (full 0):
 PSYoungGen      total 36864K, used 31744K [0x00000000d6e00000, 0x00000000d9700000, 0x0000000100000000)
  eden space 31744K, 100% used [0x00000000d6e00000,0x00000000d8d00000,0x00000000d8d00000)
  from space 5120K, 0% used [0x00000000d9200000,0x00000000d9200000,0x00000000d9700000)
  to   space 5120K, 0% used [0x00000000d8d00000,0x00000000d8d00000,0x00000000d9200000)
 ParOldGen       total 84992K, used 0K [0x0000000084a00000, 0x0000000089d00000, 0x00000000d6e00000)
  object space 84992K, 0% used [0x0000000084a00000,0x0000000084a00000,0x0000000089d00000)
 Metaspace       used 16029K, capacity 16198K, committed 16384K, reserved 1062912K
  class space    used 1971K, capacity 2030K, committed 2048K, reserved 1048576K
Event: 0,972 GC heap after
Heap after GC invocations=1 (full 0):
 PSYoungGen      total 36864K, used 5091K [0x00000000d6e00000, 0x00000000d9700000, 0x0000000100000000)
  eden space 31744K, 0% used [0x00000000d6e00000,0x00000000d6e00000,0x00000000d8d00000)
  from space 5120K, 99% used [0x00000000d8d00000,0x00000000d91f8c90,0x00000000d9200000)
  to   space 5120K, 0% used [0x00000000d9200000,0x00000000d9200000,0x00000000d9700000)
 ParOldGen       total 84992K, used 882K [0x0000000084a00000, 0x0000000089d00000, 0x00000000d6e00000)
  object space 84992K, 1% used [0x0000000084a00000,0x0000000084adc8a8,0x0000000089d00000)
 Metaspace       used 16029K, capacity 16198K, committed 16384K, reserved 1062912K
  class space    used 1971K, capacity 2030K, committed 2048K, reserved 1048576K
}

Deoptimization events (10 events):
Event: 0,833 Thread 0x00007fcfc4438000 Uncommon trap: reason=unstable_if action=reinterpret pc=0x00007fcfb53448c8 method=java.nio.Buffer.nextGetIndex()I @ 8
Event: 0,839 Thread 0x00007fcfc4438000 Uncommon trap: reason=unstable_if action=reinterpret pc=0x00007fcfb5345070 method=java.nio.Buffer.nextGetIndex()I @ 8
Event: 0,845 Thread 0x00007fcfc4438000 Uncommon trap: reason=unstable_if action=reinterpret pc=0x00007fcfb5338450 method=java.nio.Buffer.nextGetIndex()I @ 8
Event: 0,941 Thread 0x00007fcfc4438000 Uncommon trap: reason=unstable_if action=reinterpret pc=0x00007fcfb535681c method=java.lang.CharacterData.of(I)Ljava/lang/CharacterData; @ 4
Event: 1,028 Thread 0x00007fcfc4438000 Uncommon trap: reason=unstable_if action=reinterpret pc=0x00007fcfb528e19c method=java.util.HashMap.getNode(ILjava/lang/Object;)Ljava/util/HashMap$Node; @ 62
Event: 13,126 Thread 0x00007fcfc4438000 Uncommon trap: reason=unstable_if action=reinterpret pc=0x00007fcfb5450804 method=java.util.concurrent.locks.AbstractQueuedSynchronizer.release(I)Z @ 14
Event: 13,126 Thread 0x00007fcfc4438000 Uncommon trap: reason=unstable_if action=reinterpret pc=0x00007fcfb5440304 method=java.util.concurrent.locks.AbstractQueuedSynchronizer.release(I)Z @ 14
Event: 13,126 Thread 0x00007fcf64025800 Uncommon trap: reason=unstable_if action=reinterpret pc=0x00007fcfb5440304 method=java.util.concurrent.locks.AbstractQueuedSynchronizer.release(I)Z @ 14
Event: 22,917 Thread 0x00007fcf64081000 Uncommon trap: reason=bimorphic action=maybe_recompile pc=0x00007fcfb53d13e4 method=java.lang.StringCoding$StringDecoder.decode([BII)[C @ 48
Event: 23,033 Thread 0x00007fcfc4438000 Uncommon trap: reason=unstable_if action=reinterpret pc=0x00007fcfb5541cdc method=com.sun.org.apache.xerces.internal.impl.XMLEntityScanner.skipChar(I)Z @ 14

Internal exceptions (10 events):
Event: 24,924 Thread 0x00007fcf64081000 Exception <a 'java/net/SocketTimeoutException': Receive timed out> (0x00000000d758ae98) thrown at [/RE-WORK/workspace/8-2-build-linux-amd64/jdk8u45/3457/hotspot/src/share/vm/prims/jni.cpp, line 735]
Event: 24,936 Thread 0x00007fcf6408e800 Exception <a 'java/net/SocketTimeoutException': Accept timed out> (0x00000000d75696d8) thrown at [/RE-WORK/workspace/8-2-build-linux-amd64/jdk8u45/3457/hotspot/src/share/vm/prims/jni.cpp, line 735]
Event: 25,924 Thread 0x00007fcf64081000 Exception <a 'java/net/SocketTimeoutException': Receive timed out> (0x00000000d758b1d8) thrown at [/RE-WORK/workspace/8-2-build-linux-amd64/jdk8u45/3457/hotspot/src/share/vm/prims/jni.cpp, line 735]
Event: 25,936 Thread 0x00007fcf6408e800 Exception <a 'java/net/SocketTimeoutException': Accept timed out> (0x00000000d7569a10) thrown at [/RE-WORK/workspace/8-2-build-linux-amd64/jdk8u45/3457/hotspot/src/share/vm/prims/jni.cpp, line 735]
Event: 26,925 Thread 0x00007fcf64081000 Exception <a 'java/net/SocketTimeoutException': Receive timed out> (0x00000000d758b518) thrown at [/RE-WORK/workspace/8-2-build-linux-amd64/jdk8u45/3457/hotspot/src/share/vm/prims/jni.cpp, line 735]
Event: 26,937 Thread 0x00007fcf6408e800 Exception <a 'java/net/SocketTimeoutException': Accept timed out> (0x00000000d7569d48) thrown at [/RE-WORK/workspace/8-2-build-linux-amd64/jdk8u45/3457/hotspot/src/share/vm/prims/jni.cpp, line 735]
Event: 27,926 Thread 0x00007fcf64081000 Exception <a 'java/net/SocketTimeoutException': Receive timed out> (0x00000000d758b858) thrown at [/RE-WORK/workspace/8-2-build-linux-amd64/jdk8u45/3457/hotspot/src/share/vm/prims/jni.cpp, line 735]
Event: 27,938 Thread 0x00007fcf6408e800 Exception <a 'java/net/SocketTimeoutException': Accept timed out> (0x00000000d756a080) thrown at [/RE-WORK/workspace/8-2-build-linux-amd64/jdk8u45/3457/hotspot/src/share/vm/prims/jni.cpp, line 735]
Event: 28,927 Thread 0x00007fcf64081000 Exception <a 'java/net/SocketTimeoutException': Receive timed out> (0x00000000d758bb98) thrown at [/RE-WORK/workspace/8-2-build-linux-amd64/jdk8u45/3457/hotspot/src/share/vm/prims/jni.cpp, line 735]
Event: 28,939 Thread 0x00007fcf6408e800 Exception <a 'java/net/SocketTimeoutException': Accept timed out> (0x00000000d756a3b8) thrown at [/RE-WORK/workspace/8-2-build-linux-amd64/jdk8u45/3457/hotspot/src/share/vm/prims/jni.cpp, line 735]

Events (10 events):
Event: 23,107 loading class java/util/regex/Pattern$First
Event: 23,107 loading class java/util/regex/Pattern$First done
Event: 23,107 loading class java/util/regex/ASCII
Event: 23,107 loading class java/util/regex/ASCII done
Event: 23,108 Executing VM operation: RevokeBias
Event: 23,108 Executing VM operation: RevokeBias done
Event: 23,322 Thread 0x00007fcf640c7800 DEOPT PACKING pc=0x00007fcfb55cab38 sp=0x00007fcf6e13d620
Event: 23,322 Thread 0x00007fcf640c7800 DEOPT UNPACKING pc=0x00007fcfb5047633 sp=0x00007fcf6e13d400 mode 0
Event: 23,922 loading class java/net/SocketTimeoutException
Event: 23,922 loading class java/net/SocketTimeoutException done


Dynamic libraries:
00400000-00401000 r-xp 00000000 08:06 9717990                            /usr/lib/jvm/java-8-oracle/bin/java
00600000-00601000 rw-p 00000000 08:06 9717990                            /usr/lib/jvm/java-8-oracle/bin/java
01664000-01685000 rw-p 00000000 00:00 0                                  [heap]
84a00000-cdd80000 rw-p 00000000 00:00 0 
cdd80000-d6e00000 ---p 00000000 00:00 0 
d6e00000-d9700000 rw-p 00000000 00:00 0 
d9700000-100000000 ---p 00000000 00:00 0 
100000000-100260000 rw-p 00000000 00:00 0 
100260000-140000000 ---p 00000000 00:00 0 
7fcf40000000-7fcf40021000 rw-p 00000000 00:00 0 
7fcf40021000-7fcf44000000 ---p 00000000 00:00 0 
7fcf44000000-7fcf44021000 rw-p 00000000 00:00 0 
7fcf44021000-7fcf48000000 ---p 00000000 00:00 0 
7fcf48000000-7fcf48021000 rw-p 00000000 00:00 0 
7fcf48021000-7fcf4c000000 ---p 00000000 00:00 0 
7fcf4c000000-7fcf4c021000 rw-p 00000000 00:00 0 
7fcf4c021000-7fcf50000000 ---p 00000000 00:00 0 
7fcf50000000-7fcf50021000 rw-p 00000000 00:00 0 
7fcf50021000-7fcf54000000 ---p 00000000 00:00 0 
7fcf54000000-7fcf54021000 rw-p 00000000 00:00 0 
7fcf54021000-7fcf58000000 ---p 00000000 00:00 0 
7fcf58000000-7fcf58021000 rw-p 00000000 00:00 0 
7fcf58021000-7fcf5c000000 ---p 00000000 00:00 0 
7fcf5c000000-7fcf5c2a9000 rw-p 00000000 00:00 0 
7fcf5c2a9000-7fcf60000000 ---p 00000000 00:00 0 
7fcf60000000-7fcf60021000 rw-p 00000000 00:00 0 
7fcf60021000-7fcf64000000 ---p 00000000 00:00 0 
7fcf64000000-7fcf640cb000 rw-p 00000000 00:00 0 
7fcf640cb000-7fcf68000000 ---p 00000000 00:00 0 
7fcf68000000-7fcf68021000 rw-p 00000000 00:00 0 
7fcf68021000-7fcf6c000000 ---p 00000000 00:00 0 
7fcf6e03e000-7fcf6e041000 ---p 00000000 00:00 0 
7fcf6e041000-7fcf6e13f000 rw-p 00000000 00:00 0                          [stack:6942]
7fcf6e13f000-7fcf6e142000 ---p 00000000 00:00 0 
7fcf6e142000-7fcf6e240000 rw-p 00000000 00:00 0                          [stack:6941]
7fcf6e240000-7fcf6e243000 ---p 00000000 00:00 0 
7fcf6e243000-7fcf6e341000 rw-p 00000000 00:00 0                          [stack:6940]
7fcf6e341000-7fcf6e344000 ---p 00000000 00:00 0 
7fcf6e344000-7fcf6e442000 rw-p 00000000 00:00 0                          [stack:6937]
7fcf6e442000-7fcf6e445000 ---p 00000000 00:00 0 
7fcf6e445000-7fcf6e603000 rw-p 00000000 00:00 0                          [stack:6939]
7fcf6e603000-7fcf6e743000 ---p 00000000 00:00 0 
7fcf6e743000-7fcf6e744000 ---p 00000000 00:00 0 
7fcf6e744000-7fcf6ef44000 rw-p 00000000 00:00 0                          [stack:6933]
7fcf6ef44000-7fcf6f03e000 rw-s 00000000 00:04 9666602                    /SYSV00000000 (deleted)
7fcf6f03e000-7fcf6f068000 r-xp 00000000 08:06 9965471                    /usr/lib/jvm/java-8-oracle/jre/lib/amd64/libdcpr.so
7fcf6f068000-7fcf6f268000 ---p 0002a000 08:06 9965471                    /usr/lib/jvm/java-8-oracle/jre/lib/amd64/libdcpr.so
7fcf6f268000-7fcf6f26b000 rw-p 0002a000 08:06 9965471                    /usr/lib/jvm/java-8-oracle/jre/lib/amd64/libdcpr.so
7fcf6f26b000-7fcf6f46b000 rw-p 00000000 00:00 0 
7fcf6f46b000-7fcf6f46e000 ---p 00000000 00:00 0 
7fcf6f46e000-7fcf6f56c000 rw-p 00000000 00:00 0                          [stack:6935]
7fcf6f56c000-7fcf6f56f000 ---p 00000000 00:00 0 
7fcf6f56f000-7fcf6f86d000 rw-p 00000000 00:00 0                          [stack:6934]
7fcf6f86d000-7fcf6f870000 ---p 00000000 00:00 0 
7fcf6f870000-7fcf6f96e000 rw-p 00000000 00:00 0                          [stack:6926]
7fcf6f96e000-7fcf6f971000 ---p 00000000 00:00 0 
7fcf6f971000-7fcf6fa6f000 rw-p 00000000 00:00 0                          [stack:6925]
7fcf6fa6f000-7fcf6fa72000 ---p 00000000 00:00 0 
7fcf6fa72000-7fcf6fb70000 rw-p 00000000 00:00 0                          [stack:6931]
7fcf6fb70000-7fcf6fbd9000 r-xp 00000000 08:06 9965487                    /usr/lib/jvm/java-8-oracle/jre/lib/amd64/libt2k.so
7fcf6fbd9000-7fcf6fdd8000 ---p 00069000 08:06 9965487                    /usr/lib/jvm/java-8-oracle/jre/lib/amd64/libt2k.so
7fcf6fdd8000-7fcf6fddf000 rw-p 00068000 08:06 9965487                    /usr/lib/jvm/java-8-oracle/jre/lib/amd64/libt2k.so
7fcf6fddf000-7fcf6fdef000 rw-p 00000000 00:00 0 
7fcf6fdef000-7fcf6fe00000 r-xp 00000000 08:06 9963675                    /usr/lib/jvm/java-8-oracle/jre/lib/amd64/libnio.so
7fcf6fe00000-7fcf6ffff000 ---p 00011000 08:06 9963675                    /usr/lib/jvm/java-8-oracle/jre/lib/amd64/libnio.so
7fcf6ffff000-7fcf70000000 rw-p 00010000 08:06 9963675                    /usr/lib/jvm/java-8-oracle/jre/lib/amd64/libnio.so
7fcf70000000-7fcf70021000 rw-p 00000000 00:00 0 
7fcf70021000-7fcf74000000 ---p 00000000 00:00 0 
7fcf74000000-7fcf74025000 rw-p 00000000 00:00 0 
7fcf74025000-7fcf78000000 ---p 00000000 00:00 0 
7fcf78000000-7fcf78021000 rw-p 00000000 00:00 0 
7fcf78021000-7fcf7c000000 ---p 00000000 00:00 0 
7fcf7c000000-7fcf7c021000 rw-p 00000000 00:00 0 
7fcf7c021000-7fcf80000000 ---p 00000000 00:00 0 
7fcf80000000-7fcf803f2000 rw-p 00000000 00:00 0 
7fcf803f2000-7fcf84000000 ---p 00000000 00:00 0 
7fcf84000000-7fcf84787000 rw-p 00000000 00:00 0 
7fcf84787000-7fcf88000000 ---p 00000000 00:00 0 
7fcf88000000-7fcf88021000 rw-p 00000000 00:00 0 
7fcf88021000-7fcf8c000000 ---p 00000000 00:00 0 
7fcf8c000000-7fcf8c838000 rw-p 00000000 00:00 0 
7fcf8c838000-7fcf90000000 ---p 00000000 00:00 0 
7fcf90000000-7fcf90021000 rw-p 00000000 00:00 0 
7fcf90021000-7fcf94000000 ---p 00000000 00:00 0 
7fcf94000000-7fcf94021000 rw-p 00000000 00:00 0 
7fcf94021000-7fcf98000000 ---p 00000000 00:00 0 
7fcf98000000-7fcf98021000 rw-p 00000000 00:00 0 
7fcf98021000-7fcf9c000000 ---p 00000000 00:00 0 
7fcf9c000000-7fcf9c021000 rw-p 00000000 00:00 0 
7fcf9c021000-7fcfa0000000 ---p 00000000 00:00 0 
7fcfa009c000-7fcfa009d000 r--s 00000000 08:06 4737771                    /var/cache/fontconfig/087e1975ba9a574b140bb1df193bf770-le64.cache-4
7fcfa009d000-7fcfa00ab000 r--s 00000000 08:06 4737768                    /var/cache/fontconfig/6aa41aa22e18b8fa06a12da28ea9c28b-le64.cache-4
7fcfa00ab000-7fcfa00ac000 r--s 00000000 08:06 4718687                    /var/cache/fontconfig/c05880de57d1f5e948fdfacc138775d9-le64.cache-4
7fcfa00ac000-7fcfa00b7000 r--s 00000000 08:06 4718681                    /var/cache/fontconfig/945677eb7aeaf62f1d50efc3fb3ec7d8-le64.cache-4
7fcfa00b7000-7fcfa00bd000 r--s 00000000 08:06 4718667                    /var/cache/fontconfig/2cd17615ca594fa2959ae173292e504c-le64.cache-4
7fcfa00bd000-7fcfa00be000 r--s 00000000 08:06 4718697                    /var/cache/fontconfig/e7071f4a29fa870f4323321c154eba04-le64.cache-4
7fcfa00be000-7fcfa00bf000 r--s 00000000 08:06 4718664                    /var/cache/fontconfig/0d8c3b2ac0904cb8a57a757ad11a4a08-le64.cache-4
7fcfa00bf000-7fcfa00c6000 r--s 00000000 08:06 4718684                    /var/cache/fontconfig/a755afe4a08bf5b97852ceb7400b47bc-le64.cache-4
7fcfa00c6000-7fcfa00ca000 r--s 00000000 08:06 4728115                    /var/cache/fontconfig/6d41288fd70b0be22e8c3a91e032eec0-le64.cache-4
7fcfa00ca000-7fcfa00de000 r--s 00000000 08:06 4718662                    /var/cache/fontconfig/04aabc0a78ac019cf9454389977116d2-le64.cache-4
7fcfa00de000-7fcfa00df000 r--s 00000000 08:06 4718666                    /var/cache/fontconfig/1ac9eb803944fde146138c791f5cc56a-le64.cache-4
7fcfa00df000-7fcfa00e0000 r--s 00000000 08:06 4737762                    /var/cache/fontconfig/b95bc8ffbebda2bbdae4265e45b8178d-le64.cache-4
7fcfa00e0000-7fcfa00e4000 r--s 00000000 08:06 4718670                    /var/cache/fontconfig/385c0604a188198f04d133e54aba7fe7-le64.cache-4
7fcfa00e4000-7fcfa00e5000 r--s 00000000 08:06 4737761                    /var/cache/fontconfig/9c956a7723ca69a44b382d9179c9802f-le64.cache-4
7fcfa00e5000-7fcfa00e6000 r--s 00000000 08:06 4718694                    /var/cache/fontconfig/dc05db6664285cc2f12bf69c139ae4c3-le64.cache-4
7fcfa00e6000-7fcfa00e7000 r--s 00000000 08:06 4737758                    /var/cache/fontconfig/5d1cca7074f29429a8d18692746c2426-le64.cache-4
7fcfa00e7000-7fcfa00e9000 r--s 00000000 08:06 4718678                    /var/cache/fontconfig/767a8244fc0220cfb567a839d0392e0b-le64.cache-4
7fcfa00e9000-7fcfa00ea000 r--s 00000000 08:06 4724512                    /var/cache/fontconfig/4794a0821666d79190d59a36cb4f44b5-le64.cache-4
7fcfa00ea000-7fcfa00eb000 r--s 00000000 08:06 4737755                    /var/cache/fontconfig/9eae20f1ff8cc0a7d125749e875856bd-le64.cache-4
7fcfa00eb000-7fcfa00ed000 r--s 00000000 08:06 4737753                    /var/cache/fontconfig/bf2c1853a9e9b00bb02fe2e9bcf1e201-le64.cache-4
7fcfa00ed000-7fcfa00f2000 r--s 00000000 08:06 4718680                    /var/cache/fontconfig/8801497958630a81b71ace7c5f9b32a8-le64.cache-4
7fcfa00f2000-7fcfa00f6000 r--s 00000000 08:06 4728040                    /var/cache/fontconfig/c57959a16110560c8d0fcea73374aeeb-le64.cache-4
7fcfa00f6000-7fcfa00fd000 r--s 00000000 08:06 4718668                    /var/cache/fontconfig/3047814df9a2f067bd2d96a2b9c36e5a-le64.cache-4
7fcfa00fd000-7fcfa0101000 r--s 00000000 08:06 4737750                    /var/cache/fontconfig/bf3b770c553c462765856025a94f1ce6-le64.cache-4
7fcfa0101000-7fcfa0102000 r--s 00000000 08:06 4718674                    /var/cache/fontconfig/56cf4f4769d0f4abc89a4895d7bd3ae1-le64.cache-4
7fcfa0102000-7fcfa0103000 r--s 00000000 08:06 4718686                    /var/cache/fontconfig/b9d506c9ac06c20b433354fa67a72993-le64.cache-4
7fcfa0103000-7fcfa0109000 r--s 00000000 08:06 4718685                    /var/cache/fontconfig/b47c4e1ecd0709278f4910c18777a504-le64.cache-4
7fcfa0109000-7fcfa010c000 r--s 00000000 08:06 4737744                    /var/cache/fontconfig/14d493b97896515cad3840ba4896e372-le64.cache-4
7fcfa010c000-7fcfa010f000 r--s 00000000 08:06 4737737                    /var/cache/fontconfig/e49e89034d371f0f9de17aab02136486-le64.cache-4
7fcfa010f000-7fcfa0111000 r--s 00000000 08:06 4737728                    /var/cache/fontconfig/4b14b093aebc79c320de5e86ae1d3314-le64.cache-4
7fcfa0111000-7fcfa0124000 r--s 00000000 08:06 4718691                    /var/cache/fontconfig/d52a8644073d54c13679302ca1180695-le64.cache-4
7fcfa0124000-7fcfa012d000 r--s 00000000 08:06 4724829                    /var/cache/fontconfig/3f7329c5293ffd510edef78f73874cfd-le64.cache-4
7fcfa01df000-7fcfa01e2000 rw-p 00000000 00:00 0 
7fcfa01e2000-7fcfa01f5000 r--s 00344000 08:06 9839889                    /usr/lib/jvm/java-8-oracle/jre/lib/resources.jar
7fcfa01f5000-7fcfa020b000 r-xp 00000000 08:06 9965488                    /usr/lib/jvm/java-8-oracle/jre/lib/amd64/libnet.so
7fcfa020b000-7fcfa040b000 ---p 00016000 08:06 9965488                    /usr/lib/jvm/java-8-oracle/jre/lib/amd64/libnet.so
7fcfa040b000-7fcfa040c000 rw-p 00016000 08:06 9965488                    /usr/lib/jvm/java-8-oracle/jre/lib/amd64/libnet.so
7fcfa040c000-7fcfa060c000 rw-p 00000000 00:00 0 
7fcfa060c000-7fcfa080c000 rw-p 00000000 00:00 0 
7fcfa080c000-7fcfa080f000 ---p 00000000 00:00 0 
7fcfa080f000-7fcfa090d000 rw-p 00000000 00:00 0                          [stack:6923]
7fcfa090d000-7fcfa0912000 r-xp 00000000 08:06 9701798                    /usr/lib/x86_64-linux-gnu/libXfixes.so.3.1.0
7fcfa0912000-7fcfa0b11000 ---p 00005000 08:06 9701798                    /usr/lib/x86_64-linux-gnu/libXfixes.so.3.1.0
7fcfa0b11000-7fcfa0b12000 r--p 00004000 08:06 9701798                    /usr/lib/x86_64-linux-gnu/libXfixes.so.3.1.0
7fcfa0b12000-7fcfa0b13000 rw-p 00005000 08:06 9701798                    /usr/lib/x86_64-linux-gnu/libXfixes.so.3.1.0
7fcfa0b13000-7fcfa0b1c000 r-xp 00000000 08:06 9707421                    /usr/lib/x86_64-linux-gnu/libXcursor.so.1.0.2
7fcfa0b1c000-7fcfa0d1b000 ---p 00009000 08:06 9707421                    /usr/lib/x86_64-linux-gnu/libXcursor.so.1.0.2
7fcfa0d1b000-7fcfa0d1c000 r--p 00008000 08:06 9707421                    /usr/lib/x86_64-linux-gnu/libXcursor.so.1.0.2
7fcfa0d1c000-7fcfa0d1d000 rw-p 00009000 08:06 9707421                    /usr/lib/x86_64-linux-gnu/libXcursor.so.1.0.2
7fcfa0d1d000-7fcfa0d20000 ---p 00000000 00:00 0 
7fcfa0d20000-7fcfa0e1e000 rw-p 00000000 00:00 0                          [stack:6922]
7fcfa0e1e000-7fcfa0e83000 r-xp 00000000 08:06 9965504                    /usr/lib/jvm/java-8-oracle/jre/lib/amd64/libfontmanager.so
7fcfa0e83000-7fcfa1082000 ---p 00065000 08:06 9965504                    /usr/lib/jvm/java-8-oracle/jre/lib/amd64/libfontmanager.so
7fcfa1082000-7fcfa1087000 rw-p 00064000 08:06 9965504                    /usr/lib/jvm/java-8-oracle/jre/lib/amd64/libfontmanager.so
7fcfa1087000-7fcfa1097000 rw-p 00000000 00:00 0 
7fcfa1097000-7fcfa109c000 r-xp 00000000 08:06 9707425                    /usr/lib/x86_64-linux-gnu/libXdmcp.so.6.0.0
7fcfa109c000-7fcfa129b000 ---p 00005000 08:06 9707425                    /usr/lib/x86_64-linux-gnu/libXdmcp.so.6.0.0
7fcfa129b000-7fcfa129c000 r--p 00004000 08:06 9707425                    /usr/lib/x86_64-linux-gnu/libXdmcp.so.6.0.0
7fcfa129c000-7fcfa129d000 rw-p 00005000 08:06 9707425                    /usr/lib/x86_64-linux-gnu/libXdmcp.so.6.0.0
7fcfa129d000-7fcfa129f000 r-xp 00000000 08:06 9707414                    /usr/lib/x86_64-linux-gnu/libXau.so.6.0.0
7fcfa129f000-7fcfa149f000 ---p 00002000 08:06 9707414                    /usr/lib/x86_64-linux-gnu/libXau.so.6.0.0
7fcfa149f000-7fcfa14a0000 r--p 00002000 08:06 9707414                    /usr/lib/x86_64-linux-gnu/libXau.so.6.0.0
7fcfa14a0000-7fcfa14a1000 rw-p 00003000 08:06 9707414                    /usr/lib/x86_64-linux-gnu/libXau.so.6.0.0
7fcfa14a1000-7fcfa14be000 r-xp 00000000 08:06 9708484                    /usr/lib/x86_64-linux-gnu/libxcb.so.1.1.0
7fcfa14be000-7fcfa16be000 ---p 0001d000 08:06 9708484                    /usr/lib/x86_64-linux-gnu/libxcb.so.1.1.0
7fcfa16be000-7fcfa16bf000 r--p 0001d000 08:06 9708484                    /usr/lib/x86_64-linux-gnu/libxcb.so.1.1.0
7fcfa16bf000-7fcfa16c0000 rw-p 0001e000 08:06 9708484                    /usr/lib/x86_64-linux-gnu/libxcb.so.1.1.0
7fcfa16c0000-7fcfa16cf000 r-xp 00000000 08:06 9713637                    /usr/lib/x86_64-linux-gnu/libXi.so.6.1.0
7fcfa16cf000-7fcfa18ce000 ---p 0000f000 08:06 9713637                    /usr/lib/x86_64-linux-gnu/libXi.so.6.1.0
7fcfa18ce000-7fcfa18cf000 r--p 0000e000 08:06 9713637                    /usr/lib/x86_64-linux-gnu/libXi.so.6.1.0
7fcfa18cf000-7fcfa18d0000 rw-p 0000f000 08:06 9713637                    /usr/lib/x86_64-linux-gnu/libXi.so.6.1.0
7fcfa18d0000-7fcfa18d5000 r-xp 00000000 08:06 9707455                    /usr/lib/x86_64-linux-gnu/libXtst.so.6.1.0
7fcfa18d5000-7fcfa1ad4000 ---p 00005000 08:06 9707455                    /usr/lib/x86_64-linux-gnu/libXtst.so.6.1.0
7fcfa1ad4000-7fcfa1ad5000 r--p 00004000 08:06 9707455                    /usr/lib/x86_64-linux-gnu/libXtst.so.6.1.0
7fcfa1ad5000-7fcfa1ad6000 rw-p 00005000 08:06 9707455                    /usr/lib/x86_64-linux-gnu/libXtst.so.6.1.0
7fcfa1ad6000-7fcfa1adf000 r-xp 00000000 08:06 9701708                    /usr/lib/x86_64-linux-gnu/libXrender.so.1.3.0
7fcfa1adf000-7fcfa1cde000 ---p 00009000 08:06 9701708                    /usr/lib/x86_64-linux-gnu/libXrender.so.1.3.0
7fcfa1cde000-7fcfa1cdf000 r--p 00008000 08:06 9701708                    /usr/lib/x86_64-linux-gnu/libXrender.so.1.3.0
7fcfa1cdf000-7fcfa1ce0000 rw-p 00009000 08:06 9701708                    /usr/lib/x86_64-linux-gnu/libXrender.so.1.3.0
7fcfa1ce0000-7fcfa1e10000 r-xp 00000000 08:06 9707410                    /usr/lib/x86_64-linux-gnu/libX11.so.6.3.0
7fcfa1e10000-7fcfa2010000 ---p 00130000 08:06 9707410                    /usr/lib/x86_64-linux-gnu/libX11.so.6.3.0
7fcfa2010000-7fcfa2011000 r--p 00130000 08:06 9707410                    /usr/lib/x86_64-linux-gnu/libX11.so.6.3.0
7fcfa2011000-7fcfa2015000 rw-p 00131000 08:06 9707410                    /usr/lib/x86_64-linux-gnu/libX11.so.6.3.0
7fcfa2015000-7fcfa2026000 r-xp 00000000 08:06 9701280                    /usr/lib/x86_64-linux-gnu/libXext.so.6.4.0
7fcfa2026000-7fcfa2225000 ---p 00011000 08:06 9701280                    /usr/lib/x86_64-linux-gnu/libXext.so.6.4.0
7fcfa2225000-7fcfa2226000 r--p 00010000 08:06 9701280                    /usr/lib/x86_64-linux-gnu/libXext.so.6.4.0
7fcfa2226000-7fcfa2227000 rw-p 00011000 08:06 9701280                    /usr/lib/x86_64-linux-gnu/libXext.so.6.4.0
7fcfa2227000-7fcfa227b000 r-xp 00000000 08:06 9965493                    /usr/lib/jvm/java-8-oracle/jre/lib/amd64/libawt_xawt.so
7fcfa227b000-7fcfa247b000 ---p 00054000 08:06 9965493                    /usr/lib/jvm/java-8-oracle/jre/lib/amd64/libawt_xawt.so
7fcfa247b000-7fcfa247f000 rw-p 00054000 08:06 9965493                    /usr/lib/jvm/java-8-oracle/jre/lib/amd64/libawt_xawt.so
7fcfa247f000-7fcfa2480000 rw-p 00000000 00:00 0 
7fcfa2480000-7fcfa2522000 r-xp 00000000 08:06 9965501                    /usr/lib/jvm/java-8-oracle/jre/lib/amd64/libawt.so
7fcfa2522000-7fcfa2722000 ---p 000a2000 08:06 9965501                    /usr/lib/jvm/java-8-oracle/jre/lib/amd64/libawt.so
7fcfa2722000-7fcfa272e000 rw-p 000a2000 08:06 9965501                    /usr/lib/jvm/java-8-oracle/jre/lib/amd64/libawt.so
7fcfa272e000-7fcfa2752000 rw-p 00000000 00:00 0 
7fcfa2752000-7fcfa2768000 r-xp 00000000 08:06 3280771                    /lib/x86_64-linux-gnu/libgcc_s.so.1
7fcfa2768000-7fcfa2967000 ---p 00016000 08:06 3280771                    /lib/x86_64-linux-gnu/libgcc_s.so.1
7fcfa2967000-7fcfa2968000 rw-p 00015000 08:06 3280771                    /lib/x86_64-linux-gnu/libgcc_s.so.1
7fcfa2968000-7fcfa2a4e000 r-xp 00000000 08:06 9708320                    /usr/lib/x86_64-linux-gnu/libstdc++.so.6.0.19
7fcfa2a4e000-7fcfa2c4d000 ---p 000e6000 08:06 9708320                    /usr/lib/x86_64-linux-gnu/libstdc++.so.6.0.19
7fcfa2c4d000-7fcfa2c55000 r--p 000e5000 08:06 9708320                    /usr/lib/x86_64-linux-gnu/libstdc++.so.6.0.19
7fcfa2c55000-7fcfa2c57000 rw-p 000ed000 08:06 9708320                    /usr/lib/x86_64-linux-gnu/libstdc++.so.6.0.19
7fcfa2c57000-7fcfa2c6c000 rw-p 00000000 00:00 0 
7fcfa2c6c000-7fcfa2c8b000 r-xp 00000000 08:06 9990275                    /usr/lib/jvm/java-8-oracle/jre/lib/amd64/libremoteApiJava.so
7fcfa2c8b000-7fcfa2e8a000 ---p 0001f000 08:06 9990275                    /usr/lib/jvm/java-8-oracle/jre/lib/amd64/libremoteApiJava.so
7fcfa2e8a000-7fcfa2e8b000 r--p 0001e000 08:06 9990275                    /usr/lib/jvm/java-8-oracle/jre/lib/amd64/libremoteApiJava.so
7fcfa2e8b000-7fcfa2e8c000 rw-p 0001f000 08:06 9990275                    /usr/lib/jvm/java-8-oracle/jre/lib/amd64/libremoteApiJava.so
7fcfa2e8c000-7fcfa2ea1000 rw-p 00000000 00:00 0 
7fcfa2ea1000-7fcfa2ea2000 ---p 00000000 00:00 0 
7fcfa2ea2000-7fcfa2fa2000 rw-p 00000000 00:00 0                          [stack:6920]
7fcfa2fa2000-7fcfa2fa5000 ---p 00000000 00:00 0 
7fcfa2fa5000-7fcfa30a3000 rw-p 00000000 00:00 0                          [stack:6919]
7fcfa30a3000-7fcfa30a6000 ---p 00000000 00:00 0 
7fcfa30a6000-7fcfa31a4000 rw-p 00000000 00:00 0                          [stack:6918]
7fcfa31a4000-7fcfa31a7000 ---p 00000000 00:00 0 
7fcfa31a7000-7fcfa32a5000 rw-p 00000000 00:00 0                          [stack:6917]
7fcfa32a5000-7fcfa32a8000 ---p 00000000 00:00 0 
7fcfa32a8000-7fcfa33a6000 rw-p 00000000 00:00 0                          [stack:6916]
7fcfa33a6000-7fcfa33a9000 ---p 00000000 00:00 0 
7fcfa33a9000-7fcfa34a7000 rw-p 00000000 00:00 0                          [stack:6915]
7fcfa34a7000-7fcfa3cfd000 r--p 00000000 08:06 9706407                    /usr/lib/locale/locale-archive
7fcfa3cfd000-7fcfa3d00000 ---p 00000000 00:00 0 
7fcfa3d00000-7fcfa3dfe000 rw-p 00000000 00:00 0                          [stack:6914]
7fcfa3dfe000-7fcfa3e01000 ---p 00000000 00:00 0 
7fcfa3e01000-7fcfa3eff000 rw-p 00000000 00:00 0                          [stack:6913]
7fcfa3eff000-7fcfa3f00000 ---p 00000000 00:00 0 
7fcfa3f00000-7fcfa4000000 rw-p 00000000 00:00 0                          [stack:6912]
7fcfa4000000-7fcfa4021000 rw-p 00000000 00:00 0 
7fcfa4021000-7fcfa8000000 ---p 00000000 00:00 0 
7fcfa8000000-7fcfa8021000 rw-p 00000000 00:00 0 
7fcfa8021000-7fcfac000000 ---p 00000000 00:00 0 
7fcfac000000-7fcfac021000 rw-p 00000000 00:00 0 
7fcfac021000-7fcfb0000000 ---p 00000000 00:00 0 
7fcfb0000000-7fcfb0001000 r--s 00000000 08:06 4737743                    /var/cache/fontconfig/89034621ae2a8922916bb6bfa5799546-le64.cache-4
7fcfb0001000-7fcfb0002000 r--s 00000000 08:06 4737726                    /var/cache/fontconfig/8aec10f4cc8391dcef22ca549f1e4354-le64.cache-4
7fcfb0002000-7fcfb0003000 r--s 00000000 08:06 4737721                    /var/cache/fontconfig/8a687c406b77f27d99abfeeba937fcce-le64.cache-4
7fcfb0003000-7fcfb0004000 r--s 00000000 08:06 4737715                    /var/cache/fontconfig/ac2cf712d852da827a87a9baf682f5b9-le64.cache-4
7fcfb0004000-7fcfb0006000 r--s 00000000 08:06 4737714                    /var/cache/fontconfig/65f976e5259cbe6dc7697b8648396239-le64.cache-4
7fcfb0006000-7fcfb0011000 r--s 00000000 08:06 4737708                    /var/cache/fontconfig/d589a48862398ed80a3d6066f4f56f4c-le64.cache-4
7fcfb0011000-7fcfb0012000 r--s 00000000 08:06 4737705                    /var/cache/fontconfig/94f7fe9bd33aadfac165873bd010d595-le64.cache-4
7fcfb0012000-7fcfb0014000 r--s 00000000 08:06 4737703                    /var/cache/fontconfig/423767150eb258c59035de29db6fca84-le64.cache-4
7fcfb0014000-7fcfb0015000 r--s 00000000 08:06 4737700                    /var/cache/fontconfig/845c20fd2c4814bcec78e05d37a63ccc-le64.cache-4
7fcfb0015000-7fcfb0016000 r--s 00000000 08:06 4737697                    /var/cache/fontconfig/e7de81b01590fb7e12b38e274e17d0db-le64.cache-4
7fcfb0016000-7fcfb0017000 r--s 00000000 08:06 4737695                    /var/cache/fontconfig/406a1d2d2bf3ed7664fbadefac0b2f66-le64.cache-4
7fcfb0017000-7fcfb0019000 r--s 00000000 08:06 4737690                    /var/cache/fontconfig/67709b7835c0f764c1135060c9575660-le64.cache-4
7fcfb0019000-7fcfb0023000 r--s 00000000 08:06 4737687                    /var/cache/fontconfig/198d8fcf01c96d0cf813f74fd759bdb7-le64.cache-4
7fcfb0023000-7fcfb0024000 r--s 00000000 08:06 4718663                    /var/cache/fontconfig/0c9eb80ebd1c36541ebe2852d3bb0c49-le64.cache-4
7fcfb0024000-7fcfb002f000 r--s 00000000 08:06 4728719                    /var/cache/fontconfig/83bf95040141907cd45bb53cf7c1c148-le64.cache-4
7fcfb002f000-7fcfb0031000 r--s 00000000 08:06 4728351                    /var/cache/fontconfig/6e6b34ae150a7ad95e82fb4a522f0bda-le64.cache-4
7fcfb0031000-7fcfb0032000 r--s 00000000 08:06 4728325                    /var/cache/fontconfig/3334a778d104e76d188e9df399bc24d2-le64.cache-4
7fcfb0032000-7fcfb0039000 r--s 00000000 08:06 4728293                    /var/cache/fontconfig/53d14c92082a93e67d5078324eb314ca-le64.cache-4
7fcfb0039000-7fcfb003d000 r--s 00000000 08:06 4728284                    /var/cache/fontconfig/6c08beecf0dac481ec92e759e0c2e6d7-le64.cache-4
7fcfb003d000-7fcfb0041000 r--s 00000000 08:06 4728280                    /var/cache/fontconfig/4d6aee6d44eccb37054d3216e945f618-le64.cache-4
7fcfb0041000-7fcfb0045000 r--s 00000000 08:06 4728266                    /var/cache/fontconfig/d6c6df98c3df5faf9bd0f8ef4d91efe5-le64.cache-4
7fcfb0045000-7fcfb0049000 r--s 00000000 08:06 4728233                    /var/cache/fontconfig/9fb319ef52839f11ee26ab8b4cffa12b-le64.cache-4
7fcfb0049000-7fcfb005c000 r--s 00000000 08:06 4728219                    /var/cache/fontconfig/4ac51e5cfbc76fc3f983e470323a16d3-le64.cache-4
7fcfb005c000-7fcfb005f000 r--s 00000000 08:06 4728197                    /var/cache/fontconfig/c19b55eb3b4c5b40ea175e31682068a5-le64.cache-4
7fcfb005f000-7fcfb0060000 r--s 00000000 08:06 4728162                    /var/cache/fontconfig/c277e94e32b20404286a1ddafa5a80f0-le64.cache-4
7fcfb0060000-7fcfb0063000 r--s 00000000 08:06 4728146                    /var/cache/fontconfig/de83a0a961185c8bd1f159015d56c039-le64.cache-4
7fcfb0063000-7fcfb0084000 r--s 00000000 08:06 4728117                    /var/cache/fontconfig/e13b20fdb08344e0e664864cc2ede53d-le64.cache-4
7fcfb0084000-7fcfb0089000 r--s 00000000 08:06 4720248                    /var/cache/fontconfig/7ef2298fde41cc6eeb7af42e48b7d293-le64.cache-4
7fcfb0089000-7fcfb0096000 r--s 00000000 08:06 4719916                    /var/cache/fontconfig/8f02d4cb045bd6ce15663e43f347c9f8-le64.cache-4
7fcfb0096000-7fcfb00b4000 r--s 00000000 08:06 4721482                    /var/cache/fontconfig/467c019e582ee353435ea5c21d137ef6-le64.cache-4
7fcfb00b4000-7fcfb00ba000 r--s 00036000 08:06 4327425                    /home/ees/Apps/eclipse/plugins/org.junit_4.11.0.v201303080030/junit.jar
7fcfb00ba000-7fcfb00c5000 r--s 00116000 08:06 9839819                    /usr/lib/jvm/java-8-oracle/jre/lib/ext/localedata.jar
7fcfb00c5000-7fcfb00e1000 r--s 00393000 08:06 9839818                    /usr/lib/jvm/java-8-oracle/jre/lib/ext/cldrdata.jar
7fcfb00e1000-7fcfb00f2000 r--s 0016c000 08:06 5380962                    /home/ees/Java Workspace/third party/JFreeChart/jfreechart-1.0.18.jar
7fcfb00f2000-7fcfb00f8000 r--s 0004a000 08:06 5380961                    /home/ees/Java Workspace/third party/JFreeChart/jcommon-1.0.22.jar
7fcfb00f8000-7fcfb1077000 rw-p 00000000 00:00 0 
7fcfb1077000-7fcfb1250000 r--s 03d09000 08:06 9839893                    /usr/lib/jvm/java-8-oracle/jre/lib/rt.jar
7fcfb1250000-7fcfb5000000 rw-p 00000000 00:00 0 
7fcfb5000000-7fcfb5610000 rwxp 00000000 00:00 0 
7fcfb5610000-7fcfc4000000 ---p 00000000 00:00 0 
7fcfc4000000-7fcfc464a000 rw-p 00000000 00:00 0 
7fcfc464a000-7fcfc8000000 ---p 00000000 00:00 0 
7fcfc8000000-7fcfc8002000 r--s 00000000 08:06 4720247                    /var/cache/fontconfig/16326683038b281783a0ef8c680e3a10-le64.cache-4
7fcfc8002000-7fcfc8004000 r--s 0000c000 08:06 4327298                    /home/ees/Apps/eclipse/plugins/org.hamcrest.core_1.3.0.v201303031735.jar
7fcfc8004000-7fcfc8007000 r--s 0002c000 08:06 5380909                    /home/ees/Java Workspace/JavaIvyBus/libs/ivy-java.jar
7fcfc8007000-7fcfc800a000 r--s 0002c000 08:06 9839921                    /usr/lib/jvm/java-8-oracle/jre/lib/ext/ivy-java.jar
7fcfc800a000-7fcfc8c9d000 rw-p 00000000 00:00 0 
7fcfc8c9d000-7fcfc8c9e000 ---p 00000000 00:00 0 
7fcfc8c9e000-7fcfc8d9e000 rw-p 00000000 00:00 0                          [stack:6911]
7fcfc8d9e000-7fcfc8d9f000 ---p 00000000 00:00 0 
7fcfc8d9f000-7fcfc8e9f000 rw-p 00000000 00:00 0                          [stack:6910]
7fcfc8e9f000-7fcfc8ea0000 ---p 00000000 00:00 0 
7fcfc8ea0000-7fcfc8fa0000 rw-p 00000000 00:00 0                          [stack:6909]
7fcfc8fa0000-7fcfc8fa1000 ---p 00000000 00:00 0 
7fcfc8fa1000-7fcfc92eb000 rw-p 00000000 00:00 0                          [stack:6908]
7fcfc92eb000-7fcfc9333000 ---p 00000000 00:00 0 
7fcfc9333000-7fcfc957d000 rw-p 00000000 00:00 0 
7fcfc957d000-7fcfc95c5000 ---p 00000000 00:00 0 
7fcfc95c5000-7fcfc95da000 rw-p 00000000 00:00 0 
7fcfc95da000-7fcfc970e000 ---p 00000000 00:00 0 
7fcfc970e000-7fcfc9728000 rw-p 00000000 00:00 0 
7fcfc9728000-7fcfc9acf000 ---p 00000000 00:00 0 
7fcfc9acf000-7fcfc9ae9000 r-xp 00000000 08:06 9965494                    /usr/lib/jvm/java-8-oracle/jre/lib/amd64/libzip.so
7fcfc9ae9000-7fcfc9ce9000 ---p 0001a000 08:06 9965494                    /usr/lib/jvm/java-8-oracle/jre/lib/amd64/libzip.so
7fcfc9ce9000-7fcfc9cea000 rw-p 0001a000 08:06 9965494                    /usr/lib/jvm/java-8-oracle/jre/lib/amd64/libzip.so
7fcfc9cea000-7fcfc9cf5000 r-xp 00000000 08:06 3280805                    /lib/x86_64-linux-gnu/libnss_files-2.19.so
7fcfc9cf5000-7fcfc9ef4000 ---p 0000b000 08:06 3280805                    /lib/x86_64-linux-gnu/libnss_files-2.19.so
7fcfc9ef4000-7fcfc9ef5000 r--p 0000a000 08:06 3280805                    /lib/x86_64-linux-gnu/libnss_files-2.19.so
7fcfc9ef5000-7fcfc9ef6000 rw-p 0000b000 08:06 3280805                    /lib/x86_64-linux-gnu/libnss_files-2.19.so
7fcfc9ef6000-7fcfc9f01000 r-xp 00000000 08:06 3282648                    /lib/x86_64-linux-gnu/libnss_nis-2.19.so
7fcfc9f01000-7fcfca100000 ---p 0000b000 08:06 3282648                    /lib/x86_64-linux-gnu/libnss_nis-2.19.so
7fcfca100000-7fcfca101000 r--p 0000a000 08:06 3282648                    /lib/x86_64-linux-gnu/libnss_nis-2.19.so
7fcfca101000-7fcfca102000 rw-p 0000b000 08:06 3282648                    /lib/x86_64-linux-gnu/libnss_nis-2.19.so
7fcfca102000-7fcfca119000 r-xp 00000000 08:06 3282626                    /lib/x86_64-linux-gnu/libnsl-2.19.so
7fcfca119000-7fcfca318000 ---p 00017000 08:06 3282626                    /lib/x86_64-linux-gnu/libnsl-2.19.so
7fcfca318000-7fcfca319000 r--p 00016000 08:06 3282626                    /lib/x86_64-linux-gnu/libnsl-2.19.so
7fcfca319000-7fcfca31a000 rw-p 00017000 08:06 3282626                    /lib/x86_64-linux-gnu/libnsl-2.19.so
7fcfca31a000-7fcfca31c000 rw-p 00000000 00:00 0 
7fcfca31c000-7fcfca325000 r-xp 00000000 08:06 3282622                    /lib/x86_64-linux-gnu/libnss_compat-2.19.so
7fcfca325000-7fcfca524000 ---p 00009000 08:06 3282622                    /lib/x86_64-linux-gnu/libnss_compat-2.19.so
7fcfca524000-7fcfca525000 r--p 00008000 08:06 3282622                    /lib/x86_64-linux-gnu/libnss_compat-2.19.so
7fcfca525000-7fcfca526000 rw-p 00009000 08:06 3282622                    /lib/x86_64-linux-gnu/libnss_compat-2.19.so
7fcfca526000-7fcfca550000 r-xp 00000000 08:06 9965481                    /usr/lib/jvm/java-8-oracle/jre/lib/amd64/libjava.so
7fcfca550000-7fcfca750000 ---p 0002a000 08:06 9965481                    /usr/lib/jvm/java-8-oracle/jre/lib/amd64/libjava.so
7fcfca750000-7fcfca752000 rw-p 0002a000 08:06 9965481                    /usr/lib/jvm/java-8-oracle/jre/lib/amd64/libjava.so
7fcfca752000-7fcfca75f000 r-xp 00000000 08:06 9965507                    /usr/lib/jvm/java-8-oracle/jre/lib/amd64/libverify.so
7fcfca75f000-7fcfca95f000 ---p 0000d000 08:06 9965507                    /usr/lib/jvm/java-8-oracle/jre/lib/amd64/libverify.so
7fcfca95f000-7fcfca961000 rw-p 0000d000 08:06 9965507                    /usr/lib/jvm/java-8-oracle/jre/lib/amd64/libverify.so
7fcfca961000-7fcfca968000 r-xp 00000000 08:06 3282642                    /lib/x86_64-linux-gnu/librt-2.19.so
7fcfca968000-7fcfcab67000 ---p 00007000 08:06 3282642                    /lib/x86_64-linux-gnu/librt-2.19.so
7fcfcab67000-7fcfcab68000 r--p 00006000 08:06 3282642                    /lib/x86_64-linux-gnu/librt-2.19.so
7fcfcab68000-7fcfcab69000 rw-p 00007000 08:06 3282642                    /lib/x86_64-linux-gnu/librt-2.19.so
7fcfcab69000-7fcfcac6e000 r-xp 00000000 08:06 3280801                    /lib/x86_64-linux-gnu/libm-2.19.so
7fcfcac6e000-7fcfcae6d000 ---p 00105000 08:06 3280801                    /lib/x86_64-linux-gnu/libm-2.19.so
7fcfcae6d000-7fcfcae6e000 r--p 00104000 08:06 3280801                    /lib/x86_64-linux-gnu/libm-2.19.so
7fcfcae6e000-7fcfcae6f000 rw-p 00105000 08:06 3280801                    /lib/x86_64-linux-gnu/libm-2.19.so
7fcfcae6f000-7fcfcbb1d000 r-xp 00000000 08:06 9965516                    /usr/lib/jvm/java-8-oracle/jre/lib/amd64/server/libjvm.so
7fcfcbb1d000-7fcfcbd1c000 ---p 00cae000 08:06 9965516                    /usr/lib/jvm/java-8-oracle/jre/lib/amd64/server/libjvm.so
7fcfcbd1c000-7fcfcbdf3000 rw-p 00cad000 08:06 9965516                    /usr/lib/jvm/java-8-oracle/jre/lib/amd64/server/libjvm.so
7fcfcbdf3000-7fcfcbe37000 rw-p 00000000 00:00 0 
7fcfcbe37000-7fcfcbff2000 r-xp 00000000 08:06 3282636                    /lib/x86_64-linux-gnu/libc-2.19.so
7fcfcbff2000-7fcfcc1f1000 ---p 001bb000 08:06 3282636                    /lib/x86_64-linux-gnu/libc-2.19.so
7fcfcc1f1000-7fcfcc1f5000 r--p 001ba000 08:06 3282636                    /lib/x86_64-linux-gnu/libc-2.19.so
7fcfcc1f5000-7fcfcc1f7000 rw-p 001be000 08:06 3282636                    /lib/x86_64-linux-gnu/libc-2.19.so
7fcfcc1f7000-7fcfcc1fc000 rw-p 00000000 00:00 0 
7fcfcc1fc000-7fcfcc1ff000 r-xp 00000000 08:06 3282612                    /lib/x86_64-linux-gnu/libdl-2.19.so
7fcfcc1ff000-7fcfcc3fe000 ---p 00003000 08:06 3282612                    /lib/x86_64-linux-gnu/libdl-2.19.so
7fcfcc3fe000-7fcfcc3ff000 r--p 00002000 08:06 3282612                    /lib/x86_64-linux-gnu/libdl-2.19.so
7fcfcc3ff000-7fcfcc400000 rw-p 00003000 08:06 3282612                    /lib/x86_64-linux-gnu/libdl-2.19.so
7fcfcc400000-7fcfcc415000 r-xp 00000000 08:06 9700047                    /usr/lib/jvm/java-8-oracle/lib/amd64/jli/libjli.so
7fcfcc415000-7fcfcc615000 ---p 00015000 08:06 9700047                    /usr/lib/jvm/java-8-oracle/lib/amd64/jli/libjli.so
7fcfcc615000-7fcfcc616000 rw-p 00015000 08:06 9700047                    /usr/lib/jvm/java-8-oracle/lib/amd64/jli/libjli.so
7fcfcc616000-7fcfcc62f000 r-xp 00000000 08:06 3282638                    /lib/x86_64-linux-gnu/libpthread-2.19.so
7fcfcc62f000-7fcfcc82e000 ---p 00019000 08:06 3282638                    /lib/x86_64-linux-gnu/libpthread-2.19.so
7fcfcc82e000-7fcfcc82f000 r--p 00018000 08:06 3282638                    /lib/x86_64-linux-gnu/libpthread-2.19.so
7fcfcc82f000-7fcfcc830000 rw-p 00019000 08:06 3282638                    /lib/x86_64-linux-gnu/libpthread-2.19.so
7fcfcc830000-7fcfcc834000 rw-p 00000000 00:00 0 
7fcfcc834000-7fcfcc857000 r-xp 00000000 08:06 3282630                    /lib/x86_64-linux-gnu/ld-2.19.so
7fcfcc857000-7fcfcc858000 r--s 00000000 08:06 4737779                    /var/cache/fontconfig/e0aa53bcfa504e64f87823c16bc01eb6-le64.cache-4
7fcfcc858000-7fcfcc91d000 rw-p 00000000 00:00 0 
7fcfcc91d000-7fcfcc920000 ---p 00000000 00:00 0 
7fcfcc920000-7fcfcca22000 rw-p 00000000 00:00 0                          [stack:6904]
7fcfcca22000-7fcfcca23000 r--s 0000d000 08:06 5380908                    /home/ees/Java Workspace/JavaIvyBus/libs/ivy-1.2.13.jar
7fcfcca23000-7fcfcca4a000 rw-p 00000000 00:00 0 
7fcfcca4a000-7fcfcca52000 rw-s 00000000 08:06 11163383                   /tmp/hsperfdata_ees/6902
7fcfcca52000-7fcfcca53000 rw-p 00000000 00:00 0 
7fcfcca53000-7fcfcca54000 r--p 00000000 00:00 0 
7fcfcca54000-7fcfcca56000 rw-p 00000000 00:00 0 
7fcfcca56000-7fcfcca57000 r--p 00022000 08:06 3282630                    /lib/x86_64-linux-gnu/ld-2.19.so
7fcfcca57000-7fcfcca58000 rw-p 00023000 08:06 3282630                    /lib/x86_64-linux-gnu/ld-2.19.so
7fcfcca58000-7fcfcca59000 rw-p 00000000 00:00 0 
7ffdc5c51000-7ffdc5c72000 rw-p 00000000 00:00 0                          [stack]
7ffdc5db5000-7ffdc5db7000 r-xp 00000000 00:00 0                          [vdso]
ffffffffff600000-ffffffffff601000 r-xp 00000000 00:00 0                  [vsyscall]

VM Arguments:
jvm_args: -Dfile.encoding=ISO-8859-1 
java_command: velinov.java.finken.app.FinkenSimBridge
java_class_path (initial): /home/ees/Java Workspace/JavaFinkenApp/classes:/home/ees/Java Workspace/JavaFinken/classes:/home/ees/Java Workspace/JavaIvyBus/classes:/home/ees/Java Workspace/JavaIvyBus/libs/ivy-java.jar:/home/ees/Java Workspace/JavaIvyBus/libs/ivy-1.2.13.jar:/home/ees/Java Workspace/JavaEventDispatch/classes:/home/ees/Java Workspace/JavaJFreeChart/classes:/home/ees/Java Workspace/third party/JFreeChart/jcommon-1.0.22.jar:/home/ees/Java Workspace/third party/JFreeChart/jfreechart-1.0.18.jar:/home/ees/Java Workspace/JavaVREP/classes:/home/ees/Apps/eclipse/plugins/org.junit_4.11.0.v201303080030/junit.jar:/home/ees/Apps/eclipse/plugins/org.hamcrest.core_1.3.0.v201303031735.jar:/home/ees/Java Workspace/JavaXmlSAX/classes
Launcher Type: SUN_STANDARD

Environment Variables:
PATH=/usr/local/sbin:/usr/local/bin:/usr/sbin:/usr/bin:/sbin:/bin:/usr/games:/usr/local/games
SHELL=/bin/bash
DISPLAY=:0

Signal Handlers:
SIGSEGV: [libjvm.so+0xaad1e0], sa_mask[0]=11111111011111111101111111111110, sa_flags=SA_RESTART|SA_SIGINFO
SIGBUS: [libjvm.so+0xaad1e0], sa_mask[0]=11111111011111111101111111111110, sa_flags=SA_RESTART|SA_SIGINFO
SIGFPE: [libjvm.so+0x90b450], sa_mask[0]=11111111011111111101111111111110, sa_flags=SA_RESTART|SA_SIGINFO
SIGPIPE: [libjvm.so+0x90b450], sa_mask[0]=11111111011111111101111111111110, sa_flags=SA_RESTART|SA_SIGINFO
SIGXFSZ: [libjvm.so+0x90b450], sa_mask[0]=11111111011111111101111111111110, sa_flags=SA_RESTART|SA_SIGINFO
SIGILL: [libjvm.so+0x90b450], sa_mask[0]=11111111011111111101111111111110, sa_flags=SA_RESTART|SA_SIGINFO
SIGUSR1: SIG_DFL, sa_mask[0]=00000000000000000000000000000000, sa_flags=none
SIGUSR2: [libjvm.so+0x90ca90], sa_mask[0]=00100000000000000000000000000000, sa_flags=SA_RESTART|SA_SIGINFO
SIGHUP: [libjvm.so+0x90dde0], sa_mask[0]=11111111011111111101111111111110, sa_flags=SA_RESTART|SA_SIGINFO
SIGINT: [libjvm.so+0x90dde0], sa_mask[0]=11111111011111111101111111111110, sa_flags=SA_RESTART|SA_SIGINFO
SIGTERM: [libjvm.so+0x90dde0], sa_mask[0]=11111111011111111101111111111110, sa_flags=SA_RESTART|SA_SIGINFO
SIGQUIT: [libjvm.so+0x90dde0], sa_mask[0]=11111111011111111101111111111110, sa_flags=SA_RESTART|SA_SIGINFO


---------------  S Y S T E M  ---------------

OS:DISTRIB_ID=Ubuntu
DISTRIB_RELEASE=14.04
DISTRIB_CODENAME=trusty
DISTRIB_DESCRIPTION="Ubuntu 14.04.2 LTS"

uname:Linux 3.13.0-53-generic #89-Ubuntu SMP Wed May 20 10:34:39 UTC 2015 x86_64
libc:glibc 2.19 NPTL 2.19 
rlimit: STACK 8192k, CORE 0k, NPROC 62939, NOFILE 4096, AS infinity
load average:0,71 0,85 0,73

/proc/meminfo:
MemTotal:        8077900 kB
MemFree:         3458672 kB
Buffers:          105932 kB
Cached:          1331872 kB
SwapCached:            0 kB
Active:          3353556 kB
Inactive:        1027372 kB
Active(anon):    2949480 kB
Inactive(anon):   367204 kB
Active(file):     404076 kB
Inactive(file):   660168 kB
Unevictable:          32 kB
Mlocked:              32 kB
SwapTotal:       8288252 kB
SwapFree:        8288252 kB
Dirty:               112 kB
Writeback:             0 kB
AnonPages:       2943160 kB
Mapped:           302496 kB
Shmem:            373564 kB
Slab:             104208 kB
SReclaimable:      69244 kB
SUnreclaim:        34964 kB
KernelStack:        5040 kB
PageTables:        40940 kB
NFS_Unstable:          0 kB
Bounce:                0 kB
WritebackTmp:          0 kB
CommitLimit:    12327200 kB
Committed_AS:    6682200 kB
VmallocTotal:   34359738367 kB
VmallocUsed:      413576 kB
VmallocChunk:   34359310944 kB
HardwareCorrupted:     0 kB
AnonHugePages:   2156544 kB
HugePages_Total:       0
HugePages_Free:        0
HugePages_Rsvd:        0
HugePages_Surp:        0
Hugepagesize:       2048 kB
DirectMap4k:       93668 kB
DirectMap2M:     8196096 kB


CPU:total 4 (2 cores per cpu, 2 threads per core) family 6 model 58 stepping 9, cmov, cx8, fxsr, mmx, sse, sse2, sse3, ssse3, sse4.1, sse4.2, popcnt, avx, aes, clmul, erms, ht, tsc, tscinvbit, tscinv

/proc/cpuinfo:
processor	: 0
vendor_id	: GenuineIntel
cpu family	: 6
model		: 58
model name	: Intel(R) Core(TM) i7-3540M CPU @ 3.00GHz
stepping	: 9
microcode	: 0x15
cpu MHz		: 3001.000
cache size	: 4096 KB
physical id	: 0
siblings	: 4
core id		: 0
cpu cores	: 2
apicid		: 0
initial apicid	: 0
fpu		: yes
fpu_exception	: yes
cpuid level	: 13
wp		: yes
flags		: fpu vme de pse tsc msr pae mce cx8 apic sep mtrr pge mca cmov pat pse36 clflush dts acpi mmx fxsr sse sse2 ss ht tm pbe syscall nx rdtscp lm constant_tsc arch_perfmon pebs bts rep_good nopl xtopology nonstop_tsc aperfmperf eagerfpu pni pclmulqdq dtes64 monitor ds_cpl vmx smx est tm2 ssse3 cx16 xtpr pdcm pcid sse4_1 sse4_2 x2apic popcnt tsc_deadline_timer aes xsave avx f16c rdrand lahf_lm ida arat epb xsaveopt pln pts dtherm tpr_shadow vnmi flexpriority ept vpid fsgsbase smep erms
bogomips	: 5980.49
clflush size	: 64
cache_alignment	: 64
address sizes	: 36 bits physical, 48 bits virtual
power management:

processor	: 1
vendor_id	: GenuineIntel
cpu family	: 6
model		: 58
model name	: Intel(R) Core(TM) i7-3540M CPU @ 3.00GHz
stepping	: 9
microcode	: 0x15
cpu MHz		: 1200.000
cache size	: 4096 KB
physical id	: 0
siblings	: 4
core id		: 1
cpu cores	: 2
apicid		: 2
initial apicid	: 2
fpu		: yes
fpu_exception	: yes
cpuid level	: 13
wp		: yes
flags		: fpu vme de pse tsc msr pae mce cx8 apic sep mtrr pge mca cmov pat pse36 clflush dts acpi mmx fxsr sse sse2 ss ht tm pbe syscall nx rdtscp lm constant_tsc arch_perfmon pebs bts rep_good nopl xtopology nonstop_tsc aperfmperf eagerfpu pni pclmulqdq dtes64 monitor ds_cpl vmx smx est tm2 ssse3 cx16 xtpr pdcm pcid sse4_1 sse4_2 x2apic popcnt tsc_deadline_timer aes xsave avx f16c rdrand lahf_lm ida arat epb xsaveopt pln pts dtherm tpr_shadow vnmi flexpriority ept vpid fsgsbase smep erms
bogomips	: 5980.49
clflush size	: 64
cache_alignment	: 64
address sizes	: 36 bits physical, 48 bits virtual
power management:

processor	: 2
vendor_id	: GenuineIntel
cpu family	: 6
model		: 58
model name	: Intel(R) Core(TM) i7-3540M CPU @ 3.00GHz
stepping	: 9
microcode	: 0x15
cpu MHz		: 2400.000
cache size	: 4096 KB
physical id	: 0
siblings	: 4
core id		: 0
cpu cores	: 2
apicid		: 1
initial apicid	: 1
fpu		: yes
fpu_exception	: yes
cpuid level	: 13
wp		: yes
flags		: fpu vme de pse tsc msr pae mce cx8 apic sep mtrr pge mca cmov pat pse36 clflush dts acpi mmx fxsr sse sse2 ss ht tm pbe syscall nx rdtscp lm constant_tsc arch_perfmon pebs bts rep_good nopl xtopology nonstop_tsc aperfmperf eagerfpu pni pclmulqdq dtes64 monitor ds_cpl vmx smx est tm2 ssse3 cx16 xtpr pdcm pcid sse4_1 sse4_2 x2apic popcnt tsc_deadline_timer aes xsave avx f16c rdrand lahf_lm ida arat epb xsaveopt pln pts dtherm tpr_shadow vnmi flexpriority ept vpid fsgsbase smep erms
bogomips	: 5980.49
clflush size	: 64
cache_alignment	: 64
address sizes	: 36 bits physical, 48 bits virtual
power management:

processor	: 3
vendor_id	: GenuineIntel
cpu family	: 6
model		: 58
model name	: Intel(R) Core(TM) i7-3540M CPU @ 3.00GHz
stepping	: 9
microcode	: 0x15
cpu MHz		: 1200.000
cache size	: 4096 KB
physical id	: 0
siblings	: 4
core id		: 1
cpu cores	: 2
apicid		: 3
initial apicid	: 3
fpu		: yes
fpu_exception	: yes
cpuid level	: 13
wp		: yes
flags		: fpu vme de pse tsc msr pae mce cx8 apic sep mtrr pge mca cmov pat pse36 clflush dts acpi mmx fxsr sse sse2 ss ht tm pbe syscall nx rdtscp lm constant_tsc arch_perfmon pebs bts rep_good nopl xtopology nonstop_tsc aperfmperf eagerfpu pni pclmulqdq dtes64 monitor ds_cpl vmx smx est tm2 ssse3 cx16 xtpr pdcm pcid sse4_1 sse4_2 x2apic popcnt tsc_deadline_timer aes xsave avx f16c rdrand lahf_lm ida arat epb xsaveopt pln pts dtherm tpr_shadow vnmi flexpriority ept vpid fsgsbase smep erms
bogomips	: 5980.49
clflush size	: 64
cache_alignment	: 64
address sizes	: 36 bits physical, 48 bits virtual
power management:



Memory: 4k page, physical 8077900k(3458672k free), swap 8288252k(8288252k free)

vm_info: Java HotSpot(TM) 64-Bit Server VM (25.45-b02) for linux-amd64 JRE (1.8.0_45-b14), built on Apr 10 2015 10:07:45 by "java_re" with gcc 4.3.0 20080428 (Red Hat 4.3.0-8)

time: Tue Oct 13 12:24:00 2015
elapsed time: 29 seconds (0d 0h 0m 29s)

