#
# A fatal error has been detected by the Java Runtime Environment:
#
#  SIGSEGV (0xb) at pc=0x00007f17b70199cd, pid=7488, tid=139738412226304
#
# JRE version: Java(TM) SE Runtime Environment (8.0_45-b14) (build 1.8.0_45-b14)
# Java VM: Java HotSpot(TM) 64-Bit Server VM (25.45-b02 mixed mode linux-amd64 compressed oops)
# Problematic frame:
# C  [libc.so.6+0x1519cd]
#
# Failed to write core dump. Core dumps have been disabled. To enable core dumping, try "ulimit -c unlimited" before starting Java again
#
# If you would like to submit a bug report, please visit:
#   http://bugreport.java.com/bugreport/crash.jsp
#

---------------  T H R E A D  ---------------

Current thread (0x00007f17500a2800):  JavaThread "Vrep Object Updater" [_thread_in_vm, id=7522, stack(0x00007f17625c1000,0x00007f17626c2000)]

siginfo: si_signo: 11 (SIGSEGV), si_code: 2 (SEGV_ACCERR), si_addr: 0x00007f1744021000

Registers:
RAX=0x0000000084bcc918, RBX=0x0000000100000b68, RCX=0x0000000000000000, RDX=0x0000000043fe0068
RSP=0x00007f17626c0168, RBP=0x00007f17626c01f0, RSI=0x00007f1744020fb7, RDI=0x0000000084bec7b0
R8 =0x0000000084bcc918, R9 =0x0000000000400000, R10=0x0000000000000006, R11=0x0000000000000217
R12=0x0000000044000000, R13=0x0000000000000000, R14=0x00007f17626c0180, R15=0x00007f1744000df8
RIP=0x00007f17b70199cd, EFLAGS=0x0000000000010202, CSGSFS=0x0000000000000033, ERR=0x0000000000000004
  TRAPNO=0x000000000000000e

Top of Stack: (sp=0x00007f17626c0168)
0x00007f17626c0168:   00007f17b65c1b7b 00007f17626c01a0
0x00007f17626c0178:   00007f174400111f 00007f17500a2800
0x00007f17626c0188:   0000000000000000 00007f17500a3660
0x00007f17626c0198:   0000000000000005 00007f17500a2800
0x00007f17626c01a8:   0000000000000000 00007f17500a2800
0x00007f17626c01b8:   0000301300000005 00007f17500a2800
0x00007f17626c01c8:   00007f17a052be88 0000000000000000
0x00007f17626c01d8:   00007f17a052be88 00007f17626c0440
0x00007f17626c01e8:   00007f17500a2800 00007f17626c0220
0x00007f17626c01f8:   00007f1789d77afa 00007f174400111f
0x00007f17626c0208:   0000000011000000 00007f1744000df8
0x00007f17626c0218:   00007f17500a29f8 00007f17626c0340
0x00007f17626c0228:   00007f1789d77179 00007f17626c02c0
0x00007f17626c0238:   00007f17626c029c 00007f17626c02c8
0x00007f17626c0248:   00007f17626c02a0 00007f17626c02d0
0x00007f17626c0258:   0000000100010000 00007f17500a2800
0x00007f17626c0268:   00007f17626c0420 00000009500a2800
0x00007f17626c0278:   0000000000000000 00007f17626c0440
0x00007f17626c0288:   00007f17500a29f8 11000000ffffffff
0x00007f17626c0298:   6600000000000000 0000000000000000
0x00007f17626c02a8:   0000000000000000 0000000000010000
0x00007f17626c02b8:   00007f174400111f 00007f178800111f
0x00007f17626c02c8:   00007f178800111f 00007f172000111f
0x00007f17626c02d8:   00007f1744000df0 00007f17b0100b78
0x00007f17626c02e8:   00007f1744000df8 00007f17500a2800
0x00007f17626c02f8:   0000000000000001 00007f17626c0350
0x00007f17626c0308:   00007f17b653679a 0000000100019958
0x00007f17626c0318:   0000000400000001 0000000000000003
0x00007f17626c0328:   00007f1762452df0 00007f17500a2800
0x00007f17626c0338:   000000000000000d 00007f17626c03e0
0x00007f17626c0348:   00007f17a1015994 00007f17626c0418
0x00007f17626c0358:   00007f17626c0410 00007f17626c0408 

Instructions: (pc=0x00007f17b70199cd)
0x00007f17b70199ad:   18 8e 00 02 00 00 0f 18 8e 00 03 00 00 f3 0f 6f
0x00007f17b70199bd:   06 f3 0f 6f 4e 10 f3 0f 6f 56 20 f3 0f 6f 5e 30
0x00007f17b70199cd:   f3 0f 6f 66 40 f3 0f 6f 6e 50 f3 0f 6f 76 60 f3
0x00007f17b70199dd:   0f 6f 7e 70 0f ae e8 66 0f e7 07 66 0f e7 4f 10 

Register to memory mapping:

RAX=0x0000000084bcc918 is pointing into object: 0x0000000084bcc908
[I 
 - klass: {type array int}
 - length: 285212672
RBX=0x0000000100000b68 is pointing into metadata
RCX=0x0000000000000000 is an unknown value
RDX=0x0000000043fe0068 is an unknown value
RSP=0x00007f17626c0168 is pointing into the stack for thread: 0x00007f17500a2800
RBP=0x00007f17626c01f0 is pointing into the stack for thread: 0x00007f17500a2800
RSI=0x00007f1744020fb7 is an unknown value
RDI=0x0000000084bec7b0 is pointing into object: 0x0000000084bcc908
[I 
 - klass: {type array int}
 - length: 285212672
R8 =0x0000000084bcc918 is pointing into object: 0x0000000084bcc908
[I 
 - klass: {type array int}
 - length: 285212672
R9 =0x0000000000400000: <offset 0> in /usr/lib/jvm/java-8-oracle/bin/java at 0x0000000000400000
R10=0x0000000000000006 is an unknown value
R11=0x0000000000000217 is an unknown value
R12=0x0000000044000000 is an unknown value
R13=0x0000000000000000 is an unknown value
R14=0x00007f17626c0180 is pointing into the stack for thread: 0x00007f17500a2800
R15=0x00007f1744000df8 is an unknown value


Stack: [0x00007f17625c1000,0x00007f17626c2000],  sp=0x00007f17626c0168,  free space=1020k
Native frames: (J=compiled Java code, j=interpreted, Vv=VM code, C=native code)
C  [libc.so.6+0x1519cd]
C  [libremoteApiJava.so+0x1aafa]  JNIEnv_::SetIntArrayRegion(_jintArray*, int, int, int const*)+0x3c
C  [libremoteApiJava.so+0x1a179]  Java_coppelia_remoteApi_simxGetObjectGroupData+0x15a
j  coppelia.remoteApi.simxGetObjectGroupData(IIILcoppelia/IntWA;Lcoppelia/IntWA;Lcoppelia/FloatWA;Lcoppelia/StringWA;I)I+0
j  velinov.java.finken.drone.virtual.VirtualFinkenDroneUpdater.updateParameters(I)Z+66
j  velinov.java.finken.drone.virtual.VirtualFinkenDroneUpdater.updateVirtualDrones()V+7
j  velinov.java.finken.drone.virtual.VirtualFinkenDroneUpdater.onObjectUpdate()V+1
j  velinov.java.vrep.objects.AbsObjectUpdater.run()V+4
j  java.lang.Thread.run()V+11
v  ~StubRoutines::call_stub
V  [libjvm.so+0x681a26]  JavaCalls::call_helper(JavaValue*, methodHandle*, JavaCallArguments*, Thread*)+0x1056
V  [libjvm.so+0x681f31]  JavaCalls::call_virtual(JavaValue*, KlassHandle, Symbol*, Symbol*, JavaCallArguments*, Thread*)+0x321
V  [libjvm.so+0x6823d7]  JavaCalls::call_virtual(JavaValue*, Handle, KlassHandle, Symbol*, Symbol*, Thread*)+0x47
V  [libjvm.so+0x718280]  thread_entry(JavaThread*, Thread*)+0xa0
V  [libjvm.so+0xa5c86f]  JavaThread::thread_main_inner()+0xdf
V  [libjvm.so+0xa5c99c]  JavaThread::run()+0x11c
V  [libjvm.so+0x910de8]  java_start(Thread*)+0x108
C  [libpthread.so.0+0x8182]  start_thread+0xc2

Java frames: (J=compiled Java code, j=interpreted, Vv=VM code)
j  coppelia.remoteApi.simxGetObjectGroupData(IIILcoppelia/IntWA;Lcoppelia/IntWA;Lcoppelia/FloatWA;Lcoppelia/StringWA;I)I+0
j  velinov.java.finken.drone.virtual.VirtualFinkenDroneUpdater.updateParameters(I)Z+66
j  velinov.java.finken.drone.virtual.VirtualFinkenDroneUpdater.updateVirtualDrones()V+7
j  velinov.java.finken.drone.virtual.VirtualFinkenDroneUpdater.onObjectUpdate()V+1
j  velinov.java.vrep.objects.AbsObjectUpdater.run()V+4
j  java.lang.Thread.run()V+11
v  ~StubRoutines::call_stub

---------------  P R O C E S S  ---------------

Java Threads: ( => current thread )
  0x00007f173c004000 JavaThread "Thread-5" [_thread_in_native, id=7529, stack(0x00007f1761495000,0x00007f1761596000)]
  0x00007f173c002800 JavaThread "Thread-4" [_thread_in_native, id=7528, stack(0x00007f1761596000,0x00007f1761697000)]
  0x00007f173c001800 JavaThread "Thread-3" [_thread_in_native, id=7527, stack(0x00007f1761798000,0x00007f1761899000)]
  0x00007f175009f000 JavaThread "Thread-0" [_thread_in_native, id=7525, stack(0x00007f1761697000,0x00007f1761798000)]
  0x00007f17500a4000 JavaThread "Thread-1" [_thread_in_native, id=7523, stack(0x00007f17628c2000,0x00007f17629c3000)]
=>0x00007f17500a2800 JavaThread "Vrep Object Updater" [_thread_in_vm, id=7522, stack(0x00007f17625c1000,0x00007f17626c2000)]
  0x00007f1750012000 JavaThread "TimerQueue" daemon [_thread_blocked, id=7520, stack(0x00007f1762cbb000,0x00007f1762dbc000)]
  0x00007f17b000a000 JavaThread "DestroyJavaVM" [_thread_blocked, id=7490, stack(0x00007f17b79ae000,0x00007f17b7aaf000)]
  0x00007f17b0456000 JavaThread "AWT-EventQueue-0" [_thread_blocked, id=7513, stack(0x00007f17629c3000,0x00007f1762ac4000)]
  0x00007f17b0454000 JavaThread "AWT-Shutdown" [_thread_blocked, id=7512, stack(0x00007f1762bba000,0x00007f1762cbb000)]
  0x00007f17b0259000 JavaThread "AWT-XAWT" daemon [_thread_in_native, id=7510, stack(0x00007f1763876000,0x00007f1763977000)]
  0x00007f17b0236800 JavaThread "Java2D Disposer" daemon [_thread_blocked, id=7509, stack(0x00007f1788087000,0x00007f1788188000)]
  0x00007f17b00d9800 JavaThread "Service Thread" daemon [_thread_blocked, id=7507, stack(0x00007f178a093000,0x00007f178a194000)]
  0x00007f17b00bc800 JavaThread "C1 CompilerThread2" daemon [_thread_blocked, id=7506, stack(0x00007f178a194000,0x00007f178a295000)]
  0x00007f17b00ba800 JavaThread "C2 CompilerThread1" daemon [_thread_blocked, id=7505, stack(0x00007f178a295000,0x00007f178a396000)]
  0x00007f17b00b7800 JavaThread "C2 CompilerThread0" daemon [_thread_blocked, id=7504, stack(0x00007f178a396000,0x00007f178a497000)]
  0x00007f17b00b6000 JavaThread "Signal Dispatcher" daemon [_thread_blocked, id=7503, stack(0x00007f178a497000,0x00007f178a598000)]
  0x00007f17b007f000 JavaThread "Finalizer" daemon [_thread_blocked, id=7501, stack(0x00007f178adee000,0x00007f178aeef000)]
  0x00007f17b007d000 JavaThread "Reference Handler" daemon [_thread_blocked, id=7500, stack(0x00007f178aeef000,0x00007f178aff0000)]

Other Threads:
  0x00007f17b0078000 VMThread [stack: 0x00007f178aff0000,0x00007f178b0f1000] [id=7499]
  0x00007f17b00dc000 WatcherThread [stack: 0x00007f1789f92000,0x00007f178a093000] [id=7508]

VM state:not at safepoint (normal execution)

VM Mutex/Monitor currently owned by a thread: None

Heap:
 PSYoungGen      total 36864K, used 17045K [0x00000000d6e00000, 0x00000000d9700000, 0x0000000100000000)
  eden space 31744K, 37% used [0x00000000d6e00000,0x00000000d79a9f08,0x00000000d8d00000)
  from space 5120K, 99% used [0x00000000d8d00000,0x00000000d91fb6d0,0x00000000d9200000)
  to   space 5120K, 0% used [0x00000000d9200000,0x00000000d9200000,0x00000000d9700000)
 ParOldGen       total 1199616K, used 1115954K [0x0000000084a00000, 0x00000000cdd80000, 0x00000000d6e00000)
  object space 1199616K, 93% used [0x0000000084a00000,0x00000000c8bcc918,0x00000000cdd80000)
 Metaspace       used 18666K, capacity 18962K, committed 19328K, reserved 1067008K
  class space    used 2238K, capacity 2358K, committed 2432K, reserved 1048576K

Card table byte_map: [0x00007f17b43c4000,0x00007f17b47a0000] byte_map_base: 0x00007f17b3f9f000

Marking Bits: (ParMarkBitMap*) 0x00007f17b6e9d760
 Begin Bits: [0x00007f1790250000, 0x00007f1792128000)
 End Bits:   [0x00007f1792128000, 0x00007f1794000000)

Polling page: 0x00007f17b7ae4000

CodeCache: size=245760Kb used=5349Kb max_used=5349Kb free=240410Kb
 bounds [0x00007f17a1000000, 0x00007f17a1540000, 0x00007f17b0000000]
 total_blobs=2198 nmethods=1544 adapters=567
 compilation: enabled

Compilation events (10 events):
Event: 14,528 Thread 0x00007f17b00bc800 1543       3       java.util.LinkedList::get (14 bytes)
Event: 14,528 Thread 0x00007f17b00bc800 nmethod 1543 0x00007f17a1539b10 code [0x00007f17a1539cc0, 0x00007f17a153a108]
Event: 14,528 Thread 0x00007f17b00bc800 1544       3       java.util.LinkedList::checkElementIndex (22 bytes)
Event: 14,529 Thread 0x00007f17b00bc800 nmethod 1544 0x00007f17a153a310 code [0x00007f17a153a540, 0x00007f17a153b118]
Event: 14,720 Thread 0x00007f17b00bc800 1545       3       java.util.regex.Pattern$LastNode::match (45 bytes)
Event: 14,721 Thread 0x00007f17b00bc800 nmethod 1545 0x00007f17a153b710 code [0x00007f17a153b880, 0x00007f17a153bab0]
Event: 14,729 Thread 0x00007f17b00bc800 1546       3       java.nio.charset.CoderResult::isOverflow (14 bytes)
Event: 14,729 Thread 0x00007f17b00bc800 nmethod 1546 0x00007f17a153bbd0 code [0x00007f17a153bd40, 0x00007f17a153bef0]
Event: 14,790 Thread 0x00007f17b00bc800 1547       3       coppelia.FloatWA::getNewArray (32 bytes)
Event: 14,791 Thread 0x00007f17b00bc800 nmethod 1547 0x00007f17a153bf50 code [0x00007f17a153c0c0, 0x00007f17a153c390]

GC Heap History (2 events):
Event: 0,991 GC heap before
{Heap before GC invocations=1 (full 0):
 PSYoungGen      total 36864K, used 31744K [0x00000000d6e00000, 0x00000000d9700000, 0x0000000100000000)
  eden space 31744K, 100% used [0x00000000d6e00000,0x00000000d8d00000,0x00000000d8d00000)
  from space 5120K, 0% used [0x00000000d9200000,0x00000000d9200000,0x00000000d9700000)
  to   space 5120K, 0% used [0x00000000d8d00000,0x00000000d8d00000,0x00000000d9200000)
 ParOldGen       total 84992K, used 0K [0x0000000084a00000, 0x0000000089d00000, 0x00000000d6e00000)
  object space 84992K, 0% used [0x0000000084a00000,0x0000000084a00000,0x0000000089d00000)
 Metaspace       used 15952K, capacity 16134K, committed 16384K, reserved 1062912K
  class space    used 1955K, capacity 2030K, committed 2048K, reserved 1048576K
Event: 1,000 GC heap after
Heap after GC invocations=1 (full 0):
 PSYoungGen      total 36864K, used 5101K [0x00000000d6e00000, 0x00000000d9700000, 0x0000000100000000)
  eden space 31744K, 0% used [0x00000000d6e00000,0x00000000d6e00000,0x00000000d8d00000)
  from space 5120K, 99% used [0x00000000d8d00000,0x00000000d91fb6d0,0x00000000d9200000)
  to   space 5120K, 0% used [0x00000000d9200000,0x00000000d9200000,0x00000000d9700000)
 ParOldGen       total 84992K, used 1842K [0x0000000084a00000, 0x0000000089d00000, 0x00000000d6e00000)
  object space 84992K, 2% used [0x0000000084a00000,0x0000000084bcc908,0x0000000089d00000)
 Metaspace       used 15952K, capacity 16134K, committed 16384K, reserved 1062912K
  class space    used 1955K, capacity 2030K, committed 2048K, reserved 1048576K
}

Deoptimization events (10 events):
Event: 0,727 Thread 0x00007f17b0456000 Uncommon trap: reason=class_check action=maybe_recompile pc=0x00007f17a11a13b0 method=java.lang.String.equals(Ljava/lang/Object;)Z @ 8
Event: 0,843 Thread 0x00007f17b0456000 Uncommon trap: reason=unstable_if action=reinterpret pc=0x00007f17a1346208 method=java.nio.Buffer.nextGetIndex()I @ 8
Event: 0,846 Thread 0x00007f17b0456000 Uncommon trap: reason=unstable_if action=reinterpret pc=0x00007f17a1337eb0 method=java.nio.Buffer.nextGetIndex()I @ 8
Event: 0,849 Thread 0x00007f17b0456000 Uncommon trap: reason=unstable_if action=reinterpret pc=0x00007f17a1339bd0 method=java.nio.Buffer.nextGetIndex()I @ 8
Event: 0,958 Thread 0x00007f17b0456000 Uncommon trap: reason=unstable_if action=reinterpret pc=0x00007f17a135e95c method=java.lang.CharacterData.of(I)Ljava/lang/CharacterData; @ 4
Event: 1,006 Thread 0x00007f17b0456000 Uncommon trap: reason=unstable_if action=reinterpret pc=0x00007f17a13aea18 method=java.lang.ref.SoftReference.get()Ljava/lang/Object; @ 17
Event: 1,067 Thread 0x00007f17b0456000 Uncommon trap: reason=unstable_if action=reinterpret pc=0x00007f17a128aedc method=java.util.HashMap.getNode(ILjava/lang/Object;)Ljava/util/HashMap$Node; @ 62
Event: 10,097 Thread 0x00007f175009f000 Uncommon trap: reason=bimorphic action=maybe_recompile pc=0x00007f17a13bbc50 method=java.lang.StringCoding$StringDecoder.decode([BII)[C @ 48
Event: 10,196 Thread 0x00007f17b0456000 Uncommon trap: reason=unstable_if action=reinterpret pc=0x00007f17a1492524 method=com.sun.org.apache.xerces.internal.util.SymbolTable.addSymbol([CII)Ljava/lang/String; @ 29
Event: 10,205 Thread 0x00007f17b0456000 Uncommon trap: reason=unstable_if action=reinterpret pc=0x00007f17a147e41c method=com.sun.org.apache.xerces.internal.impl.XMLEntityScanner.skipChar(I)Z @ 14

Internal exceptions (10 events):
Event: 11,100 Thread 0x00007f175009f000 Exception <a 'java/net/SocketTimeoutException': Receive timed out> (0x00000000d775a8b0) thrown at [/RE-WORK/workspace/8-2-build-linux-amd64/jdk8u45/3457/hotspot/src/share/vm/prims/jni.cpp, line 735]
Event: 11,102 Thread 0x00007f17500a4000 Exception <a 'java/net/SocketTimeoutException': Accept timed out> (0x00000000d771ef28) thrown at [/RE-WORK/workspace/8-2-build-linux-amd64/jdk8u45/3457/hotspot/src/share/vm/prims/jni.cpp, line 735]
Event: 12,101 Thread 0x00007f175009f000 Exception <a 'java/net/SocketTimeoutException': Receive timed out> (0x00000000d775abf0) thrown at [/RE-WORK/workspace/8-2-build-linux-amd64/jdk8u45/3457/hotspot/src/share/vm/prims/jni.cpp, line 735]
Event: 12,103 Thread 0x00007f17500a4000 Exception <a 'java/net/SocketTimeoutException': Accept timed out> (0x00000000d771f2e0) thrown at [/RE-WORK/workspace/8-2-build-linux-amd64/jdk8u45/3457/hotspot/src/share/vm/prims/jni.cpp, line 735]
Event: 13,101 Thread 0x00007f175009f000 Exception <a 'java/net/SocketTimeoutException': Receive timed out> (0x00000000d775af30) thrown at [/RE-WORK/workspace/8-2-build-linux-amd64/jdk8u45/3457/hotspot/src/share/vm/prims/jni.cpp, line 735]
Event: 13,104 Thread 0x00007f17500a4000 Exception <a 'java/net/SocketTimeoutException': Accept timed out> (0x00000000d771f618) thrown at [/RE-WORK/workspace/8-2-build-linux-amd64/jdk8u45/3457/hotspot/src/share/vm/prims/jni.cpp, line 735]
Event: 14,102 Thread 0x00007f175009f000 Exception <a 'java/net/SocketTimeoutException': Receive timed out> (0x00000000d775b270) thrown at [/RE-WORK/workspace/8-2-build-linux-amd64/jdk8u45/3457/hotspot/src/share/vm/prims/jni.cpp, line 735]
Event: 14,105 Thread 0x00007f17500a4000 Exception <a 'java/net/SocketTimeoutException': Accept timed out> (0x00000000d771f950) thrown at [/RE-WORK/workspace/8-2-build-linux-amd64/jdk8u45/3457/hotspot/src/share/vm/prims/jni.cpp, line 735]
Event: 15,104 Thread 0x00007f175009f000 Exception <a 'java/net/SocketTimeoutException': Receive timed out> (0x00000000d775b5b0) thrown at [/RE-WORK/workspace/8-2-build-linux-amd64/jdk8u45/3457/hotspot/src/share/vm/prims/jni.cpp, line 735]
Event: 15,106 Thread 0x00007f17500a4000 Exception <a 'java/net/SocketTimeoutException': Accept timed out> (0x00000000d771fc88) thrown at [/RE-WORK/workspace/8-2-build-linux-amd64/jdk8u45/3457/hotspot/src/share/vm/prims/jni.cpp, line 735]

Events (10 events):
Event: 10,360 loading class java/util/regex/Pattern$First
Event: 10,360 loading class java/util/regex/Pattern$First done
Event: 10,360 loading class java/util/regex/ASCII
Event: 10,360 loading class java/util/regex/ASCII done
Event: 10,361 Executing VM operation: RevokeBias
Event: 10,361 Executing VM operation: RevokeBias done
Event: 10,436 loading class java/awt/LightweightDispatcher$2
Event: 10,436 loading class java/awt/LightweightDispatcher$2 done
Event: 11,100 loading class java/net/SocketTimeoutException
Event: 11,100 loading class java/net/SocketTimeoutException done


Dynamic libraries:
00400000-00401000 r-xp 00000000 08:06 9717990                            /usr/lib/jvm/java-8-oracle/bin/java
00600000-00601000 rw-p 00000000 08:06 9717990                            /usr/lib/jvm/java-8-oracle/bin/java
00677000-00698000 rw-p 00000000 00:00 0                                  [heap]
84a00000-cdd80000 rw-p 00000000 00:00 0 
cdd80000-d6e00000 ---p 00000000 00:00 0 
d6e00000-d9700000 rw-p 00000000 00:00 0 
d9700000-100000000 ---p 00000000 00:00 0 
100000000-100260000 rw-p 00000000 00:00 0 
100260000-140000000 ---p 00000000 00:00 0 
7f172c000000-7f172c021000 rw-p 00000000 00:00 0 
7f172c021000-7f1730000000 ---p 00000000 00:00 0 
7f1734000000-7f1734021000 rw-p 00000000 00:00 0 
7f1734021000-7f1738000000 ---p 00000000 00:00 0 
7f1738000000-7f1738021000 rw-p 00000000 00:00 0 
7f1738021000-7f173c000000 ---p 00000000 00:00 0 
7f173c000000-7f173c021000 rw-p 00000000 00:00 0 
7f173c021000-7f1740000000 ---p 00000000 00:00 0 
7f1740000000-7f1740021000 rw-p 00000000 00:00 0 
7f1740021000-7f1744000000 ---p 00000000 00:00 0 
7f1744000000-7f17442a9000 rw-p 00000000 00:00 0 
7f17442a9000-7f1748000000 ---p 00000000 00:00 0 
7f1748000000-7f1748021000 rw-p 00000000 00:00 0 
7f1748021000-7f174c000000 ---p 00000000 00:00 0 
7f174c000000-7f174c021000 rw-p 00000000 00:00 0 
7f174c021000-7f1750000000 ---p 00000000 00:00 0 
7f1750000000-7f17500c3000 rw-p 00000000 00:00 0 
7f17500c3000-7f1754000000 ---p 00000000 00:00 0 
7f1754000000-7f1754025000 rw-p 00000000 00:00 0 
7f1754025000-7f1758000000 ---p 00000000 00:00 0 
7f1758000000-7f1758021000 rw-p 00000000 00:00 0 
7f1758021000-7f175c000000 ---p 00000000 00:00 0 
7f175c000000-7f175c021000 rw-p 00000000 00:00 0 
7f175c021000-7f1760000000 ---p 00000000 00:00 0 
7f1761295000-7f1761315000 rw-p 00000000 00:00 0 
7f1761315000-7f1761495000 ---p 00000000 00:00 0 
7f1761495000-7f1761498000 ---p 00000000 00:00 0 
7f1761498000-7f1761596000 rw-p 00000000 00:00 0                          [stack:7529]
7f1761596000-7f1761599000 ---p 00000000 00:00 0 
7f1761599000-7f1761697000 rw-p 00000000 00:00 0                          [stack:7528]
7f1761697000-7f176169a000 ---p 00000000 00:00 0 
7f176169a000-7f1761798000 rw-p 00000000 00:00 0                          [stack:7525]
7f1761798000-7f176179b000 ---p 00000000 00:00 0 
7f176179b000-7f1761899000 rw-p 00000000 00:00 0                          [stack:7527]
7f1761899000-7f176189a000 ---p 00000000 00:00 0 
7f176189a000-7f176209a000 rw-p 00000000 00:00 0                          [stack:7521]
7f176209a000-7f1762194000 rw-s 00000000 00:04 10879017                   /SYSV00000000 (deleted)
7f1762194000-7f17621be000 r-xp 00000000 08:06 9965471                    /usr/lib/jvm/java-8-oracle/jre/lib/amd64/libdcpr.so
7f17621be000-7f17623be000 ---p 0002a000 08:06 9965471                    /usr/lib/jvm/java-8-oracle/jre/lib/amd64/libdcpr.so
7f17623be000-7f17623c1000 rw-p 0002a000 08:06 9965471                    /usr/lib/jvm/java-8-oracle/jre/lib/amd64/libdcpr.so
7f17623c1000-7f17625c1000 rw-p 00000000 00:00 0 
7f17625c1000-7f17625c4000 ---p 00000000 00:00 0 
7f17625c4000-7f17628c2000 rw-p 00000000 00:00 0                          [stack:7522]
7f17628c2000-7f17628c5000 ---p 00000000 00:00 0 
7f17628c5000-7f17629c3000 rw-p 00000000 00:00 0                          [stack:7523]
7f17629c3000-7f17629c6000 ---p 00000000 00:00 0 
7f17629c6000-7f1762ac4000 rw-p 00000000 00:00 0                          [stack:7513]
7f1762ac4000-7f1762ac5000 r--s 00000000 08:06 4737771                    /var/cache/fontconfig/087e1975ba9a574b140bb1df193bf770-le64.cache-4
7f1762ac5000-7f1762ad3000 r--s 00000000 08:06 4737768                    /var/cache/fontconfig/6aa41aa22e18b8fa06a12da28ea9c28b-le64.cache-4
7f1762ad3000-7f1762ad4000 r--s 00000000 08:06 4718687                    /var/cache/fontconfig/c05880de57d1f5e948fdfacc138775d9-le64.cache-4
7f1762ad4000-7f1762adf000 r--s 00000000 08:06 4718681                    /var/cache/fontconfig/945677eb7aeaf62f1d50efc3fb3ec7d8-le64.cache-4
7f1762adf000-7f1762ae5000 r--s 00000000 08:06 4718667                    /var/cache/fontconfig/2cd17615ca594fa2959ae173292e504c-le64.cache-4
7f1762ae5000-7f1762ae6000 r--s 00000000 08:06 4718697                    /var/cache/fontconfig/e7071f4a29fa870f4323321c154eba04-le64.cache-4
7f1762ae6000-7f1762ae7000 r--s 00000000 08:06 4718664                    /var/cache/fontconfig/0d8c3b2ac0904cb8a57a757ad11a4a08-le64.cache-4
7f1762ae7000-7f1762aee000 r--s 00000000 08:06 4718684                    /var/cache/fontconfig/a755afe4a08bf5b97852ceb7400b47bc-le64.cache-4
7f1762aee000-7f1762af2000 r--s 00000000 08:06 4728115                    /var/cache/fontconfig/6d41288fd70b0be22e8c3a91e032eec0-le64.cache-4
7f1762af2000-7f1762b06000 r--s 00000000 08:06 4718662                    /var/cache/fontconfig/04aabc0a78ac019cf9454389977116d2-le64.cache-4
7f1762b06000-7f1762b07000 r--s 00000000 08:06 4718666                    /var/cache/fontconfig/1ac9eb803944fde146138c791f5cc56a-le64.cache-4
7f1762b07000-7f1762b08000 r--s 00000000 08:06 4737762                    /var/cache/fontconfig/b95bc8ffbebda2bbdae4265e45b8178d-le64.cache-4
7f1762b08000-7f1762b0c000 r--s 00000000 08:06 4718670                    /var/cache/fontconfig/385c0604a188198f04d133e54aba7fe7-le64.cache-4
7f1762b0c000-7f1762b0d000 r--s 00000000 08:06 4737761                    /var/cache/fontconfig/9c956a7723ca69a44b382d9179c9802f-le64.cache-4
7f1762b0d000-7f1762b0e000 r--s 00000000 08:06 4718694                    /var/cache/fontconfig/dc05db6664285cc2f12bf69c139ae4c3-le64.cache-4
7f1762b0e000-7f1762b0f000 r--s 00000000 08:06 4737758                    /var/cache/fontconfig/5d1cca7074f29429a8d18692746c2426-le64.cache-4
7f1762b0f000-7f1762b11000 r--s 00000000 08:06 4718678                    /var/cache/fontconfig/767a8244fc0220cfb567a839d0392e0b-le64.cache-4
7f1762b11000-7f1762b12000 r--s 00000000 08:06 4724512                    /var/cache/fontconfig/4794a0821666d79190d59a36cb4f44b5-le64.cache-4
7f1762b12000-7f1762b14000 r--s 00000000 08:06 4737753                    /var/cache/fontconfig/bf2c1853a9e9b00bb02fe2e9bcf1e201-le64.cache-4
7f1762b14000-7f1762b19000 r--s 00000000 08:06 4718680                    /var/cache/fontconfig/8801497958630a81b71ace7c5f9b32a8-le64.cache-4
7f1762b19000-7f1762b1d000 r--s 00000000 08:06 4728040                    /var/cache/fontconfig/c57959a16110560c8d0fcea73374aeeb-le64.cache-4
7f1762b1d000-7f1762b24000 r--s 00000000 08:06 4718668                    /var/cache/fontconfig/3047814df9a2f067bd2d96a2b9c36e5a-le64.cache-4
7f1762b24000-7f1762b28000 r--s 00000000 08:06 4737750                    /var/cache/fontconfig/bf3b770c553c462765856025a94f1ce6-le64.cache-4
7f1762b28000-7f1762b2e000 r--s 00000000 08:06 4718685                    /var/cache/fontconfig/b47c4e1ecd0709278f4910c18777a504-le64.cache-4
7f1762bb7000-7f1762bba000 rw-p 00000000 00:00 0 
7f1762bba000-7f1762bbd000 ---p 00000000 00:00 0 
7f1762bbd000-7f1762cbb000 rw-p 00000000 00:00 0                          [stack:7512]
7f1762cbb000-7f1762cbe000 ---p 00000000 00:00 0 
7f1762cbe000-7f1762dbc000 rw-p 00000000 00:00 0                          [stack:7520]
7f1762dbc000-7f1762dcf000 r--s 00344000 08:06 9839889                    /usr/lib/jvm/java-8-oracle/jre/lib/resources.jar
7f1762dcf000-7f1762e38000 r-xp 00000000 08:06 9965487                    /usr/lib/jvm/java-8-oracle/jre/lib/amd64/libt2k.so
7f1762e38000-7f1763037000 ---p 00069000 08:06 9965487                    /usr/lib/jvm/java-8-oracle/jre/lib/amd64/libt2k.so
7f1763037000-7f176303e000 rw-p 00068000 08:06 9965487                    /usr/lib/jvm/java-8-oracle/jre/lib/amd64/libt2k.so
7f176303e000-7f176304e000 rw-p 00000000 00:00 0 
7f176304e000-7f176305f000 r-xp 00000000 08:06 9963675                    /usr/lib/jvm/java-8-oracle/jre/lib/amd64/libnio.so
7f176305f000-7f176325e000 ---p 00011000 08:06 9963675                    /usr/lib/jvm/java-8-oracle/jre/lib/amd64/libnio.so
7f176325e000-7f176325f000 rw-p 00010000 08:06 9963675                    /usr/lib/jvm/java-8-oracle/jre/lib/amd64/libnio.so
7f176325f000-7f1763275000 r-xp 00000000 08:06 9965488                    /usr/lib/jvm/java-8-oracle/jre/lib/amd64/libnet.so
7f1763275000-7f1763475000 ---p 00016000 08:06 9965488                    /usr/lib/jvm/java-8-oracle/jre/lib/amd64/libnet.so
7f1763475000-7f1763476000 rw-p 00016000 08:06 9965488                    /usr/lib/jvm/java-8-oracle/jre/lib/amd64/libnet.so
7f1763476000-7f1763676000 rw-p 00000000 00:00 0 
7f1763676000-7f1763876000 rw-p 00000000 00:00 0 
7f1763876000-7f1763879000 ---p 00000000 00:00 0 
7f1763879000-7f1763977000 rw-p 00000000 00:00 0                          [stack:7510]
7f1763977000-7f176397c000 r-xp 00000000 08:06 9701798                    /usr/lib/x86_64-linux-gnu/libXfixes.so.3.1.0
7f176397c000-7f1763b7b000 ---p 00005000 08:06 9701798                    /usr/lib/x86_64-linux-gnu/libXfixes.so.3.1.0
7f1763b7b000-7f1763b7c000 r--p 00004000 08:06 9701798                    /usr/lib/x86_64-linux-gnu/libXfixes.so.3.1.0
7f1763b7c000-7f1763b7d000 rw-p 00005000 08:06 9701798                    /usr/lib/x86_64-linux-gnu/libXfixes.so.3.1.0
7f1763b7d000-7f1763b86000 r-xp 00000000 08:06 9707421                    /usr/lib/x86_64-linux-gnu/libXcursor.so.1.0.2
7f1763b86000-7f1763d85000 ---p 00009000 08:06 9707421                    /usr/lib/x86_64-linux-gnu/libXcursor.so.1.0.2
7f1763d85000-7f1763d86000 r--p 00008000 08:06 9707421                    /usr/lib/x86_64-linux-gnu/libXcursor.so.1.0.2
7f1763d86000-7f1763d87000 rw-p 00009000 08:06 9707421                    /usr/lib/x86_64-linux-gnu/libXcursor.so.1.0.2
7f1763d87000-7f1763dec000 r-xp 00000000 08:06 9965504                    /usr/lib/jvm/java-8-oracle/jre/lib/amd64/libfontmanager.so
7f1763dec000-7f1763feb000 ---p 00065000 08:06 9965504                    /usr/lib/jvm/java-8-oracle/jre/lib/amd64/libfontmanager.so
7f1763feb000-7f1763ff0000 rw-p 00064000 08:06 9965504                    /usr/lib/jvm/java-8-oracle/jre/lib/amd64/libfontmanager.so
7f1763ff0000-7f1764000000 rw-p 00000000 00:00 0 
7f1764000000-7f1764021000 rw-p 00000000 00:00 0 
7f1764021000-7f1768000000 ---p 00000000 00:00 0 
7f1768000000-7f1768021000 rw-p 00000000 00:00 0 
7f1768021000-7f176c000000 ---p 00000000 00:00 0 
7f176c000000-7f176c401000 rw-p 00000000 00:00 0 
7f176c401000-7f1770000000 ---p 00000000 00:00 0 
7f1770000000-7f17705af000 rw-p 00000000 00:00 0 
7f17705af000-7f1774000000 ---p 00000000 00:00 0 
7f1774000000-7f1774021000 rw-p 00000000 00:00 0 
7f1774021000-7f1778000000 ---p 00000000 00:00 0 
7f1778000000-7f177875f000 rw-p 00000000 00:00 0 
7f177875f000-7f177c000000 ---p 00000000 00:00 0 
7f177c000000-7f177c021000 rw-p 00000000 00:00 0 
7f177c021000-7f1780000000 ---p 00000000 00:00 0 
7f1780000000-7f1780021000 rw-p 00000000 00:00 0 
7f1780021000-7f1784000000 ---p 00000000 00:00 0 
7f1784000000-7f1784029000 rw-p 00000000 00:00 0 
7f1784029000-7f1788000000 ---p 00000000 00:00 0 
7f1788000000-7f1788001000 r--s 00000000 08:06 4737755                    /var/cache/fontconfig/9eae20f1ff8cc0a7d125749e875856bd-le64.cache-4
7f1788001000-7f1788002000 r--s 00000000 08:06 4718674                    /var/cache/fontconfig/56cf4f4769d0f4abc89a4895d7bd3ae1-le64.cache-4
7f1788002000-7f1788003000 r--s 00000000 08:06 4718686                    /var/cache/fontconfig/b9d506c9ac06c20b433354fa67a72993-le64.cache-4
7f1788003000-7f1788006000 r--s 00000000 08:06 4737744                    /var/cache/fontconfig/14d493b97896515cad3840ba4896e372-le64.cache-4
7f1788006000-7f1788007000 r--s 00000000 08:06 4737743                    /var/cache/fontconfig/89034621ae2a8922916bb6bfa5799546-le64.cache-4
7f1788007000-7f178800a000 r--s 00000000 08:06 4737737                    /var/cache/fontconfig/e49e89034d371f0f9de17aab02136486-le64.cache-4
7f178800a000-7f178800c000 r--s 00000000 08:06 4737728                    /var/cache/fontconfig/4b14b093aebc79c320de5e86ae1d3314-le64.cache-4
7f178800c000-7f178800d000 r--s 00000000 08:06 4737726                    /var/cache/fontconfig/8aec10f4cc8391dcef22ca549f1e4354-le64.cache-4
7f178800d000-7f1788020000 r--s 00000000 08:06 4718691                    /var/cache/fontconfig/d52a8644073d54c13679302ca1180695-le64.cache-4
7f1788020000-7f1788021000 r--s 00000000 08:06 4737721                    /var/cache/fontconfig/8a687c406b77f27d99abfeeba937fcce-le64.cache-4
7f1788021000-7f178802a000 r--s 00000000 08:06 4724829                    /var/cache/fontconfig/3f7329c5293ffd510edef78f73874cfd-le64.cache-4
7f178802a000-7f178802b000 r--s 00000000 08:06 4737715                    /var/cache/fontconfig/ac2cf712d852da827a87a9baf682f5b9-le64.cache-4
7f178802b000-7f178802d000 r--s 00000000 08:06 4737714                    /var/cache/fontconfig/65f976e5259cbe6dc7697b8648396239-le64.cache-4
7f178802d000-7f1788038000 r--s 00000000 08:06 4737708                    /var/cache/fontconfig/d589a48862398ed80a3d6066f4f56f4c-le64.cache-4
7f1788038000-7f1788039000 r--s 00000000 08:06 4737705                    /var/cache/fontconfig/94f7fe9bd33aadfac165873bd010d595-le64.cache-4
7f1788039000-7f178803b000 r--s 00000000 08:06 4737703                    /var/cache/fontconfig/423767150eb258c59035de29db6fca84-le64.cache-4
7f178803b000-7f178803c000 r--s 00000000 08:06 4737700                    /var/cache/fontconfig/845c20fd2c4814bcec78e05d37a63ccc-le64.cache-4
7f178803c000-7f178803d000 r--s 00000000 08:06 4737697                    /var/cache/fontconfig/e7de81b01590fb7e12b38e274e17d0db-le64.cache-4
7f178803d000-7f178803e000 r--s 00000000 08:06 4737695                    /var/cache/fontconfig/406a1d2d2bf3ed7664fbadefac0b2f66-le64.cache-4
7f178803e000-7f1788040000 r--s 00000000 08:06 4737690                    /var/cache/fontconfig/67709b7835c0f764c1135060c9575660-le64.cache-4
7f1788040000-7f178804a000 r--s 00000000 08:06 4737687                    /var/cache/fontconfig/198d8fcf01c96d0cf813f74fd759bdb7-le64.cache-4
7f178804a000-7f1788055000 r--s 00000000 08:06 4728719                    /var/cache/fontconfig/83bf95040141907cd45bb53cf7c1c148-le64.cache-4
7f1788055000-7f1788057000 r--s 00000000 08:06 4728351                    /var/cache/fontconfig/6e6b34ae150a7ad95e82fb4a522f0bda-le64.cache-4
7f1788057000-7f178805e000 r--s 00000000 08:06 4728293                    /var/cache/fontconfig/53d14c92082a93e67d5078324eb314ca-le64.cache-4
7f178805e000-7f1788062000 r--s 00000000 08:06 4728284                    /var/cache/fontconfig/6c08beecf0dac481ec92e759e0c2e6d7-le64.cache-4
7f1788062000-7f1788066000 r--s 00000000 08:06 4728280                    /var/cache/fontconfig/4d6aee6d44eccb37054d3216e945f618-le64.cache-4
7f1788066000-7f1788087000 r--s 00000000 08:06 4728117                    /var/cache/fontconfig/e13b20fdb08344e0e664864cc2ede53d-le64.cache-4
7f1788087000-7f178808a000 ---p 00000000 00:00 0 
7f178808a000-7f1788188000 rw-p 00000000 00:00 0                          [stack:7509]
7f1788188000-7f178818d000 r-xp 00000000 08:06 9707425                    /usr/lib/x86_64-linux-gnu/libXdmcp.so.6.0.0
7f178818d000-7f178838c000 ---p 00005000 08:06 9707425                    /usr/lib/x86_64-linux-gnu/libXdmcp.so.6.0.0
7f178838c000-7f178838d000 r--p 00004000 08:06 9707425                    /usr/lib/x86_64-linux-gnu/libXdmcp.so.6.0.0
7f178838d000-7f178838e000 rw-p 00005000 08:06 9707425                    /usr/lib/x86_64-linux-gnu/libXdmcp.so.6.0.0
7f178838e000-7f1788390000 r-xp 00000000 08:06 9707414                    /usr/lib/x86_64-linux-gnu/libXau.so.6.0.0
7f1788390000-7f1788590000 ---p 00002000 08:06 9707414                    /usr/lib/x86_64-linux-gnu/libXau.so.6.0.0
7f1788590000-7f1788591000 r--p 00002000 08:06 9707414                    /usr/lib/x86_64-linux-gnu/libXau.so.6.0.0
7f1788591000-7f1788592000 rw-p 00003000 08:06 9707414                    /usr/lib/x86_64-linux-gnu/libXau.so.6.0.0
7f1788592000-7f17885af000 r-xp 00000000 08:06 9708484                    /usr/lib/x86_64-linux-gnu/libxcb.so.1.1.0
7f17885af000-7f17887af000 ---p 0001d000 08:06 9708484                    /usr/lib/x86_64-linux-gnu/libxcb.so.1.1.0
7f17887af000-7f17887b0000 r--p 0001d000 08:06 9708484                    /usr/lib/x86_64-linux-gnu/libxcb.so.1.1.0
7f17887b0000-7f17887b1000 rw-p 0001e000 08:06 9708484                    /usr/lib/x86_64-linux-gnu/libxcb.so.1.1.0
7f17887b1000-7f17887c0000 r-xp 00000000 08:06 9713637                    /usr/lib/x86_64-linux-gnu/libXi.so.6.1.0
7f17887c0000-7f17889bf000 ---p 0000f000 08:06 9713637                    /usr/lib/x86_64-linux-gnu/libXi.so.6.1.0
7f17889bf000-7f17889c0000 r--p 0000e000 08:06 9713637                    /usr/lib/x86_64-linux-gnu/libXi.so.6.1.0
7f17889c0000-7f17889c1000 rw-p 0000f000 08:06 9713637                    /usr/lib/x86_64-linux-gnu/libXi.so.6.1.0
7f17889c1000-7f17889c6000 r-xp 00000000 08:06 9707455                    /usr/lib/x86_64-linux-gnu/libXtst.so.6.1.0
7f17889c6000-7f1788bc5000 ---p 00005000 08:06 9707455                    /usr/lib/x86_64-linux-gnu/libXtst.so.6.1.0
7f1788bc5000-7f1788bc6000 r--p 00004000 08:06 9707455                    /usr/lib/x86_64-linux-gnu/libXtst.so.6.1.0
7f1788bc6000-7f1788bc7000 rw-p 00005000 08:06 9707455                    /usr/lib/x86_64-linux-gnu/libXtst.so.6.1.0
7f1788bc7000-7f1788bd0000 r-xp 00000000 08:06 9701708                    /usr/lib/x86_64-linux-gnu/libXrender.so.1.3.0
7f1788bd0000-7f1788dcf000 ---p 00009000 08:06 9701708                    /usr/lib/x86_64-linux-gnu/libXrender.so.1.3.0
7f1788dcf000-7f1788dd0000 r--p 00008000 08:06 9701708                    /usr/lib/x86_64-linux-gnu/libXrender.so.1.3.0
7f1788dd0000-7f1788dd1000 rw-p 00009000 08:06 9701708                    /usr/lib/x86_64-linux-gnu/libXrender.so.1.3.0
7f1788dd1000-7f1788f01000 r-xp 00000000 08:06 9707410                    /usr/lib/x86_64-linux-gnu/libX11.so.6.3.0
7f1788f01000-7f1789101000 ---p 00130000 08:06 9707410                    /usr/lib/x86_64-linux-gnu/libX11.so.6.3.0
7f1789101000-7f1789102000 r--p 00130000 08:06 9707410                    /usr/lib/x86_64-linux-gnu/libX11.so.6.3.0
7f1789102000-7f1789106000 rw-p 00131000 08:06 9707410                    /usr/lib/x86_64-linux-gnu/libX11.so.6.3.0
7f1789106000-7f1789117000 r-xp 00000000 08:06 9701280                    /usr/lib/x86_64-linux-gnu/libXext.so.6.4.0
7f1789117000-7f1789316000 ---p 00011000 08:06 9701280                    /usr/lib/x86_64-linux-gnu/libXext.so.6.4.0
7f1789316000-7f1789317000 r--p 00010000 08:06 9701280                    /usr/lib/x86_64-linux-gnu/libXext.so.6.4.0
7f1789317000-7f1789318000 rw-p 00011000 08:06 9701280                    /usr/lib/x86_64-linux-gnu/libXext.so.6.4.0
7f1789318000-7f178936c000 r-xp 00000000 08:06 9965493                    /usr/lib/jvm/java-8-oracle/jre/lib/amd64/libawt_xawt.so
7f178936c000-7f178956c000 ---p 00054000 08:06 9965493                    /usr/lib/jvm/java-8-oracle/jre/lib/amd64/libawt_xawt.so
7f178956c000-7f1789570000 rw-p 00054000 08:06 9965493                    /usr/lib/jvm/java-8-oracle/jre/lib/amd64/libawt_xawt.so
7f1789570000-7f1789571000 rw-p 00000000 00:00 0 
7f1789571000-7f1789613000 r-xp 00000000 08:06 9965501                    /usr/lib/jvm/java-8-oracle/jre/lib/amd64/libawt.so
7f1789613000-7f1789813000 ---p 000a2000 08:06 9965501                    /usr/lib/jvm/java-8-oracle/jre/lib/amd64/libawt.so
7f1789813000-7f178981f000 rw-p 000a2000 08:06 9965501                    /usr/lib/jvm/java-8-oracle/jre/lib/amd64/libawt.so
7f178981f000-7f1789843000 rw-p 00000000 00:00 0 
7f1789843000-7f1789859000 r-xp 00000000 08:06 3280771                    /lib/x86_64-linux-gnu/libgcc_s.so.1
7f1789859000-7f1789a58000 ---p 00016000 08:06 3280771                    /lib/x86_64-linux-gnu/libgcc_s.so.1
7f1789a58000-7f1789a59000 rw-p 00015000 08:06 3280771                    /lib/x86_64-linux-gnu/libgcc_s.so.1
7f1789a59000-7f1789b3f000 r-xp 00000000 08:06 9708320                    /usr/lib/x86_64-linux-gnu/libstdc++.so.6.0.19
7f1789b3f000-7f1789d3e000 ---p 000e6000 08:06 9708320                    /usr/lib/x86_64-linux-gnu/libstdc++.so.6.0.19
7f1789d3e000-7f1789d46000 r--p 000e5000 08:06 9708320                    /usr/lib/x86_64-linux-gnu/libstdc++.so.6.0.19
7f1789d46000-7f1789d48000 rw-p 000ed000 08:06 9708320                    /usr/lib/x86_64-linux-gnu/libstdc++.so.6.0.19
7f1789d48000-7f1789d5d000 rw-p 00000000 00:00 0 
7f1789d5d000-7f1789d7c000 r-xp 00000000 08:06 9990275                    /usr/lib/jvm/java-8-oracle/jre/lib/amd64/libremoteApiJava.so
7f1789d7c000-7f1789f7b000 ---p 0001f000 08:06 9990275                    /usr/lib/jvm/java-8-oracle/jre/lib/amd64/libremoteApiJava.so
7f1789f7b000-7f1789f7c000 r--p 0001e000 08:06 9990275                    /usr/lib/jvm/java-8-oracle/jre/lib/amd64/libremoteApiJava.so
7f1789f7c000-7f1789f7d000 rw-p 0001f000 08:06 9990275                    /usr/lib/jvm/java-8-oracle/jre/lib/amd64/libremoteApiJava.so
7f1789f7d000-7f1789f92000 rw-p 00000000 00:00 0 
7f1789f92000-7f1789f93000 ---p 00000000 00:00 0 
7f1789f93000-7f178a093000 rw-p 00000000 00:00 0                          [stack:7508]
7f178a093000-7f178a096000 ---p 00000000 00:00 0 
7f178a096000-7f178a194000 rw-p 00000000 00:00 0                          [stack:7507]
7f178a194000-7f178a197000 ---p 00000000 00:00 0 
7f178a197000-7f178a295000 rw-p 00000000 00:00 0                          [stack:7506]
7f178a295000-7f178a298000 ---p 00000000 00:00 0 
7f178a298000-7f178a396000 rw-p 00000000 00:00 0                          [stack:7505]
7f178a396000-7f178a399000 ---p 00000000 00:00 0 
7f178a399000-7f178a497000 rw-p 00000000 00:00 0                          [stack:7504]
7f178a497000-7f178a49a000 ---p 00000000 00:00 0 
7f178a49a000-7f178a598000 rw-p 00000000 00:00 0                          [stack:7503]
7f178a598000-7f178adee000 r--p 00000000 08:06 9706407                    /usr/lib/locale/locale-archive
7f178adee000-7f178adf1000 ---p 00000000 00:00 0 
7f178adf1000-7f178aeef000 rw-p 00000000 00:00 0                          [stack:7501]
7f178aeef000-7f178aef2000 ---p 00000000 00:00 0 
7f178aef2000-7f178aff0000 rw-p 00000000 00:00 0                          [stack:7500]
7f178aff0000-7f178aff1000 ---p 00000000 00:00 0 
7f178aff1000-7f178c000000 rw-p 00000000 00:00 0                          [stack:7499]
7f178c000000-7f178c021000 rw-p 00000000 00:00 0 
7f178c021000-7f1790000000 ---p 00000000 00:00 0 
7f1790000000-7f1790001000 r--s 00000000 08:06 4718663                    /var/cache/fontconfig/0c9eb80ebd1c36541ebe2852d3bb0c49-le64.cache-4
7f1790001000-7f1790002000 r--s 00000000 08:06 4728325                    /var/cache/fontconfig/3334a778d104e76d188e9df399bc24d2-le64.cache-4
7f1790002000-7f1790006000 r--s 00000000 08:06 4728266                    /var/cache/fontconfig/d6c6df98c3df5faf9bd0f8ef4d91efe5-le64.cache-4
7f1790006000-7f179000a000 r--s 00000000 08:06 4728233                    /var/cache/fontconfig/9fb319ef52839f11ee26ab8b4cffa12b-le64.cache-4
7f179000a000-7f179001d000 r--s 00000000 08:06 4728219                    /var/cache/fontconfig/4ac51e5cfbc76fc3f983e470323a16d3-le64.cache-4
7f179001d000-7f1790020000 r--s 00000000 08:06 4728197                    /var/cache/fontconfig/c19b55eb3b4c5b40ea175e31682068a5-le64.cache-4
7f1790020000-7f1790025000 r--s 00000000 08:06 4720248                    /var/cache/fontconfig/7ef2298fde41cc6eeb7af42e48b7d293-le64.cache-4
7f1790025000-7f1790032000 r--s 00000000 08:06 4719916                    /var/cache/fontconfig/8f02d4cb045bd6ce15663e43f347c9f8-le64.cache-4
7f1790032000-7f1790050000 r--s 00000000 08:06 4721482                    /var/cache/fontconfig/467c019e582ee353435ea5c21d137ef6-le64.cache-4
7f1790050000-7f179005b000 r--s 00116000 08:06 9839819                    /usr/lib/jvm/java-8-oracle/jre/lib/ext/localedata.jar
7f179005b000-7f1790077000 r--s 00393000 08:06 9839818                    /usr/lib/jvm/java-8-oracle/jre/lib/ext/cldrdata.jar
7f1790077000-7f1790250000 r--s 03d09000 08:06 9839893                    /usr/lib/jvm/java-8-oracle/jre/lib/rt.jar
7f1790250000-7f1794000000 rw-p 00000000 00:00 0 
7f1794000000-7f1794021000 rw-p 00000000 00:00 0 
7f1794021000-7f1798000000 ---p 00000000 00:00 0 
7f1798000000-7f1798021000 rw-p 00000000 00:00 0 
7f1798021000-7f179c000000 ---p 00000000 00:00 0 
7f179c000000-7f179c021000 rw-p 00000000 00:00 0 
7f179c021000-7f17a0000000 ---p 00000000 00:00 0 
7f17a0000000-7f17a0001000 r--s 00000000 08:06 4728162                    /var/cache/fontconfig/c277e94e32b20404286a1ddafa5a80f0-le64.cache-4
7f17a0001000-7f17a0004000 r--s 00000000 08:06 4728146                    /var/cache/fontconfig/de83a0a961185c8bd1f159015d56c039-le64.cache-4
7f17a0004000-7f17a000a000 r--s 00036000 08:06 4327425                    /home/ees/Apps/eclipse/plugins/org.junit_4.11.0.v201303080030/junit.jar
7f17a000a000-7f17a001b000 r--s 0016c000 08:06 5380962                    /home/ees/Java Workspace/third party/JFreeChart/jfreechart-1.0.18.jar
7f17a001b000-7f17a0cfd000 rw-p 00000000 00:00 0 
7f17a0cfd000-7f17a0cfe000 ---p 00000000 00:00 0 
7f17a0cfe000-7f17a0dfe000 rw-p 00000000 00:00 0                          [stack:7498]
7f17a0dfe000-7f17a0dff000 ---p 00000000 00:00 0 
7f17a0dff000-7f17a0eff000 rw-p 00000000 00:00 0                          [stack:7497]
7f17a0eff000-7f17a0f00000 ---p 00000000 00:00 0 
7f17a0f00000-7f17a1000000 rw-p 00000000 00:00 0                          [stack:7496]
7f17a1000000-7f17a1540000 rwxp 00000000 00:00 0 
7f17a1540000-7f17b0000000 ---p 00000000 00:00 0 
7f17b0000000-7f17b05ce000 rw-p 00000000 00:00 0 
7f17b05ce000-7f17b4000000 ---p 00000000 00:00 0 
7f17b4000000-7f17b4002000 r--s 00000000 08:06 4720247                    /var/cache/fontconfig/16326683038b281783a0ef8c680e3a10-le64.cache-4
7f17b4002000-7f17b4004000 r--s 0000c000 08:06 4327298                    /home/ees/Apps/eclipse/plugins/org.hamcrest.core_1.3.0.v201303031735.jar
7f17b4004000-7f17b400a000 r--s 0004a000 08:06 5380961                    /home/ees/Java Workspace/third party/JFreeChart/jcommon-1.0.22.jar
7f17b400a000-7f17b400d000 r--s 0002c000 08:06 5380909                    /home/ees/Java Workspace/JavaIvyBus/libs/ivy-java.jar
7f17b400d000-7f17b4010000 r--s 0002c000 08:06 9839921                    /usr/lib/jvm/java-8-oracle/jre/lib/ext/ivy-java.jar
7f17b4010000-7f17b4031000 rw-p 00000000 00:00 0 
7f17b4031000-7f17b4032000 ---p 00000000 00:00 0 
7f17b4032000-7f17b437c000 rw-p 00000000 00:00 0                          [stack:7495]
7f17b437c000-7f17b43c4000 ---p 00000000 00:00 0 
7f17b43c4000-7f17b460e000 rw-p 00000000 00:00 0 
7f17b460e000-7f17b4656000 ---p 00000000 00:00 0 
7f17b4656000-7f17b466b000 rw-p 00000000 00:00 0 
7f17b466b000-7f17b479f000 ---p 00000000 00:00 0 
7f17b479f000-7f17b47b5000 rw-p 00000000 00:00 0 
7f17b47b5000-7f17b4b60000 ---p 00000000 00:00 0 
7f17b4b60000-7f17b4b7a000 r-xp 00000000 08:06 9965494                    /usr/lib/jvm/java-8-oracle/jre/lib/amd64/libzip.so
7f17b4b7a000-7f17b4d7a000 ---p 0001a000 08:06 9965494                    /usr/lib/jvm/java-8-oracle/jre/lib/amd64/libzip.so
7f17b4d7a000-7f17b4d7b000 rw-p 0001a000 08:06 9965494                    /usr/lib/jvm/java-8-oracle/jre/lib/amd64/libzip.so
7f17b4d7b000-7f17b4d86000 r-xp 00000000 08:06 3280805                    /lib/x86_64-linux-gnu/libnss_files-2.19.so
7f17b4d86000-7f17b4f85000 ---p 0000b000 08:06 3280805                    /lib/x86_64-linux-gnu/libnss_files-2.19.so
7f17b4f85000-7f17b4f86000 r--p 0000a000 08:06 3280805                    /lib/x86_64-linux-gnu/libnss_files-2.19.so
7f17b4f86000-7f17b4f87000 rw-p 0000b000 08:06 3280805                    /lib/x86_64-linux-gnu/libnss_files-2.19.so
7f17b4f87000-7f17b4f92000 r-xp 00000000 08:06 3282648                    /lib/x86_64-linux-gnu/libnss_nis-2.19.so
7f17b4f92000-7f17b5191000 ---p 0000b000 08:06 3282648                    /lib/x86_64-linux-gnu/libnss_nis-2.19.so
7f17b5191000-7f17b5192000 r--p 0000a000 08:06 3282648                    /lib/x86_64-linux-gnu/libnss_nis-2.19.so
7f17b5192000-7f17b5193000 rw-p 0000b000 08:06 3282648                    /lib/x86_64-linux-gnu/libnss_nis-2.19.so
7f17b5193000-7f17b51aa000 r-xp 00000000 08:06 3282626                    /lib/x86_64-linux-gnu/libnsl-2.19.so
7f17b51aa000-7f17b53a9000 ---p 00017000 08:06 3282626                    /lib/x86_64-linux-gnu/libnsl-2.19.so
7f17b53a9000-7f17b53aa000 r--p 00016000 08:06 3282626                    /lib/x86_64-linux-gnu/libnsl-2.19.so
7f17b53aa000-7f17b53ab000 rw-p 00017000 08:06 3282626                    /lib/x86_64-linux-gnu/libnsl-2.19.so
7f17b53ab000-7f17b53ad000 rw-p 00000000 00:00 0 
7f17b53ad000-7f17b53b6000 r-xp 00000000 08:06 3282622                    /lib/x86_64-linux-gnu/libnss_compat-2.19.so
7f17b53b6000-7f17b55b5000 ---p 00009000 08:06 3282622                    /lib/x86_64-linux-gnu/libnss_compat-2.19.so
7f17b55b5000-7f17b55b6000 r--p 00008000 08:06 3282622                    /lib/x86_64-linux-gnu/libnss_compat-2.19.so
7f17b55b6000-7f17b55b7000 rw-p 00009000 08:06 3282622                    /lib/x86_64-linux-gnu/libnss_compat-2.19.so
7f17b55b7000-7f17b55e1000 r-xp 00000000 08:06 9965481                    /usr/lib/jvm/java-8-oracle/jre/lib/amd64/libjava.so
7f17b55e1000-7f17b57e1000 ---p 0002a000 08:06 9965481                    /usr/lib/jvm/java-8-oracle/jre/lib/amd64/libjava.so
7f17b57e1000-7f17b57e3000 rw-p 0002a000 08:06 9965481                    /usr/lib/jvm/java-8-oracle/jre/lib/amd64/libjava.so
7f17b57e3000-7f17b57f0000 r-xp 00000000 08:06 9965507                    /usr/lib/jvm/java-8-oracle/jre/lib/amd64/libverify.so
7f17b57f0000-7f17b59f0000 ---p 0000d000 08:06 9965507                    /usr/lib/jvm/java-8-oracle/jre/lib/amd64/libverify.so
7f17b59f0000-7f17b59f2000 rw-p 0000d000 08:06 9965507                    /usr/lib/jvm/java-8-oracle/jre/lib/amd64/libverify.so
7f17b59f2000-7f17b59f9000 r-xp 00000000 08:06 3282642                    /lib/x86_64-linux-gnu/librt-2.19.so
7f17b59f9000-7f17b5bf8000 ---p 00007000 08:06 3282642                    /lib/x86_64-linux-gnu/librt-2.19.so
7f17b5bf8000-7f17b5bf9000 r--p 00006000 08:06 3282642                    /lib/x86_64-linux-gnu/librt-2.19.so
7f17b5bf9000-7f17b5bfa000 rw-p 00007000 08:06 3282642                    /lib/x86_64-linux-gnu/librt-2.19.so
7f17b5bfa000-7f17b5cff000 r-xp 00000000 08:06 3280801                    /lib/x86_64-linux-gnu/libm-2.19.so
7f17b5cff000-7f17b5efe000 ---p 00105000 08:06 3280801                    /lib/x86_64-linux-gnu/libm-2.19.so
7f17b5efe000-7f17b5eff000 r--p 00104000 08:06 3280801                    /lib/x86_64-linux-gnu/libm-2.19.so
7f17b5eff000-7f17b5f00000 rw-p 00105000 08:06 3280801                    /lib/x86_64-linux-gnu/libm-2.19.so
7f17b5f00000-7f17b6bae000 r-xp 00000000 08:06 9965516                    /usr/lib/jvm/java-8-oracle/jre/lib/amd64/server/libjvm.so
7f17b6bae000-7f17b6dad000 ---p 00cae000 08:06 9965516                    /usr/lib/jvm/java-8-oracle/jre/lib/amd64/server/libjvm.so
7f17b6dad000-7f17b6e84000 rw-p 00cad000 08:06 9965516                    /usr/lib/jvm/java-8-oracle/jre/lib/amd64/server/libjvm.so
7f17b6e84000-7f17b6ec8000 rw-p 00000000 00:00 0 
7f17b6ec8000-7f17b7083000 r-xp 00000000 08:06 3282636                    /lib/x86_64-linux-gnu/libc-2.19.so
7f17b7083000-7f17b7282000 ---p 001bb000 08:06 3282636                    /lib/x86_64-linux-gnu/libc-2.19.so
7f17b7282000-7f17b7286000 r--p 001ba000 08:06 3282636                    /lib/x86_64-linux-gnu/libc-2.19.so
7f17b7286000-7f17b7288000 rw-p 001be000 08:06 3282636                    /lib/x86_64-linux-gnu/libc-2.19.so
7f17b7288000-7f17b728d000 rw-p 00000000 00:00 0 
7f17b728d000-7f17b7290000 r-xp 00000000 08:06 3282612                    /lib/x86_64-linux-gnu/libdl-2.19.so
7f17b7290000-7f17b748f000 ---p 00003000 08:06 3282612                    /lib/x86_64-linux-gnu/libdl-2.19.so
7f17b748f000-7f17b7490000 r--p 00002000 08:06 3282612                    /lib/x86_64-linux-gnu/libdl-2.19.so
7f17b7490000-7f17b7491000 rw-p 00003000 08:06 3282612                    /lib/x86_64-linux-gnu/libdl-2.19.so
7f17b7491000-7f17b74a6000 r-xp 00000000 08:06 9700047                    /usr/lib/jvm/java-8-oracle/lib/amd64/jli/libjli.so
7f17b74a6000-7f17b76a6000 ---p 00015000 08:06 9700047                    /usr/lib/jvm/java-8-oracle/lib/amd64/jli/libjli.so
7f17b76a6000-7f17b76a7000 rw-p 00015000 08:06 9700047                    /usr/lib/jvm/java-8-oracle/lib/amd64/jli/libjli.so
7f17b76a7000-7f17b76c0000 r-xp 00000000 08:06 3282638                    /lib/x86_64-linux-gnu/libpthread-2.19.so
7f17b76c0000-7f17b78bf000 ---p 00019000 08:06 3282638                    /lib/x86_64-linux-gnu/libpthread-2.19.so
7f17b78bf000-7f17b78c0000 r--p 00018000 08:06 3282638                    /lib/x86_64-linux-gnu/libpthread-2.19.so
7f17b78c0000-7f17b78c1000 rw-p 00019000 08:06 3282638                    /lib/x86_64-linux-gnu/libpthread-2.19.so
7f17b78c1000-7f17b78c5000 rw-p 00000000 00:00 0 
7f17b78c5000-7f17b78e8000 r-xp 00000000 08:06 3282630                    /lib/x86_64-linux-gnu/ld-2.19.so
7f17b78e8000-7f17b78e9000 r--s 00000000 08:06 4737779                    /var/cache/fontconfig/e0aa53bcfa504e64f87823c16bc01eb6-le64.cache-4
7f17b78e9000-7f17b79ae000 rw-p 00000000 00:00 0 
7f17b79ae000-7f17b79b1000 ---p 00000000 00:00 0 
7f17b79b1000-7f17b7ab3000 rw-p 00000000 00:00 0                          [stack:7490]
7f17b7ab3000-7f17b7ab4000 r--s 0000d000 08:06 5380908                    /home/ees/Java Workspace/JavaIvyBus/libs/ivy-1.2.13.jar
7f17b7ab4000-7f17b7adb000 rw-p 00000000 00:00 0 
7f17b7adb000-7f17b7ae3000 rw-s 00000000 08:06 11163383                   /tmp/hsperfdata_ees/7488
7f17b7ae3000-7f17b7ae4000 rw-p 00000000 00:00 0 
7f17b7ae4000-7f17b7ae5000 r--p 00000000 00:00 0 
7f17b7ae5000-7f17b7ae7000 rw-p 00000000 00:00 0 
7f17b7ae7000-7f17b7ae8000 r--p 00022000 08:06 3282630                    /lib/x86_64-linux-gnu/ld-2.19.so
7f17b7ae8000-7f17b7ae9000 rw-p 00023000 08:06 3282630                    /lib/x86_64-linux-gnu/ld-2.19.so
7f17b7ae9000-7f17b7aea000 rw-p 00000000 00:00 0 
7ffdaa5da000-7ffdaa5fb000 rw-p 00000000 00:00 0                          [stack]
7ffdaa5fc000-7ffdaa5fe000 r-xp 00000000 00:00 0                          [vdso]
ffffffffff600000-ffffffffff601000 r-xp 00000000 00:00 0                  [vsyscall]

VM Arguments:
jvm_args: -Dfile.encoding=ISO-8859-1 
java_command: velinov.java.finken.app.FinkenSimBridge
java_class_path (initial): /home/ees/Java Workspace/JavaFinkenApp/classes:/home/ees/Java Workspace/JavaFinken/classes:/home/ees/Java Workspace/JavaIvyBus/classes:/home/ees/Java Workspace/JavaIvyBus/libs/ivy-java.jar:/home/ees/Java Workspace/JavaIvyBus/libs/ivy-1.2.13.jar:/home/ees/Java Workspace/JavaEventDispatch/classes:/home/ees/Java Workspace/JavaJFreeChart/classes:/home/ees/Java Workspace/third party/JFreeChart/jcommon-1.0.22.jar:/home/ees/Java Workspace/third party/JFreeChart/jfreechart-1.0.18.jar:/home/ees/Java Workspace/JavaVREP/classes:/home/ees/Apps/eclipse/plugins/org.junit_4.11.0.v201303080030/junit.jar:/home/ees/Apps/eclipse/plugins/org.hamcrest.core_1.3.0.v201303031735.jar:/home/ees/Java Workspace/JavaXmlSAX/classes
Launcher Type: SUN_STANDARD

Environment Variables:
PATH=/usr/local/sbin:/usr/local/bin:/usr/sbin:/usr/bin:/sbin:/bin:/usr/games:/usr/local/games
SHELL=/bin/bash
DISPLAY=:0

Signal Handlers:
SIGSEGV: [libjvm.so+0xaad1e0], sa_mask[0]=11111111011111111101111111111110, sa_flags=SA_RESTART|SA_SIGINFO
SIGBUS: [libjvm.so+0xaad1e0], sa_mask[0]=11111111011111111101111111111110, sa_flags=SA_RESTART|SA_SIGINFO
SIGFPE: [libjvm.so+0x90b450], sa_mask[0]=11111111011111111101111111111110, sa_flags=SA_RESTART|SA_SIGINFO
SIGPIPE: [libjvm.so+0x90b450], sa_mask[0]=11111111011111111101111111111110, sa_flags=SA_RESTART|SA_SIGINFO
SIGXFSZ: [libjvm.so+0x90b450], sa_mask[0]=11111111011111111101111111111110, sa_flags=SA_RESTART|SA_SIGINFO
SIGILL: [libjvm.so+0x90b450], sa_mask[0]=11111111011111111101111111111110, sa_flags=SA_RESTART|SA_SIGINFO
SIGUSR1: SIG_DFL, sa_mask[0]=00000000000000000000000000000000, sa_flags=none
SIGUSR2: [libjvm.so+0x90ca90], sa_mask[0]=00100000000000000000000000000000, sa_flags=SA_RESTART|SA_SIGINFO
SIGHUP: [libjvm.so+0x90dde0], sa_mask[0]=11111111011111111101111111111110, sa_flags=SA_RESTART|SA_SIGINFO
SIGINT: [libjvm.so+0x90dde0], sa_mask[0]=11111111011111111101111111111110, sa_flags=SA_RESTART|SA_SIGINFO
SIGTERM: [libjvm.so+0x90dde0], sa_mask[0]=11111111011111111101111111111110, sa_flags=SA_RESTART|SA_SIGINFO
SIGQUIT: [libjvm.so+0x90dde0], sa_mask[0]=11111111011111111101111111111110, sa_flags=SA_RESTART|SA_SIGINFO


---------------  S Y S T E M  ---------------

OS:DISTRIB_ID=Ubuntu
DISTRIB_RELEASE=14.04
DISTRIB_CODENAME=trusty
DISTRIB_DESCRIPTION="Ubuntu 14.04.2 LTS"

uname:Linux 3.13.0-53-generic #89-Ubuntu SMP Wed May 20 10:34:39 UTC 2015 x86_64
libc:glibc 2.19 NPTL 2.19 
rlimit: STACK 8192k, CORE 0k, NPROC 62939, NOFILE 4096, AS infinity
load average:1,15 0,89 0,84

/proc/meminfo:
MemTotal:        8077900 kB
MemFree:         3309744 kB
Buffers:          107880 kB
Cached:          1366748 kB
SwapCached:            0 kB
Active:          3500656 kB
Inactive:        1028268 kB
Active(anon):    3060768 kB
Inactive(anon):   361804 kB
Active(file):     439888 kB
Inactive(file):   666464 kB
Unevictable:          32 kB
Mlocked:              32 kB
SwapTotal:       8288252 kB
SwapFree:        8288252 kB
Dirty:               144 kB
Writeback:             0 kB
AnonPages:       3054336 kB
Mapped:           297108 kB
Shmem:            368276 kB
Slab:             104752 kB
SReclaimable:      69712 kB
SUnreclaim:        35040 kB
KernelStack:        5088 kB
PageTables:        40816 kB
NFS_Unstable:          0 kB
Bounce:                0 kB
WritebackTmp:          0 kB
CommitLimit:    12327200 kB
Committed_AS:    6846624 kB
VmallocTotal:   34359738367 kB
VmallocUsed:      413576 kB
VmallocChunk:   34359310944 kB
HardwareCorrupted:     0 kB
AnonHugePages:   2228224 kB
HugePages_Total:       0
HugePages_Free:        0
HugePages_Rsvd:        0
HugePages_Surp:        0
Hugepagesize:       2048 kB
DirectMap4k:       93668 kB
DirectMap2M:     8196096 kB


CPU:total 4 (2 cores per cpu, 2 threads per core) family 6 model 58 stepping 9, cmov, cx8, fxsr, mmx, sse, sse2, sse3, ssse3, sse4.1, sse4.2, popcnt, avx, aes, clmul, erms, ht, tsc, tscinvbit, tscinv

/proc/cpuinfo:
processor	: 0
vendor_id	: GenuineIntel
cpu family	: 6
model		: 58
model name	: Intel(R) Core(TM) i7-3540M CPU @ 3.00GHz
stepping	: 9
microcode	: 0x15
cpu MHz		: 2000.000
cache size	: 4096 KB
physical id	: 0
siblings	: 4
core id		: 0
cpu cores	: 2
apicid		: 0
initial apicid	: 0
fpu		: yes
fpu_exception	: yes
cpuid level	: 13
wp		: yes
flags		: fpu vme de pse tsc msr pae mce cx8 apic sep mtrr pge mca cmov pat pse36 clflush dts acpi mmx fxsr sse sse2 ss ht tm pbe syscall nx rdtscp lm constant_tsc arch_perfmon pebs bts rep_good nopl xtopology nonstop_tsc aperfmperf eagerfpu pni pclmulqdq dtes64 monitor ds_cpl vmx smx est tm2 ssse3 cx16 xtpr pdcm pcid sse4_1 sse4_2 x2apic popcnt tsc_deadline_timer aes xsave avx f16c rdrand lahf_lm ida arat epb xsaveopt pln pts dtherm tpr_shadow vnmi flexpriority ept vpid fsgsbase smep erms
bogomips	: 5980.49
clflush size	: 64
cache_alignment	: 64
address sizes	: 36 bits physical, 48 bits virtual
power management:

processor	: 1
vendor_id	: GenuineIntel
cpu family	: 6
model		: 58
model name	: Intel(R) Core(TM) i7-3540M CPU @ 3.00GHz
stepping	: 9
microcode	: 0x15
cpu MHz		: 1300.000
cache size	: 4096 KB
physical id	: 0
siblings	: 4
core id		: 1
cpu cores	: 2
apicid		: 2
initial apicid	: 2
fpu		: yes
fpu_exception	: yes
cpuid level	: 13
wp		: yes
flags		: fpu vme de pse tsc msr pae mce cx8 apic sep mtrr pge mca cmov pat pse36 clflush dts acpi mmx fxsr sse sse2 ss ht tm pbe syscall nx rdtscp lm constant_tsc arch_perfmon pebs bts rep_good nopl xtopology nonstop_tsc aperfmperf eagerfpu pni pclmulqdq dtes64 monitor ds_cpl vmx smx est tm2 ssse3 cx16 xtpr pdcm pcid sse4_1 sse4_2 x2apic popcnt tsc_deadline_timer aes xsave avx f16c rdrand lahf_lm ida arat epb xsaveopt pln pts dtherm tpr_shadow vnmi flexpriority ept vpid fsgsbase smep erms
bogomips	: 5980.49
clflush size	: 64
cache_alignment	: 64
address sizes	: 36 bits physical, 48 bits virtual
power management:

processor	: 2
vendor_id	: GenuineIntel
cpu family	: 6
model		: 58
model name	: Intel(R) Core(TM) i7-3540M CPU @ 3.00GHz
stepping	: 9
microcode	: 0x15
cpu MHz		: 3001.000
cache size	: 4096 KB
physical id	: 0
siblings	: 4
core id		: 0
cpu cores	: 2
apicid		: 1
initial apicid	: 1
fpu		: yes
fpu_exception	: yes
cpuid level	: 13
wp		: yes
flags		: fpu vme de pse tsc msr pae mce cx8 apic sep mtrr pge mca cmov pat pse36 clflush dts acpi mmx fxsr sse sse2 ss ht tm pbe syscall nx rdtscp lm constant_tsc arch_perfmon pebs bts rep_good nopl xtopology nonstop_tsc aperfmperf eagerfpu pni pclmulqdq dtes64 monitor ds_cpl vmx smx est tm2 ssse3 cx16 xtpr pdcm pcid sse4_1 sse4_2 x2apic popcnt tsc_deadline_timer aes xsave avx f16c rdrand lahf_lm ida arat epb xsaveopt pln pts dtherm tpr_shadow vnmi flexpriority ept vpid fsgsbase smep erms
bogomips	: 5980.49
clflush size	: 64
cache_alignment	: 64
address sizes	: 36 bits physical, 48 bits virtual
power management:

processor	: 3
vendor_id	: GenuineIntel
cpu family	: 6
model		: 58
model name	: Intel(R) Core(TM) i7-3540M CPU @ 3.00GHz
stepping	: 9
microcode	: 0x15
cpu MHz		: 3001.000
cache size	: 4096 KB
physical id	: 0
siblings	: 4
core id		: 1
cpu cores	: 2
apicid		: 3
initial apicid	: 3
fpu		: yes
fpu_exception	: yes
cpuid level	: 13
wp		: yes
flags		: fpu vme de pse tsc msr pae mce cx8 apic sep mtrr pge mca cmov pat pse36 clflush dts acpi mmx fxsr sse sse2 ss ht tm pbe syscall nx rdtscp lm constant_tsc arch_perfmon pebs bts rep_good nopl xtopology nonstop_tsc aperfmperf eagerfpu pni pclmulqdq dtes64 monitor ds_cpl vmx smx est tm2 ssse3 cx16 xtpr pdcm pcid sse4_1 sse4_2 x2apic popcnt tsc_deadline_timer aes xsave avx f16c rdrand lahf_lm ida arat epb xsaveopt pln pts dtherm tpr_shadow vnmi flexpriority ept vpid fsgsbase smep erms
bogomips	: 5980.49
clflush size	: 64
cache_alignment	: 64
address sizes	: 36 bits physical, 48 bits virtual
power management:



Memory: 4k page, physical 8077900k(3309744k free), swap 8288252k(8288252k free)

vm_info: Java HotSpot(TM) 64-Bit Server VM (25.45-b02) for linux-amd64 JRE (1.8.0_45-b14), built on Apr 10 2015 10:07:45 by "java_re" with gcc 4.3.0 20080428 (Red Hat 4.3.0-8)

time: Tue Oct 13 12:46:09 2015
elapsed time: 15 seconds (0d 0h 0m 15s)

