#
# A fatal error has been detected by the Java Runtime Environment:
#
#  SIGSEGV (0xb) at pc=0x00007f8cf7a679c8, pid=7534, tid=140241874011904
#
# JRE version: Java(TM) SE Runtime Environment (8.0_45-b14) (build 1.8.0_45-b14)
# Java VM: Java HotSpot(TM) 64-Bit Server VM (25.45-b02 mixed mode linux-amd64 compressed oops)
# Problematic frame:
# C  [libc.so.6+0x1519c8]
#
# Failed to write core dump. Core dumps have been disabled. To enable core dumping, try "ulimit -c unlimited" before starting Java again
#
# If you would like to submit a bug report, please visit:
#   http://bugreport.java.com/bugreport/crash.jsp
#

---------------  T H R E A D  ---------------

Current thread (0x00007f8c900b2800):  JavaThread "Vrep Object Updater" [_thread_in_vm, id=7564, stack(0x00007f8c9b054000,0x00007f8c9b155000)]

siginfo: si_signo: 11 (SIGSEGV), si_code: 2 (SEGV_ACCERR), si_addr: 0x00007f8c8428c000

Registers:
RAX=0x0000000084ad3598, RBX=0x0000000100000b68, RCX=0x0000000000000000, RDX=0x0000000043d75768
RSP=0x00007f8c9b153598, RBP=0x00007f8c9b153620, RSI=0x00007f8c8428bfc7, RDI=0x0000000084d5dd30
R8 =0x0000000084ad3598, R9 =0x0000000000400000, R10=0x0000000000000006, R11=0x00007f8ce154b940
R12=0x0000000044000000, R13=0x0000000000000000, R14=0x00007f8c9b1535b0, R15=0x00007f8c84001588
RIP=0x00007f8cf7a679c8, EFLAGS=0x0000000000010202, CSGSFS=0x0000000000000033, ERR=0x0000000000000004
  TRAPNO=0x000000000000000e

Top of Stack: (sp=0x00007f8c9b153598)
0x00007f8c9b153598:   00007f8cf700fb7b 00007f8c9b1535d0
0x00007f8c9b1535a8:   00007f8c8400182f 00007f8c900b2800
0x00007f8c9b1535b8:   0000000000000000 00007f8c900a3b10
0x00007f8c9b1535c8:   0000000000000005 00007f8c900b2800
0x00007f8c9b1535d8:   0000000000000000 00007f8c900b2800
0x00007f8c9b1535e8:   0000301300000005 00007f8c900b2800
0x00007f8c9b1535f8:   0000000100061828 0000000000000000
0x00007f8c9b153608:   00000000d8e7bf58 00000000d7a6aa70
0x00007f8c9b153618:   00007f8c900b2800 00007f8c9b153650
0x00007f8c9b153628:   00007f8cce781afa 00007f8c8400182f
0x00007f8c9b153638:   0000000011000000 00007f8c84001588
0x00007f8c9b153648:   00007f8c900b29f8 00007f8c9b153770
0x00007f8c9b153658:   00007f8cce781179 00007f8c9b1536f0
0x00007f8c9b153668:   00007f8c9b1536cc 00007f8c9b1536f8
0x00007f8c9b153678:   00007f8c9b1536d0 00007f8c9b153700
0x00007f8c9b153688:   00007f8c00010000 00000000d8dcc820
0x00007f8c9b153698:   00007f8c9b1537c0 000000139b15d528
0x00007f8c9b1536a8:   0000000000000000 00007f8c9b1537a0
0x00007f8c9b1536b8:   00007f8c900b29f8 11000000ffffffff
0x00007f8c9b1536c8:   6600000000000000 0000000000000000
0x00007f8c9b1536d8:   0000000000000000 0000000000010000
0x00007f8c9b1536e8:   00007f8c8400182f 00007f8cc800182f
0x00007f8c9b1536f8:   00007f8cc800182f 00007f8c6000182f
0x00007f8c9b153708:   00007f8c84001580 00007f8cf00ea808
0x00007f8c9b153718:   00007f8c84001588 00007f8c84001590
0x00007f8c9b153728:   00007f8cf00ea808 00007f8c84001598
0x00007f8c9b153738:   00007f8c840015a0 00007f8cf00ea810
0x00007f8c9b153748:   00007f8c840015a8 00007f8c840015b0
0x00007f8c9b153758:   00007f8cf00ea818 00007f8c840015b8
0x00007f8c9b153768:   00007f8cf045a050 00007f8c9b1537e0
0x00007f8c9b153778:   00007f8ce153a096 00007f8c9b1537c8
0x00007f8c9b153788:   00007f8c9b1537f0 00007f8c9b1537f8 

Instructions: (pc=0x00007f8cf7a679c8)
0x00007f8cf7a679a8:   80 00 00 00 0f 18 8e 00 02 00 00 0f 18 8e 00 03
0x00007f8cf7a679b8:   00 00 f3 0f 6f 06 f3 0f 6f 4e 10 f3 0f 6f 56 20
0x00007f8cf7a679c8:   f3 0f 6f 5e 30 f3 0f 6f 66 40 f3 0f 6f 6e 50 f3
0x00007f8cf7a679d8:   0f 6f 76 60 f3 0f 6f 7e 70 0f ae e8 66 0f e7 07 

Register to memory mapping:

RAX=0x0000000084ad3598 is pointing into object: 0x0000000084ad3588
[I 
 - klass: {type array int}
 - length: 285212672
RBX=0x0000000100000b68 is pointing into metadata
RCX=0x0000000000000000 is an unknown value
RDX=0x0000000043d75768 is an unknown value
RSP=0x00007f8c9b153598 is pointing into the stack for thread: 0x00007f8c900b2800
RBP=0x00007f8c9b153620 is pointing into the stack for thread: 0x00007f8c900b2800
RSI=0x00007f8c8428bfc7 is an unknown value
RDI=0x0000000084d5dd30 is pointing into object: 0x0000000084ad3588
[I 
 - klass: {type array int}
 - length: 285212672
R8 =0x0000000084ad3598 is pointing into object: 0x0000000084ad3588
[I 
 - klass: {type array int}
 - length: 285212672
R9 =0x0000000000400000: <offset 0> in /usr/lib/jvm/java-8-oracle/bin/java at 0x0000000000400000
R10=0x0000000000000006 is an unknown value
R11=0x00007f8ce154b940 is at entry_point+32 in (nmethod*)0x00007f8ce154b7d0
R12=0x0000000044000000 is an unknown value
R13=0x0000000000000000 is an unknown value
R14=0x00007f8c9b1535b0 is pointing into the stack for thread: 0x00007f8c900b2800
R15=0x00007f8c84001588 is an unknown value


Stack: [0x00007f8c9b054000,0x00007f8c9b155000],  sp=0x00007f8c9b153598,  free space=1021k
Native frames: (J=compiled Java code, j=interpreted, Vv=VM code, C=native code)
C  [libc.so.6+0x1519c8]
C  [libremoteApiJava.so+0x1aafa]  JNIEnv_::SetIntArrayRegion(_jintArray*, int, int, int const*)+0x3c
C  [libremoteApiJava.so+0x1a179]  Java_coppelia_remoteApi_simxGetObjectGroupData+0x15a
J 1564  coppelia.remoteApi.simxGetObjectGroupData(IIILcoppelia/IntWA;Lcoppelia/IntWA;Lcoppelia/FloatWA;Lcoppelia/StringWA;I)I (0 bytes) @ 0x00007f8ce153a096 [0x00007f8ce1539f80+0x116]
J 1547 C1 velinov.java.finken.drone.virtual.VirtualFinkenDroneUpdater.updateParameters(I)Z (327 bytes) @ 0x00007f8ce15308d4 [0x00007f8ce1530120+0x7b4]
J 1579 C1 velinov.java.finken.drone.virtual.VirtualFinkenDroneUpdater.updateVirtualDrones()V (58 bytes) @ 0x00007f8ce1541344 [0x00007f8ce1541220+0x124]
J 1578 C1 velinov.java.finken.drone.virtual.VirtualFinkenDroneUpdater.onObjectUpdate()V (5 bytes) @ 0x00007f8ce15418bc [0x00007f8ce1541840+0x7c]
j  velinov.java.vrep.objects.AbsObjectUpdater.run()V+4
j  java.lang.Thread.run()V+11
v  ~StubRoutines::call_stub
V  [libjvm.so+0x681a26]  JavaCalls::call_helper(JavaValue*, methodHandle*, JavaCallArguments*, Thread*)+0x1056
V  [libjvm.so+0x681f31]  JavaCalls::call_virtual(JavaValue*, KlassHandle, Symbol*, Symbol*, JavaCallArguments*, Thread*)+0x321
V  [libjvm.so+0x6823d7]  JavaCalls::call_virtual(JavaValue*, Handle, KlassHandle, Symbol*, Symbol*, Thread*)+0x47
V  [libjvm.so+0x718280]  thread_entry(JavaThread*, Thread*)+0xa0
V  [libjvm.so+0xa5c86f]  JavaThread::thread_main_inner()+0xdf
V  [libjvm.so+0xa5c99c]  JavaThread::run()+0x11c
V  [libjvm.so+0x910de8]  java_start(Thread*)+0x108
C  [libpthread.so.0+0x8182]  start_thread+0xc2

Java frames: (J=compiled Java code, j=interpreted, Vv=VM code)
J 1564  coppelia.remoteApi.simxGetObjectGroupData(IIILcoppelia/IntWA;Lcoppelia/IntWA;Lcoppelia/FloatWA;Lcoppelia/StringWA;I)I (0 bytes) @ 0x00007f8ce153a01c [0x00007f8ce1539f80+0x9c]
J 1547 C1 velinov.java.finken.drone.virtual.VirtualFinkenDroneUpdater.updateParameters(I)Z (327 bytes) @ 0x00007f8ce15308d4 [0x00007f8ce1530120+0x7b4]
J 1579 C1 velinov.java.finken.drone.virtual.VirtualFinkenDroneUpdater.updateVirtualDrones()V (58 bytes) @ 0x00007f8ce1541344 [0x00007f8ce1541220+0x124]
J 1578 C1 velinov.java.finken.drone.virtual.VirtualFinkenDroneUpdater.onObjectUpdate()V (5 bytes) @ 0x00007f8ce15418bc [0x00007f8ce1541840+0x7c]
j  velinov.java.vrep.objects.AbsObjectUpdater.run()V+4
j  java.lang.Thread.run()V+11
v  ~StubRoutines::call_stub

---------------  P R O C E S S  ---------------

Java Threads: ( => current thread )
  0x00007f8c7c004000 JavaThread "Thread-5" [_thread_in_native, id=7571, stack(0x00007f8c99f28000,0x00007f8c9a029000)]
  0x00007f8c7c002800 JavaThread "Thread-4" [_thread_in_native, id=7570, stack(0x00007f8c9a029000,0x00007f8c9a12a000)]
  0x00007f8c7c001800 JavaThread "Thread-3" [_thread_in_native, id=7569, stack(0x00007f8c9a22b000,0x00007f8c9a32c000)]
  0x00007f8c900a6000 JavaThread "Thread-0" [_thread_in_native, id=7567, stack(0x00007f8c9a12a000,0x00007f8c9a22b000)]
  0x00007f8c900b3800 JavaThread "Thread-1" [_thread_in_native, id=7565, stack(0x00007f8c9b355000,0x00007f8c9b456000)]
=>0x00007f8c900b2800 JavaThread "Vrep Object Updater" [_thread_in_vm, id=7564, stack(0x00007f8c9b054000,0x00007f8c9b155000)]
  0x00007f8cf000a000 JavaThread "DestroyJavaVM" [_thread_blocked, id=7539, stack(0x00007f8cf83fc000,0x00007f8cf84fd000)]
  0x00007f8cf042d800 JavaThread "AWT-EventQueue-0" [_thread_blocked, id=7558, stack(0x00007f8c9b456000,0x00007f8c9b557000)]
  0x00007f8cf042c000 JavaThread "AWT-Shutdown" [_thread_blocked, id=7557, stack(0x00007f8c9b557000,0x00007f8c9b658000)]
  0x00007f8cf0243000 JavaThread "AWT-XAWT" daemon [_thread_in_native, id=7555, stack(0x00007f8ccc307000,0x00007f8ccc408000)]
  0x00007f8cf0220800 JavaThread "Java2D Disposer" daemon [_thread_blocked, id=7554, stack(0x00007f8ccc818000,0x00007f8ccc919000)]
  0x00007f8cf00c3800 JavaThread "Service Thread" daemon [_thread_blocked, id=7552, stack(0x00007f8ccea9d000,0x00007f8cceb9e000)]
  0x00007f8cf00be800 JavaThread "C1 CompilerThread2" daemon [_thread_blocked, id=7551, stack(0x00007f8cceb9e000,0x00007f8ccec9f000)]
  0x00007f8cf00bc800 JavaThread "C2 CompilerThread1" daemon [_thread_blocked, id=7550, stack(0x00007f8ccec9f000,0x00007f8cceda0000)]
  0x00007f8cf00b9800 JavaThread "C2 CompilerThread0" daemon [_thread_blocked, id=7549, stack(0x00007f8cceda0000,0x00007f8cceea1000)]
  0x00007f8cf00b8000 JavaThread "Signal Dispatcher" daemon [_thread_blocked, id=7548, stack(0x00007f8cceea1000,0x00007f8ccefa2000)]
  0x00007f8cf007f000 JavaThread "Finalizer" daemon [_thread_blocked, id=7546, stack(0x00007f8ccf7f8000,0x00007f8ccf8f9000)]
  0x00007f8cf007d000 JavaThread "Reference Handler" daemon [_thread_blocked, id=7545, stack(0x00007f8ccf8f9000,0x00007f8ccf9fa000)]

Other Threads:
  0x00007f8cf0078000 VMThread [stack: 0x00007f8ccf9fa000,0x00007f8ccfafb000] [id=7544]
  0x00007f8cf00c6000 WatcherThread [stack: 0x00007f8cce99c000,0x00007f8ccea9d000] [id=7553]

VM state:not at safepoint (normal execution)

VM Mutex/Monitor currently owned by a thread: None

Heap:
 PSYoungGen      total 36864K, used 18135K [0x00000000d6e00000, 0x00000000db600000, 0x0000000100000000)
  eden space 31744K, 41% used [0x00000000d6e00000,0x00000000d7aba3d0,0x00000000d8d00000)
  from space 5120K, 99% used [0x00000000d8d00000,0x00000000d91fb8c8,0x00000000d9200000)
  to   space 5120K, 0% used [0x00000000db100000,0x00000000db100000,0x00000000db600000)
 ParOldGen       total 1199616K, used 1114957K [0x0000000084a00000, 0x00000000cdd80000, 0x00000000d6e00000)
  object space 1199616K, 92% used [0x0000000084a00000,0x00000000c8ad3598,0x00000000cdd80000)
 Metaspace       used 18646K, capacity 18962K, committed 19328K, reserved 1067008K
  class space    used 2226K, capacity 2358K, committed 2432K, reserved 1048576K

Card table byte_map: [0x00007f8cf4e12000,0x00007f8cf51ee000] byte_map_base: 0x00007f8cf49ed000

Marking Bits: (ParMarkBitMap*) 0x00007f8cf78eb760
 Begin Bits: [0x00007f8cdd250000, 0x00007f8cdf128000)
 End Bits:   [0x00007f8cdf128000, 0x00007f8ce1000000)

Polling page: 0x00007f8cf8532000

CodeCache: size=245760Kb used=5736Kb max_used=5736Kb free=240024Kb
 bounds [0x00007f8ce1000000, 0x00007f8ce15a0000, 0x00007f8cf0000000]
 total_blobs=2302 nmethods=1649 adapters=567
 compilation: enabled

Compilation events (10 events):
Event: 56,437 Thread 0x00007f8cf00be800 1651   !   3       sun.nio.cs.StreamEncoder::flushBuffer (42 bytes)
Event: 56,438 Thread 0x00007f8cf00be800 nmethod 1651 0x00007f8ce1592150 code [0x00007f8ce1592300, 0x00007f8ce1592898]
Event: 56,438 Thread 0x00007f8cf00be800 1652       3       sun.nio.cs.StreamEncoder::implFlushBuffer (15 bytes)
Event: 56,438 Thread 0x00007f8cf00be800 nmethod 1652 0x00007f8ce1586e50 code [0x00007f8ce1586fc0, 0x00007f8ce1587228]
Event: 56,438 Thread 0x00007f8cf00be800 1653       3       sun.nio.cs.StreamEncoder::writeBytes (132 bytes)
Event: 56,439 Thread 0x00007f8cf00be800 nmethod 1653 0x00007f8ce159cc10 code [0x00007f8ce159ce20, 0x00007f8ce159da58]
Event: 56,439 Thread 0x00007f8cf00be800 1645   !   3       java.io.PrintStream::println (24 bytes)
Event: 56,439 Thread 0x00007f8cf00be800 nmethod 1645 0x00007f8ce15915d0 code [0x00007f8ce15917a0, 0x00007f8ce1591d78]
Event: 56,439 Thread 0x00007f8cf00be800 1646       3       java.io.PrintStream::print (9 bytes)
Event: 56,439 Thread 0x00007f8cf00be800 nmethod 1646 0x00007f8ce159df10 code [0x00007f8ce159e0c0, 0x00007f8ce159e448]

GC Heap History (2 events):
Event: 0,967 GC heap before
{Heap before GC invocations=1 (full 0):
 PSYoungGen      total 36864K, used 31744K [0x00000000d6e00000, 0x00000000d9700000, 0x0000000100000000)
  eden space 31744K, 100% used [0x00000000d6e00000,0x00000000d8d00000,0x00000000d8d00000)
  from space 5120K, 0% used [0x00000000d9200000,0x00000000d9200000,0x00000000d9700000)
  to   space 5120K, 0% used [0x00000000d8d00000,0x00000000d8d00000,0x00000000d9200000)
 ParOldGen       total 84992K, used 0K [0x0000000084a00000, 0x0000000089d00000, 0x00000000d6e00000)
  object space 84992K, 0% used [0x0000000084a00000,0x0000000084a00000,0x0000000089d00000)
 Metaspace       used 15892K, capacity 16070K, committed 16384K, reserved 1062912K
  class space    used 1957K, capacity 2030K, committed 2048K, reserved 1048576K
Event: 0,979 GC heap after
Heap after GC invocations=1 (full 0):
 PSYoungGen      total 36864K, used 5102K [0x00000000d6e00000, 0x00000000db600000, 0x0000000100000000)
  eden space 31744K, 0% used [0x00000000d6e00000,0x00000000d6e00000,0x00000000d8d00000)
  from space 5120K, 99% used [0x00000000d8d00000,0x00000000d91fb8c8,0x00000000d9200000)
  to   space 5120K, 0% used [0x00000000db100000,0x00000000db100000,0x00000000db600000)
 ParOldGen       total 84992K, used 845K [0x0000000084a00000, 0x0000000089d00000, 0x00000000d6e00000)
  object space 84992K, 0% used [0x0000000084a00000,0x0000000084ad3588,0x0000000089d00000)
 Metaspace       used 15892K, capacity 16070K, committed 16384K, reserved 1062912K
  class space    used 1957K, capacity 2030K, committed 2048K, reserved 1048576K
}

Deoptimization events (10 events):
Event: 0,721 Thread 0x00007f8cf000a000 Uncommon trap: reason=class_check action=maybe_recompile pc=0x00007f8ce119e970 method=java.lang.String.equals(Ljava/lang/Object;)Z @ 8
Event: 0,722 Thread 0x00007f8cf000a000 Uncommon trap: reason=class_check action=maybe_recompile pc=0x00007f8ce119e970 method=java.lang.String.equals(Ljava/lang/Object;)Z @ 8
Event: 0,743 Thread 0x00007f8cf042d800 Uncommon trap: reason=class_check action=maybe_recompile pc=0x00007f8ce119e970 method=java.lang.String.equals(Ljava/lang/Object;)Z @ 8
Event: 0,743 Thread 0x00007f8cf042d800 Uncommon trap: reason=class_check action=maybe_recompile pc=0x00007f8ce119e970 method=java.lang.String.equals(Ljava/lang/Object;)Z @ 8
Event: 0,852 Thread 0x00007f8cf042d800 Uncommon trap: reason=unstable_if action=reinterpret pc=0x00007f8ce1332988 method=java.nio.Buffer.nextGetIndex()I @ 8
Event: 0,859 Thread 0x00007f8cf042d800 Uncommon trap: reason=unstable_if action=reinterpret pc=0x00007f8ce1320c70 method=java.nio.Buffer.nextGetIndex()I @ 8
Event: 0,861 Thread 0x00007f8cf042d800 Uncommon trap: reason=unstable_if action=reinterpret pc=0x00007f8ce1315a10 method=java.nio.Buffer.nextGetIndex()I @ 8
Event: 0,950 Thread 0x00007f8cf042d800 Uncommon trap: reason=unstable_if action=reinterpret pc=0x00007f8ce1324054 method=java.lang.CharacterData.of(I)Ljava/lang/CharacterData; @ 4
Event: 1,029 Thread 0x00007f8cf042d800 Uncommon trap: reason=unstable_if action=reinterpret pc=0x00007f8ce1297cdc method=java.util.HashMap.getNode(ILjava/lang/Object;)Ljava/util/HashMap$Node; @ 62
Event: 3,382 Thread 0x00007f8c900a6000 Uncommon trap: reason=bimorphic action=maybe_recompile pc=0x00007f8ce13b9260 method=java.lang.StringCoding$StringDecoder.decode([BII)[C @ 48

Internal exceptions (10 events):
Event: 52,427 Thread 0x00007f8c900a6000 Exception <a 'java/net/SocketTimeoutException': Receive timed out> (0x00000000d7698988) thrown at [/RE-WORK/workspace/8-2-build-linux-amd64/jdk8u45/3457/hotspot/src/share/vm/prims/jni.cpp, line 735]
Event: 52,434 Thread 0x00007f8c900b3800 Exception <a 'java/net/SocketTimeoutException': Accept timed out> (0x00000000d765c948) thrown at [/RE-WORK/workspace/8-2-build-linux-amd64/jdk8u45/3457/hotspot/src/share/vm/prims/jni.cpp, line 735]
Event: 53,428 Thread 0x00007f8c900a6000 Exception <a 'java/net/SocketTimeoutException': Receive timed out> (0x00000000d7698cc8) thrown at [/RE-WORK/workspace/8-2-build-linux-amd64/jdk8u45/3457/hotspot/src/share/vm/prims/jni.cpp, line 735]
Event: 53,434 Thread 0x00007f8c900b3800 Exception <a 'java/net/SocketTimeoutException': Accept timed out> (0x00000000d765cc80) thrown at [/RE-WORK/workspace/8-2-build-linux-amd64/jdk8u45/3457/hotspot/src/share/vm/prims/jni.cpp, line 735]
Event: 54,428 Thread 0x00007f8c900a6000 Exception <a 'java/net/SocketTimeoutException': Receive timed out> (0x00000000d7699008) thrown at [/RE-WORK/workspace/8-2-build-linux-amd64/jdk8u45/3457/hotspot/src/share/vm/prims/jni.cpp, line 735]
Event: 54,435 Thread 0x00007f8c900b3800 Exception <a 'java/net/SocketTimeoutException': Accept timed out> (0x00000000d765cfb8) thrown at [/RE-WORK/workspace/8-2-build-linux-amd64/jdk8u45/3457/hotspot/src/share/vm/prims/jni.cpp, line 735]
Event: 55,429 Thread 0x00007f8c900a6000 Exception <a 'java/net/SocketTimeoutException': Receive timed out> (0x00000000d7699348) thrown at [/RE-WORK/workspace/8-2-build-linux-amd64/jdk8u45/3457/hotspot/src/share/vm/prims/jni.cpp, line 735]
Event: 55,436 Thread 0x00007f8c900b3800 Exception <a 'java/net/SocketTimeoutException': Accept timed out> (0x00000000d765d2f0) thrown at [/RE-WORK/workspace/8-2-build-linux-amd64/jdk8u45/3457/hotspot/src/share/vm/prims/jni.cpp, line 735]
Event: 56,430 Thread 0x00007f8c900a6000 Exception <a 'java/net/SocketTimeoutException': Receive timed out> (0x00000000d7699688) thrown at [/RE-WORK/workspace/8-2-build-linux-amd64/jdk8u45/3457/hotspot/src/share/vm/prims/jni.cpp, line 735]
Event: 56,437 Thread 0x00007f8c900b3800 Exception <a 'java/net/SocketTimeoutException': Accept timed out> (0x00000000d765d628) thrown at [/RE-WORK/workspace/8-2-build-linux-amd64/jdk8u45/3457/hotspot/src/share/vm/prims/jni.cpp, line 735]

Events (10 events):
Event: 3,591 loading class java/util/regex/Pattern$First done
Event: 3,591 loading class java/util/regex/ASCII
Event: 3,591 loading class java/util/regex/ASCII done
Event: 4,089 Executing VM operation: EnableBiasedLocking
Event: 4,090 Executing VM operation: EnableBiasedLocking done
Event: 4,383 loading class java/net/SocketTimeoutException
Event: 4,384 loading class java/net/SocketTimeoutException done
Event: 5,593 Thread 0x00007f8cf041e000 Thread exited: 0x00007f8cf041e000
Event: 31,612 Thread 0x00007f8c900b2800 DEOPT PACKING pc=0x00007f8ce151e2f9 sp=0x00007f8c9b1530a0
Event: 31,612 Thread 0x00007f8c900b2800 DEOPT UNPACKING pc=0x00007f8ce1047633 sp=0x00007f8c9b152dd8 mode 0


Dynamic libraries:
00400000-00401000 r-xp 00000000 08:06 9717990                            /usr/lib/jvm/java-8-oracle/bin/java
00600000-00601000 rw-p 00000000 08:06 9717990                            /usr/lib/jvm/java-8-oracle/bin/java
014a3000-014c4000 rw-p 00000000 00:00 0                                  [heap]
84a00000-cdd80000 rw-p 00000000 00:00 0 
cdd80000-d6e00000 ---p 00000000 00:00 0 
d6e00000-db600000 rw-p 00000000 00:00 0 
db600000-100000000 ---p 00000000 00:00 0 
100000000-100260000 rw-p 00000000 00:00 0 
100260000-140000000 ---p 00000000 00:00 0 
7f8c6c000000-7f8c6c021000 rw-p 00000000 00:00 0 
7f8c6c021000-7f8c70000000 ---p 00000000 00:00 0 
7f8c74000000-7f8c74021000 rw-p 00000000 00:00 0 
7f8c74021000-7f8c78000000 ---p 00000000 00:00 0 
7f8c78000000-7f8c78021000 rw-p 00000000 00:00 0 
7f8c78021000-7f8c7c000000 ---p 00000000 00:00 0 
7f8c7c000000-7f8c7c021000 rw-p 00000000 00:00 0 
7f8c7c021000-7f8c80000000 ---p 00000000 00:00 0 
7f8c80000000-7f8c80021000 rw-p 00000000 00:00 0 
7f8c80021000-7f8c84000000 ---p 00000000 00:00 0 
7f8c84000000-7f8c842aa000 rw-p 00000000 00:00 0 
7f8c842aa000-7f8c88000000 ---p 00000000 00:00 0 
7f8c88000000-7f8c88021000 rw-p 00000000 00:00 0 
7f8c88021000-7f8c8c000000 ---p 00000000 00:00 0 
7f8c8c000000-7f8c8c021000 rw-p 00000000 00:00 0 
7f8c8c021000-7f8c90000000 ---p 00000000 00:00 0 
7f8c90000000-7f8c900d2000 rw-p 00000000 00:00 0 
7f8c900d2000-7f8c94000000 ---p 00000000 00:00 0 
7f8c94000000-7f8c94021000 rw-p 00000000 00:00 0 
7f8c94021000-7f8c98000000 ---p 00000000 00:00 0 
7f8c99d28000-7f8c99da8000 rw-p 00000000 00:00 0 
7f8c99da8000-7f8c99f28000 ---p 00000000 00:00 0 
7f8c99f28000-7f8c99f2b000 ---p 00000000 00:00 0 
7f8c99f2b000-7f8c9a029000 rw-p 00000000 00:00 0                          [stack:7571]
7f8c9a029000-7f8c9a02c000 ---p 00000000 00:00 0 
7f8c9a02c000-7f8c9a12a000 rw-p 00000000 00:00 0                          [stack:7570]
7f8c9a12a000-7f8c9a12d000 ---p 00000000 00:00 0 
7f8c9a12d000-7f8c9a22b000 rw-p 00000000 00:00 0                          [stack:7567]
7f8c9a22b000-7f8c9a22e000 ---p 00000000 00:00 0 
7f8c9a22e000-7f8c9a32c000 rw-p 00000000 00:00 0                          [stack:7569]
7f8c9a32c000-7f8c9a32d000 ---p 00000000 00:00 0 
7f8c9a32d000-7f8c9ab2d000 rw-p 00000000 00:00 0                          [stack:7563]
7f8c9ab2d000-7f8c9ac27000 rw-s 00000000 00:04 11010090                   /SYSV00000000 (deleted)
7f8c9ac27000-7f8c9ac51000 r-xp 00000000 08:06 9965471                    /usr/lib/jvm/java-8-oracle/jre/lib/amd64/libdcpr.so
7f8c9ac51000-7f8c9ae51000 ---p 0002a000 08:06 9965471                    /usr/lib/jvm/java-8-oracle/jre/lib/amd64/libdcpr.so
7f8c9ae51000-7f8c9ae54000 rw-p 0002a000 08:06 9965471                    /usr/lib/jvm/java-8-oracle/jre/lib/amd64/libdcpr.so
7f8c9ae54000-7f8c9b054000 rw-p 00000000 00:00 0 
7f8c9b054000-7f8c9b057000 ---p 00000000 00:00 0 
7f8c9b057000-7f8c9b355000 rw-p 00000000 00:00 0                          [stack:7564]
7f8c9b355000-7f8c9b358000 ---p 00000000 00:00 0 
7f8c9b358000-7f8c9b456000 rw-p 00000000 00:00 0                          [stack:7565]
7f8c9b456000-7f8c9b459000 ---p 00000000 00:00 0 
7f8c9b459000-7f8c9b557000 rw-p 00000000 00:00 0                          [stack:7558]
7f8c9b557000-7f8c9b55a000 ---p 00000000 00:00 0 
7f8c9b55a000-7f8c9b658000 rw-p 00000000 00:00 0                          [stack:7557]
7f8c9b658000-7f8c9b65b000 ---p 00000000 00:00 0 
7f8c9b65b000-7f8c9b759000 rw-p 00000000 00:00 0 
7f8c9b759000-7f8c9b7c2000 r-xp 00000000 08:06 9965487                    /usr/lib/jvm/java-8-oracle/jre/lib/amd64/libt2k.so
7f8c9b7c2000-7f8c9b9c1000 ---p 00069000 08:06 9965487                    /usr/lib/jvm/java-8-oracle/jre/lib/amd64/libt2k.so
7f8c9b9c1000-7f8c9b9c8000 rw-p 00068000 08:06 9965487                    /usr/lib/jvm/java-8-oracle/jre/lib/amd64/libt2k.so
7f8c9b9c8000-7f8c9b9d8000 rw-p 00000000 00:00 0 
7f8c9b9d8000-7f8c9b9e9000 r-xp 00000000 08:06 9963675                    /usr/lib/jvm/java-8-oracle/jre/lib/amd64/libnio.so
7f8c9b9e9000-7f8c9bbe8000 ---p 00011000 08:06 9963675                    /usr/lib/jvm/java-8-oracle/jre/lib/amd64/libnio.so
7f8c9bbe8000-7f8c9bbe9000 rw-p 00010000 08:06 9963675                    /usr/lib/jvm/java-8-oracle/jre/lib/amd64/libnio.so
7f8c9bbe9000-7f8c9bbff000 r-xp 00000000 08:06 9965488                    /usr/lib/jvm/java-8-oracle/jre/lib/amd64/libnet.so
7f8c9bbff000-7f8c9bdff000 ---p 00016000 08:06 9965488                    /usr/lib/jvm/java-8-oracle/jre/lib/amd64/libnet.so
7f8c9bdff000-7f8c9be00000 rw-p 00016000 08:06 9965488                    /usr/lib/jvm/java-8-oracle/jre/lib/amd64/libnet.so
7f8c9be00000-7f8c9c000000 rw-p 00000000 00:00 0 
7f8c9c000000-7f8c9c021000 rw-p 00000000 00:00 0 
7f8c9c021000-7f8ca0000000 ---p 00000000 00:00 0 
7f8ca0000000-7f8ca0026000 rw-p 00000000 00:00 0 
7f8ca0026000-7f8ca4000000 ---p 00000000 00:00 0 
7f8ca4000000-7f8ca4021000 rw-p 00000000 00:00 0 
7f8ca4021000-7f8ca8000000 ---p 00000000 00:00 0 
7f8ca8000000-7f8ca8021000 rw-p 00000000 00:00 0 
7f8ca8021000-7f8cac000000 ---p 00000000 00:00 0 
7f8cac000000-7f8cac54f000 rw-p 00000000 00:00 0 
7f8cac54f000-7f8cb0000000 ---p 00000000 00:00 0 
7f8cb0000000-7f8cb0021000 rw-p 00000000 00:00 0 
7f8cb0021000-7f8cb4000000 ---p 00000000 00:00 0 
7f8cb4000000-7f8cb47f2000 rw-p 00000000 00:00 0 
7f8cb47f2000-7f8cb8000000 ---p 00000000 00:00 0 
7f8cb8000000-7f8cb8379000 rw-p 00000000 00:00 0 
7f8cb8379000-7f8cbc000000 ---p 00000000 00:00 0 
7f8cbc000000-7f8cbc021000 rw-p 00000000 00:00 0 
7f8cbc021000-7f8cc0000000 ---p 00000000 00:00 0 
7f8cc0000000-7f8cc0021000 rw-p 00000000 00:00 0 
7f8cc0021000-7f8cc4000000 ---p 00000000 00:00 0 
7f8cc4000000-7f8cc4021000 rw-p 00000000 00:00 0 
7f8cc4021000-7f8cc8000000 ---p 00000000 00:00 0 
7f8cc8000000-7f8cc8021000 rw-p 00000000 00:00 0 
7f8cc8021000-7f8ccc000000 ---p 00000000 00:00 0 
7f8ccc044000-7f8ccc047000 rw-p 00000000 00:00 0 
7f8ccc047000-7f8ccc05a000 r--s 00344000 08:06 9839889                    /usr/lib/jvm/java-8-oracle/jre/lib/resources.jar
7f8ccc05a000-7f8ccc05b000 r--s 00000000 08:06 4737771                    /var/cache/fontconfig/087e1975ba9a574b140bb1df193bf770-le64.cache-4
7f8ccc05b000-7f8ccc069000 r--s 00000000 08:06 4737768                    /var/cache/fontconfig/6aa41aa22e18b8fa06a12da28ea9c28b-le64.cache-4
7f8ccc069000-7f8ccc06a000 r--s 00000000 08:06 4718687                    /var/cache/fontconfig/c05880de57d1f5e948fdfacc138775d9-le64.cache-4
7f8ccc06a000-7f8ccc075000 r--s 00000000 08:06 4718681                    /var/cache/fontconfig/945677eb7aeaf62f1d50efc3fb3ec7d8-le64.cache-4
7f8ccc075000-7f8ccc07b000 r--s 00000000 08:06 4718667                    /var/cache/fontconfig/2cd17615ca594fa2959ae173292e504c-le64.cache-4
7f8ccc07b000-7f8ccc07c000 r--s 00000000 08:06 4718697                    /var/cache/fontconfig/e7071f4a29fa870f4323321c154eba04-le64.cache-4
7f8ccc07c000-7f8ccc07d000 r--s 00000000 08:06 4718664                    /var/cache/fontconfig/0d8c3b2ac0904cb8a57a757ad11a4a08-le64.cache-4
7f8ccc07d000-7f8ccc084000 r--s 00000000 08:06 4718684                    /var/cache/fontconfig/a755afe4a08bf5b97852ceb7400b47bc-le64.cache-4
7f8ccc084000-7f8ccc088000 r--s 00000000 08:06 4728115                    /var/cache/fontconfig/6d41288fd70b0be22e8c3a91e032eec0-le64.cache-4
7f8ccc088000-7f8ccc09c000 r--s 00000000 08:06 4718662                    /var/cache/fontconfig/04aabc0a78ac019cf9454389977116d2-le64.cache-4
7f8ccc09c000-7f8ccc09d000 r--s 00000000 08:06 4718666                    /var/cache/fontconfig/1ac9eb803944fde146138c791f5cc56a-le64.cache-4
7f8ccc09d000-7f8ccc09e000 r--s 00000000 08:06 4737762                    /var/cache/fontconfig/b95bc8ffbebda2bbdae4265e45b8178d-le64.cache-4
7f8ccc09e000-7f8ccc0a2000 r--s 00000000 08:06 4718670                    /var/cache/fontconfig/385c0604a188198f04d133e54aba7fe7-le64.cache-4
7f8ccc0a2000-7f8ccc0a3000 r--s 00000000 08:06 4737761                    /var/cache/fontconfig/9c956a7723ca69a44b382d9179c9802f-le64.cache-4
7f8ccc0a3000-7f8ccc0a4000 r--s 00000000 08:06 4718694                    /var/cache/fontconfig/dc05db6664285cc2f12bf69c139ae4c3-le64.cache-4
7f8ccc0a4000-7f8ccc0a5000 r--s 00000000 08:06 4737758                    /var/cache/fontconfig/5d1cca7074f29429a8d18692746c2426-le64.cache-4
7f8ccc0a5000-7f8ccc0a7000 r--s 00000000 08:06 4718678                    /var/cache/fontconfig/767a8244fc0220cfb567a839d0392e0b-le64.cache-4
7f8ccc0a7000-7f8ccc0a8000 r--s 00000000 08:06 4724512                    /var/cache/fontconfig/4794a0821666d79190d59a36cb4f44b5-le64.cache-4
7f8ccc0a8000-7f8ccc0a9000 r--s 00000000 08:06 4737755                    /var/cache/fontconfig/9eae20f1ff8cc0a7d125749e875856bd-le64.cache-4
7f8ccc0a9000-7f8ccc0ab000 r--s 00000000 08:06 4737753                    /var/cache/fontconfig/bf2c1853a9e9b00bb02fe2e9bcf1e201-le64.cache-4
7f8ccc0ab000-7f8ccc0b0000 r--s 00000000 08:06 4718680                    /var/cache/fontconfig/8801497958630a81b71ace7c5f9b32a8-le64.cache-4
7f8ccc0b0000-7f8ccc0b4000 r--s 00000000 08:06 4728040                    /var/cache/fontconfig/c57959a16110560c8d0fcea73374aeeb-le64.cache-4
7f8ccc0b4000-7f8ccc0bb000 r--s 00000000 08:06 4718668                    /var/cache/fontconfig/3047814df9a2f067bd2d96a2b9c36e5a-le64.cache-4
7f8ccc0bb000-7f8ccc0bf000 r--s 00000000 08:06 4737750                    /var/cache/fontconfig/bf3b770c553c462765856025a94f1ce6-le64.cache-4
7f8ccc0bf000-7f8ccc0c0000 r--s 00000000 08:06 4718674                    /var/cache/fontconfig/56cf4f4769d0f4abc89a4895d7bd3ae1-le64.cache-4
7f8ccc0c0000-7f8ccc0c1000 r--s 00000000 08:06 4718686                    /var/cache/fontconfig/b9d506c9ac06c20b433354fa67a72993-le64.cache-4
7f8ccc0c1000-7f8ccc0c7000 r--s 00000000 08:06 4718685                    /var/cache/fontconfig/b47c4e1ecd0709278f4910c18777a504-le64.cache-4
7f8ccc0c7000-7f8ccc0ca000 r--s 00000000 08:06 4737744                    /var/cache/fontconfig/14d493b97896515cad3840ba4896e372-le64.cache-4
7f8ccc0ca000-7f8ccc0cb000 r--s 00000000 08:06 4737743                    /var/cache/fontconfig/89034621ae2a8922916bb6bfa5799546-le64.cache-4
7f8ccc0cb000-7f8ccc0ce000 r--s 00000000 08:06 4737737                    /var/cache/fontconfig/e49e89034d371f0f9de17aab02136486-le64.cache-4
7f8ccc0ce000-7f8ccc0d0000 r--s 00000000 08:06 4737728                    /var/cache/fontconfig/4b14b093aebc79c320de5e86ae1d3314-le64.cache-4
7f8ccc0d0000-7f8ccc0d1000 r--s 00000000 08:06 4737726                    /var/cache/fontconfig/8aec10f4cc8391dcef22ca549f1e4354-le64.cache-4
7f8ccc0d1000-7f8ccc0e4000 r--s 00000000 08:06 4718691                    /var/cache/fontconfig/d52a8644073d54c13679302ca1180695-le64.cache-4
7f8ccc0e4000-7f8ccc0e5000 r--s 00000000 08:06 4737721                    /var/cache/fontconfig/8a687c406b77f27d99abfeeba937fcce-le64.cache-4
7f8ccc0e5000-7f8ccc0ee000 r--s 00000000 08:06 4724829                    /var/cache/fontconfig/3f7329c5293ffd510edef78f73874cfd-le64.cache-4
7f8ccc0ee000-7f8ccc0ef000 r--s 00000000 08:06 4737715                    /var/cache/fontconfig/ac2cf712d852da827a87a9baf682f5b9-le64.cache-4
7f8ccc0ef000-7f8ccc0f1000 r--s 00000000 08:06 4737714                    /var/cache/fontconfig/65f976e5259cbe6dc7697b8648396239-le64.cache-4
7f8ccc0f1000-7f8ccc0fc000 r--s 00000000 08:06 4737708                    /var/cache/fontconfig/d589a48862398ed80a3d6066f4f56f4c-le64.cache-4
7f8ccc0fc000-7f8ccc0fd000 r--s 00000000 08:06 4737705                    /var/cache/fontconfig/94f7fe9bd33aadfac165873bd010d595-le64.cache-4
7f8ccc0fd000-7f8ccc107000 r--s 00000000 08:06 4737687                    /var/cache/fontconfig/198d8fcf01c96d0cf813f74fd759bdb7-le64.cache-4
7f8ccc107000-7f8ccc307000 rw-p 00000000 00:00 0 
7f8ccc307000-7f8ccc30a000 ---p 00000000 00:00 0 
7f8ccc30a000-7f8ccc408000 rw-p 00000000 00:00 0                          [stack:7555]
7f8ccc408000-7f8ccc40d000 r-xp 00000000 08:06 9701798                    /usr/lib/x86_64-linux-gnu/libXfixes.so.3.1.0
7f8ccc40d000-7f8ccc60c000 ---p 00005000 08:06 9701798                    /usr/lib/x86_64-linux-gnu/libXfixes.so.3.1.0
7f8ccc60c000-7f8ccc60d000 r--p 00004000 08:06 9701798                    /usr/lib/x86_64-linux-gnu/libXfixes.so.3.1.0
7f8ccc60d000-7f8ccc60e000 rw-p 00005000 08:06 9701798                    /usr/lib/x86_64-linux-gnu/libXfixes.so.3.1.0
7f8ccc60e000-7f8ccc617000 r-xp 00000000 08:06 9707421                    /usr/lib/x86_64-linux-gnu/libXcursor.so.1.0.2
7f8ccc617000-7f8ccc816000 ---p 00009000 08:06 9707421                    /usr/lib/x86_64-linux-gnu/libXcursor.so.1.0.2
7f8ccc816000-7f8ccc817000 r--p 00008000 08:06 9707421                    /usr/lib/x86_64-linux-gnu/libXcursor.so.1.0.2
7f8ccc817000-7f8ccc818000 rw-p 00009000 08:06 9707421                    /usr/lib/x86_64-linux-gnu/libXcursor.so.1.0.2
7f8ccc818000-7f8ccc81b000 ---p 00000000 00:00 0 
7f8ccc81b000-7f8ccc919000 rw-p 00000000 00:00 0                          [stack:7554]
7f8ccc919000-7f8ccc97e000 r-xp 00000000 08:06 9965504                    /usr/lib/jvm/java-8-oracle/jre/lib/amd64/libfontmanager.so
7f8ccc97e000-7f8cccb7d000 ---p 00065000 08:06 9965504                    /usr/lib/jvm/java-8-oracle/jre/lib/amd64/libfontmanager.so
7f8cccb7d000-7f8cccb82000 rw-p 00064000 08:06 9965504                    /usr/lib/jvm/java-8-oracle/jre/lib/amd64/libfontmanager.so
7f8cccb82000-7f8cccb92000 rw-p 00000000 00:00 0 
7f8cccb92000-7f8cccb97000 r-xp 00000000 08:06 9707425                    /usr/lib/x86_64-linux-gnu/libXdmcp.so.6.0.0
7f8cccb97000-7f8cccd96000 ---p 00005000 08:06 9707425                    /usr/lib/x86_64-linux-gnu/libXdmcp.so.6.0.0
7f8cccd96000-7f8cccd97000 r--p 00004000 08:06 9707425                    /usr/lib/x86_64-linux-gnu/libXdmcp.so.6.0.0
7f8cccd97000-7f8cccd98000 rw-p 00005000 08:06 9707425                    /usr/lib/x86_64-linux-gnu/libXdmcp.so.6.0.0
7f8cccd98000-7f8cccd9a000 r-xp 00000000 08:06 9707414                    /usr/lib/x86_64-linux-gnu/libXau.so.6.0.0
7f8cccd9a000-7f8cccf9a000 ---p 00002000 08:06 9707414                    /usr/lib/x86_64-linux-gnu/libXau.so.6.0.0
7f8cccf9a000-7f8cccf9b000 r--p 00002000 08:06 9707414                    /usr/lib/x86_64-linux-gnu/libXau.so.6.0.0
7f8cccf9b000-7f8cccf9c000 rw-p 00003000 08:06 9707414                    /usr/lib/x86_64-linux-gnu/libXau.so.6.0.0
7f8cccf9c000-7f8cccfb9000 r-xp 00000000 08:06 9708484                    /usr/lib/x86_64-linux-gnu/libxcb.so.1.1.0
7f8cccfb9000-7f8ccd1b9000 ---p 0001d000 08:06 9708484                    /usr/lib/x86_64-linux-gnu/libxcb.so.1.1.0
7f8ccd1b9000-7f8ccd1ba000 r--p 0001d000 08:06 9708484                    /usr/lib/x86_64-linux-gnu/libxcb.so.1.1.0
7f8ccd1ba000-7f8ccd1bb000 rw-p 0001e000 08:06 9708484                    /usr/lib/x86_64-linux-gnu/libxcb.so.1.1.0
7f8ccd1bb000-7f8ccd1ca000 r-xp 00000000 08:06 9713637                    /usr/lib/x86_64-linux-gnu/libXi.so.6.1.0
7f8ccd1ca000-7f8ccd3c9000 ---p 0000f000 08:06 9713637                    /usr/lib/x86_64-linux-gnu/libXi.so.6.1.0
7f8ccd3c9000-7f8ccd3ca000 r--p 0000e000 08:06 9713637                    /usr/lib/x86_64-linux-gnu/libXi.so.6.1.0
7f8ccd3ca000-7f8ccd3cb000 rw-p 0000f000 08:06 9713637                    /usr/lib/x86_64-linux-gnu/libXi.so.6.1.0
7f8ccd3cb000-7f8ccd3d0000 r-xp 00000000 08:06 9707455                    /usr/lib/x86_64-linux-gnu/libXtst.so.6.1.0
7f8ccd3d0000-7f8ccd5cf000 ---p 00005000 08:06 9707455                    /usr/lib/x86_64-linux-gnu/libXtst.so.6.1.0
7f8ccd5cf000-7f8ccd5d0000 r--p 00004000 08:06 9707455                    /usr/lib/x86_64-linux-gnu/libXtst.so.6.1.0
7f8ccd5d0000-7f8ccd5d1000 rw-p 00005000 08:06 9707455                    /usr/lib/x86_64-linux-gnu/libXtst.so.6.1.0
7f8ccd5d1000-7f8ccd5da000 r-xp 00000000 08:06 9701708                    /usr/lib/x86_64-linux-gnu/libXrender.so.1.3.0
7f8ccd5da000-7f8ccd7d9000 ---p 00009000 08:06 9701708                    /usr/lib/x86_64-linux-gnu/libXrender.so.1.3.0
7f8ccd7d9000-7f8ccd7da000 r--p 00008000 08:06 9701708                    /usr/lib/x86_64-linux-gnu/libXrender.so.1.3.0
7f8ccd7da000-7f8ccd7db000 rw-p 00009000 08:06 9701708                    /usr/lib/x86_64-linux-gnu/libXrender.so.1.3.0
7f8ccd7db000-7f8ccd90b000 r-xp 00000000 08:06 9707410                    /usr/lib/x86_64-linux-gnu/libX11.so.6.3.0
7f8ccd90b000-7f8ccdb0b000 ---p 00130000 08:06 9707410                    /usr/lib/x86_64-linux-gnu/libX11.so.6.3.0
7f8ccdb0b000-7f8ccdb0c000 r--p 00130000 08:06 9707410                    /usr/lib/x86_64-linux-gnu/libX11.so.6.3.0
7f8ccdb0c000-7f8ccdb10000 rw-p 00131000 08:06 9707410                    /usr/lib/x86_64-linux-gnu/libX11.so.6.3.0
7f8ccdb10000-7f8ccdb21000 r-xp 00000000 08:06 9701280                    /usr/lib/x86_64-linux-gnu/libXext.so.6.4.0
7f8ccdb21000-7f8ccdd20000 ---p 00011000 08:06 9701280                    /usr/lib/x86_64-linux-gnu/libXext.so.6.4.0
7f8ccdd20000-7f8ccdd21000 r--p 00010000 08:06 9701280                    /usr/lib/x86_64-linux-gnu/libXext.so.6.4.0
7f8ccdd21000-7f8ccdd22000 rw-p 00011000 08:06 9701280                    /usr/lib/x86_64-linux-gnu/libXext.so.6.4.0
7f8ccdd22000-7f8ccdd76000 r-xp 00000000 08:06 9965493                    /usr/lib/jvm/java-8-oracle/jre/lib/amd64/libawt_xawt.so
7f8ccdd76000-7f8ccdf76000 ---p 00054000 08:06 9965493                    /usr/lib/jvm/java-8-oracle/jre/lib/amd64/libawt_xawt.so
7f8ccdf76000-7f8ccdf7a000 rw-p 00054000 08:06 9965493                    /usr/lib/jvm/java-8-oracle/jre/lib/amd64/libawt_xawt.so
7f8ccdf7a000-7f8ccdf7b000 rw-p 00000000 00:00 0 
7f8ccdf7b000-7f8cce01d000 r-xp 00000000 08:06 9965501                    /usr/lib/jvm/java-8-oracle/jre/lib/amd64/libawt.so
7f8cce01d000-7f8cce21d000 ---p 000a2000 08:06 9965501                    /usr/lib/jvm/java-8-oracle/jre/lib/amd64/libawt.so
7f8cce21d000-7f8cce229000 rw-p 000a2000 08:06 9965501                    /usr/lib/jvm/java-8-oracle/jre/lib/amd64/libawt.so
7f8cce229000-7f8cce24d000 rw-p 00000000 00:00 0 
7f8cce24d000-7f8cce263000 r-xp 00000000 08:06 3280771                    /lib/x86_64-linux-gnu/libgcc_s.so.1
7f8cce263000-7f8cce462000 ---p 00016000 08:06 3280771                    /lib/x86_64-linux-gnu/libgcc_s.so.1
7f8cce462000-7f8cce463000 rw-p 00015000 08:06 3280771                    /lib/x86_64-linux-gnu/libgcc_s.so.1
7f8cce463000-7f8cce549000 r-xp 00000000 08:06 9708320                    /usr/lib/x86_64-linux-gnu/libstdc++.so.6.0.19
7f8cce549000-7f8cce748000 ---p 000e6000 08:06 9708320                    /usr/lib/x86_64-linux-gnu/libstdc++.so.6.0.19
7f8cce748000-7f8cce750000 r--p 000e5000 08:06 9708320                    /usr/lib/x86_64-linux-gnu/libstdc++.so.6.0.19
7f8cce750000-7f8cce752000 rw-p 000ed000 08:06 9708320                    /usr/lib/x86_64-linux-gnu/libstdc++.so.6.0.19
7f8cce752000-7f8cce767000 rw-p 00000000 00:00 0 
7f8cce767000-7f8cce786000 r-xp 00000000 08:06 9990275                    /usr/lib/jvm/java-8-oracle/jre/lib/amd64/libremoteApiJava.so
7f8cce786000-7f8cce985000 ---p 0001f000 08:06 9990275                    /usr/lib/jvm/java-8-oracle/jre/lib/amd64/libremoteApiJava.so
7f8cce985000-7f8cce986000 r--p 0001e000 08:06 9990275                    /usr/lib/jvm/java-8-oracle/jre/lib/amd64/libremoteApiJava.so
7f8cce986000-7f8cce987000 rw-p 0001f000 08:06 9990275                    /usr/lib/jvm/java-8-oracle/jre/lib/amd64/libremoteApiJava.so
7f8cce987000-7f8cce99c000 rw-p 00000000 00:00 0 
7f8cce99c000-7f8cce99d000 ---p 00000000 00:00 0 
7f8cce99d000-7f8ccea9d000 rw-p 00000000 00:00 0                          [stack:7553]
7f8ccea9d000-7f8cceaa0000 ---p 00000000 00:00 0 
7f8cceaa0000-7f8cceb9e000 rw-p 00000000 00:00 0                          [stack:7552]
7f8cceb9e000-7f8cceba1000 ---p 00000000 00:00 0 
7f8cceba1000-7f8ccec9f000 rw-p 00000000 00:00 0                          [stack:7551]
7f8ccec9f000-7f8cceca2000 ---p 00000000 00:00 0 
7f8cceca2000-7f8cceda0000 rw-p 00000000 00:00 0                          [stack:7550]
7f8cceda0000-7f8cceda3000 ---p 00000000 00:00 0 
7f8cceda3000-7f8cceea1000 rw-p 00000000 00:00 0                          [stack:7549]
7f8cceea1000-7f8cceea4000 ---p 00000000 00:00 0 
7f8cceea4000-7f8ccefa2000 rw-p 00000000 00:00 0                          [stack:7548]
7f8ccefa2000-7f8ccf7f8000 r--p 00000000 08:06 9706407                    /usr/lib/locale/locale-archive
7f8ccf7f8000-7f8ccf7fb000 ---p 00000000 00:00 0 
7f8ccf7fb000-7f8ccf8f9000 rw-p 00000000 00:00 0                          [stack:7546]
7f8ccf8f9000-7f8ccf8fc000 ---p 00000000 00:00 0 
7f8ccf8fc000-7f8ccf9fa000 rw-p 00000000 00:00 0                          [stack:7545]
7f8ccf9fa000-7f8ccf9fb000 ---p 00000000 00:00 0 
7f8ccf9fb000-7f8cd0000000 rw-p 00000000 00:00 0                          [stack:7544]
7f8cd0000000-7f8cd0021000 rw-p 00000000 00:00 0 
7f8cd0021000-7f8cd4000000 ---p 00000000 00:00 0 
7f8cd4000000-7f8cd4021000 rw-p 00000000 00:00 0 
7f8cd4021000-7f8cd8000000 ---p 00000000 00:00 0 
7f8cd8000000-7f8cd8021000 rw-p 00000000 00:00 0 
7f8cd8021000-7f8cdc000000 ---p 00000000 00:00 0 
7f8cdc000000-7f8cdc002000 r--s 00000000 08:06 4737703                    /var/cache/fontconfig/423767150eb258c59035de29db6fca84-le64.cache-4
7f8cdc002000-7f8cdc003000 r--s 00000000 08:06 4737700                    /var/cache/fontconfig/845c20fd2c4814bcec78e05d37a63ccc-le64.cache-4
7f8cdc003000-7f8cdc004000 r--s 00000000 08:06 4737697                    /var/cache/fontconfig/e7de81b01590fb7e12b38e274e17d0db-le64.cache-4
7f8cdc004000-7f8cdc005000 r--s 00000000 08:06 4737695                    /var/cache/fontconfig/406a1d2d2bf3ed7664fbadefac0b2f66-le64.cache-4
7f8cdc005000-7f8cdc007000 r--s 00000000 08:06 4737690                    /var/cache/fontconfig/67709b7835c0f764c1135060c9575660-le64.cache-4
7f8cdc007000-7f8cdc008000 r--s 00000000 08:06 4718663                    /var/cache/fontconfig/0c9eb80ebd1c36541ebe2852d3bb0c49-le64.cache-4
7f8cdc008000-7f8cdc013000 r--s 00000000 08:06 4728719                    /var/cache/fontconfig/83bf95040141907cd45bb53cf7c1c148-le64.cache-4
7f8cdc013000-7f8cdc015000 r--s 00000000 08:06 4728351                    /var/cache/fontconfig/6e6b34ae150a7ad95e82fb4a522f0bda-le64.cache-4
7f8cdc015000-7f8cdc016000 r--s 00000000 08:06 4728325                    /var/cache/fontconfig/3334a778d104e76d188e9df399bc24d2-le64.cache-4
7f8cdc016000-7f8cdc01d000 r--s 00000000 08:06 4728293                    /var/cache/fontconfig/53d14c92082a93e67d5078324eb314ca-le64.cache-4
7f8cdc01d000-7f8cdc021000 r--s 00000000 08:06 4728284                    /var/cache/fontconfig/6c08beecf0dac481ec92e759e0c2e6d7-le64.cache-4
7f8cdc021000-7f8cdc025000 r--s 00000000 08:06 4728280                    /var/cache/fontconfig/4d6aee6d44eccb37054d3216e945f618-le64.cache-4
7f8cdc025000-7f8cdc029000 r--s 00000000 08:06 4728266                    /var/cache/fontconfig/d6c6df98c3df5faf9bd0f8ef4d91efe5-le64.cache-4
7f8cdc029000-7f8cdc02d000 r--s 00000000 08:06 4728233                    /var/cache/fontconfig/9fb319ef52839f11ee26ab8b4cffa12b-le64.cache-4
7f8cdc02d000-7f8cdc040000 r--s 00000000 08:06 4728219                    /var/cache/fontconfig/4ac51e5cfbc76fc3f983e470323a16d3-le64.cache-4
7f8cdc040000-7f8cdc043000 r--s 00000000 08:06 4728197                    /var/cache/fontconfig/c19b55eb3b4c5b40ea175e31682068a5-le64.cache-4
7f8cdc043000-7f8cdc044000 r--s 00000000 08:06 4728162                    /var/cache/fontconfig/c277e94e32b20404286a1ddafa5a80f0-le64.cache-4
7f8cdc044000-7f8cdc047000 r--s 00000000 08:06 4728146                    /var/cache/fontconfig/de83a0a961185c8bd1f159015d56c039-le64.cache-4
7f8cdc047000-7f8cdc068000 r--s 00000000 08:06 4728117                    /var/cache/fontconfig/e13b20fdb08344e0e664864cc2ede53d-le64.cache-4
7f8cdc068000-7f8cdc06d000 r--s 00000000 08:06 4720248                    /var/cache/fontconfig/7ef2298fde41cc6eeb7af42e48b7d293-le64.cache-4
7f8cdc06d000-7f8cdc06f000 r--s 00000000 08:06 4720247                    /var/cache/fontconfig/16326683038b281783a0ef8c680e3a10-le64.cache-4
7f8cdc06f000-7f8cdc07c000 r--s 00000000 08:06 4719916                    /var/cache/fontconfig/8f02d4cb045bd6ce15663e43f347c9f8-le64.cache-4
7f8cdc07c000-7f8cdc09a000 r--s 00000000 08:06 4721482                    /var/cache/fontconfig/467c019e582ee353435ea5c21d137ef6-le64.cache-4
7f8cdc09a000-7f8cdc0a0000 r--s 00036000 08:06 4327425                    /home/ees/Apps/eclipse/plugins/org.junit_4.11.0.v201303080030/junit.jar
7f8cdc0a0000-7f8cdc0ab000 r--s 00116000 08:06 9839819                    /usr/lib/jvm/java-8-oracle/jre/lib/ext/localedata.jar
7f8cdc0ab000-7f8cdc0c7000 r--s 00393000 08:06 9839818                    /usr/lib/jvm/java-8-oracle/jre/lib/ext/cldrdata.jar
7f8cdc0c7000-7f8cdc0d8000 r--s 0016c000 08:06 5380962                    /home/ees/Java Workspace/third party/JFreeChart/jfreechart-1.0.18.jar
7f8cdc0d8000-7f8cdc0de000 r--s 0004a000 08:06 5380961                    /home/ees/Java Workspace/third party/JFreeChart/jcommon-1.0.22.jar
7f8cdc0de000-7f8cdc0e1000 r--s 0002c000 08:06 5380909                    /home/ees/Java Workspace/JavaIvyBus/libs/ivy-java.jar
7f8cdc0e1000-7f8cdc0e4000 r--s 0002c000 08:06 9839921                    /usr/lib/jvm/java-8-oracle/jre/lib/ext/ivy-java.jar
7f8cdc0e4000-7f8ce1000000 rw-p 00000000 00:00 0 
7f8ce1000000-7f8ce15a0000 rwxp 00000000 00:00 0 
7f8ce15a0000-7f8cf0000000 ---p 00000000 00:00 0 
7f8cf0000000-7f8cf05a5000 rw-p 00000000 00:00 0 
7f8cf05a5000-7f8cf4000000 ---p 00000000 00:00 0 
7f8cf4000000-7f8cf4002000 r--s 0000c000 08:06 4327298                    /home/ees/Apps/eclipse/plugins/org.hamcrest.core_1.3.0.v201303031735.jar
7f8cf4002000-7f8cf4152000 rw-p 00000000 00:00 0 
7f8cf4152000-7f8cf432b000 r--s 03d09000 08:06 9839893                    /usr/lib/jvm/java-8-oracle/jre/lib/rt.jar
7f8cf432b000-7f8cf477c000 rw-p 00000000 00:00 0 
7f8cf477c000-7f8cf477d000 ---p 00000000 00:00 0 
7f8cf477d000-7f8cf487d000 rw-p 00000000 00:00 0                          [stack:7543]
7f8cf487d000-7f8cf487e000 ---p 00000000 00:00 0 
7f8cf487e000-7f8cf497e000 rw-p 00000000 00:00 0                          [stack:7542]
7f8cf497e000-7f8cf497f000 ---p 00000000 00:00 0 
7f8cf497f000-7f8cf4a7f000 rw-p 00000000 00:00 0                          [stack:7541]
7f8cf4a7f000-7f8cf4a80000 ---p 00000000 00:00 0 
7f8cf4a80000-7f8cf4dca000 rw-p 00000000 00:00 0                          [stack:7540]
7f8cf4dca000-7f8cf4e12000 ---p 00000000 00:00 0 
7f8cf4e12000-7f8cf505c000 rw-p 00000000 00:00 0 
7f8cf505c000-7f8cf50a4000 ---p 00000000 00:00 0 
7f8cf50a4000-7f8cf50c8000 rw-p 00000000 00:00 0 
7f8cf50c8000-7f8cf51ed000 ---p 00000000 00:00 0 
7f8cf51ed000-7f8cf5205000 rw-p 00000000 00:00 0 
7f8cf5205000-7f8cf55ae000 ---p 00000000 00:00 0 
7f8cf55ae000-7f8cf55c8000 r-xp 00000000 08:06 9965494                    /usr/lib/jvm/java-8-oracle/jre/lib/amd64/libzip.so
7f8cf55c8000-7f8cf57c8000 ---p 0001a000 08:06 9965494                    /usr/lib/jvm/java-8-oracle/jre/lib/amd64/libzip.so
7f8cf57c8000-7f8cf57c9000 rw-p 0001a000 08:06 9965494                    /usr/lib/jvm/java-8-oracle/jre/lib/amd64/libzip.so
7f8cf57c9000-7f8cf57d4000 r-xp 00000000 08:06 3280805                    /lib/x86_64-linux-gnu/libnss_files-2.19.so
7f8cf57d4000-7f8cf59d3000 ---p 0000b000 08:06 3280805                    /lib/x86_64-linux-gnu/libnss_files-2.19.so
7f8cf59d3000-7f8cf59d4000 r--p 0000a000 08:06 3280805                    /lib/x86_64-linux-gnu/libnss_files-2.19.so
7f8cf59d4000-7f8cf59d5000 rw-p 0000b000 08:06 3280805                    /lib/x86_64-linux-gnu/libnss_files-2.19.so
7f8cf59d5000-7f8cf59e0000 r-xp 00000000 08:06 3282648                    /lib/x86_64-linux-gnu/libnss_nis-2.19.so
7f8cf59e0000-7f8cf5bdf000 ---p 0000b000 08:06 3282648                    /lib/x86_64-linux-gnu/libnss_nis-2.19.so
7f8cf5bdf000-7f8cf5be0000 r--p 0000a000 08:06 3282648                    /lib/x86_64-linux-gnu/libnss_nis-2.19.so
7f8cf5be0000-7f8cf5be1000 rw-p 0000b000 08:06 3282648                    /lib/x86_64-linux-gnu/libnss_nis-2.19.so
7f8cf5be1000-7f8cf5bf8000 r-xp 00000000 08:06 3282626                    /lib/x86_64-linux-gnu/libnsl-2.19.so
7f8cf5bf8000-7f8cf5df7000 ---p 00017000 08:06 3282626                    /lib/x86_64-linux-gnu/libnsl-2.19.so
7f8cf5df7000-7f8cf5df8000 r--p 00016000 08:06 3282626                    /lib/x86_64-linux-gnu/libnsl-2.19.so
7f8cf5df8000-7f8cf5df9000 rw-p 00017000 08:06 3282626                    /lib/x86_64-linux-gnu/libnsl-2.19.so
7f8cf5df9000-7f8cf5dfb000 rw-p 00000000 00:00 0 
7f8cf5dfb000-7f8cf5e04000 r-xp 00000000 08:06 3282622                    /lib/x86_64-linux-gnu/libnss_compat-2.19.so
7f8cf5e04000-7f8cf6003000 ---p 00009000 08:06 3282622                    /lib/x86_64-linux-gnu/libnss_compat-2.19.so
7f8cf6003000-7f8cf6004000 r--p 00008000 08:06 3282622                    /lib/x86_64-linux-gnu/libnss_compat-2.19.so
7f8cf6004000-7f8cf6005000 rw-p 00009000 08:06 3282622                    /lib/x86_64-linux-gnu/libnss_compat-2.19.so
7f8cf6005000-7f8cf602f000 r-xp 00000000 08:06 9965481                    /usr/lib/jvm/java-8-oracle/jre/lib/amd64/libjava.so
7f8cf602f000-7f8cf622f000 ---p 0002a000 08:06 9965481                    /usr/lib/jvm/java-8-oracle/jre/lib/amd64/libjava.so
7f8cf622f000-7f8cf6231000 rw-p 0002a000 08:06 9965481                    /usr/lib/jvm/java-8-oracle/jre/lib/amd64/libjava.so
7f8cf6231000-7f8cf623e000 r-xp 00000000 08:06 9965507                    /usr/lib/jvm/java-8-oracle/jre/lib/amd64/libverify.so
7f8cf623e000-7f8cf643e000 ---p 0000d000 08:06 9965507                    /usr/lib/jvm/java-8-oracle/jre/lib/amd64/libverify.so
7f8cf643e000-7f8cf6440000 rw-p 0000d000 08:06 9965507                    /usr/lib/jvm/java-8-oracle/jre/lib/amd64/libverify.so
7f8cf6440000-7f8cf6447000 r-xp 00000000 08:06 3282642                    /lib/x86_64-linux-gnu/librt-2.19.so
7f8cf6447000-7f8cf6646000 ---p 00007000 08:06 3282642                    /lib/x86_64-linux-gnu/librt-2.19.so
7f8cf6646000-7f8cf6647000 r--p 00006000 08:06 3282642                    /lib/x86_64-linux-gnu/librt-2.19.so
7f8cf6647000-7f8cf6648000 rw-p 00007000 08:06 3282642                    /lib/x86_64-linux-gnu/librt-2.19.so
7f8cf6648000-7f8cf674d000 r-xp 00000000 08:06 3280801                    /lib/x86_64-linux-gnu/libm-2.19.so
7f8cf674d000-7f8cf694c000 ---p 00105000 08:06 3280801                    /lib/x86_64-linux-gnu/libm-2.19.so
7f8cf694c000-7f8cf694d000 r--p 00104000 08:06 3280801                    /lib/x86_64-linux-gnu/libm-2.19.so
7f8cf694d000-7f8cf694e000 rw-p 00105000 08:06 3280801                    /lib/x86_64-linux-gnu/libm-2.19.so
7f8cf694e000-7f8cf75fc000 r-xp 00000000 08:06 9965516                    /usr/lib/jvm/java-8-oracle/jre/lib/amd64/server/libjvm.so
7f8cf75fc000-7f8cf77fb000 ---p 00cae000 08:06 9965516                    /usr/lib/jvm/java-8-oracle/jre/lib/amd64/server/libjvm.so
7f8cf77fb000-7f8cf78d2000 rw-p 00cad000 08:06 9965516                    /usr/lib/jvm/java-8-oracle/jre/lib/amd64/server/libjvm.so
7f8cf78d2000-7f8cf7916000 rw-p 00000000 00:00 0 
7f8cf7916000-7f8cf7ad1000 r-xp 00000000 08:06 3282636                    /lib/x86_64-linux-gnu/libc-2.19.so
7f8cf7ad1000-7f8cf7cd0000 ---p 001bb000 08:06 3282636                    /lib/x86_64-linux-gnu/libc-2.19.so
7f8cf7cd0000-7f8cf7cd4000 r--p 001ba000 08:06 3282636                    /lib/x86_64-linux-gnu/libc-2.19.so
7f8cf7cd4000-7f8cf7cd6000 rw-p 001be000 08:06 3282636                    /lib/x86_64-linux-gnu/libc-2.19.so
7f8cf7cd6000-7f8cf7cdb000 rw-p 00000000 00:00 0 
7f8cf7cdb000-7f8cf7cde000 r-xp 00000000 08:06 3282612                    /lib/x86_64-linux-gnu/libdl-2.19.so
7f8cf7cde000-7f8cf7edd000 ---p 00003000 08:06 3282612                    /lib/x86_64-linux-gnu/libdl-2.19.so
7f8cf7edd000-7f8cf7ede000 r--p 00002000 08:06 3282612                    /lib/x86_64-linux-gnu/libdl-2.19.so
7f8cf7ede000-7f8cf7edf000 rw-p 00003000 08:06 3282612                    /lib/x86_64-linux-gnu/libdl-2.19.so
7f8cf7edf000-7f8cf7ef4000 r-xp 00000000 08:06 9700047                    /usr/lib/jvm/java-8-oracle/lib/amd64/jli/libjli.so
7f8cf7ef4000-7f8cf80f4000 ---p 00015000 08:06 9700047                    /usr/lib/jvm/java-8-oracle/lib/amd64/jli/libjli.so
7f8cf80f4000-7f8cf80f5000 rw-p 00015000 08:06 9700047                    /usr/lib/jvm/java-8-oracle/lib/amd64/jli/libjli.so
7f8cf80f5000-7f8cf810e000 r-xp 00000000 08:06 3282638                    /lib/x86_64-linux-gnu/libpthread-2.19.so
7f8cf810e000-7f8cf830d000 ---p 00019000 08:06 3282638                    /lib/x86_64-linux-gnu/libpthread-2.19.so
7f8cf830d000-7f8cf830e000 r--p 00018000 08:06 3282638                    /lib/x86_64-linux-gnu/libpthread-2.19.so
7f8cf830e000-7f8cf830f000 rw-p 00019000 08:06 3282638                    /lib/x86_64-linux-gnu/libpthread-2.19.so
7f8cf830f000-7f8cf8313000 rw-p 00000000 00:00 0 
7f8cf8313000-7f8cf8336000 r-xp 00000000 08:06 3282630                    /lib/x86_64-linux-gnu/ld-2.19.so
7f8cf8336000-7f8cf8337000 r--s 00000000 08:06 4737779                    /var/cache/fontconfig/e0aa53bcfa504e64f87823c16bc01eb6-le64.cache-4
7f8cf8337000-7f8cf83fc000 rw-p 00000000 00:00 0 
7f8cf83fc000-7f8cf83ff000 ---p 00000000 00:00 0 
7f8cf83ff000-7f8cf8501000 rw-p 00000000 00:00 0                          [stack:7539]
7f8cf8501000-7f8cf8502000 r--s 0000d000 08:06 5380908                    /home/ees/Java Workspace/JavaIvyBus/libs/ivy-1.2.13.jar
7f8cf8502000-7f8cf8529000 rw-p 00000000 00:00 0 
7f8cf8529000-7f8cf8531000 rw-s 00000000 08:06 11163383                   /tmp/hsperfdata_ees/7534
7f8cf8531000-7f8cf8532000 rw-p 00000000 00:00 0 
7f8cf8532000-7f8cf8533000 r--p 00000000 00:00 0 
7f8cf8533000-7f8cf8535000 rw-p 00000000 00:00 0 
7f8cf8535000-7f8cf8536000 r--p 00022000 08:06 3282630                    /lib/x86_64-linux-gnu/ld-2.19.so
7f8cf8536000-7f8cf8537000 rw-p 00023000 08:06 3282630                    /lib/x86_64-linux-gnu/ld-2.19.so
7f8cf8537000-7f8cf8538000 rw-p 00000000 00:00 0 
7ffc21a89000-7ffc21aaa000 rw-p 00000000 00:00 0                          [stack]
7ffc21b27000-7ffc21b29000 r-xp 00000000 00:00 0                          [vdso]
ffffffffff600000-ffffffffff601000 r-xp 00000000 00:00 0                  [vsyscall]

VM Arguments:
jvm_args: -Dfile.encoding=ISO-8859-1 
java_command: velinov.java.finken.app.FinkenSimBridge
java_class_path (initial): /home/ees/Java Workspace/JavaFinkenApp/classes:/home/ees/Java Workspace/JavaFinken/classes:/home/ees/Java Workspace/JavaIvyBus/classes:/home/ees/Java Workspace/JavaIvyBus/libs/ivy-java.jar:/home/ees/Java Workspace/JavaIvyBus/libs/ivy-1.2.13.jar:/home/ees/Java Workspace/JavaEventDispatch/classes:/home/ees/Java Workspace/JavaJFreeChart/classes:/home/ees/Java Workspace/third party/JFreeChart/jcommon-1.0.22.jar:/home/ees/Java Workspace/third party/JFreeChart/jfreechart-1.0.18.jar:/home/ees/Java Workspace/JavaVREP/classes:/home/ees/Apps/eclipse/plugins/org.junit_4.11.0.v201303080030/junit.jar:/home/ees/Apps/eclipse/plugins/org.hamcrest.core_1.3.0.v201303031735.jar:/home/ees/Java Workspace/JavaXmlSAX/classes
Launcher Type: SUN_STANDARD

Environment Variables:
PATH=/usr/local/sbin:/usr/local/bin:/usr/sbin:/usr/bin:/sbin:/bin:/usr/games:/usr/local/games
SHELL=/bin/bash
DISPLAY=:0

Signal Handlers:
SIGSEGV: [libjvm.so+0xaad1e0], sa_mask[0]=11111111011111111101111111111110, sa_flags=SA_RESTART|SA_SIGINFO
SIGBUS: [libjvm.so+0xaad1e0], sa_mask[0]=11111111011111111101111111111110, sa_flags=SA_RESTART|SA_SIGINFO
SIGFPE: [libjvm.so+0x90b450], sa_mask[0]=11111111011111111101111111111110, sa_flags=SA_RESTART|SA_SIGINFO
SIGPIPE: [libjvm.so+0x90b450], sa_mask[0]=11111111011111111101111111111110, sa_flags=SA_RESTART|SA_SIGINFO
SIGXFSZ: [libjvm.so+0x90b450], sa_mask[0]=11111111011111111101111111111110, sa_flags=SA_RESTART|SA_SIGINFO
SIGILL: [libjvm.so+0x90b450], sa_mask[0]=11111111011111111101111111111110, sa_flags=SA_RESTART|SA_SIGINFO
SIGUSR1: SIG_DFL, sa_mask[0]=00000000000000000000000000000000, sa_flags=none
SIGUSR2: [libjvm.so+0x90ca90], sa_mask[0]=00100000000000000000000000000000, sa_flags=SA_RESTART|SA_SIGINFO
SIGHUP: [libjvm.so+0x90dde0], sa_mask[0]=11111111011111111101111111111110, sa_flags=SA_RESTART|SA_SIGINFO
SIGINT: [libjvm.so+0x90dde0], sa_mask[0]=11111111011111111101111111111110, sa_flags=SA_RESTART|SA_SIGINFO
SIGTERM: [libjvm.so+0x90dde0], sa_mask[0]=11111111011111111101111111111110, sa_flags=SA_RESTART|SA_SIGINFO
SIGQUIT: [libjvm.so+0x90dde0], sa_mask[0]=11111111011111111101111111111110, sa_flags=SA_RESTART|SA_SIGINFO


---------------  S Y S T E M  ---------------

OS:DISTRIB_ID=Ubuntu
DISTRIB_RELEASE=14.04
DISTRIB_CODENAME=trusty
DISTRIB_DESCRIPTION="Ubuntu 14.04.2 LTS"

uname:Linux 3.13.0-53-generic #89-Ubuntu SMP Wed May 20 10:34:39 UTC 2015 x86_64
libc:glibc 2.19 NPTL 2.19 
rlimit: STACK 8192k, CORE 0k, NPROC 62939, NOFILE 4096, AS infinity
load average:1,22 0,98 0,88

/proc/meminfo:
MemTotal:        8077900 kB
MemFree:         3329012 kB
Buffers:          107976 kB
Cached:          1353324 kB
SwapCached:            0 kB
Active:          3494496 kB
Inactive:        1014924 kB
Active(anon):    3054524 kB
Inactive(anon):   348348 kB
Active(file):     439972 kB
Inactive(file):   666576 kB
Unevictable:          32 kB
Mlocked:              32 kB
SwapTotal:       8288252 kB
SwapFree:        8288252 kB
Dirty:               124 kB
Writeback:             0 kB
AnonPages:       3048152 kB
Mapped:           298008 kB
Shmem:            354756 kB
Slab:             104852 kB
SReclaimable:      69708 kB
SUnreclaim:        35144 kB
KernelStack:        5032 kB
PageTables:        41020 kB
NFS_Unstable:          0 kB
Bounce:                0 kB
WritebackTmp:          0 kB
CommitLimit:    12327200 kB
Committed_AS:    6832280 kB
VmallocTotal:   34359738367 kB
VmallocUsed:      413576 kB
VmallocChunk:   34359310944 kB
HardwareCorrupted:     0 kB
AnonHugePages:   2334720 kB
HugePages_Total:       0
HugePages_Free:        0
HugePages_Rsvd:        0
HugePages_Surp:        0
Hugepagesize:       2048 kB
DirectMap4k:       93668 kB
DirectMap2M:     8196096 kB


CPU:total 4 (2 cores per cpu, 2 threads per core) family 6 model 58 stepping 9, cmov, cx8, fxsr, mmx, sse, sse2, sse3, ssse3, sse4.1, sse4.2, popcnt, avx, aes, clmul, erms, ht, tsc, tscinvbit, tscinv

/proc/cpuinfo:
processor	: 0
vendor_id	: GenuineIntel
cpu family	: 6
model		: 58
model name	: Intel(R) Core(TM) i7-3540M CPU @ 3.00GHz
stepping	: 9
microcode	: 0x15
cpu MHz		: 3001.000
cache size	: 4096 KB
physical id	: 0
siblings	: 4
core id		: 0
cpu cores	: 2
apicid		: 0
initial apicid	: 0
fpu		: yes
fpu_exception	: yes
cpuid level	: 13
wp		: yes
flags		: fpu vme de pse tsc msr pae mce cx8 apic sep mtrr pge mca cmov pat pse36 clflush dts acpi mmx fxsr sse sse2 ss ht tm pbe syscall nx rdtscp lm constant_tsc arch_perfmon pebs bts rep_good nopl xtopology nonstop_tsc aperfmperf eagerfpu pni pclmulqdq dtes64 monitor ds_cpl vmx smx est tm2 ssse3 cx16 xtpr pdcm pcid sse4_1 sse4_2 x2apic popcnt tsc_deadline_timer aes xsave avx f16c rdrand lahf_lm ida arat epb xsaveopt pln pts dtherm tpr_shadow vnmi flexpriority ept vpid fsgsbase smep erms
bogomips	: 5980.49
clflush size	: 64
cache_alignment	: 64
address sizes	: 36 bits physical, 48 bits virtual
power management:

processor	: 1
vendor_id	: GenuineIntel
cpu family	: 6
model		: 58
model name	: Intel(R) Core(TM) i7-3540M CPU @ 3.00GHz
stepping	: 9
microcode	: 0x15
cpu MHz		: 1200.000
cache size	: 4096 KB
physical id	: 0
siblings	: 4
core id		: 1
cpu cores	: 2
apicid		: 2
initial apicid	: 2
fpu		: yes
fpu_exception	: yes
cpuid level	: 13
wp		: yes
flags		: fpu vme de pse tsc msr pae mce cx8 apic sep mtrr pge mca cmov pat pse36 clflush dts acpi mmx fxsr sse sse2 ss ht tm pbe syscall nx rdtscp lm constant_tsc arch_perfmon pebs bts rep_good nopl xtopology nonstop_tsc aperfmperf eagerfpu pni pclmulqdq dtes64 monitor ds_cpl vmx smx est tm2 ssse3 cx16 xtpr pdcm pcid sse4_1 sse4_2 x2apic popcnt tsc_deadline_timer aes xsave avx f16c rdrand lahf_lm ida arat epb xsaveopt pln pts dtherm tpr_shadow vnmi flexpriority ept vpid fsgsbase smep erms
bogomips	: 5980.49
clflush size	: 64
cache_alignment	: 64
address sizes	: 36 bits physical, 48 bits virtual
power management:

processor	: 2
vendor_id	: GenuineIntel
cpu family	: 6
model		: 58
model name	: Intel(R) Core(TM) i7-3540M CPU @ 3.00GHz
stepping	: 9
microcode	: 0x15
cpu MHz		: 1700.000
cache size	: 4096 KB
physical id	: 0
siblings	: 4
core id		: 0
cpu cores	: 2
apicid		: 1
initial apicid	: 1
fpu		: yes
fpu_exception	: yes
cpuid level	: 13
wp		: yes
flags		: fpu vme de pse tsc msr pae mce cx8 apic sep mtrr pge mca cmov pat pse36 clflush dts acpi mmx fxsr sse sse2 ss ht tm pbe syscall nx rdtscp lm constant_tsc arch_perfmon pebs bts rep_good nopl xtopology nonstop_tsc aperfmperf eagerfpu pni pclmulqdq dtes64 monitor ds_cpl vmx smx est tm2 ssse3 cx16 xtpr pdcm pcid sse4_1 sse4_2 x2apic popcnt tsc_deadline_timer aes xsave avx f16c rdrand lahf_lm ida arat epb xsaveopt pln pts dtherm tpr_shadow vnmi flexpriority ept vpid fsgsbase smep erms
bogomips	: 5980.49
clflush size	: 64
cache_alignment	: 64
address sizes	: 36 bits physical, 48 bits virtual
power management:

processor	: 3
vendor_id	: GenuineIntel
cpu family	: 6
model		: 58
model name	: Intel(R) Core(TM) i7-3540M CPU @ 3.00GHz
stepping	: 9
microcode	: 0x15
cpu MHz		: 3001.000
cache size	: 4096 KB
physical id	: 0
siblings	: 4
core id		: 1
cpu cores	: 2
apicid		: 3
initial apicid	: 3
fpu		: yes
fpu_exception	: yes
cpuid level	: 13
wp		: yes
flags		: fpu vme de pse tsc msr pae mce cx8 apic sep mtrr pge mca cmov pat pse36 clflush dts acpi mmx fxsr sse sse2 ss ht tm pbe syscall nx rdtscp lm constant_tsc arch_perfmon pebs bts rep_good nopl xtopology nonstop_tsc aperfmperf eagerfpu pni pclmulqdq dtes64 monitor ds_cpl vmx smx est tm2 ssse3 cx16 xtpr pdcm pcid sse4_1 sse4_2 x2apic popcnt tsc_deadline_timer aes xsave avx f16c rdrand lahf_lm ida arat epb xsaveopt pln pts dtherm tpr_shadow vnmi flexpriority ept vpid fsgsbase smep erms
bogomips	: 5980.49
clflush size	: 64
cache_alignment	: 64
address sizes	: 36 bits physical, 48 bits virtual
power management:



Memory: 4k page, physical 8077900k(3329012k free), swap 8288252k(8288252k free)

vm_info: Java HotSpot(TM) 64-Bit Server VM (25.45-b02) for linux-amd64 JRE (1.8.0_45-b14), built on Apr 10 2015 10:07:45 by "java_re" with gcc 4.3.0 20080428 (Red Hat 4.3.0-8)

time: Tue Oct 13 12:47:25 2015
elapsed time: 57 seconds (0d 0h 0m 57s)

