\BOOKMARK [0][]{Contents.0}{Contents}{}% 1
\BOOKMARK [0][]{chapter*.3}{List of Figures}{}% 2
\BOOKMARK [0][]{chapter*.4}{List of Tables}{}% 3
\BOOKMARK [0][]{List of Code Listings.0}{List of Code Listings}{}% 4
\BOOKMARK [0][]{chapter*.5}{List of Code Listings}{}% 5
\BOOKMARK [0][]{section*.6}{List of Acronyms}{}% 6
\BOOKMARK [0][]{chapter.1}{1 Introduction}{}% 7
\BOOKMARK [1][]{section.1.1}{1.1 Motivation}{chapter.1}% 8
\BOOKMARK [1][]{section.1.2}{1.2 Problem Statement}{chapter.1}% 9
\BOOKMARK [1][]{section.1.3}{1.3 Outline}{chapter.1}% 10
\BOOKMARK [0][]{chapter.2}{2 Theory}{}% 11
\BOOKMARK [1][]{section.2.1}{2.1 Quadcopter Modelling}{chapter.2}% 12
\BOOKMARK [1][]{section.2.2}{2.2 Vrep}{chapter.2}% 13
\BOOKMARK [1][]{section.2.3}{2.3 Communication/Ivy-Bus}{chapter.2}% 14
\BOOKMARK [0][]{chapter.3}{3 Implementation}{}% 15
\BOOKMARK [1][]{section.3.1}{3.1 Simulation Environment}{chapter.3}% 16
\BOOKMARK [1][]{section.3.2}{3.2 Communication Link}{chapter.3}% 17
\BOOKMARK [1][]{section.3.3}{3.3 Quadcopter}{chapter.3}% 18
\BOOKMARK [0][]{chapter.4}{4 Evaluation}{}% 19
\BOOKMARK [1][]{section.4.1}{4.1 Speed}{chapter.4}% 20
\BOOKMARK [1][]{section.4.2}{4.2 Accuracy}{chapter.4}% 21
\BOOKMARK [1][]{section.4.3}{4.3 |}{chapter.4}% 22
\BOOKMARK [1][]{section.4.4}{4.4 usability}{chapter.4}% 23
\BOOKMARK [0][]{chapter.5}{5 Conclusion}{}% 24
\BOOKMARK [1][]{section.5.1}{5.1 }{chapter.5}% 25
\BOOKMARK [1][]{section.5.2}{5.2 Future Work}{chapter.5}% 26
\BOOKMARK [0][]{section*.8}{Bibliography}{}% 27
